<?xml version="1.0" encoding="UTF-8"?>
<coverage generated="1712831718225" clover="3.2.0">
  <project timestamp="1712831718225" name="All files">
    <metrics statements="1364" coveredstatements="663" conditionals="488" coveredconditionals="222" methods="480" coveredmethods="232" elements="2332" coveredelements="1117" complexity="0" loc="1364" ncloc="1364" packages="24" files="51" classes="51"/>
    <package name="src">
      <metrics statements="6" coveredstatements="6" conditionals="3" coveredconditionals="3" methods="2" coveredmethods="2"/>
      <file name="App.tsx" path="/home/lenovo/Desktop/IBE-Team7-Frontend/IBE-Team7-Frontend/ibe-team7-frontend/src/App.tsx">
        <metrics statements="4" coveredstatements="4" conditionals="3" coveredconditionals="3" methods="2" coveredmethods="2"/>
        <line num="1" count="240" type="cond" truecount="3" falsecount="0"/>
        <line num="8" count="59" type="stmt"/>
        <line num="15" count="30" type="stmt"/>
        <line num="17" count="30" type="stmt"/>
      </file>
      <file name="main.tsx" path="/home/lenovo/Desktop/IBE-Team7-Frontend/IBE-Team7-Frontend/ibe-team7-frontend/src/main.tsx">
        <metrics statements="2" coveredstatements="2" conditionals="0" coveredconditionals="0" methods="0" coveredmethods="0"/>
        <line num="7" count="30" type="stmt"/>
        <line num="25" count="30" type="stmt"/>
      </file>
    </package>
    <package name="src.aws">
      <metrics statements="1" coveredstatements="1" conditionals="0" coveredconditionals="0" methods="0" coveredmethods="0"/>
      <file name="UserPool.ts" path="/home/lenovo/Desktop/IBE-Team7-Frontend/IBE-Team7-Frontend/ibe-team7-frontend/src/aws/UserPool.ts">
        <metrics statements="1" coveredstatements="1" conditionals="0" coveredconditionals="0" methods="0" coveredmethods="0"/>
        <line num="3" count="30" type="stmt"/>
      </file>
    </package>
    <package name="src.components.account">
      <metrics statements="30" coveredstatements="12" conditionals="10" coveredconditionals="5" methods="11" coveredmethods="4"/>
      <file name="Account.tsx" path="/home/lenovo/Desktop/IBE-Team7-Frontend/IBE-Team7-Frontend/ibe-team7-frontend/src/components/account/Account.tsx">
        <metrics statements="30" coveredstatements="12" conditionals="10" coveredconditionals="5" methods="11" coveredmethods="4"/>
        <line num="1" count="210" type="cond" truecount="4" falsecount="1"/>
        <line num="5" count="30" type="stmt"/>
        <line num="7" count="30" type="stmt"/>
        <line num="8" count="59" type="stmt"/>
        <line num="9" count="29" type="stmt"/>
        <line num="10" count="29" type="stmt"/>
        <line num="12" count="29" type="cond" truecount="1" falsecount="1"/>
        <line num="13" count="0" type="stmt"/>
        <line num="14" count="0" type="cond" truecount="0" falsecount="2"/>
        <line num="15" count="0" type="stmt"/>
        <line num="17" count="0" type="stmt"/>
        <line num="21" count="29" type="stmt"/>
        <line num="26" count="59" type="stmt"/>
        <line num="27" count="0" type="stmt"/>
        <line num="28" count="0" type="stmt"/>
        <line num="30" count="0" type="stmt"/>
        <line num="35" count="0" type="stmt"/>
        <line num="37" count="0" type="stmt"/>
        <line num="38" count="0" type="stmt"/>
        <line num="41" count="0" type="stmt"/>
        <line num="42" count="0" type="stmt"/>
        <line num="43" count="0" type="stmt"/>
        <line num="46" count="0" type="stmt"/>
        <line num="47" count="0" type="stmt"/>
        <line num="53" count="59" type="stmt"/>
        <line num="54" count="0" type="stmt"/>
        <line num="55" count="0" type="cond" truecount="0" falsecount="1"/>
        <line num="56" count="0" type="stmt"/>
        <line num="60" count="59" type="stmt"/>
        <line num="65" count="30" type="stmt"/>
      </file>
    </package>
    <package name="src.components.checkout">
      <metrics statements="195" coveredstatements="7" conditionals="28" coveredconditionals="4" methods="58" coveredmethods="1"/>
      <file name="Checkout.tsx" path="/home/lenovo/Desktop/IBE-Team7-Frontend/IBE-Team7-Frontend/ibe-team7-frontend/src/components/checkout/Checkout.tsx">
        <metrics statements="192" coveredstatements="4" conditionals="28" coveredconditionals="4" methods="58" coveredmethods="1"/>
        <line num="1" count="240" type="cond" truecount="4" falsecount="1"/>
        <line num="18" count="30" type="stmt"/>
        <line num="19" count="0" type="stmt"/>
        <line num="20" count="0" type="stmt"/>
        <line num="22" count="0" type="stmt"/>
        <line num="23" count="0" type="stmt"/>
        <line num="25" count="0" type="stmt"/>
        <line num="26" count="0" type="stmt"/>
        <line num="27" count="0" type="stmt"/>
        <line num="29" count="0" type="stmt"/>
        <line num="30" count="0" type="stmt"/>
        <line num="31" count="0" type="stmt"/>
        <line num="32" count="0" type="stmt"/>
        <line num="34" count="0" type="stmt"/>
        <line num="35" count="0" type="stmt"/>
        <line num="36" count="0" type="stmt"/>
        <line num="37" count="0" type="stmt"/>
        <line num="38" count="0" type="stmt"/>
        <line num="39" count="0" type="stmt"/>
        <line num="40" count="0" type="stmt"/>
        <line num="41" count="0" type="stmt"/>
        <line num="42" count="0" type="stmt"/>
        <line num="43" count="0" type="stmt"/>
        <line num="45" count="0" type="stmt"/>
        <line num="47" count="0" type="stmt"/>
        <line num="48" count="0" type="stmt"/>
        <line num="49" count="0" type="stmt"/>
        <line num="50" count="0" type="stmt"/>
        <line num="52" count="0" type="stmt"/>
        <line num="58" count="0" type="stmt"/>
        <line num="59" count="0" type="stmt"/>
        <line num="60" count="0" type="stmt"/>
        <line num="62" count="0" type="stmt"/>
        <line num="63" count="0" type="stmt"/>
        <line num="64" count="0" type="stmt"/>
        <line num="81" count="0" type="stmt"/>
        <line num="82" count="0" type="stmt"/>
        <line num="85" count="0" type="stmt"/>
        <line num="86" count="0" type="stmt"/>
        <line num="89" count="0" type="stmt"/>
        <line num="90" count="0" type="stmt"/>
        <line num="93" count="0" type="stmt"/>
        <line num="94" count="0" type="stmt"/>
        <line num="97" count="0" type="stmt"/>
        <line num="98" count="0" type="stmt"/>
        <line num="100" count="0" type="stmt"/>
        <line num="101" count="0" type="stmt"/>
        <line num="103" count="0" type="stmt"/>
        <line num="104" count="0" type="stmt"/>
        <line num="106" count="0" type="stmt"/>
        <line num="107" count="0" type="stmt"/>
        <line num="110" count="0" type="stmt"/>
        <line num="112" count="0" type="stmt"/>
        <line num="114" count="0" type="stmt"/>
        <line num="115" count="0" type="stmt"/>
        <line num="125" count="0" type="stmt"/>
        <line num="137" count="0" type="cond" truecount="0" falsecount="1"/>
        <line num="138" count="0" type="stmt"/>
        <line num="139" count="0" type="stmt"/>
        <line num="141" count="0" type="stmt"/>
        <line num="142" count="0" type="stmt"/>
        <line num="143" count="0" type="stmt"/>
        <line num="146" count="0" type="stmt"/>
        <line num="147" count="0" type="stmt"/>
        <line num="151" count="0" type="stmt"/>
        <line num="153" count="0" type="stmt"/>
        <line num="155" count="0" type="stmt"/>
        <line num="156" count="0" type="stmt"/>
        <line num="171" count="0" type="stmt"/>
        <line num="189" count="0" type="cond" truecount="0" falsecount="1"/>
        <line num="190" count="0" type="stmt"/>
        <line num="191" count="0" type="stmt"/>
        <line num="194" count="0" type="stmt"/>
        <line num="195" count="0" type="stmt"/>
        <line num="196" count="0" type="stmt"/>
        <line num="199" count="0" type="stmt"/>
        <line num="200" count="0" type="stmt"/>
        <line num="204" count="30" type="stmt"/>
        <line num="205" count="0" type="stmt"/>
        <line num="208" count="0" type="stmt"/>
        <line num="209" count="0" type="cond" truecount="0" falsecount="1"/>
        <line num="210" count="0" type="stmt"/>
        <line num="211" count="0" type="stmt"/>
        <line num="213" count="0" type="stmt"/>
        <line num="214" count="0" type="cond" truecount="0" falsecount="1"/>
        <line num="219" count="0" type="stmt"/>
        <line num="220" count="0" type="stmt"/>
        <line num="222" count="0" type="stmt"/>
        <line num="223" count="0" type="stmt"/>
        <line num="231" count="0" type="stmt"/>
        <line num="232" count="0" type="stmt"/>
        <line num="233" count="0" type="stmt"/>
        <line num="236" count="0" type="stmt"/>
        <line num="247" count="0" type="cond" truecount="0" falsecount="1"/>
        <line num="248" count="0" type="stmt"/>
        <line num="249" count="0" type="stmt"/>
        <line num="252" count="0" type="stmt"/>
        <line num="260" count="0" type="stmt"/>
        <line num="262" count="0" type="stmt"/>
        <line num="278" count="0" type="cond" truecount="0" falsecount="1"/>
        <line num="279" count="0" type="stmt"/>
        <line num="280" count="0" type="stmt"/>
        <line num="281" count="0" type="stmt"/>
        <line num="286" count="0" type="stmt"/>
        <line num="288" count="0" type="stmt"/>
        <line num="291" count="0" type="stmt"/>
        <line num="292" count="0" type="stmt"/>
        <line num="293" count="0" type="stmt"/>
        <line num="294" count="0" type="stmt"/>
        <line num="297" count="0" type="stmt"/>
        <line num="298" count="0" type="stmt"/>
        <line num="299" count="0" type="stmt"/>
        <line num="301" count="0" type="stmt"/>
        <line num="307" count="0" type="stmt"/>
        <line num="311" count="0" type="stmt"/>
        <line num="314" count="0" type="stmt"/>
        <line num="315" count="0" type="stmt"/>
        <line num="317" count="0" type="stmt"/>
        <line num="320" count="0" type="stmt"/>
        <line num="321" count="0" type="stmt"/>
        <line num="322" count="0" type="stmt"/>
        <line num="324" count="0" type="stmt"/>
        <line num="330" count="0" type="stmt"/>
        <line num="334" count="0" type="stmt"/>
        <line num="337" count="0" type="stmt"/>
        <line num="338" count="0" type="stmt"/>
        <line num="340" count="0" type="stmt"/>
        <line num="343" count="0" type="stmt"/>
        <line num="344" count="0" type="stmt"/>
        <line num="348" count="0" type="stmt"/>
        <line num="349" count="0" type="stmt"/>
        <line num="350" count="0" type="stmt"/>
        <line num="351" count="0" type="stmt"/>
        <line num="353" count="0" type="cond" truecount="0" falsecount="3"/>
        <line num="356" count="0" type="cond" truecount="0" falsecount="3"/>
        <line num="357" count="0" type="stmt"/>
        <line num="358" count="0" type="stmt"/>
        <line num="362" count="0" type="stmt"/>
        <line num="363" count="0" type="stmt"/>
        <line num="364" count="0" type="stmt"/>
        <line num="365" count="0" type="stmt"/>
        <line num="368" count="0" type="stmt"/>
        <line num="369" count="0" type="stmt"/>
        <line num="370" count="0" type="stmt"/>
        <line num="372" count="0" type="stmt"/>
        <line num="378" count="0" type="stmt"/>
        <line num="379" count="0" type="stmt"/>
        <line num="382" count="0" type="stmt"/>
        <line num="384" count="0" type="stmt"/>
        <line num="389" count="0" type="cond" truecount="0" falsecount="1"/>
        <line num="390" count="0" type="stmt"/>
        <line num="393" count="0" type="stmt"/>
        <line num="398" count="0" type="stmt"/>
        <line num="429" count="0" type="stmt"/>
        <line num="444" count="0" type="stmt"/>
        <line num="457" count="0" type="stmt"/>
        <line num="472" count="0" type="stmt"/>
        <line num="519" count="0" type="stmt"/>
        <line num="533" count="0" type="stmt"/>
        <line num="542" count="0" type="stmt"/>
        <line num="545" count="0" type="cond" truecount="0" falsecount="1"/>
        <line num="546" count="0" type="stmt"/>
        <line num="547" count="0" type="stmt"/>
        <line num="548" count="0" type="stmt"/>
        <line num="550" count="0" type="stmt"/>
        <line num="551" count="0" type="stmt"/>
        <line num="552" count="0" type="stmt"/>
        <line num="553" count="0" type="stmt"/>
        <line num="559" count="0" type="stmt"/>
        <line num="570" count="0" type="stmt"/>
        <line num="585" count="0" type="stmt"/>
        <line num="586" count="0" type="stmt"/>
        <line num="587" count="0" type="stmt"/>
        <line num="591" count="0" type="stmt"/>
        <line num="596" count="0" type="stmt"/>
        <line num="614" count="0" type="stmt"/>
        <line num="626" count="0" type="stmt"/>
        <line num="640" count="0" type="stmt"/>
        <line num="654" count="0" type="stmt"/>
        <line num="674" count="0" type="stmt"/>
        <line num="677" count="0" type="stmt"/>
        <line num="678" count="0" type="stmt"/>
        <line num="679" count="0" type="stmt"/>
        <line num="685" count="0" type="stmt"/>
        <line num="691" count="0" type="stmt"/>
        <line num="709" count="0" type="stmt"/>
        <line num="765" count="0" type="stmt"/>
        <line num="776" count="0" type="stmt"/>
        <line num="786" count="0" type="stmt"/>
        <line num="819" count="0" type="stmt"/>
        <line num="835" count="0" type="stmt"/>
        <line num="880" count="30" type="stmt"/>
      </file>
      <file name="YupSchema.ts" path="/home/lenovo/Desktop/IBE-Team7-Frontend/IBE-Team7-Frontend/ibe-team7-frontend/src/components/checkout/YupSchema.ts">
        <metrics statements="3" coveredstatements="3" conditionals="0" coveredconditionals="0" methods="0" coveredmethods="0"/>
        <line num="3" count="30" type="stmt"/>
        <line num="20" count="30" type="stmt"/>
        <line num="42" count="30" type="stmt"/>
      </file>
    </package>
    <package name="src.components.confirmation">
      <metrics statements="146" coveredstatements="14" conditionals="43" coveredconditionals="6" methods="29" coveredmethods="2"/>
      <file name="Confirmation.tsx" path="/home/lenovo/Desktop/IBE-Team7-Frontend/IBE-Team7-Frontend/ibe-team7-frontend/src/components/confirmation/Confirmation.tsx">
        <metrics statements="115" coveredstatements="10" conditionals="32" coveredconditionals="3" methods="23" coveredmethods="1"/>
        <line num="1" count="360" type="cond" truecount="3" falsecount="0"/>
        <line num="25" count="30" type="stmt"/>
        <line num="26" count="0" type="stmt"/>
        <line num="31" count="0" type="stmt"/>
        <line num="32" count="0" type="stmt"/>
        <line num="34" count="0" type="stmt"/>
        <line num="35" count="0" type="stmt"/>
        <line num="36" count="0" type="stmt"/>
        <line num="37" count="0" type="stmt"/>
        <line num="38" count="0" type="stmt"/>
        <line num="39" count="0" type="stmt"/>
        <line num="40" count="0" type="stmt"/>
        <line num="41" count="0" type="stmt"/>
        <line num="42" count="0" type="stmt"/>
        <line num="43" count="0" type="stmt"/>
        <line num="44" count="0" type="stmt"/>
        <line num="45" count="0" type="stmt"/>
        <line num="46" count="0" type="stmt"/>
        <line num="47" count="0" type="stmt"/>
        <line num="48" count="0" type="stmt"/>
        <line num="49" count="0" type="stmt"/>
        <line num="50" count="0" type="stmt"/>
        <line num="51" count="0" type="stmt"/>
        <line num="52" count="0" type="stmt"/>
        <line num="54" count="0" type="stmt"/>
        <line num="55" count="0" type="stmt"/>
        <line num="56" count="0" type="stmt"/>
        <line num="57" count="0" type="stmt"/>
        <line num="58" count="0" type="stmt"/>
        <line num="59" count="0" type="stmt"/>
        <line num="61" count="0" type="stmt"/>
        <line num="62" count="0" type="stmt"/>
        <line num="63" count="0" type="stmt"/>
        <line num="65" count="0" type="stmt"/>
        <line num="67" count="0" type="stmt"/>
        <line num="68" count="0" type="stmt"/>
        <line num="71" count="0" type="stmt"/>
        <line num="72" count="0" type="stmt"/>
        <line num="76" count="0" type="stmt"/>
        <line num="77" count="0" type="cond" truecount="0" falsecount="2"/>
        <line num="80" count="0" type="stmt"/>
        <line num="81" count="0" type="stmt"/>
        <line num="84" count="0" type="stmt"/>
        <line num="85" count="0" type="stmt"/>
        <line num="86" count="0" type="stmt"/>
        <line num="90" count="0" type="cond" truecount="0" falsecount="1"/>
        <line num="96" count="0" type="stmt"/>
        <line num="97" count="0" type="stmt"/>
        <line num="98" count="0" type="stmt"/>
        <line num="101" count="0" type="stmt"/>
        <line num="102" count="0" type="stmt"/>
        <line num="103" count="0" type="stmt"/>
        <line num="104" count="0" type="stmt"/>
        <line num="105" count="0" type="stmt"/>
        <line num="106" count="0" type="stmt"/>
        <line num="107" count="0" type="stmt"/>
        <line num="108" count="0" type="stmt"/>
        <line num="110" count="0" type="stmt"/>
        <line num="111" count="0" type="stmt"/>
        <line num="112" count="0" type="stmt"/>
        <line num="113" count="0" type="stmt"/>
        <line num="114" count="0" type="stmt"/>
        <line num="115" count="0" type="stmt"/>
        <line num="117" count="0" type="stmt"/>
        <line num="118" count="0" type="stmt"/>
        <line num="119" count="0" type="stmt"/>
        <line num="120" count="0" type="stmt"/>
        <line num="122" count="0" type="stmt"/>
        <line num="123" count="0" type="stmt"/>
        <line num="124" count="0" type="stmt"/>
        <line num="125" count="0" type="stmt"/>
        <line num="127" count="0" type="stmt"/>
        <line num="128" count="0" type="stmt"/>
        <line num="129" count="0" type="stmt"/>
        <line num="130" count="0" type="stmt"/>
        <line num="132" count="0" type="stmt"/>
        <line num="137" count="0" type="stmt"/>
        <line num="139" count="0" type="stmt"/>
        <line num="140" count="0" type="stmt"/>
        <line num="143" count="0" type="stmt"/>
        <line num="146" count="0" type="stmt"/>
        <line num="149" count="0" type="stmt"/>
        <line num="151" count="0" type="stmt"/>
        <line num="152" count="0" type="stmt"/>
        <line num="155" count="0" type="stmt"/>
        <line num="162" count="0" type="stmt"/>
        <line num="181" count="0" type="stmt"/>
        <line num="183" count="0" type="stmt"/>
        <line num="186" count="0" type="stmt"/>
        <line num="187" count="0" type="stmt"/>
        <line num="188" count="0" type="stmt"/>
        <line num="189" count="0" type="stmt"/>
        <line num="193" count="30" type="stmt"/>
        <line num="195" count="0" type="stmt"/>
        <line num="201" count="0" type="stmt"/>
        <line num="205" count="0" type="stmt"/>
        <line num="209" count="0" type="stmt"/>
        <line num="219" count="0" type="stmt"/>
        <line num="224" count="0" type="stmt"/>
        <line num="234" count="0" type="stmt"/>
        <line num="253" count="0" type="stmt"/>
        <line num="255" count="0" type="stmt"/>
        <line num="258" count="0" type="stmt"/>
        <line num="299" count="0" type="stmt"/>
        <line num="691" count="30" type="stmt"/>
        <line num="693" count="30" type="stmt"/>
        <line num="694" count="0" type="stmt"/>
        <line num="695" count="0" type="stmt"/>
        <line num="697" count="30" type="stmt"/>
        <line num="699" count="30" type="stmt"/>
        <line num="702" count="30" type="stmt"/>
        <line num="704" count="120" type="stmt"/>
        <line num="705" count="0" type="stmt"/>
        <line num="709" count="0" type="stmt"/>
        <line num="718" count="30" type="stmt"/>
      </file>
      <file name="OTPModal.tsx" path="/home/lenovo/Desktop/IBE-Team7-Frontend/IBE-Team7-Frontend/ibe-team7-frontend/src/components/confirmation/OTPModal.tsx">
        <metrics statements="31" coveredstatements="4" conditionals="11" coveredconditionals="3" methods="6" coveredmethods="1"/>
        <line num="1" count="270" type="cond" truecount="3" falsecount="0"/>
        <line num="14" count="30" type="stmt"/>
        <line num="18" count="0" type="stmt"/>
        <line num="19" count="0" type="stmt"/>
        <line num="20" count="0" type="stmt"/>
        <line num="21" count="0" type="stmt"/>
        <line num="23" count="30" type="stmt"/>
        <line num="25" count="0" type="stmt"/>
        <line num="26" count="0" type="stmt"/>
        <line num="29" count="0" type="stmt"/>
        <line num="30" count="0" type="cond" truecount="0" falsecount="1"/>
        <line num="31" count="0" type="stmt"/>
        <line num="32" count="0" type="stmt"/>
        <line num="33" count="0" type="stmt"/>
        <line num="35" count="0" type="cond" truecount="0" falsecount="1"/>
        <line num="36" count="0" type="stmt"/>
        <line num="37" count="0" type="stmt"/>
        <line num="38" count="0" type="stmt"/>
        <line num="40" count="0" type="stmt"/>
        <line num="41" count="0" type="stmt"/>
        <line num="42" count="0" type="cond" truecount="0" falsecount="2"/>
        <line num="43" count="0" type="stmt"/>
        <line num="44" count="0" type="stmt"/>
        <line num="46" count="0" type="stmt"/>
        <line num="47" count="0" type="stmt"/>
        <line num="48" count="0" type="stmt"/>
        <line num="53" count="0" type="stmt"/>
        <line num="57" count="0" type="stmt"/>
        <line num="58" count="0" type="stmt"/>
        <line num="61" count="0" type="stmt"/>
        <line num="112" count="30" type="stmt"/>
      </file>
    </package>
    <package name="src.components.footer">
      <metrics statements="5" coveredstatements="5" conditionals="3" coveredconditionals="3" methods="3" coveredmethods="3"/>
      <file name="Footer.tsx" path="/home/lenovo/Desktop/IBE-Team7-Frontend/IBE-Team7-Frontend/ibe-team7-frontend/src/components/footer/Footer.tsx">
        <metrics statements="5" coveredstatements="5" conditionals="3" coveredconditionals="3" methods="3" coveredmethods="3"/>
        <line num="1" count="270" type="cond" truecount="3" falsecount="0"/>
        <line num="5" count="92" type="stmt"/>
        <line num="6" count="92" type="stmt"/>
        <line num="7" count="63" type="stmt"/>
        <line num="18" count="30" type="stmt"/>
      </file>
    </package>
    <package name="src.components.header">
      <metrics statements="32" coveredstatements="21" conditionals="6" coveredconditionals="4" methods="9" coveredmethods="7"/>
      <file name="Header.tsx" path="/home/lenovo/Desktop/IBE-Team7-Frontend/IBE-Team7-Frontend/ibe-team7-frontend/src/components/header/Header.tsx">
        <metrics statements="32" coveredstatements="21" conditionals="6" coveredconditionals="4" methods="9" coveredmethods="7"/>
        <line num="1" count="270" type="cond" truecount="3" falsecount="0"/>
        <line num="13" count="59" type="stmt"/>
        <line num="14" count="59" type="stmt"/>
        <line num="15" count="29" type="stmt"/>
        <line num="16" count="30" type="stmt"/>
        <line num="18" count="29" type="stmt"/>
        <line num="19" count="1" type="stmt"/>
        <line num="20" count="1" type="stmt"/>
        <line num="23" count="29" type="stmt"/>
        <line num="26" count="1" type="stmt"/>
        <line num="27" count="1" type="stmt"/>
        <line num="29" count="1" type="stmt"/>
        <line num="30" count="1" type="stmt"/>
        <line num="33" count="0" type="cond" truecount="0" falsecount="1"/>
        <line num="34" count="0" type="stmt"/>
        <line num="36" count="0" type="stmt"/>
        <line num="37" count="0" type="stmt"/>
        <line num="39" count="0" type="stmt"/>
        <line num="46" count="0" type="stmt"/>
        <line num="50" count="29" type="stmt"/>
        <line num="52" count="29" type="stmt"/>
        <line num="54" count="29" type="stmt"/>
        <line num="55" count="29" type="stmt"/>
        <line num="57" count="0" type="stmt"/>
        <line num="58" count="0" type="stmt"/>
        <line num="68" count="29" type="stmt"/>
        <line num="72" count="29" type="stmt"/>
        <line num="73" count="0" type="stmt"/>
        <line num="74" count="0" type="stmt"/>
        <line num="75" count="0" type="stmt"/>
        <line num="78" count="29" type="stmt"/>
        <line num="133" count="30" type="stmt"/>
      </file>
    </package>
    <package name="src.components.home">
      <metrics statements="197" coveredstatements="171" conditionals="94" coveredconditionals="72" methods="82" coveredmethods="72"/>
      <file name="AccessibleChair.tsx" path="/home/lenovo/Desktop/IBE-Team7-Frontend/IBE-Team7-Frontend/ibe-team7-frontend/src/components/home/AccessibleChair.tsx">
        <metrics statements="8" coveredstatements="7" conditionals="5" coveredconditionals="4" methods="5" coveredmethods="4"/>
        <line num="1" count="240" type="cond" truecount="4" falsecount="1"/>
        <line num="6" count="30" type="stmt"/>
        <line num="7" count="21" type="stmt"/>
        <line num="9" count="30" type="stmt"/>
        <line num="10" count="43" type="stmt"/>
        <line num="13" count="21" type="stmt"/>
        <line num="21" count="0" type="stmt"/>
        <line num="40" count="30" type="stmt"/>
      </file>
      <file name="CalendarInput.tsx" path="/home/lenovo/Desktop/IBE-Team7-Frontend/IBE-Team7-Frontend/ibe-team7-frontend/src/components/home/CalendarInput.tsx">
        <metrics statements="72" coveredstatements="65" conditionals="35" coveredconditionals="30" methods="22" coveredmethods="22"/>
        <line num="1" count="270" type="cond" truecount="3" falsecount="0"/>
        <line num="19" count="30" type="stmt"/>
        <line num="22" count="23" type="stmt"/>
        <line num="25" count="23" type="stmt"/>
        <line num="26" count="45" type="stmt"/>
        <line num="28" count="23" type="stmt"/>
        <line num="29" count="45" type="stmt"/>
        <line num="32" count="23" type="stmt"/>
        <line num="34" count="23" type="stmt"/>
        <line num="35" count="45" type="stmt"/>
        <line num="38" count="30" type="stmt"/>
        <line num="39" count="45" type="stmt"/>
        <line num="42" count="23" type="stmt"/>
        <line num="43" count="23" type="stmt"/>
        <line num="45" count="23" type="stmt"/>
        <line num="46" count="15" type="stmt"/>
        <line num="47" count="15" type="stmt"/>
        <line num="48" count="15" type="stmt"/>
        <line num="49" count="1" type="stmt"/>
        <line num="51" count="0" type="stmt"/>
        <line num="54" count="15" type="stmt"/>
        <line num="57" count="23" type="stmt"/>
        <line num="58" count="16" type="stmt"/>
        <line num="59" count="16" type="stmt"/>
        <line num="60" count="122" type="stmt"/>
        <line num="62" count="122" type="stmt"/>
        <line num="63" count="122" type="stmt"/>
        <line num="67" count="16" type="stmt"/>
        <line num="70" count="23" type="stmt"/>
        <line num="71" count="2" type="cond" truecount="2" falsecount="0"/>
        <line num="72" count="1" type="stmt"/>
        <line num="73" count="1" type="cond" truecount="1" falsecount="1"/>
        <line num="74" count="1" type="cond" truecount="0" falsecount="1"/>
        <line num="75" count="0" type="stmt"/>
        <line num="76" count="0" type="stmt"/>
        <line num="78" count="1" type="stmt"/>
        <line num="80" count="1" type="cond" truecount="0" falsecount="1"/>
        <line num="81" count="0" type="stmt"/>
        <line num="82" count="0" type="stmt"/>
        <line num="86" count="1" type="stmt"/>
        <line num="87" count="1" type="cond" truecount="1" falsecount="0"/>
        <line num="88" count="1" type="stmt"/>
        <line num="91" count="0" type="stmt"/>
        <line num="92" count="0" type="stmt"/>
        <line num="96" count="23" type="stmt"/>
        <line num="97" count="305" type="cond" truecount="2" falsecount="0"/>
        <line num="98" count="305" type="stmt"/>
        <line num="100" count="305" type="cond" truecount="1" falsecount="0"/>
        <line num="105" count="203" type="stmt"/>
        <line num="108" count="102" type="stmt"/>
        <line num="117" count="23" type="stmt"/>
        <line num="118" count="6" type="cond" truecount="2" falsecount="0"/>
        <line num="119" count="4" type="stmt"/>
        <line num="120" count="2" type="cond" truecount="4" falsecount="0"/>
        <line num="121" count="1" type="stmt"/>
        <line num="122" count="1" type="stmt"/>
        <line num="123" count="1" type="stmt"/>
        <line num="125" count="1" type="stmt"/>
        <line num="126" count="1" type="stmt"/>
        <line num="127" count="1" type="stmt"/>
        <line num="131" count="23" type="stmt"/>
        <line num="132" count="70" type="stmt"/>
        <line num="135" count="23" type="stmt"/>
        <line num="136" count="1" type="stmt"/>
        <line num="139" count="23" type="stmt"/>
        <line num="140" count="1" type="stmt"/>
        <line num="151" count="3" type="stmt"/>
        <line num="163" count="23" type="stmt"/>
        <line num="167" count="2" type="stmt"/>
        <line num="211" count="2" type="stmt"/>
        <line num="221" count="70" type="stmt"/>
        <line num="252" count="30" type="stmt"/>
      </file>
      <file name="Home.tsx" path="/home/lenovo/Desktop/IBE-Team7-Frontend/IBE-Team7-Frontend/ibe-team7-frontend/src/components/home/Home.tsx">
        <metrics statements="4" coveredstatements="4" conditionals="3" coveredconditionals="3" methods="2" coveredmethods="2"/>
        <line num="1" count="240" type="cond" truecount="3" falsecount="0"/>
        <line num="5" count="30" type="stmt"/>
        <line num="8" count="31" type="stmt"/>
        <line num="18" count="30" type="stmt"/>
      </file>
      <file name="PropertyInput.tsx" path="/home/lenovo/Desktop/IBE-Team7-Frontend/IBE-Team7-Frontend/ibe-team7-frontend/src/components/home/PropertyInput.tsx">
        <metrics statements="20" coveredstatements="19" conditionals="6" coveredconditionals="6" methods="11" coveredmethods="10"/>
        <line num="1" count="270" type="cond" truecount="3" falsecount="0"/>
        <line num="10" count="30" type="stmt"/>
        <line num="11" count="24" type="stmt"/>
        <line num="12" count="24" type="stmt"/>
        <line num="13" count="45" type="stmt"/>
        <line num="15" count="24" type="stmt"/>
        <line num="16" count="45" type="stmt"/>
        <line num="18" count="45" type="stmt"/>
        <line num="19" count="30" type="stmt"/>
        <line num="20" count="45" type="stmt"/>
        <line num="23" count="24" type="stmt"/>
        <line num="24" count="16" type="stmt"/>
        <line num="25" count="16" type="stmt"/>
        <line num="27" count="16" type="stmt"/>
        <line num="30" count="24" type="cond" truecount="1" falsecount="0"/>
        <line num="31" count="18" type="stmt"/>
        <line num="34" count="6" type="stmt"/>
        <line num="45" count="0" type="stmt"/>
        <line num="51" count="108" type="stmt"/>
        <line num="64" count="30" type="stmt"/>
      </file>
      <file name="RoomInput.tsx" path="/home/lenovo/Desktop/IBE-Team7-Frontend/IBE-Team7-Frontend/ibe-team7-frontend/src/components/home/RoomInput.tsx">
        <metrics statements="13" coveredstatements="11" conditionals="5" coveredconditionals="4" methods="9" coveredmethods="7"/>
        <line num="1" count="240" type="cond" truecount="4" falsecount="1"/>
        <line num="6" count="30" type="stmt"/>
        <line num="7" count="21" type="stmt"/>
        <line num="9" count="21" type="stmt"/>
        <line num="10" count="43" type="stmt"/>
        <line num="12" count="30" type="stmt"/>
        <line num="13" count="43" type="stmt"/>
        <line num="16" count="21" type="stmt"/>
        <line num="26" count="0" type="stmt"/>
        <line num="29" count="0" type="stmt"/>
        <line num="32" count="105" type="stmt"/>
        <line num="34" count="105" type="stmt"/>
        <line num="42" count="30" type="stmt"/>
      </file>
      <file name="Search.tsx" path="/home/lenovo/Desktop/IBE-Team7-Frontend/IBE-Team7-Frontend/ibe-team7-frontend/src/components/home/Search.tsx">
        <metrics statements="80" coveredstatements="65" conditionals="40" coveredconditionals="25" methods="33" coveredmethods="27"/>
        <line num="1" count="240" type="cond" truecount="4" falsecount="1"/>
        <line num="24" count="40" type="stmt"/>
        <line num="25" count="40" type="stmt"/>
        <line num="27" count="24" type="stmt"/>
        <line num="28" count="46" type="stmt"/>
        <line num="31" count="24" type="stmt"/>
        <line num="32" count="46" type="stmt"/>
        <line num="35" count="24" type="stmt"/>
        <line num="36" count="46" type="stmt"/>
        <line num="40" count="24" type="stmt"/>
        <line num="41" count="46" type="stmt"/>
        <line num="43" count="24" type="stmt"/>
        <line num="44" count="46" type="stmt"/>
        <line num="46" count="24" type="stmt"/>
        <line num="47" count="46" type="stmt"/>
        <line num="49" count="24" type="stmt"/>
        <line num="50" count="46" type="stmt"/>
        <line num="52" count="24" type="stmt"/>
        <line num="53" count="46" type="stmt"/>
        <line num="55" count="24" type="stmt"/>
        <line num="56" count="46" type="stmt"/>
        <line num="58" count="24" type="stmt"/>
        <line num="59" count="46" type="stmt"/>
        <line num="61" count="24" type="stmt"/>
        <line num="62" count="46" type="stmt"/>
        <line num="64" count="24" type="stmt"/>
        <line num="65" count="46" type="stmt"/>
        <line num="69" count="24" type="stmt"/>
        <line num="70" count="46" type="stmt"/>
        <line num="72" count="24" type="stmt"/>
        <line num="73" count="46" type="stmt"/>
        <line num="76" count="24" type="stmt"/>
        <line num="77" count="24" type="stmt"/>
        <line num="78" count="46" type="stmt"/>
        <line num="81" count="24" type="stmt"/>
        <line num="82" count="46" type="stmt"/>
        <line num="85" count="46" type="stmt"/>
        <line num="87" count="46" type="stmt"/>
        <line num="89" count="46" type="stmt"/>
        <line num="91" count="24" type="stmt"/>
        <line num="92" count="46" type="stmt"/>
        <line num="95" count="24" type="stmt"/>
        <line num="96" count="30" type="stmt"/>
        <line num="98" count="24" type="stmt"/>
        <line num="99" count="15" type="stmt"/>
        <line num="102" count="24" type="stmt"/>
        <line num="103" count="15" type="cond" truecount="0" falsecount="1"/>
        <line num="104" count="0" type="stmt"/>
        <line num="108" count="24" type="stmt"/>
        <line num="109" count="0" type="cond" truecount="0" falsecount="1"/>
        <line num="110" count="0" type="stmt"/>
        <line num="112" count="0" type="stmt"/>
        <line num="115" count="24" type="stmt"/>
        <line num="116" count="0" type="stmt"/>
        <line num="119" count="24" type="stmt"/>
        <line num="120" count="0" type="cond" truecount="0" falsecount="1"/>
        <line num="121" count="0" type="stmt"/>
        <line num="125" count="24" type="stmt"/>
        <line num="126" count="0" type="stmt"/>
        <line num="128" count="24" type="stmt"/>
        <line num="129" count="0" type="cond" truecount="0" falsecount="1"/>
        <line num="130" count="0" type="stmt"/>
        <line num="134" count="24" type="stmt"/>
        <line num="135" count="0" type="stmt"/>
        <line num="138" count="24" type="stmt"/>
        <line num="139" count="1" type="stmt"/>
        <line num="140" count="1" type="cond" truecount="3" falsecount="1"/>
        <line num="142" count="0" type="cond" truecount="0" falsecount="1"/>
        <line num="143" count="0" type="stmt"/>
        <line num="145" count="0" type="stmt"/>
        <line num="148" count="1" type="stmt"/>
        <line num="149" count="1" type="stmt"/>
        <line num="160" count="1" type="stmt"/>
        <line num="161" count="1" type="stmt"/>
        <line num="172" count="0" type="stmt"/>
        <line num="174" count="1" type="stmt"/>
        <line num="176" count="1" type="stmt"/>
        <line num="185" count="24" type="stmt"/>
        <line num="210" count="1" type="stmt"/>
        <line num="396" count="30" type="stmt"/>
      </file>
    </package>
    <package name="src.components.itinerary">
      <metrics statements="38" coveredstatements="4" conditionals="36" coveredconditionals="4" methods="14" coveredmethods="1"/>
      <file name="Itinerary.tsx" path="/home/lenovo/Desktop/IBE-Team7-Frontend/IBE-Team7-Frontend/ibe-team7-frontend/src/components/itinerary/Itinerary.tsx">
        <metrics statements="38" coveredstatements="4" conditionals="36" coveredconditionals="4" methods="14" coveredmethods="1"/>
        <line num="1" count="240" type="cond" truecount="4" falsecount="1"/>
        <line num="9" count="30" type="stmt"/>
        <line num="10" count="0" type="stmt"/>
        <line num="11" count="0" type="stmt"/>
        <line num="13" count="0" type="stmt"/>
        <line num="15" count="0" type="stmt"/>
        <line num="16" count="0" type="cond" truecount="0" falsecount="5"/>
        <line num="17" count="0" type="stmt"/>
        <line num="29" count="0" type="stmt"/>
        <line num="31" count="0" type="stmt"/>
        <line num="33" count="0" type="stmt"/>
        <line num="34" count="0" type="stmt"/>
        <line num="37" count="0" type="stmt"/>
        <line num="38" count="0" type="stmt"/>
        <line num="41" count="0" type="stmt"/>
        <line num="42" count="0" type="stmt"/>
        <line num="45" count="30" type="stmt"/>
        <line num="46" count="0" type="stmt"/>
        <line num="49" count="0" type="stmt"/>
        <line num="52" count="0" type="cond" truecount="0" falsecount="1"/>
        <line num="53" count="0" type="stmt"/>
        <line num="58" count="0" type="stmt"/>
        <line num="59" count="0" type="stmt"/>
        <line num="62" count="0" type="stmt"/>
        <line num="67" count="0" type="stmt"/>
        <line num="70" count="0" type="stmt"/>
        <line num="71" count="0" type="cond" truecount="0" falsecount="3"/>
        <line num="72" count="0" type="stmt"/>
        <line num="73" count="0" type="stmt"/>
        <line num="74" count="0" type="stmt"/>
        <line num="78" count="0" type="stmt"/>
        <line num="79" count="0" type="cond" truecount="0" falsecount="4"/>
        <line num="92" count="0" type="stmt"/>
        <line num="93" count="0" type="stmt"/>
        <line num="94" count="0" type="stmt"/>
        <line num="99" count="0" type="stmt"/>
        <line num="102" count="0" type="stmt"/>
        <line num="219" count="30" type="stmt"/>
      </file>
    </package>
    <package name="src.components.loader">
      <metrics statements="4" coveredstatements="4" conditionals="3" coveredconditionals="3" methods="2" coveredmethods="2"/>
      <file name="Loader.tsx" path="/home/lenovo/Desktop/IBE-Team7-Frontend/IBE-Team7-Frontend/ibe-team7-frontend/src/components/loader/Loader.tsx">
        <metrics statements="4" coveredstatements="4" conditionals="3" coveredconditionals="3" methods="2" coveredmethods="2"/>
        <line num="1" count="240" type="cond" truecount="3" falsecount="0"/>
        <line num="3" count="30" type="stmt"/>
        <line num="4" count="77" type="stmt"/>
        <line num="24" count="30" type="stmt"/>
      </file>
    </package>
    <package name="src.components.login">
      <metrics statements="20" coveredstatements="9" conditionals="5" coveredconditionals="4" methods="8" coveredmethods="3"/>
      <file name="Login.tsx" path="/home/lenovo/Desktop/IBE-Team7-Frontend/IBE-Team7-Frontend/ibe-team7-frontend/src/components/login/Login.tsx">
        <metrics statements="20" coveredstatements="9" conditionals="5" coveredconditionals="4" methods="8" coveredmethods="3"/>
        <line num="1" count="240" type="cond" truecount="4" falsecount="1"/>
        <line num="8" count="30" type="stmt"/>
        <line num="9" count="3" type="stmt"/>
        <line num="10" count="3" type="stmt"/>
        <line num="11" count="30" type="stmt"/>
        <line num="13" count="3" type="stmt"/>
        <line num="15" count="3" type="stmt"/>
        <line num="16" count="0" type="stmt"/>
        <line num="17" count="0" type="stmt"/>
        <line num="19" count="0" type="stmt"/>
        <line num="21" count="0" type="stmt"/>
        <line num="23" count="0" type="stmt"/>
        <line num="31" count="0" type="stmt"/>
        <line num="33" count="0" type="stmt"/>
        <line num="36" count="0" type="stmt"/>
        <line num="37" count="0" type="stmt"/>
        <line num="41" count="3" type="stmt"/>
        <line num="50" count="0" type="stmt"/>
        <line num="57" count="0" type="stmt"/>
        <line num="72" count="30" type="stmt"/>
      </file>
    </package>
    <package name="src.components.ratingform">
      <metrics statements="4" coveredstatements="3" conditionals="3" coveredconditionals="3" methods="2" coveredmethods="1"/>
      <file name="RatingForm.tsx" path="/home/lenovo/Desktop/IBE-Team7-Frontend/IBE-Team7-Frontend/ibe-team7-frontend/src/components/ratingform/RatingForm.tsx">
        <metrics statements="4" coveredstatements="3" conditionals="3" coveredconditionals="3" methods="2" coveredmethods="1"/>
        <line num="1" count="240" type="cond" truecount="3" falsecount="0"/>
        <line num="3" count="30" type="stmt"/>
        <line num="4" count="0" type="stmt"/>
        <line num="18" count="30" type="stmt"/>
      </file>
    </package>
    <package name="src.components.room-modal">
      <metrics statements="58" coveredstatements="27" conditionals="16" coveredconditionals="8" methods="22" coveredmethods="12"/>
      <file name="RoomModal.tsx" path="/home/lenovo/Desktop/IBE-Team7-Frontend/IBE-Team7-Frontend/ibe-team7-frontend/src/components/room-modal/RoomModal.tsx">
        <metrics statements="58" coveredstatements="27" conditionals="16" coveredconditionals="8" methods="22" coveredmethods="12"/>
        <line num="1" count="270" type="cond" truecount="3" falsecount="0"/>
        <line num="35" count="30" type="stmt"/>
        <line num="36" count="2" type="stmt"/>
        <line num="44" count="2" type="stmt"/>
        <line num="46" count="2" type="stmt"/>
        <line num="47" count="2" type="stmt"/>
        <line num="49" count="2" type="stmt"/>
        <line num="59" count="4" type="stmt"/>
        <line num="61" count="2" type="stmt"/>
        <line num="62" count="4" type="stmt"/>
        <line num="64" count="4" type="stmt"/>
        <line num="66" count="2" type="stmt"/>
        <line num="68" count="2" type="stmt"/>
        <line num="69" count="4" type="stmt"/>
        <line num="72" count="30" type="stmt"/>
        <line num="73" count="4" type="stmt"/>
        <line num="76" count="2" type="stmt"/>
        <line num="77" count="2" type="stmt"/>
        <line num="78" count="2" type="stmt"/>
        <line num="79" count="0" type="stmt"/>
        <line num="81" count="2" type="stmt"/>
        <line num="84" count="2" type="stmt"/>
        <line num="85" count="0" type="stmt"/>
        <line num="88" count="2" type="stmt"/>
        <line num="93" count="0" type="stmt"/>
        <line num="95" count="0" type="stmt"/>
        <line num="96" count="0" type="stmt"/>
        <line num="97" count="0" type="stmt"/>
        <line num="98" count="0" type="stmt"/>
        <line num="105" count="0" type="stmt"/>
        <line num="106" count="0" type="stmt"/>
        <line num="107" count="0" type="stmt"/>
        <line num="112" count="0" type="stmt"/>
        <line num="115" count="2" type="stmt"/>
        <line num="116" count="0" type="stmt"/>
        <line num="117" count="0" type="stmt"/>
        <line num="128" count="0" type="stmt"/>
        <line num="129" count="0" type="cond" truecount="0" falsecount="2"/>
        <line num="131" count="0" type="stmt"/>
        <line num="132" count="0" type="cond" truecount="0" falsecount="1"/>
        <line num="133" count="0" type="stmt"/>
        <line num="137" count="0" type="cond" truecount="0" falsecount="1"/>
        <line num="140" count="0" type="stmt"/>
        <line num="144" count="0" type="stmt"/>
        <line num="157" count="0" type="stmt"/>
        <line num="158" count="0" type="cond" truecount="0" falsecount="1"/>
        <line num="159" count="0" type="stmt"/>
        <line num="163" count="0" type="stmt"/>
        <line num="166" count="2" type="stmt"/>
        <line num="178" count="0" type="stmt"/>
        <line num="227" count="12" type="stmt"/>
        <line num="274" count="0" type="stmt"/>
        <line num="291" count="10" type="stmt"/>
        <line num="327" count="0" type="stmt"/>
        <line num="384" count="0" type="stmt"/>
        <line num="411" count="0" type="stmt"/>
        <line num="435" count="0" type="stmt"/>
        <line num="458" count="30" type="stmt"/>
      </file>
    </package>
    <package name="src.components.room-result">
      <metrics statements="379" coveredstatements="239" conditionals="194" coveredconditionals="76" methods="134" coveredmethods="84"/>
      <file name="BedCount.tsx" path="/home/lenovo/Desktop/IBE-Team7-Frontend/IBE-Team7-Frontend/ibe-team7-frontend/src/components/room-result/BedCount.tsx">
        <metrics statements="15" coveredstatements="7" conditionals="7" coveredconditionals="5" methods="9" coveredmethods="4"/>
        <line num="1" count="240" type="cond" truecount="4" falsecount="1"/>
        <line num="7" count="60" type="stmt"/>
        <line num="8" count="60" type="stmt"/>
        <line num="10" count="147" type="stmt"/>
        <line num="12" count="60" type="stmt"/>
        <line num="14" count="60" type="stmt"/>
        <line num="21" count="0" type="stmt"/>
        <line num="22" count="0" type="stmt"/>
        <line num="24" count="0" type="stmt"/>
        <line num="32" count="0" type="stmt"/>
        <line num="34" count="0" type="stmt"/>
        <line num="39" count="0" type="stmt"/>
        <line num="40" count="0" type="stmt"/>
        <line num="41" count="0" type="stmt"/>
        <line num="53" count="30" type="stmt"/>
      </file>
      <file name="CalendarInput.tsx" path="/home/lenovo/Desktop/IBE-Team7-Frontend/IBE-Team7-Frontend/ibe-team7-frontend/src/components/room-result/CalendarInput.tsx">
        <metrics statements="66" coveredstatements="34" conditionals="29" coveredconditionals="8" methods="20" coveredmethods="12"/>
        <line num="1" count="270" type="cond" truecount="3" falsecount="0"/>
        <line num="18" count="30" type="stmt"/>
        <line num="21" count="74" type="stmt"/>
        <line num="24" count="74" type="stmt"/>
        <line num="25" count="161" type="stmt"/>
        <line num="27" count="74" type="stmt"/>
        <line num="28" count="147" type="stmt"/>
        <line num="31" count="74" type="stmt"/>
        <line num="33" count="74" type="stmt"/>
        <line num="34" count="161" type="stmt"/>
        <line num="37" count="74" type="stmt"/>
        <line num="38" count="161" type="stmt"/>
        <line num="41" count="74" type="stmt"/>
        <line num="42" count="74" type="stmt"/>
        <line num="44" count="74" type="stmt"/>
        <line num="45" count="14" type="stmt"/>
        <line num="46" count="14" type="stmt"/>
        <line num="47" count="14" type="stmt"/>
        <line num="53" count="7" type="stmt"/>
        <line num="55" count="0" type="stmt"/>
        <line num="58" count="14" type="stmt"/>
        <line num="61" count="74" type="stmt"/>
        <line num="62" count="21" type="stmt"/>
        <line num="63" count="21" type="stmt"/>
        <line num="64" count="854" type="stmt"/>
        <line num="66" count="854" type="stmt"/>
        <line num="67" count="854" type="stmt"/>
        <line num="71" count="21" type="stmt"/>
        <line num="74" count="74" type="stmt"/>
        <line num="75" count="0" type="cond" truecount="0" falsecount="2"/>
        <line num="76" count="0" type="stmt"/>
        <line num="77" count="0" type="cond" truecount="0" falsecount="2"/>
        <line num="78" count="0" type="cond" truecount="0" falsecount="1"/>
        <line num="79" count="0" type="stmt"/>
        <line num="80" count="0" type="stmt"/>
        <line num="82" count="0" type="stmt"/>
        <line num="84" count="0" type="stmt"/>
        <line num="85" count="0" type="cond" truecount="0" falsecount="1"/>
        <line num="86" count="0" type="stmt"/>
        <line num="89" count="0" type="stmt"/>
        <line num="90" count="0" type="stmt"/>
        <line num="94" count="74" type="stmt"/>
        <line num="95" count="0" type="cond" truecount="0" falsecount="2"/>
        <line num="96" count="0" type="stmt"/>
        <line num="98" count="0" type="cond" truecount="0" falsecount="1"/>
        <line num="103" count="0" type="stmt"/>
        <line num="106" count="0" type="stmt"/>
        <line num="115" count="74" type="stmt"/>
        <line num="116" count="0" type="cond" truecount="0" falsecount="2"/>
        <line num="117" count="0" type="stmt"/>
        <line num="118" count="0" type="cond" truecount="0" falsecount="4"/>
        <line num="119" count="0" type="stmt"/>
        <line num="120" count="0" type="stmt"/>
        <line num="121" count="0" type="stmt"/>
        <line num="123" count="0" type="stmt"/>
        <line num="124" count="0" type="stmt"/>
        <line num="125" count="0" type="stmt"/>
        <line num="129" count="74" type="stmt"/>
        <line num="130" count="0" type="stmt"/>
        <line num="133" count="74" type="stmt"/>
        <line num="134" count="0" type="stmt"/>
        <line num="137" count="74" type="stmt"/>
        <line num="141" count="0" type="stmt"/>
        <line num="185" count="0" type="stmt"/>
        <line num="195" count="0" type="stmt"/>
        <line num="212" count="30" type="stmt"/>
      </file>
      <file name="Filters.tsx" path="/home/lenovo/Desktop/IBE-Team7-Frontend/IBE-Team7-Frontend/ibe-team7-frontend/src/components/room-result/Filters.tsx">
        <metrics statements="28" coveredstatements="15" conditionals="15" coveredconditionals="6" methods="22" coveredmethods="6"/>
        <line num="1" count="270" type="cond" truecount="3" falsecount="0"/>
        <line num="13" count="60" type="stmt"/>
        <line num="14" count="60" type="stmt"/>
        <line num="15" count="60" type="stmt"/>
        <line num="16" count="60" type="stmt"/>
        <line num="18" count="105" type="stmt"/>
        <line num="19" count="105" type="stmt"/>
        <line num="20" count="60" type="stmt"/>
        <line num="21" count="105" type="stmt"/>
        <line num="24" count="60" type="stmt"/>
        <line num="28" count="0" type="cond" truecount="0" falsecount="2"/>
        <line num="33" count="60" type="stmt"/>
        <line num="37" count="0" type="cond" truecount="0" falsecount="2"/>
        <line num="42" count="60" type="stmt"/>
        <line num="43" count="0" type="cond" truecount="0" falsecount="2"/>
        <line num="46" count="60" type="stmt"/>
        <line num="48" count="60" type="stmt"/>
        <line num="60" count="0" type="stmt"/>
        <line num="74" count="0" type="stmt"/>
        <line num="85" count="0" type="stmt"/>
        <line num="99" count="0" type="stmt"/>
        <line num="113" count="0" type="stmt"/>
        <line num="123" count="0" type="stmt"/>
        <line num="137" count="0" type="stmt"/>
        <line num="150" count="0" type="stmt"/>
        <line num="160" count="0" type="stmt"/>
        <line num="170" count="0" type="stmt"/>
        <line num="181" count="30" type="stmt"/>
      </file>
      <file name="RoomCards.tsx" path="/home/lenovo/Desktop/IBE-Team7-Frontend/IBE-Team7-Frontend/ibe-team7-frontend/src/components/room-result/RoomCards.tsx">
        <metrics statements="28" coveredstatements="21" conditionals="8" coveredconditionals="6" methods="15" coveredmethods="8"/>
        <line num="1" count="240" type="cond" truecount="4" falsecount="1"/>
        <line num="14" count="73" type="stmt"/>
        <line num="15" count="73" type="stmt"/>
        <line num="16" count="73" type="stmt"/>
        <line num="17" count="73" type="stmt"/>
        <line num="19" count="118" type="stmt"/>
        <line num="21" count="73" type="stmt"/>
        <line num="23" count="118" type="stmt"/>
        <line num="26" count="73" type="stmt"/>
        <line num="28" count="73" type="stmt"/>
        <line num="30" count="73" type="stmt"/>
        <line num="32" count="73" type="stmt"/>
        <line num="33" count="73" type="stmt"/>
        <line num="34" count="14" type="stmt"/>
        <line num="35" count="14" type="stmt"/>
        <line num="36" count="8" type="stmt"/>
        <line num="39" count="73" type="cond" truecount="1" falsecount="0"/>
        <line num="40" count="60" type="stmt"/>
        <line num="43" count="13" type="stmt"/>
        <line num="51" count="0" type="stmt"/>
        <line num="52" count="0" type="stmt"/>
        <line num="61" count="0" type="stmt"/>
        <line num="62" count="0" type="stmt"/>
        <line num="87" count="0" type="stmt"/>
        <line num="106" count="0" type="stmt"/>
        <line num="112" count="0" type="stmt"/>
        <line num="124" count="12" type="stmt"/>
        <line num="129" count="30" type="stmt"/>
      </file>
      <file name="RoomForm.tsx" path="/home/lenovo/Desktop/IBE-Team7-Frontend/IBE-Team7-Frontend/ibe-team7-frontend/src/components/room-result/RoomForm.tsx">
        <metrics statements="157" coveredstatements="95" conditionals="92" coveredconditionals="25" methods="33" coveredmethods="25"/>
        <line num="1" count="270" type="cond" truecount="3" falsecount="0"/>
        <line num="30" count="60" type="stmt"/>
        <line num="31" count="60" type="stmt"/>
        <line num="32" count="60" type="stmt"/>
        <line num="34" count="60" type="stmt"/>
        <line num="35" count="60" type="stmt"/>
        <line num="37" count="147" type="stmt"/>
        <line num="38" count="147" type="stmt"/>
        <line num="39" count="60" type="stmt"/>
        <line num="40" count="147" type="stmt"/>
        <line num="42" count="60" type="stmt"/>
        <line num="43" count="147" type="stmt"/>
        <line num="45" count="60" type="stmt"/>
        <line num="46" count="147" type="stmt"/>
        <line num="48" count="60" type="stmt"/>
        <line num="49" count="147" type="stmt"/>
        <line num="51" count="60" type="stmt"/>
        <line num="52" count="147" type="stmt"/>
        <line num="54" count="60" type="stmt"/>
        <line num="55" count="147" type="stmt"/>
        <line num="57" count="60" type="stmt"/>
        <line num="58" count="147" type="stmt"/>
        <line num="60" count="60" type="stmt"/>
        <line num="61" count="147" type="stmt"/>
        <line num="63" count="60" type="stmt"/>
        <line num="64" count="147" type="stmt"/>
        <line num="66" count="60" type="stmt"/>
        <line num="67" count="147" type="stmt"/>
        <line num="70" count="60" type="stmt"/>
        <line num="71" count="147" type="stmt"/>
        <line num="73" count="60" type="stmt"/>
        <line num="74" count="147" type="stmt"/>
        <line num="76" count="60" type="stmt"/>
        <line num="77" count="147" type="stmt"/>
        <line num="79" count="60" type="stmt"/>
        <line num="80" count="133" type="stmt"/>
        <line num="83" count="60" type="stmt"/>
        <line num="84" count="28" type="stmt"/>
        <line num="86" count="28" type="stmt"/>
        <line num="87" count="28" type="stmt"/>
        <line num="90" count="60" type="stmt"/>
        <line num="91" count="14" type="stmt"/>
        <line num="92" count="14" type="cond" truecount="0" falsecount="1"/>
        <line num="93" count="0" type="stmt"/>
        <line num="94" count="0" type="stmt"/>
        <line num="96" count="14" type="stmt"/>
        <line num="97" count="14" type="stmt"/>
        <line num="98" count="14" type="cond" truecount="1" falsecount="0"/>
        <line num="99" count="14" type="stmt"/>
        <line num="101" count="14" type="cond" truecount="1" falsecount="0"/>
        <line num="102" count="14" type="stmt"/>
        <line num="104" count="14" type="cond" truecount="1" falsecount="0"/>
        <line num="105" count="14" type="stmt"/>
        <line num="107" count="14" type="cond" truecount="1" falsecount="0"/>
        <line num="108" count="14" type="stmt"/>
        <line num="110" count="14" type="cond" truecount="1" falsecount="0"/>
        <line num="111" count="14" type="stmt"/>
        <line num="112" count="14" type="stmt"/>
        <line num="113" count="14" type="cond" truecount="0" falsecount="1"/>
        <line num="114" count="0" type="stmt"/>
        <line num="115" count="0" type="stmt"/>
        <line num="117" count="14" type="stmt"/>
        <line num="118" count="14" type="stmt"/>
        <line num="120" count="14" type="stmt"/>
        <line num="122" count="14" type="cond" truecount="1" falsecount="0"/>
        <line num="123" count="14" type="stmt"/>
        <line num="124" count="14" type="cond" truecount="0" falsecount="1"/>
        <line num="125" count="0" type="stmt"/>
        <line num="126" count="0" type="stmt"/>
        <line num="128" count="14" type="stmt"/>
        <line num="129" count="14" type="stmt"/>
        <line num="131" count="14" type="cond" truecount="1" falsecount="0"/>
        <line num="132" count="14" type="stmt"/>
        <line num="134" count="14" type="cond" truecount="0" falsecount="1"/>
        <line num="135" count="0" type="stmt"/>
        <line num="136" count="0" type="stmt"/>
        <line num="137" count="0" type="cond" truecount="0" falsecount="1"/>
        <line num="138" count="0" type="stmt"/>
        <line num="140" count="0" type="cond" truecount="0" falsecount="1"/>
        <line num="141" count="0" type="stmt"/>
        <line num="142" count="0" type="stmt"/>
        <line num="145" count="14" type="cond" truecount="0" falsecount="1"/>
        <line num="146" count="0" type="stmt"/>
        <line num="147" count="0" type="stmt"/>
        <line num="149" count="0" type="cond" truecount="0" falsecount="1"/>
        <line num="150" count="0" type="stmt"/>
        <line num="152" count="0" type="cond" truecount="0" falsecount="1"/>
        <line num="153" count="0" type="stmt"/>
        <line num="154" count="0" type="stmt"/>
        <line num="157" count="14" type="cond" truecount="0" falsecount="1"/>
        <line num="158" count="0" type="stmt"/>
        <line num="159" count="0" type="stmt"/>
        <line num="162" count="14" type="stmt"/>
        <line num="163" count="14" type="stmt"/>
        <line num="174" count="13" type="stmt"/>
        <line num="178" count="14" type="stmt"/>
        <line num="183" count="13" type="stmt"/>
        <line num="189" count="13" type="cond" truecount="1" falsecount="1"/>
        <line num="194" count="0" type="stmt"/>
        <line num="197" count="13" type="cond" truecount="2" falsecount="2"/>
        <line num="198" count="0" type="stmt"/>
        <line num="201" count="13" type="cond" truecount="2" falsecount="2"/>
        <line num="202" count="0" type="stmt"/>
        <line num="205" count="13" type="cond" truecount="2" falsecount="2"/>
        <line num="206" count="0" type="stmt"/>
        <line num="209" count="13" type="cond" truecount="1" falsecount="1"/>
        <line num="210" count="0" type="stmt"/>
        <line num="211" count="13" type="cond" truecount="1" falsecount="1"/>
        <line num="212" count="0" type="stmt"/>
        <line num="213" count="13" type="cond" truecount="1" falsecount="1"/>
        <line num="214" count="0" type="stmt"/>
        <line num="216" count="13" type="stmt"/>
        <line num="225" count="60" type="stmt"/>
        <line num="226" count="28" type="cond" truecount="0" falsecount="1"/>
        <line num="227" count="0" type="stmt"/>
        <line num="231" count="60" type="stmt"/>
        <line num="232" count="0" type="cond" truecount="0" falsecount="1"/>
        <line num="233" count="0" type="stmt"/>
        <line num="237" count="60" type="stmt"/>
        <line num="238" count="0" type="stmt"/>
        <line num="241" count="60" type="stmt"/>
        <line num="242" count="0" type="cond" truecount="0" falsecount="1"/>
        <line num="243" count="0" type="stmt"/>
        <line num="247" count="60" type="stmt"/>
        <line num="248" count="0" type="stmt"/>
        <line num="250" count="60" type="stmt"/>
        <line num="251" count="0" type="cond" truecount="0" falsecount="1"/>
        <line num="252" count="0" type="stmt"/>
        <line num="256" count="60" type="stmt"/>
        <line num="257" count="0" type="stmt"/>
        <line num="260" count="105" type="stmt"/>
        <line num="262" count="60" type="stmt"/>
        <line num="263" count="0" type="stmt"/>
        <line num="264" count="0" type="stmt"/>
        <line num="274" count="0" type="stmt"/>
        <line num="275" count="0" type="stmt"/>
        <line num="277" count="0" type="stmt"/>
        <line num="281" count="0" type="stmt"/>
        <line num="283" count="0" type="stmt"/>
        <line num="290" count="0" type="cond" truecount="0" falsecount="2"/>
        <line num="295" count="0" type="stmt"/>
        <line num="298" count="0" type="cond" truecount="0" falsecount="4"/>
        <line num="299" count="0" type="stmt"/>
        <line num="300" count="0" type="cond" truecount="0" falsecount="4"/>
        <line num="301" count="0" type="stmt"/>
        <line num="304" count="0" type="cond" truecount="0" falsecount="4"/>
        <line num="305" count="0" type="stmt"/>
        <line num="308" count="0" type="cond" truecount="0" falsecount="2"/>
        <line num="309" count="0" type="stmt"/>
        <line num="310" count="0" type="cond" truecount="0" falsecount="2"/>
        <line num="311" count="0" type="stmt"/>
        <line num="312" count="0" type="cond" truecount="0" falsecount="2"/>
        <line num="313" count="0" type="stmt"/>
        <line num="315" count="0" type="stmt"/>
        <line num="323" count="60" type="stmt"/>
        <line num="330" count="0" type="stmt"/>
        <line num="502" count="30" type="stmt"/>
      </file>
      <file name="RoomInput.tsx" path="/home/lenovo/Desktop/IBE-Team7-Frontend/IBE-Team7-Frontend/ibe-team7-frontend/src/components/room-result/RoomInput.tsx">
        <metrics statements="18" coveredstatements="10" conditionals="7" coveredconditionals="5" methods="10" coveredmethods="5"/>
        <line num="1" count="240" type="cond" truecount="4" falsecount="1"/>
        <line num="7" count="60" type="stmt"/>
        <line num="8" count="60" type="stmt"/>
        <line num="10" count="60" type="stmt"/>
        <line num="11" count="147" type="stmt"/>
        <line num="13" count="60" type="stmt"/>
        <line num="14" count="147" type="stmt"/>
        <line num="16" count="60" type="stmt"/>
        <line num="18" count="60" type="stmt"/>
        <line num="25" count="0" type="stmt"/>
        <line num="26" count="0" type="stmt"/>
        <line num="28" count="0" type="stmt"/>
        <line num="36" count="0" type="stmt"/>
        <line num="38" count="0" type="stmt"/>
        <line num="43" count="0" type="stmt"/>
        <line num="44" count="0" type="stmt"/>
        <line num="47" count="0" type="stmt"/>
        <line num="59" count="30" type="stmt"/>
      </file>
      <file name="RoomResult.tsx" path="/home/lenovo/Desktop/IBE-Team7-Frontend/IBE-Team7-Frontend/ibe-team7-frontend/src/components/room-result/RoomResult.tsx">
        <metrics statements="61" coveredstatements="51" conditionals="29" coveredconditionals="16" methods="21" coveredmethods="20"/>
        <line num="1" count="270" type="cond" truecount="3" falsecount="0"/>
        <line num="16" count="60" type="stmt"/>
        <line num="17" count="60" type="stmt"/>
        <line num="18" count="60" type="stmt"/>
        <line num="20" count="60" type="stmt"/>
        <line num="21" count="60" type="stmt"/>
        <line num="23" count="105" type="stmt"/>
        <line num="24" count="105" type="stmt"/>
        <line num="25" count="60" type="stmt"/>
        <line num="26" count="105" type="stmt"/>
        <line num="28" count="60" type="stmt"/>
        <line num="29" count="105" type="stmt"/>
        <line num="31" count="60" type="stmt"/>
        <line num="32" count="105" type="stmt"/>
        <line num="34" count="60" type="stmt"/>
        <line num="35" count="105" type="stmt"/>
        <line num="37" count="60" type="stmt"/>
        <line num="38" count="105" type="stmt"/>
        <line num="40" count="60" type="stmt"/>
        <line num="41" count="105" type="stmt"/>
        <line num="43" count="60" type="stmt"/>
        <line num="44" count="105" type="stmt"/>
        <line num="46" count="60" type="stmt"/>
        <line num="47" count="105" type="stmt"/>
        <line num="50" count="105" type="stmt"/>
        <line num="52" count="60" type="stmt"/>
        <line num="54" count="60" type="stmt"/>
        <line num="55" count="28" type="stmt"/>
        <line num="56" count="28" type="cond" truecount="0" falsecount="1"/>
        <line num="57" count="0" type="stmt"/>
        <line num="58" count="0" type="stmt"/>
        <line num="61" count="28" type="stmt"/>
        <line num="62" count="28" type="stmt"/>
        <line num="63" count="28" type="stmt"/>
        <line num="64" count="28" type="stmt"/>
        <line num="74" count="6" type="stmt"/>
        <line num="75" count="6" type="stmt"/>
        <line num="77" count="13" type="stmt"/>
        <line num="81" count="28" type="stmt"/>
        <line num="83" count="19" type="stmt"/>
        <line num="86" count="19" type="stmt"/>
        <line num="92" count="19" type="cond" truecount="1" falsecount="1"/>
        <line num="97" count="0" type="stmt"/>
        <line num="100" count="19" type="cond" truecount="2" falsecount="2"/>
        <line num="101" count="0" type="stmt"/>
        <line num="104" count="19" type="cond" truecount="2" falsecount="2"/>
        <line num="105" count="0" type="stmt"/>
        <line num="108" count="19" type="cond" truecount="2" falsecount="2"/>
        <line num="109" count="0" type="stmt"/>
        <line num="112" count="19" type="cond" truecount="1" falsecount="1"/>
        <line num="113" count="0" type="stmt"/>
        <line num="114" count="19" type="cond" truecount="1" falsecount="1"/>
        <line num="115" count="0" type="stmt"/>
        <line num="116" count="19" type="cond" truecount="1" falsecount="1"/>
        <line num="117" count="0" type="stmt"/>
        <line num="119" count="19" type="stmt"/>
        <line num="137" count="180" type="stmt"/>
        <line num="138" count="0" type="stmt"/>
        <line num="140" count="60" type="stmt"/>
        <line num="146" count="180" type="stmt"/>
        <line num="169" count="30" type="stmt"/>
      </file>
      <file name="Step1Page.tsx" path="/home/lenovo/Desktop/IBE-Team7-Frontend/IBE-Team7-Frontend/ibe-team7-frontend/src/components/room-result/Step1Page.tsx">
        <metrics statements="6" coveredstatements="6" conditionals="7" coveredconditionals="5" methods="4" coveredmethods="4"/>
        <line num="1" count="270" type="cond" truecount="3" falsecount="0"/>
        <line num="9" count="60" type="stmt"/>
        <line num="10" count="60" type="stmt"/>
        <line num="11" count="105" type="stmt"/>
        <line num="14" count="60" type="stmt"/>
        <line num="31" count="30" type="stmt"/>
      </file>
    </package>
    <package name="src.components.room-result.card">
      <metrics statements="24" coveredstatements="21" conditionals="14" coveredconditionals="12" methods="12" coveredmethods="10"/>
      <file name="CarouselComponent.tsx" path="/home/lenovo/Desktop/IBE-Team7-Frontend/IBE-Team7-Frontend/ibe-team7-frontend/src/components/room-result/card/CarouselComponent.tsx">
        <metrics statements="11" coveredstatements="9" conditionals="3" coveredconditionals="3" methods="5" coveredmethods="4"/>
        <line num="1" count="270" type="cond" truecount="3" falsecount="0"/>
        <line num="6" count="30" type="stmt"/>
        <line num="7" count="14" type="stmt"/>
        <line num="9" count="14" type="stmt"/>
        <line num="10" count="12" type="stmt"/>
        <line num="11" count="12" type="stmt"/>
        <line num="13" count="0" type="stmt"/>
        <line num="15" count="12" type="stmt"/>
        <line num="18" count="14" type="stmt"/>
        <line num="23" count="0" type="stmt"/>
        <line num="36" count="30" type="stmt"/>
      </file>
      <file name="RoomCard.tsx" path="/home/lenovo/Desktop/IBE-Team7-Frontend/IBE-Team7-Frontend/ibe-team7-frontend/src/components/room-result/card/RoomCard.tsx">
        <metrics statements="13" coveredstatements="12" conditionals="11" coveredconditionals="9" methods="7" coveredmethods="6"/>
        <line num="1" count="240" type="cond" truecount="4" falsecount="1"/>
        <line num="13" count="30" type="stmt"/>
        <line num="14" count="14" type="stmt"/>
        <line num="15" count="26" type="stmt"/>
        <line num="18" count="30" type="stmt"/>
        <line num="19" count="26" type="stmt"/>
        <line num="24" count="14" type="stmt"/>
        <line num="26" count="14" type="stmt"/>
        <line num="27" count="2" type="stmt"/>
        <line num="31" count="14" type="stmt"/>
        <line num="32" count="0" type="stmt"/>
        <line num="35" count="14" type="stmt"/>
        <line num="118" count="30" type="stmt"/>
      </file>
    </package>
    <package name="src.components.router">
      <metrics statements="4" coveredstatements="4" conditionals="3" coveredconditionals="3" methods="2" coveredmethods="2"/>
      <file name="Router.tsx" path="/home/lenovo/Desktop/IBE-Team7-Frontend/IBE-Team7-Frontend/ibe-team7-frontend/src/components/router/Router.tsx">
        <metrics statements="4" coveredstatements="4" conditionals="3" coveredconditionals="3" methods="2" coveredmethods="2"/>
        <line num="1" count="240" type="cond" truecount="3" falsecount="0"/>
        <line num="11" count="30" type="stmt"/>
        <line num="12" count="59" type="stmt"/>
        <line num="33" count="30" type="stmt"/>
      </file>
    </package>
    <package name="src.components.signup">
      <metrics statements="18" coveredstatements="7" conditionals="5" coveredconditionals="3" methods="6" coveredmethods="2"/>
      <file name="Signup.tsx" path="/home/lenovo/Desktop/IBE-Team7-Frontend/IBE-Team7-Frontend/ibe-team7-frontend/src/components/signup/Signup.tsx">
        <metrics statements="18" coveredstatements="7" conditionals="5" coveredconditionals="3" methods="6" coveredmethods="2"/>
        <line num="1" count="270" type="cond" truecount="3" falsecount="0"/>
        <line num="6" count="30" type="stmt"/>
        <line num="7" count="1" type="stmt"/>
        <line num="8" count="1" type="stmt"/>
        <line num="10" count="1" type="stmt"/>
        <line num="11" count="0" type="stmt"/>
        <line num="12" count="0" type="stmt"/>
        <line num="13" count="0" type="stmt"/>
        <line num="14" count="0" type="cond" truecount="0" falsecount="2"/>
        <line num="15" count="0" type="stmt"/>
        <line num="16" count="0" type="stmt"/>
        <line num="18" count="0" type="stmt"/>
        <line num="19" count="0" type="stmt"/>
        <line num="20" count="0" type="stmt"/>
        <line num="25" count="1" type="stmt"/>
        <line num="34" count="0" type="stmt"/>
        <line num="41" count="0" type="stmt"/>
        <line num="56" count="30" type="stmt"/>
      </file>
    </package>
    <package name="src.components.timer">
      <metrics statements="23" coveredstatements="4" conditionals="16" coveredconditionals="3" methods="8" coveredmethods="1"/>
      <file name="Timer.tsx" path="/home/lenovo/Desktop/IBE-Team7-Frontend/IBE-Team7-Frontend/ibe-team7-frontend/src/components/timer/Timer.tsx">
        <metrics statements="23" coveredstatements="4" conditionals="16" coveredconditionals="3" methods="8" coveredmethods="1"/>
        <line num="1" count="270" type="cond" truecount="3" falsecount="0"/>
        <line num="8" count="30" type="stmt"/>
        <line num="9" count="0" type="stmt"/>
        <line num="10" count="0" type="stmt"/>
        <line num="11" count="0" type="stmt"/>
        <line num="13" count="30" type="stmt"/>
        <line num="14" count="0" type="stmt"/>
        <line num="15" count="0" type="stmt"/>
        <line num="16" count="0" type="cond" truecount="0" falsecount="1"/>
        <line num="17" count="0" type="stmt"/>
        <line num="20" count="0" type="cond" truecount="0" falsecount="1"/>
        <line num="21" count="0" type="cond" truecount="0" falsecount="2"/>
        <line num="22" count="0" type="stmt"/>
        <line num="24" count="0" type="stmt"/>
        <line num="25" count="0" type="stmt"/>
        <line num="29" count="0" type="stmt"/>
        <line num="30" count="0" type="stmt"/>
        <line num="33" count="0" type="cond" truecount="0" falsecount="3"/>
        <line num="34" count="0" type="stmt"/>
        <line num="35" count="0" type="stmt"/>
        <line num="36" count="0" type="stmt"/>
        <line num="39" count="0" type="stmt"/>
        <line num="48" count="30" type="stmt"/>
      </file>
    </package>
    <package name="src.constants">
      <metrics statements="4" coveredstatements="4" conditionals="0" coveredconditionals="0" methods="0" coveredmethods="0"/>
      <file name="Constants.ts" path="/home/lenovo/Desktop/IBE-Team7-Frontend/IBE-Team7-Frontend/ibe-team7-frontend/src/constants/Constants.ts">
        <metrics statements="4" coveredstatements="4" conditionals="0" coveredconditionals="0" methods="0" coveredmethods="0"/>
        <line num="3" count="30" type="stmt"/>
        <line num="5" count="30" type="stmt"/>
        <line num="8" count="30" type="stmt"/>
        <line num="10" count="30" type="stmt"/>
      </file>
    </package>
    <package name="src.enums">
      <metrics statements="24" coveredstatements="24" conditionals="6" coveredconditionals="6" methods="3" coveredmethods="3"/>
      <file name="Enums.ts" path="/home/lenovo/Desktop/IBE-Team7-Frontend/IBE-Team7-Frontend/ibe-team7-frontend/src/enums/Enums.ts">
        <metrics statements="24" coveredstatements="24" conditionals="6" coveredconditionals="6" methods="3" coveredmethods="3"/>
        <line num="1" count="30" type="cond" truecount="2" falsecount="0"/>
        <line num="2" count="30" type="stmt"/>
        <line num="3" count="30" type="stmt"/>
        <line num="6" count="30" type="cond" truecount="2" falsecount="0"/>
        <line num="7" count="30" type="stmt"/>
        <line num="8" count="30" type="stmt"/>
        <line num="9" count="30" type="stmt"/>
        <line num="10" count="30" type="stmt"/>
        <line num="11" count="30" type="stmt"/>
        <line num="12" count="30" type="stmt"/>
        <line num="13" count="30" type="stmt"/>
        <line num="15" count="30" type="cond" truecount="2" falsecount="0"/>
        <line num="16" count="30" type="stmt"/>
        <line num="17" count="30" type="stmt"/>
        <line num="18" count="30" type="stmt"/>
        <line num="19" count="30" type="stmt"/>
        <line num="20" count="30" type="stmt"/>
        <line num="21" count="30" type="stmt"/>
        <line num="22" count="30" type="stmt"/>
        <line num="23" count="30" type="stmt"/>
        <line num="24" count="30" type="stmt"/>
        <line num="25" count="30" type="stmt"/>
        <line num="26" count="30" type="stmt"/>
        <line num="27" count="30" type="stmt"/>
      </file>
    </package>
    <package name="src.i18n">
      <metrics statements="1" coveredstatements="1" conditionals="0" coveredconditionals="0" methods="0" coveredmethods="0"/>
      <file name="i18n.tsx" path="/home/lenovo/Desktop/IBE-Team7-Frontend/IBE-Team7-Frontend/ibe-team7-frontend/src/i18n/i18n.tsx">
        <metrics statements="1" coveredstatements="1" conditionals="0" coveredconditionals="0" methods="0" coveredmethods="0"/>
        <line num="6" count="30" type="stmt"/>
      </file>
    </package>
    <package name="src.redux">
      <metrics statements="136" coveredstatements="60" conditionals="0" coveredconditionals="0" methods="69" coveredmethods="16"/>
      <file name="checkoutSlice.ts" path="/home/lenovo/Desktop/IBE-Team7-Frontend/IBE-Team7-Frontend/ibe-team7-frontend/src/redux/checkoutSlice.ts">
        <metrics statements="8" coveredstatements="3" conditionals="0" coveredconditionals="0" methods="5" coveredmethods="0"/>
        <line num="18" count="30" type="stmt"/>
        <line num="31" count="30" type="stmt"/>
        <line num="36" count="0" type="stmt"/>
        <line num="39" count="0" type="stmt"/>
        <line num="42" count="0" type="stmt"/>
        <line num="45" count="0" type="stmt"/>
        <line num="48" count="0" type="stmt"/>
        <line num="54" count="30" type="stmt"/>
      </file>
      <file name="currencySlice.ts" path="/home/lenovo/Desktop/IBE-Team7-Frontend/IBE-Team7-Frontend/ibe-team7-frontend/src/redux/currencySlice.ts">
        <metrics statements="5" coveredstatements="3" conditionals="0" coveredconditionals="0" methods="1" coveredmethods="0"/>
        <line num="4" count="30" type="stmt"/>
        <line num="9" count="30" type="stmt"/>
        <line num="14" count="0" type="stmt"/>
        <line num="15" count="0" type="stmt"/>
        <line num="20" count="30" type="stmt"/>
      </file>
      <file name="resultSlice.ts" path="/home/lenovo/Desktop/IBE-Team7-Frontend/IBE-Team7-Frontend/ibe-team7-frontend/src/redux/resultSlice.ts">
        <metrics statements="11" coveredstatements="3" conditionals="0" coveredconditionals="0" methods="8" coveredmethods="0"/>
        <line num="10" count="30" type="stmt"/>
        <line num="17" count="30" type="stmt"/>
        <line num="22" count="0" type="stmt"/>
        <line num="25" count="0" type="stmt"/>
        <line num="26" count="0" type="stmt"/>
        <line num="30" count="0" type="stmt"/>
        <line num="33" count="0" type="stmt"/>
        <line num="34" count="0" type="stmt"/>
        <line num="38" count="0" type="stmt"/>
        <line num="41" count="0" type="stmt"/>
        <line num="53" count="30" type="stmt"/>
      </file>
      <file name="roomDetailsSlice.ts" path="/home/lenovo/Desktop/IBE-Team7-Frontend/IBE-Team7-Frontend/ibe-team7-frontend/src/redux/roomDetailsSlice.ts">
        <metrics statements="26" coveredstatements="8" conditionals="0" coveredconditionals="0" methods="21" coveredmethods="3"/>
        <line num="6" count="30" type="stmt"/>
        <line num="8" count="30" type="stmt"/>
        <line num="13" count="0" type="stmt"/>
        <line num="16" count="0" type="stmt"/>
        <line num="17" count="0" type="stmt"/>
        <line num="21" count="0" type="stmt"/>
        <line num="22" count="0" type="stmt"/>
        <line num="26" count="0" type="stmt"/>
        <line num="27" count="0" type="stmt"/>
        <line num="31" count="0" type="stmt"/>
        <line num="32" count="0" type="stmt"/>
        <line num="36" count="0" type="stmt"/>
        <line num="37" count="0" type="stmt"/>
        <line num="41" count="0" type="stmt"/>
        <line num="42" count="0" type="stmt"/>
        <line num="46" count="0" type="stmt"/>
        <line num="47" count="0" type="stmt"/>
        <line num="52" count="30" type="stmt"/>
        <line num="53" count="20" type="stmt"/>
        <line num="54" count="0" type="stmt"/>
        <line num="57" count="30" type="stmt"/>
        <line num="58" count="4" type="stmt"/>
        <line num="60" count="30" type="stmt"/>
        <line num="61" count="0" type="stmt"/>
        <line num="62" count="0" type="stmt"/>
        <line num="78" count="30" type="stmt"/>
      </file>
      <file name="searchSlice.ts" path="/home/lenovo/Desktop/IBE-Team7-Frontend/IBE-Team7-Frontend/ibe-team7-frontend/src/redux/searchSlice.ts">
        <metrics statements="46" coveredstatements="30" conditionals="0" coveredconditionals="0" methods="27" coveredmethods="13"/>
        <line num="6" count="30" type="stmt"/>
        <line num="32" count="30" type="stmt"/>
        <line num="37" count="14" type="stmt"/>
        <line num="40" count="14" type="stmt"/>
        <line num="43" count="0" type="stmt"/>
        <line num="46" count="0" type="stmt"/>
        <line num="50" count="15" type="stmt"/>
        <line num="54" count="15" type="stmt"/>
        <line num="58" count="14" type="stmt"/>
        <line num="62" count="14" type="stmt"/>
        <line num="66" count="14" type="stmt"/>
        <line num="70" count="1" type="stmt"/>
        <line num="74" count="0" type="stmt"/>
        <line num="78" count="0" type="stmt"/>
        <line num="82" count="0" type="stmt"/>
        <line num="86" count="0" type="stmt"/>
        <line num="90" count="0" type="stmt"/>
        <line num="94" count="0" type="stmt"/>
        <line num="98" count="0" type="stmt"/>
        <line num="102" count="0" type="stmt"/>
        <line num="106" count="0" type="stmt"/>
        <line num="110" count="0" type="stmt"/>
        <line num="114" count="30" type="stmt"/>
        <line num="115" count="15" type="stmt"/>
        <line num="117" count="30" type="stmt"/>
        <line num="118" count="1" type="stmt"/>
        <line num="119" count="1" type="stmt"/>
        <line num="120" count="1" type="stmt"/>
        <line num="121" count="1" type="stmt"/>
        <line num="122" count="1" type="stmt"/>
        <line num="123" count="1" type="stmt"/>
        <line num="124" count="1" type="stmt"/>
        <line num="125" count="1" type="stmt"/>
        <line num="126" count="1" type="stmt"/>
        <line num="128" count="30" type="stmt"/>
        <line num="129" count="0" type="stmt"/>
        <line num="130" count="0" type="stmt"/>
        <line num="132" count="30" type="stmt"/>
        <line num="133" count="16" type="stmt"/>
        <line num="135" count="30" type="stmt"/>
        <line num="136" count="2" type="stmt"/>
        <line num="137" count="2" type="stmt"/>
        <line num="139" count="30" type="stmt"/>
        <line num="140" count="0" type="stmt"/>
        <line num="141" count="0" type="stmt"/>
        <line num="167" count="30" type="stmt"/>
      </file>
      <file name="selectedPromoSlice.ts" path="/home/lenovo/Desktop/IBE-Team7-Frontend/IBE-Team7-Frontend/ibe-team7-frontend/src/redux/selectedPromoSlice.ts">
        <metrics statements="5" coveredstatements="3" conditionals="0" coveredconditionals="0" methods="2" coveredmethods="0"/>
        <line num="3" count="30" type="stmt"/>
        <line num="8" count="30" type="stmt"/>
        <line num="13" count="0" type="stmt"/>
        <line num="16" count="0" type="stmt"/>
        <line num="22" count="30" type="stmt"/>
      </file>
      <file name="store.ts" path="/home/lenovo/Desktop/IBE-Team7-Frontend/IBE-Team7-Frontend/ibe-team7-frontend/src/redux/store.ts">
        <metrics statements="2" coveredstatements="2" conditionals="0" coveredconditionals="0" methods="0" coveredmethods="0"/>
        <line num="13" count="30" type="stmt"/>
        <line num="29" count="30" type="stmt"/>
      </file>
      <file name="timerSlice.ts" path="/home/lenovo/Desktop/IBE-Team7-Frontend/IBE-Team7-Frontend/ibe-team7-frontend/src/redux/timerSlice.ts">
        <metrics statements="6" coveredstatements="2" conditionals="0" coveredconditionals="0" methods="3" coveredmethods="0"/>
        <line num="3" count="30" type="stmt"/>
        <line num="11" count="0" type="stmt"/>
        <line num="12" count="0" type="stmt"/>
        <line num="15" count="0" type="stmt"/>
        <line num="18" count="0" type="stmt"/>
        <line num="23" count="30" type="stmt"/>
      </file>
      <file name="userInfoSlice.ts" path="/home/lenovo/Desktop/IBE-Team7-Frontend/IBE-Team7-Frontend/ibe-team7-frontend/src/redux/userInfoSlice.ts">
        <metrics statements="20" coveredstatements="3" conditionals="0" coveredconditionals="0" methods="1" coveredmethods="0"/>
        <line num="23" count="30" type="stmt"/>
        <line num="43" count="30" type="stmt"/>
        <line num="49" count="0" type="stmt"/>
        <line num="50" count="0" type="stmt"/>
        <line num="51" count="0" type="stmt"/>
        <line num="52" count="0" type="stmt"/>
        <line num="53" count="0" type="stmt"/>
        <line num="54" count="0" type="stmt"/>
        <line num="55" count="0" type="stmt"/>
        <line num="56" count="0" type="stmt"/>
        <line num="57" count="0" type="stmt"/>
        <line num="58" count="0" type="stmt"/>
        <line num="59" count="0" type="stmt"/>
        <line num="60" count="0" type="stmt"/>
        <line num="61" count="0" type="stmt"/>
        <line num="62" count="0" type="stmt"/>
        <line num="63" count="0" type="stmt"/>
        <line num="64" count="0" type="stmt"/>
        <line num="65" count="0" type="stmt"/>
        <line num="70" count="30" type="stmt"/>
      </file>
      <file name="userSlice.ts" path="/home/lenovo/Desktop/IBE-Team7-Frontend/IBE-Team7-Frontend/ibe-team7-frontend/src/redux/userSlice.ts">
        <metrics statements="7" coveredstatements="3" conditionals="0" coveredconditionals="0" methods="1" coveredmethods="0"/>
        <line num="4" count="30" type="stmt"/>
        <line num="11" count="30" type="stmt"/>
        <line num="16" count="0" type="stmt"/>
        <line num="17" count="0" type="stmt"/>
        <line num="18" count="0" type="stmt"/>
        <line num="19" count="0" type="stmt"/>
        <line num="24" count="30" type="stmt"/>
      </file>
    </package>
    <package name="src.redux.thunks">
      <metrics statements="10" coveredstatements="10" conditionals="0" coveredconditionals="0" methods="3" coveredmethods="3"/>
      <file name="configThunk.ts" path="/home/lenovo/Desktop/IBE-Team7-Frontend/IBE-Team7-Frontend/ibe-team7-frontend/src/redux/thunks/configThunk.ts">
        <metrics statements="4" coveredstatements="4" conditionals="0" coveredconditionals="0" methods="1" coveredmethods="1"/>
        <line num="5" count="30" type="stmt"/>
        <line num="6" count="15" type="stmt"/>
        <line num="7" count="1" type="stmt"/>
        <line num="8" count="1" type="stmt"/>
      </file>
      <file name="propertyThunk.ts" path="/home/lenovo/Desktop/IBE-Team7-Frontend/IBE-Team7-Frontend/ibe-team7-frontend/src/redux/thunks/propertyThunk.ts">
        <metrics statements="3" coveredstatements="3" conditionals="0" coveredconditionals="0" methods="1" coveredmethods="1"/>
        <line num="5" count="30" type="stmt"/>
        <line num="6" count="16" type="stmt"/>
        <line num="7" count="2" type="stmt"/>
      </file>
      <file name="roomDetailsThunk.ts" path="/home/lenovo/Desktop/IBE-Team7-Frontend/IBE-Team7-Frontend/ibe-team7-frontend/src/redux/thunks/roomDetailsThunk.ts">
        <metrics statements="3" coveredstatements="3" conditionals="0" coveredconditionals="0" methods="1" coveredmethods="1"/>
        <line num="5" count="30" type="stmt"/>
        <line num="6" count="20" type="stmt"/>
        <line num="9" count="4" type="stmt"/>
      </file>
    </package>
    <package name="src.utils">
      <metrics statements="5" coveredstatements="5" conditionals="0" coveredconditionals="0" methods="1" coveredmethods="1"/>
      <file name="FindNextDateFunc.ts" path="/home/lenovo/Desktop/IBE-Team7-Frontend/IBE-Team7-Frontend/ibe-team7-frontend/src/utils/FindNextDateFunc.ts">
        <metrics statements="5" coveredstatements="5" conditionals="0" coveredconditionals="0" methods="1" coveredmethods="1"/>
        <line num="1" count="30" type="stmt"/>
        <line num="3" count="60" type="stmt"/>
        <line num="8" count="34" type="stmt"/>
        <line num="9" count="34" type="stmt"/>
        <line num="10" count="34" type="stmt"/>
      </file>
    </package>
  </project>
</coverage>
