<?xml version="1.0" encoding="UTF-8"?>
<coverage generated="1712832114643" clover="3.2.0">
  <project timestamp="1712832114643" name="All files">
    <metrics statements="1314" coveredstatements="770" conditionals="587" coveredconditionals="269" methods="509" coveredmethods="275" elements="2410" coveredelements="1314" complexity="0" loc="1314" ncloc="1314" packages="24" files="51" classes="51"/>
    <package name="src">
      <metrics statements="6" coveredstatements="6" conditionals="3" coveredconditionals="3" methods="2" coveredmethods="2"/>
      <file name="App.tsx" path="/home/hp/Desktop/IBE-project/IBE-Front-end/IBE-Team7-Frontend/ibe-team7-frontend/src/App.tsx">
        <metrics statements="4" coveredstatements="4" conditionals="3" coveredconditionals="3" methods="2" coveredmethods="2"/>
        <line num="1" count="1008" type="cond" truecount="3" falsecount="0"/>
        <line num="8" count="246" type="stmt"/>
        <line num="15" count="126" type="stmt"/>
        <line num="17" count="126" type="stmt"/>
      </file>
      <file name="main.tsx" path="/home/hp/Desktop/IBE-project/IBE-Front-end/IBE-Team7-Frontend/ibe-team7-frontend/src/main.tsx">
        <metrics statements="2" coveredstatements="2" conditionals="0" coveredconditionals="0" methods="0" coveredmethods="0"/>
        <line num="7" count="126" type="stmt"/>
        <line num="25" count="126" type="stmt"/>
      </file>
    </package>
    <package name="src.aws">
      <metrics statements="1" coveredstatements="1" conditionals="0" coveredconditionals="0" methods="0" coveredmethods="0"/>
      <file name="UserPool.ts" path="/home/hp/Desktop/IBE-project/IBE-Front-end/IBE-Team7-Frontend/ibe-team7-frontend/src/aws/UserPool.ts">
        <metrics statements="1" coveredstatements="1" conditionals="0" coveredconditionals="0" methods="0" coveredmethods="0"/>
        <line num="3" count="126" type="stmt"/>
      </file>
    </package>
    <package name="src.components.account">
      <metrics statements="30" coveredstatements="12" conditionals="10" coveredconditionals="5" methods="11" coveredmethods="4"/>
      <file name="Account.tsx" path="/home/hp/Desktop/IBE-project/IBE-Front-end/IBE-Team7-Frontend/ibe-team7-frontend/src/components/account/Account.tsx">
        <metrics statements="30" coveredstatements="12" conditionals="10" coveredconditionals="5" methods="11" coveredmethods="4"/>
        <line num="1" count="882" type="cond" truecount="4" falsecount="1"/>
        <line num="5" count="126" type="stmt"/>
        <line num="7" count="126" type="stmt"/>
        <line num="8" count="246" type="stmt"/>
        <line num="9" count="120" type="stmt"/>
        <line num="10" count="120" type="stmt"/>
        <line num="12" count="120" type="cond" truecount="1" falsecount="1"/>
        <line num="13" count="0" type="stmt"/>
        <line num="14" count="0" type="cond" truecount="0" falsecount="2"/>
        <line num="15" count="0" type="stmt"/>
        <line num="17" count="0" type="stmt"/>
        <line num="21" count="120" type="stmt"/>
        <line num="26" count="246" type="stmt"/>
        <line num="27" count="0" type="stmt"/>
        <line num="28" count="0" type="stmt"/>
        <line num="30" count="0" type="stmt"/>
        <line num="35" count="0" type="stmt"/>
        <line num="37" count="0" type="stmt"/>
        <line num="38" count="0" type="stmt"/>
        <line num="41" count="0" type="stmt"/>
        <line num="42" count="0" type="stmt"/>
        <line num="43" count="0" type="stmt"/>
        <line num="46" count="0" type="stmt"/>
        <line num="47" count="0" type="stmt"/>
        <line num="53" count="246" type="stmt"/>
        <line num="54" count="0" type="stmt"/>
        <line num="55" count="0" type="cond" truecount="0" falsecount="1"/>
        <line num="56" count="0" type="stmt"/>
        <line num="60" count="246" type="stmt"/>
        <line num="65" count="126" type="stmt"/>
      </file>
    </package>
    <package name="src.components.checkout">
      <metrics statements="31" coveredstatements="9" conditionals="5" coveredconditionals="4" methods="11" coveredmethods="1"/>
      <file name="Checkout.tsx" path="/home/hp/Desktop/IBE-project/IBE-Front-end/IBE-Team7-Frontend/ibe-team7-frontend/src/components/checkout/Checkout.tsx">
        <metrics statements="28" coveredstatements="6" conditionals="5" coveredconditionals="4" methods="11" coveredmethods="1"/>
        <line num="1" count="1008" type="cond" truecount="4" falsecount="1"/>
        <line num="8" count="40" type="stmt"/>
        <line num="9" count="0" type="stmt"/>
        <line num="11" count="0" type="stmt"/>
        <line num="12" count="0" type="stmt"/>
        <line num="14" count="0" type="stmt"/>
        <line num="17" count="0" type="stmt"/>
        <line num="22" count="0" type="stmt"/>
        <line num="24" count="0" type="stmt"/>
        <line num="25" count="0" type="stmt"/>
        <line num="26" count="0" type="stmt"/>
        <line num="27" count="40" type="stmt"/>
        <line num="29" count="86" type="stmt"/>
        <line num="30" count="0" type="stmt"/>
        <line num="31" count="0" type="stmt"/>
        <line num="32" count="0" type="stmt"/>
        <line num="34" count="86" type="stmt"/>
        <line num="35" count="0" type="stmt"/>
        <line num="36" count="0" type="stmt"/>
        <line num="39" count="0" type="stmt"/>
        <line num="40" count="0" type="stmt"/>
        <line num="41" count="0" type="stmt"/>
        <line num="42" count="0" type="stmt"/>
        <line num="43" count="0" type="stmt"/>
        <line num="44" count="0" type="stmt"/>
        <line num="47" count="0" type="stmt"/>
        <line num="48" count="0" type="stmt"/>
        <line num="52" count="40" type="stmt"/>
      </file>
      <file name="YupSchema.ts" path="/home/hp/Desktop/IBE-project/IBE-Front-end/IBE-Team7-Frontend/ibe-team7-frontend/src/components/checkout/YupSchema.ts">
        <metrics statements="3" coveredstatements="3" conditionals="0" coveredconditionals="0" methods="0" coveredmethods="0"/>
        <line num="3" count="86" type="stmt"/>
        <line num="20" count="86" type="stmt"/>
        <line num="42" count="86" type="stmt"/>
      </file>
    </package>
    <package name="src.components.confirmation">
      <metrics statements="146" coveredstatements="14" conditionals="43" coveredconditionals="6" methods="29" coveredmethods="2"/>
      <file name="Confirmation.tsx" path="/home/hp/Desktop/IBE-project/IBE-Front-end/IBE-Team7-Frontend/ibe-team7-frontend/src/components/confirmation/Confirmation.tsx">
        <metrics statements="115" coveredstatements="10" conditionals="32" coveredconditionals="3" methods="23" coveredmethods="1"/>
        <line num="1" count="1032" type="cond" truecount="3" falsecount="0"/>
        <line num="25" count="86" type="stmt"/>
        <line num="26" count="0" type="stmt"/>
        <line num="31" count="0" type="stmt"/>
        <line num="32" count="0" type="stmt"/>
        <line num="34" count="0" type="stmt"/>
        <line num="35" count="0" type="stmt"/>
        <line num="36" count="0" type="stmt"/>
        <line num="37" count="0" type="stmt"/>
        <line num="38" count="0" type="stmt"/>
        <line num="39" count="0" type="stmt"/>
        <line num="40" count="0" type="stmt"/>
        <line num="41" count="0" type="stmt"/>
        <line num="42" count="0" type="stmt"/>
        <line num="43" count="0" type="stmt"/>
        <line num="44" count="0" type="stmt"/>
        <line num="45" count="0" type="stmt"/>
        <line num="46" count="0" type="stmt"/>
        <line num="47" count="0" type="stmt"/>
        <line num="48" count="0" type="stmt"/>
        <line num="49" count="0" type="stmt"/>
        <line num="50" count="0" type="stmt"/>
        <line num="51" count="0" type="stmt"/>
        <line num="52" count="0" type="stmt"/>
        <line num="54" count="0" type="stmt"/>
        <line num="55" count="0" type="stmt"/>
        <line num="56" count="0" type="stmt"/>
        <line num="57" count="0" type="stmt"/>
        <line num="58" count="0" type="stmt"/>
        <line num="59" count="0" type="stmt"/>
        <line num="61" count="0" type="stmt"/>
        <line num="62" count="0" type="stmt"/>
        <line num="63" count="0" type="stmt"/>
        <line num="65" count="0" type="stmt"/>
        <line num="67" count="0" type="stmt"/>
        <line num="68" count="0" type="stmt"/>
        <line num="71" count="0" type="stmt"/>
        <line num="72" count="0" type="stmt"/>
        <line num="76" count="0" type="stmt"/>
        <line num="77" count="0" type="cond" truecount="0" falsecount="2"/>
        <line num="80" count="0" type="stmt"/>
        <line num="81" count="0" type="stmt"/>
        <line num="84" count="0" type="stmt"/>
        <line num="85" count="0" type="stmt"/>
        <line num="86" count="0" type="stmt"/>
        <line num="90" count="0" type="cond" truecount="0" falsecount="1"/>
        <line num="96" count="0" type="stmt"/>
        <line num="97" count="0" type="stmt"/>
        <line num="98" count="0" type="stmt"/>
        <line num="101" count="0" type="stmt"/>
        <line num="102" count="0" type="stmt"/>
        <line num="103" count="0" type="stmt"/>
        <line num="104" count="0" type="stmt"/>
        <line num="105" count="0" type="stmt"/>
        <line num="106" count="0" type="stmt"/>
        <line num="107" count="0" type="stmt"/>
        <line num="108" count="0" type="stmt"/>
        <line num="110" count="0" type="stmt"/>
        <line num="111" count="0" type="stmt"/>
        <line num="112" count="0" type="stmt"/>
        <line num="113" count="0" type="stmt"/>
        <line num="114" count="0" type="stmt"/>
        <line num="115" count="0" type="stmt"/>
        <line num="117" count="0" type="stmt"/>
        <line num="118" count="0" type="stmt"/>
        <line num="119" count="0" type="stmt"/>
        <line num="120" count="0" type="stmt"/>
        <line num="122" count="0" type="stmt"/>
        <line num="123" count="0" type="stmt"/>
        <line num="124" count="0" type="stmt"/>
        <line num="125" count="0" type="stmt"/>
        <line num="127" count="0" type="stmt"/>
        <line num="128" count="0" type="stmt"/>
        <line num="129" count="0" type="stmt"/>
        <line num="130" count="0" type="stmt"/>
        <line num="132" count="0" type="stmt"/>
        <line num="137" count="0" type="stmt"/>
        <line num="139" count="0" type="stmt"/>
        <line num="140" count="0" type="stmt"/>
        <line num="143" count="0" type="stmt"/>
        <line num="146" count="0" type="stmt"/>
        <line num="149" count="0" type="stmt"/>
        <line num="151" count="0" type="stmt"/>
        <line num="152" count="0" type="stmt"/>
        <line num="155" count="0" type="stmt"/>
        <line num="162" count="0" type="stmt"/>
        <line num="181" count="0" type="stmt"/>
        <line num="183" count="0" type="stmt"/>
        <line num="186" count="0" type="stmt"/>
        <line num="187" count="0" type="stmt"/>
        <line num="188" count="0" type="stmt"/>
        <line num="189" count="0" type="stmt"/>
        <line num="193" count="86" type="stmt"/>
        <line num="195" count="0" type="stmt"/>
        <line num="201" count="0" type="stmt"/>
        <line num="205" count="0" type="stmt"/>
        <line num="209" count="0" type="stmt"/>
        <line num="219" count="0" type="stmt"/>
        <line num="224" count="0" type="stmt"/>
        <line num="234" count="0" type="stmt"/>
        <line num="253" count="0" type="stmt"/>
        <line num="255" count="0" type="stmt"/>
        <line num="258" count="0" type="stmt"/>
        <line num="299" count="0" type="stmt"/>
        <line num="691" count="86" type="stmt"/>
        <line num="693" count="86" type="stmt"/>
        <line num="694" count="0" type="stmt"/>
        <line num="695" count="0" type="stmt"/>
        <line num="697" count="86" type="stmt"/>
        <line num="699" count="86" type="stmt"/>
        <line num="702" count="86" type="stmt"/>
        <line num="704" count="344" type="stmt"/>
        <line num="705" count="0" type="stmt"/>
        <line num="709" count="0" type="stmt"/>
        <line num="718" count="86" type="stmt"/>
      </file>
      <file name="OTPModal.tsx" path="/home/hp/Desktop/IBE-project/IBE-Front-end/IBE-Team7-Frontend/ibe-team7-frontend/src/components/confirmation/OTPModal.tsx">
        <metrics statements="31" coveredstatements="4" conditionals="11" coveredconditionals="3" methods="6" coveredmethods="1"/>
        <line num="1" count="774" type="cond" truecount="3" falsecount="0"/>
        <line num="14" count="86" type="stmt"/>
        <line num="18" count="0" type="stmt"/>
        <line num="19" count="0" type="stmt"/>
        <line num="20" count="0" type="stmt"/>
        <line num="21" count="0" type="stmt"/>
        <line num="23" count="86" type="stmt"/>
        <line num="25" count="0" type="stmt"/>
        <line num="26" count="0" type="stmt"/>
        <line num="29" count="0" type="stmt"/>
        <line num="30" count="0" type="cond" truecount="0" falsecount="1"/>
        <line num="31" count="0" type="stmt"/>
        <line num="32" count="0" type="stmt"/>
        <line num="33" count="0" type="stmt"/>
        <line num="35" count="0" type="cond" truecount="0" falsecount="1"/>
        <line num="36" count="0" type="stmt"/>
        <line num="37" count="0" type="stmt"/>
        <line num="38" count="0" type="stmt"/>
        <line num="40" count="0" type="stmt"/>
        <line num="41" count="0" type="stmt"/>
        <line num="42" count="0" type="cond" truecount="0" falsecount="2"/>
        <line num="43" count="0" type="stmt"/>
        <line num="44" count="0" type="stmt"/>
        <line num="46" count="0" type="stmt"/>
        <line num="47" count="0" type="stmt"/>
        <line num="48" count="0" type="stmt"/>
        <line num="53" count="0" type="stmt"/>
        <line num="57" count="0" type="stmt"/>
        <line num="58" count="0" type="stmt"/>
        <line num="61" count="0" type="stmt"/>
        <line num="112" count="86" type="stmt"/>
      </file>
    </package>
    <package name="src.components.footer">
      <metrics statements="5" coveredstatements="5" conditionals="3" coveredconditionals="3" methods="3" coveredmethods="3"/>
      <file name="Footer.tsx" path="/home/hp/Desktop/IBE-project/IBE-Front-end/IBE-Team7-Frontend/ibe-team7-frontend/src/components/footer/Footer.tsx">
        <metrics statements="5" coveredstatements="5" conditionals="3" coveredconditionals="3" methods="3" coveredmethods="3"/>
        <line num="1" count="1134" type="cond" truecount="3" falsecount="0"/>
        <line num="5" count="299" type="stmt"/>
        <line num="6" count="299" type="stmt"/>
        <line num="7" count="179" type="stmt"/>
        <line num="18" count="126" type="stmt"/>
      </file>
    </package>
    <package name="src.components.header">
      <metrics statements="32" coveredstatements="21" conditionals="6" coveredconditionals="4" methods="9" coveredmethods="7"/>
      <file name="Header.tsx" path="/home/hp/Desktop/IBE-project/IBE-Front-end/IBE-Team7-Frontend/ibe-team7-frontend/src/components/header/Header.tsx">
        <metrics statements="32" coveredstatements="21" conditionals="6" coveredconditionals="4" methods="9" coveredmethods="7"/>
        <line num="1" count="1134" type="cond" truecount="3" falsecount="0"/>
        <line num="13" count="250" type="stmt"/>
        <line num="14" count="250" type="stmt"/>
        <line num="15" count="124" type="stmt"/>
        <line num="16" count="126" type="stmt"/>
        <line num="18" count="124" type="stmt"/>
        <line num="19" count="6" type="stmt"/>
        <line num="20" count="6" type="stmt"/>
        <line num="23" count="124" type="stmt"/>
        <line num="26" count="6" type="stmt"/>
        <line num="27" count="6" type="stmt"/>
        <line num="29" count="6" type="stmt"/>
        <line num="30" count="6" type="stmt"/>
        <line num="33" count="0" type="cond" truecount="0" falsecount="1"/>
        <line num="34" count="0" type="stmt"/>
        <line num="36" count="0" type="stmt"/>
        <line num="37" count="0" type="stmt"/>
        <line num="39" count="0" type="stmt"/>
        <line num="46" count="0" type="stmt"/>
        <line num="50" count="124" type="stmt"/>
        <line num="52" count="124" type="stmt"/>
        <line num="54" count="124" type="stmt"/>
        <line num="55" count="120" type="stmt"/>
        <line num="57" count="0" type="stmt"/>
        <line num="58" count="0" type="stmt"/>
        <line num="68" count="120" type="stmt"/>
        <line num="72" count="124" type="stmt"/>
        <line num="73" count="0" type="stmt"/>
        <line num="74" count="0" type="stmt"/>
        <line num="75" count="0" type="stmt"/>
        <line num="78" count="124" type="stmt"/>
        <line num="133" count="126" type="stmt"/>
      </file>
    </package>
    <package name="src.components.home">
      <metrics statements="197" coveredstatements="171" conditionals="98" coveredconditionals="75" methods="82" coveredmethods="72"/>
      <file name="AccessibleChair.tsx" path="/home/hp/Desktop/IBE-project/IBE-Front-end/IBE-Team7-Frontend/ibe-team7-frontend/src/components/home/AccessibleChair.tsx">
        <metrics statements="8" coveredstatements="7" conditionals="5" coveredconditionals="4" methods="5" coveredmethods="4"/>
        <line num="1" count="1008" type="cond" truecount="4" falsecount="1"/>
        <line num="6" count="126" type="stmt"/>
        <line num="7" count="121" type="stmt"/>
        <line num="9" count="126" type="stmt"/>
        <line num="10" count="250" type="stmt"/>
        <line num="13" count="121" type="stmt"/>
        <line num="21" count="0" type="stmt"/>
        <line num="40" count="126" type="stmt"/>
      </file>
      <file name="CalendarInput.tsx" path="/home/hp/Desktop/IBE-project/IBE-Front-end/IBE-Team7-Frontend/ibe-team7-frontend/src/components/home/CalendarInput.tsx">
        <metrics statements="72" coveredstatements="65" conditionals="35" coveredconditionals="30" methods="22" coveredmethods="22"/>
        <line num="1" count="1134" type="cond" truecount="3" falsecount="0"/>
        <line num="19" count="126" type="stmt"/>
        <line num="22" count="133" type="stmt"/>
        <line num="25" count="133" type="stmt"/>
        <line num="26" count="262" type="stmt"/>
        <line num="28" count="133" type="stmt"/>
        <line num="29" count="262" type="stmt"/>
        <line num="32" count="133" type="stmt"/>
        <line num="34" count="133" type="stmt"/>
        <line num="35" count="262" type="stmt"/>
        <line num="38" count="133" type="stmt"/>
        <line num="39" count="262" type="stmt"/>
        <line num="42" count="133" type="stmt"/>
        <line num="43" count="133" type="stmt"/>
        <line num="45" count="133" type="stmt"/>
        <line num="46" count="90" type="stmt"/>
        <line num="47" count="90" type="stmt"/>
        <line num="48" count="90" type="stmt"/>
        <line num="49" count="6" type="stmt"/>
        <line num="51" count="0" type="stmt"/>
        <line num="54" count="90" type="stmt"/>
        <line num="57" count="133" type="stmt"/>
        <line num="58" count="96" type="stmt"/>
        <line num="59" count="96" type="stmt"/>
        <line num="60" count="732" type="stmt"/>
        <line num="62" count="732" type="stmt"/>
        <line num="63" count="732" type="stmt"/>
        <line num="67" count="96" type="stmt"/>
        <line num="70" count="133" type="stmt"/>
        <line num="71" count="6" type="cond" truecount="2" falsecount="0"/>
        <line num="72" count="3" type="stmt"/>
        <line num="73" count="3" type="cond" truecount="1" falsecount="1"/>
        <line num="74" count="3" type="cond" truecount="0" falsecount="1"/>
        <line num="75" count="0" type="stmt"/>
        <line num="76" count="0" type="stmt"/>
        <line num="78" count="3" type="stmt"/>
        <line num="80" count="3" type="cond" truecount="0" falsecount="1"/>
        <line num="81" count="0" type="stmt"/>
        <line num="82" count="0" type="stmt"/>
        <line num="86" count="3" type="stmt"/>
        <line num="87" count="3" type="cond" truecount="1" falsecount="0"/>
        <line num="88" count="3" type="stmt"/>
        <line num="91" count="0" type="stmt"/>
        <line num="92" count="0" type="stmt"/>
        <line num="96" count="133" type="stmt"/>
        <line num="97" count="1342" type="cond" truecount="2" falsecount="0"/>
        <line num="98" count="1342" type="stmt"/>
        <line num="100" count="1342" type="cond" truecount="1" falsecount="0"/>
        <line num="105" count="1018" type="stmt"/>
        <line num="108" count="324" type="stmt"/>
        <line num="117" count="133" type="stmt"/>
        <line num="118" count="26" type="cond" truecount="2" falsecount="0"/>
        <line num="119" count="16" type="stmt"/>
        <line num="120" count="10" type="cond" truecount="4" falsecount="0"/>
        <line num="121" count="3" type="stmt"/>
        <line num="122" count="3" type="stmt"/>
        <line num="123" count="3" type="stmt"/>
        <line num="125" count="7" type="stmt"/>
        <line num="126" count="7" type="stmt"/>
        <line num="127" count="7" type="stmt"/>
        <line num="131" count="133" type="stmt"/>
        <line num="132" count="308" type="stmt"/>
        <line num="135" count="133" type="stmt"/>
        <line num="136" count="3" type="stmt"/>
        <line num="139" count="133" type="stmt"/>
        <line num="140" count="3" type="stmt"/>
        <line num="151" count="15" type="stmt"/>
        <line num="163" count="133" type="stmt"/>
        <line num="167" count="12" type="stmt"/>
        <line num="211" count="6" type="stmt"/>
        <line num="221" count="308" type="stmt"/>
        <line num="253" count="126" type="stmt"/>
      </file>
      <file name="Home.tsx" path="/home/hp/Desktop/IBE-project/IBE-Front-end/IBE-Team7-Frontend/ibe-team7-frontend/src/components/home/Home.tsx">
        <metrics statements="4" coveredstatements="4" conditionals="3" coveredconditionals="3" methods="2" coveredmethods="2"/>
        <line num="1" count="1008" type="cond" truecount="3" falsecount="0"/>
        <line num="5" count="126" type="stmt"/>
        <line num="8" count="186" type="stmt"/>
        <line num="18" count="126" type="stmt"/>
      </file>
      <file name="PropertyInput.tsx" path="/home/hp/Desktop/IBE-project/IBE-Front-end/IBE-Team7-Frontend/ibe-team7-frontend/src/components/home/PropertyInput.tsx">
        <metrics statements="20" coveredstatements="19" conditionals="6" coveredconditionals="6" methods="11" coveredmethods="10"/>
        <line num="1" count="1134" type="cond" truecount="3" falsecount="0"/>
        <line num="10" count="142" type="stmt"/>
        <line num="11" count="142" type="stmt"/>
        <line num="12" count="142" type="stmt"/>
        <line num="13" count="265" type="stmt"/>
        <line num="15" count="142" type="stmt"/>
        <line num="16" count="265" type="stmt"/>
        <line num="18" count="265" type="stmt"/>
        <line num="19" count="142" type="stmt"/>
        <line num="20" count="265" type="stmt"/>
        <line num="23" count="142" type="stmt"/>
        <line num="24" count="97" type="stmt"/>
        <line num="25" count="97" type="stmt"/>
        <line num="27" count="97" type="stmt"/>
        <line num="30" count="142" type="cond" truecount="1" falsecount="0"/>
        <line num="31" count="113" type="stmt"/>
        <line num="34" count="29" type="stmt"/>
        <line num="45" count="0" type="stmt"/>
        <line num="51" count="504" type="stmt"/>
        <line num="64" count="126" type="stmt"/>
      </file>
      <file name="RoomInput.tsx" path="/home/hp/Desktop/IBE-project/IBE-Front-end/IBE-Team7-Frontend/ibe-team7-frontend/src/components/home/RoomInput.tsx">
        <metrics statements="13" coveredstatements="11" conditionals="5" coveredconditionals="4" methods="9" coveredmethods="7"/>
        <line num="1" count="1008" type="cond" truecount="4" falsecount="1"/>
        <line num="6" count="126" type="stmt"/>
        <line num="7" count="121" type="stmt"/>
        <line num="9" count="121" type="stmt"/>
        <line num="10" count="250" type="stmt"/>
        <line num="12" count="126" type="stmt"/>
        <line num="13" count="250" type="stmt"/>
        <line num="16" count="121" type="stmt"/>
        <line num="26" count="0" type="stmt"/>
        <line num="29" count="0" type="stmt"/>
        <line num="32" count="605" type="stmt"/>
        <line num="34" count="605" type="stmt"/>
        <line num="42" count="126" type="stmt"/>
      </file>
      <file name="Search.tsx" path="/home/hp/Desktop/IBE-project/IBE-Front-end/IBE-Team7-Frontend/ibe-team7-frontend/src/components/home/Search.tsx">
        <metrics statements="80" coveredstatements="65" conditionals="44" coveredconditionals="28" methods="33" coveredmethods="27"/>
        <line num="1" count="1008" type="cond" truecount="4" falsecount="1"/>
        <line num="24" count="235" type="stmt"/>
        <line num="25" count="235" type="stmt"/>
        <line num="27" count="139" type="stmt"/>
        <line num="28" count="268" type="stmt"/>
        <line num="31" count="139" type="stmt"/>
        <line num="32" count="268" type="stmt"/>
        <line num="35" count="139" type="stmt"/>
        <line num="36" count="268" type="stmt"/>
        <line num="40" count="139" type="stmt"/>
        <line num="41" count="268" type="stmt"/>
        <line num="43" count="139" type="stmt"/>
        <line num="44" count="268" type="stmt"/>
        <line num="46" count="139" type="stmt"/>
        <line num="47" count="268" type="stmt"/>
        <line num="49" count="139" type="stmt"/>
        <line num="50" count="268" type="stmt"/>
        <line num="52" count="139" type="stmt"/>
        <line num="53" count="268" type="stmt"/>
        <line num="55" count="139" type="stmt"/>
        <line num="56" count="268" type="stmt"/>
        <line num="58" count="139" type="stmt"/>
        <line num="59" count="268" type="stmt"/>
        <line num="61" count="139" type="stmt"/>
        <line num="62" count="268" type="stmt"/>
        <line num="64" count="139" type="stmt"/>
        <line num="65" count="268" type="stmt"/>
        <line num="69" count="139" type="stmt"/>
        <line num="70" count="268" type="stmt"/>
        <line num="72" count="139" type="stmt"/>
        <line num="73" count="268" type="stmt"/>
        <line num="76" count="139" type="stmt"/>
        <line num="77" count="139" type="stmt"/>
        <line num="78" count="268" type="stmt"/>
        <line num="81" count="139" type="stmt"/>
        <line num="82" count="268" type="stmt"/>
        <line num="85" count="268" type="stmt"/>
        <line num="87" count="268" type="stmt"/>
        <line num="89" count="268" type="stmt"/>
        <line num="91" count="139" type="stmt"/>
        <line num="92" count="268" type="stmt"/>
        <line num="95" count="139" type="stmt"/>
        <line num="96" count="139" type="stmt"/>
        <line num="98" count="139" type="stmt"/>
        <line num="99" count="90" type="stmt"/>
        <line num="102" count="139" type="stmt"/>
        <line num="103" count="90" type="cond" truecount="0" falsecount="1"/>
        <line num="104" count="0" type="stmt"/>
        <line num="108" count="139" type="stmt"/>
        <line num="109" count="0" type="cond" truecount="0" falsecount="1"/>
        <line num="110" count="0" type="stmt"/>
        <line num="112" count="0" type="stmt"/>
        <line num="115" count="139" type="stmt"/>
        <line num="116" count="0" type="stmt"/>
        <line num="119" count="139" type="stmt"/>
        <line num="120" count="0" type="cond" truecount="0" falsecount="1"/>
        <line num="121" count="0" type="stmt"/>
        <line num="125" count="139" type="stmt"/>
        <line num="126" count="0" type="stmt"/>
        <line num="128" count="139" type="stmt"/>
        <line num="129" count="0" type="cond" truecount="0" falsecount="1"/>
        <line num="130" count="0" type="stmt"/>
        <line num="134" count="139" type="stmt"/>
        <line num="135" count="0" type="stmt"/>
        <line num="138" count="139" type="stmt"/>
        <line num="139" count="3" type="stmt"/>
        <line num="140" count="3" type="cond" truecount="3" falsecount="1"/>
        <line num="142" count="0" type="cond" truecount="0" falsecount="1"/>
        <line num="143" count="0" type="stmt"/>
        <line num="145" count="0" type="stmt"/>
        <line num="148" count="3" type="stmt"/>
        <line num="149" count="3" type="stmt"/>
        <line num="160" count="3" type="stmt"/>
        <line num="161" count="3" type="stmt"/>
        <line num="172" count="0" type="stmt"/>
        <line num="174" count="3" type="stmt"/>
        <line num="176" count="3" type="stmt"/>
        <line num="185" count="139" type="stmt"/>
        <line num="210" count="6" type="stmt"/>
        <line num="394" count="126" type="stmt"/>
      </file>
    </package>
    <package name="src.components.itinerary">
      <metrics statements="40" coveredstatements="28" conditionals="61" coveredconditionals="4" methods="24" coveredmethods="1"/>
      <file name="Itinerary.tsx" path="/home/hp/Desktop/IBE-project/IBE-Front-end/IBE-Team7-Frontend/ibe-team7-frontend/src/components/itinerary/Itinerary.tsx">
        <metrics statements="40" coveredstatements="28" conditionals="61" coveredconditionals="4" methods="24" coveredmethods="1"/>
        <line num="1" count="1008" type="cond" truecount="4" falsecount="1"/>
        <line num="9" count="126" type="stmt"/>
        <line num="10" count="0" type="stmt"/>
        <line num="11" count="0" type="stmt"/>
        <line num="13" count="86" type="stmt"/>
        <line num="14" count="40" type="cond" truecount="0" falsecount="5"/>
        <line num="15" count="0" type="cond" truecount="0" falsecount="5"/>
        <line num="16" count="0" type="stmt"/>
        <line num="27" count="86" type="stmt"/>
        <line num="29" count="86" type="stmt"/>
        <line num="31" count="86" type="stmt"/>
        <line num="32" count="86" type="stmt"/>
        <line num="33" count="40" type="stmt"/>
        <line num="35" count="86" type="stmt"/>
        <line num="36" count="86" type="stmt"/>
        <line num="37" count="40" type="stmt"/>
        <line num="39" count="86" type="stmt"/>
        <line num="40" count="86" type="stmt"/>
        <line num="41" count="40" type="stmt"/>
        <line num="43" count="86" type="stmt"/>
        <line num="44" count="86" type="stmt"/>
        <line num="45" count="40" type="stmt"/>
        <line num="47" count="86" type="stmt"/>
        <line num="48" count="86" type="cond" truecount="0" falsecount="1"/>
        <line num="50" count="40" type="stmt"/>
        <line num="53" count="0" type="stmt"/>
        <line num="56" count="40" type="stmt"/>
        <line num="57" count="0" type="cond" truecount="0" falsecount="4"/>
        <line num="70" count="86" type="stmt"/>
        <line num="71" count="0" type="stmt"/>
        <line num="72" count="86" type="stmt"/>
        <line num="74" count="0" type="stmt"/>
        <line num="77" count="40" type="stmt"/>
        <line num="78" count="40" type="cond" truecount="0" falsecount="3"/>
        <line num="80" count="86" type="stmt"/>
        <line num="81" count="0" type="cond" truecount="0" falsecount="2"/>
        <line num="82" count="0" type="stmt"/>
        <line num="83" count="0" type="cond" truecount="0" falsecount="4"/>
        <line num="84" count="0" type="stmt"/>
        <line num="156" count="40" type="stmt"/>
      </file>
    </package>
    <package name="src.components.loader">
      <metrics statements="4" coveredstatements="4" conditionals="3" coveredconditionals="3" methods="2" coveredmethods="2"/>
      <file name="Loader.tsx" path="/home/hp/Desktop/IBE-project/IBE-Front-end/IBE-Team7-Frontend/ibe-team7-frontend/src/components/loader/Loader.tsx">
        <metrics statements="4" coveredstatements="4" conditionals="3" coveredconditionals="3" methods="2" coveredmethods="2"/>
        <line num="1" count="1008" type="cond" truecount="3" falsecount="0"/>
        <line num="3" count="126" type="stmt"/>
        <line num="4" count="219" type="stmt"/>
        <line num="24" count="126" type="stmt"/>
      </file>
    </package>
    <package name="src.components.login">
      <metrics statements="20" coveredstatements="9" conditionals="5" coveredconditionals="4" methods="8" coveredmethods="3"/>
      <file name="Login.tsx" path="/home/hp/Desktop/IBE-project/IBE-Front-end/IBE-Team7-Frontend/ibe-team7-frontend/src/components/login/Login.tsx">
        <metrics statements="20" coveredstatements="9" conditionals="5" coveredconditionals="4" methods="8" coveredmethods="3"/>
        <line num="1" count="1008" type="cond" truecount="4" falsecount="1"/>
        <line num="8" count="126" type="stmt"/>
        <line num="9" count="18" type="stmt"/>
        <line num="10" count="18" type="stmt"/>
        <line num="11" count="126" type="stmt"/>
        <line num="13" count="18" type="stmt"/>
        <line num="15" count="18" type="stmt"/>
        <line num="16" count="0" type="stmt"/>
        <line num="17" count="0" type="stmt"/>
        <line num="19" count="0" type="stmt"/>
        <line num="21" count="0" type="stmt"/>
        <line num="23" count="0" type="stmt"/>
        <line num="31" count="0" type="stmt"/>
        <line num="33" count="0" type="stmt"/>
        <line num="36" count="0" type="stmt"/>
        <line num="37" count="0" type="stmt"/>
        <line num="41" count="18" type="stmt"/>
        <line num="50" count="0" type="stmt"/>
        <line num="57" count="0" type="stmt"/>
        <line num="72" count="126" type="stmt"/>
      </file>
    </package>
    <package name="src.components.ratingform">
      <metrics statements="4" coveredstatements="3" conditionals="3" coveredconditionals="3" methods="2" coveredmethods="1"/>
      <file name="RatingForm.tsx" path="/home/hp/Desktop/IBE-project/IBE-Front-end/IBE-Team7-Frontend/ibe-team7-frontend/src/components/ratingform/RatingForm.tsx">
        <metrics statements="4" coveredstatements="3" conditionals="3" coveredconditionals="3" methods="2" coveredmethods="1"/>
        <line num="1" count="1008" type="cond" truecount="3" falsecount="0"/>
        <line num="3" count="126" type="stmt"/>
        <line num="4" count="0" type="stmt"/>
        <line num="18" count="126" type="stmt"/>
      </file>
    </package>
    <package name="src.components.room-modal">
      <metrics statements="90" coveredstatements="4" conditionals="25" coveredconditionals="3" methods="41" coveredmethods="1"/>
      <file name="RoomModal.tsx" path="/home/hp/Desktop/IBE-project/IBE-Front-end/IBE-Team7-Frontend/ibe-team7-frontend/src/components/room-modal/RoomModal.tsx">
        <metrics statements="90" coveredstatements="4" conditionals="25" coveredconditionals="3" methods="41" coveredmethods="1"/>
        <line num="1" count="1134" type="cond" truecount="3" falsecount="0"/>
        <line num="30" count="40" type="stmt"/>
        <line num="31" count="0" type="stmt"/>
        <line num="33" count="0" type="stmt"/>
        <line num="35" count="0" type="stmt"/>
        <line num="39" count="0" type="stmt"/>
        <line num="41" count="0" type="stmt"/>
        <line num="42" count="0" type="stmt"/>
        <line num="44" count="0" type="stmt"/>
        <line num="46" count="0" type="stmt"/>
        <line num="47" count="0" type="stmt"/>
        <line num="48" count="0" type="stmt"/>
        <line num="49" count="0" type="stmt"/>
        <line num="54" count="0" type="stmt"/>
        <line num="56" count="0" type="stmt"/>
        <line num="57" count="0" type="stmt"/>
        <line num="59" count="0" type="stmt"/>
        <line num="61" count="0" type="stmt"/>
        <line num="63" count="0" type="stmt"/>
        <line num="64" count="0" type="stmt"/>
        <line num="65" count="0" type="stmt"/>
        <line num="67" count="40" type="stmt"/>
        <line num="68" count="0" type="stmt"/>
        <line num="69" count="0" type="stmt"/>
        <line num="71" count="0" type="stmt"/>
        <line num="72" count="0" type="stmt"/>
        <line num="73" count="0" type="stmt"/>
        <line num="74" count="0" type="stmt"/>
        <line num="76" count="0" type="stmt"/>
        <line num="77" count="0" type="stmt"/>
        <line num="79" count="0" type="stmt"/>
        <line num="80" count="0" type="stmt"/>
        <line num="81" count="0" type="stmt"/>
        <line num="83" count="0" type="stmt"/>
        <line num="84" count="0" type="stmt"/>
        <line num="86" count="0" type="stmt"/>
        <line num="87" count="0" type="stmt"/>
        <line num="88" count="0" type="stmt"/>
        <line num="89" count="0" type="stmt"/>
        <line num="90" count="0" type="stmt"/>
        <line num="91" count="0" type="stmt"/>
        <line num="92" count="0" type="stmt"/>
        <line num="97" count="0" type="stmt"/>
        <line num="101" count="0" type="stmt"/>
        <line num="102" count="0" type="stmt"/>
        <line num="103" count="0" type="stmt"/>
        <line num="105" count="0" type="stmt"/>
        <line num="106" count="0" type="stmt"/>
        <line num="107" count="0" type="stmt"/>
        <line num="108" count="0" type="stmt"/>
        <line num="111" count="0" type="stmt"/>
        <line num="113" count="0" type="stmt"/>
        <line num="118" count="0" type="stmt"/>
        <line num="119" count="0" type="cond" truecount="0" falsecount="2"/>
        <line num="121" count="0" type="stmt"/>
        <line num="122" count="0" type="cond" truecount="0" falsecount="1"/>
        <line num="123" count="0" type="stmt"/>
        <line num="127" count="0" type="cond" truecount="0" falsecount="1"/>
        <line num="128" count="0" type="cond" truecount="0" falsecount="2"/>
        <line num="130" count="0" type="stmt"/>
        <line num="133" count="0" type="stmt"/>
        <line num="134" count="0" type="cond" truecount="0" falsecount="1"/>
        <line num="135" count="0" type="stmt"/>
        <line num="146" count="0" type="cond" truecount="0" falsecount="1"/>
        <line num="147" count="0" type="stmt"/>
        <line num="148" count="0" type="cond" truecount="0" falsecount="1"/>
        <line num="149" count="0" type="stmt"/>
        <line num="150" count="0" type="stmt"/>
        <line num="153" count="0" type="stmt"/>
        <line num="154" count="0" type="cond" truecount="0" falsecount="1"/>
        <line num="155" count="0" type="stmt"/>
        <line num="156" count="0" type="stmt"/>
        <line num="159" count="0" type="stmt"/>
        <line num="167" count="0" type="stmt"/>
        <line num="173" count="0" type="stmt"/>
        <line num="216" count="0" type="stmt"/>
        <line num="223" count="0" type="stmt"/>
        <line num="260" count="0" type="stmt"/>
        <line num="263" count="0" type="stmt"/>
        <line num="279" count="0" type="stmt"/>
        <line num="285" count="0" type="stmt"/>
        <line num="312" count="0" type="stmt"/>
        <line num="315" count="0" type="stmt"/>
        <line num="371" count="0" type="stmt"/>
        <line num="379" count="0" type="stmt"/>
        <line num="395" count="0" type="stmt"/>
        <line num="398" count="0" type="stmt"/>
        <line num="421" count="0" type="stmt"/>
        <line num="424" count="0" type="stmt"/>
        <line num="444" count="40" type="stmt"/>
      </file>
    </package>
    <package name="src.components.room-result">
      <metrics statements="456" coveredstatements="337" conditionals="278" coveredconditionals="125" methods="176" coveredmethods="139"/>
      <file name="BedCount.tsx" path="/home/hp/Desktop/IBE-project/IBE-Front-end/IBE-Team7-Frontend/ibe-team7-frontend/src/components/room-result/BedCount.tsx">
        <metrics statements="15" coveredstatements="7" conditionals="7" coveredconditionals="5" methods="9" coveredmethods="4"/>
        <line num="1" count="1008" type="cond" truecount="4" falsecount="1"/>
        <line num="7" count="126" type="stmt"/>
        <line num="8" count="106" type="stmt"/>
        <line num="10" count="267" type="stmt"/>
        <line num="12" count="106" type="stmt"/>
        <line num="14" count="106" type="stmt"/>
        <line num="21" count="0" type="stmt"/>
        <line num="22" count="0" type="stmt"/>
        <line num="24" count="0" type="stmt"/>
        <line num="32" count="0" type="stmt"/>
        <line num="34" count="0" type="stmt"/>
        <line num="39" count="0" type="stmt"/>
        <line num="40" count="0" type="stmt"/>
        <line num="41" count="0" type="stmt"/>
        <line num="53" count="126" type="stmt"/>
      </file>
      <file name="CalendarInput.tsx" path="/home/hp/Desktop/IBE-project/IBE-Front-end/IBE-Team7-Frontend/ibe-team7-frontend/src/components/room-result/CalendarInput.tsx">
        <metrics statements="66" coveredstatements="34" conditionals="29" coveredconditionals="8" methods="20" coveredmethods="12"/>
        <line num="1" count="1134" type="cond" truecount="3" falsecount="0"/>
        <line num="18" count="126" type="stmt"/>
        <line num="21" count="114" type="stmt"/>
        <line num="24" count="114" type="stmt"/>
        <line num="25" count="275" type="stmt"/>
        <line num="27" count="114" type="stmt"/>
        <line num="28" count="248" type="stmt"/>
        <line num="31" count="114" type="stmt"/>
        <line num="33" count="114" type="stmt"/>
        <line num="34" count="275" type="stmt"/>
        <line num="37" count="126" type="stmt"/>
        <line num="38" count="275" type="stmt"/>
        <line num="41" count="114" type="stmt"/>
        <line num="42" count="114" type="stmt"/>
        <line num="44" count="114" type="stmt"/>
        <line num="45" count="27" type="stmt"/>
        <line num="46" count="27" type="stmt"/>
        <line num="47" count="27" type="stmt"/>
        <line num="53" count="4" type="stmt"/>
        <line num="55" count="0" type="stmt"/>
        <line num="58" count="27" type="stmt"/>
        <line num="61" count="114" type="stmt"/>
        <line num="62" count="31" type="stmt"/>
        <line num="63" count="31" type="stmt"/>
        <line num="64" count="488" type="stmt"/>
        <line num="66" count="488" type="stmt"/>
        <line num="67" count="488" type="stmt"/>
        <line num="71" count="31" type="stmt"/>
        <line num="74" count="114" type="stmt"/>
        <line num="75" count="0" type="cond" truecount="0" falsecount="2"/>
        <line num="76" count="0" type="stmt"/>
        <line num="77" count="0" type="cond" truecount="0" falsecount="2"/>
        <line num="78" count="0" type="cond" truecount="0" falsecount="1"/>
        <line num="79" count="0" type="stmt"/>
        <line num="80" count="0" type="stmt"/>
        <line num="82" count="0" type="stmt"/>
        <line num="84" count="0" type="stmt"/>
        <line num="85" count="0" type="cond" truecount="0" falsecount="1"/>
        <line num="86" count="0" type="stmt"/>
        <line num="89" count="0" type="stmt"/>
        <line num="90" count="0" type="stmt"/>
        <line num="94" count="114" type="stmt"/>
        <line num="95" count="0" type="cond" truecount="0" falsecount="2"/>
        <line num="96" count="0" type="stmt"/>
        <line num="98" count="0" type="cond" truecount="0" falsecount="1"/>
        <line num="103" count="0" type="stmt"/>
        <line num="106" count="0" type="stmt"/>
        <line num="115" count="114" type="stmt"/>
        <line num="116" count="0" type="cond" truecount="0" falsecount="2"/>
        <line num="117" count="0" type="stmt"/>
        <line num="118" count="0" type="cond" truecount="0" falsecount="4"/>
        <line num="119" count="0" type="stmt"/>
        <line num="120" count="0" type="stmt"/>
        <line num="121" count="0" type="stmt"/>
        <line num="123" count="0" type="stmt"/>
        <line num="124" count="0" type="stmt"/>
        <line num="125" count="0" type="stmt"/>
        <line num="129" count="114" type="stmt"/>
        <line num="130" count="0" type="stmt"/>
        <line num="133" count="114" type="stmt"/>
        <line num="134" count="0" type="stmt"/>
        <line num="137" count="114" type="stmt"/>
        <line num="141" count="0" type="stmt"/>
        <line num="185" count="0" type="stmt"/>
        <line num="195" count="0" type="stmt"/>
        <line num="212" count="126" type="stmt"/>
      </file>
      <file name="Filters.tsx" path="/home/hp/Desktop/IBE-project/IBE-Front-end/IBE-Team7-Frontend/ibe-team7-frontend/src/components/room-result/Filters.tsx">
        <metrics statements="28" coveredstatements="15" conditionals="15" coveredconditionals="6" methods="22" coveredmethods="6"/>
        <line num="1" count="1134" type="cond" truecount="3" falsecount="0"/>
        <line num="13" count="126" type="stmt"/>
        <line num="14" count="106" type="stmt"/>
        <line num="15" count="106" type="stmt"/>
        <line num="16" count="106" type="stmt"/>
        <line num="18" count="186" type="stmt"/>
        <line num="19" count="186" type="stmt"/>
        <line num="20" count="106" type="stmt"/>
        <line num="21" count="186" type="stmt"/>
        <line num="24" count="106" type="stmt"/>
        <line num="28" count="0" type="cond" truecount="0" falsecount="2"/>
        <line num="33" count="106" type="stmt"/>
        <line num="37" count="0" type="cond" truecount="0" falsecount="2"/>
        <line num="42" count="106" type="stmt"/>
        <line num="43" count="0" type="cond" truecount="0" falsecount="2"/>
        <line num="46" count="126" type="stmt"/>
        <line num="48" count="106" type="stmt"/>
        <line num="60" count="0" type="stmt"/>
        <line num="74" count="0" type="stmt"/>
        <line num="85" count="0" type="stmt"/>
        <line num="99" count="0" type="stmt"/>
        <line num="113" count="0" type="stmt"/>
        <line num="123" count="0" type="stmt"/>
        <line num="137" count="0" type="stmt"/>
        <line num="150" count="0" type="stmt"/>
        <line num="160" count="0" type="stmt"/>
        <line num="170" count="0" type="stmt"/>
        <line num="181" count="126" type="stmt"/>
      </file>
      <file name="RoomCards.tsx" path="/home/hp/Desktop/IBE-project/IBE-Front-end/IBE-Team7-Frontend/ibe-team7-frontend/src/components/room-result/RoomCards.tsx">
        <metrics statements="64" coveredstatements="57" conditionals="16" coveredconditionals="10" methods="40" coveredmethods="37"/>
        <line num="1" count="1008" type="cond" truecount="4" falsecount="1"/>
        <line num="9" count="86" type="stmt"/>
        <line num="10" count="85" type="stmt"/>
        <line num="11" count="85" type="stmt"/>
        <line num="12" count="85" type="stmt"/>
        <line num="14" count="424" type="stmt"/>
        <line num="15" count="125" type="stmt"/>
        <line num="16" count="183" type="stmt"/>
        <line num="17" count="241" type="stmt"/>
        <line num="19" count="138" type="stmt"/>
        <line num="21" count="241" type="stmt"/>
        <line num="23" count="138" type="stmt"/>
        <line num="24" count="125" type="stmt"/>
        <line num="25" count="137" type="stmt"/>
        <line num="26" count="59" type="stmt"/>
        <line num="27" count="115" type="stmt"/>
        <line num="28" count="137" type="stmt"/>
        <line num="30" count="125" type="cond" truecount="1" falsecount="0"/>
        <line num="31" count="131" type="stmt"/>
        <line num="33" count="109" type="stmt"/>
        <line num="34" count="131" type="stmt"/>
        <line num="36" count="138" type="stmt"/>
        <line num="37" count="58" type="stmt"/>
        <line num="38" count="40" type="stmt"/>
        <line num="39" count="58" type="stmt"/>
        <line num="42" count="36" type="stmt"/>
        <line num="43" count="14" type="stmt"/>
        <line num="44" count="14" type="stmt"/>
        <line num="45" count="14" type="stmt"/>
        <line num="50" count="8" type="stmt"/>
        <line num="51" count="8" type="stmt"/>
        <line num="56" count="12" type="stmt"/>
        <line num="59" count="14" type="stmt"/>
        <line num="60" count="12" type="stmt"/>
        <line num="65" count="36" type="stmt"/>
        <line num="67" count="36" type="stmt"/>
        <line num="69" count="36" type="stmt"/>
        <line num="71" count="36" type="stmt"/>
        <line num="72" count="36" type="stmt"/>
        <line num="73" count="40" type="stmt"/>
        <line num="74" count="40" type="stmt"/>
        <line num="75" count="0" type="stmt"/>
        <line num="78" count="36" type="cond" truecount="1" falsecount="0"/>
        <line num="79" count="36" type="stmt"/>
        <line num="82" count="0" type="stmt"/>
        <line num="86" count="0" type="stmt"/>
        <line num="90" count="6" type="stmt"/>
        <line num="91" count="6" type="stmt"/>
        <line num="100" count="6" type="stmt"/>
        <line num="101" count="6" type="stmt"/>
        <line num="102" count="0" type="stmt"/>
        <line num="122" count="86" type="cond" truecount="0" falsecount="1"/>
        <line num="126" count="6" type="stmt"/>
        <line num="133" count="0" type="stmt"/>
        <line num="142" count="172" type="cond" truecount="3" falsecount="0"/>
        <line num="143" count="6" type="stmt"/>
        <line num="145" count="6" type="stmt"/>
        <line num="149" count="191" type="stmt"/>
        <line num="151" count="6" type="stmt"/>
        <line num="154" count="86" type="stmt"/>
        <line num="155" count="86" type="stmt"/>
        <line num="158" count="0" type="cond" truecount="0" falsecount="1"/>
        <line num="163" count="0" type="stmt"/>
        <line num="168" count="40" type="stmt"/>
      </file>
      <file name="RoomForm.tsx" path="/home/hp/Desktop/IBE-project/IBE-Front-end/IBE-Team7-Frontend/ibe-team7-frontend/src/components/room-result/RoomForm.tsx">
        <metrics statements="194" coveredstatements="152" conditionals="164" coveredconditionals="67" methods="45" coveredmethods="45"/>
        <line num="1" count="1134" type="cond" truecount="3" falsecount="0"/>
        <line num="30" count="212" type="cond" truecount="2" falsecount="0"/>
        <line num="31" count="106" type="stmt"/>
        <line num="32" count="106" type="stmt"/>
        <line num="34" count="106" type="stmt"/>
        <line num="35" count="106" type="stmt"/>
        <line num="37" count="267" type="stmt"/>
        <line num="38" count="267" type="stmt"/>
        <line num="39" count="106" type="stmt"/>
        <line num="40" count="267" type="stmt"/>
        <line num="42" count="106" type="stmt"/>
        <line num="43" count="267" type="stmt"/>
        <line num="45" count="106" type="stmt"/>
        <line num="46" count="267" type="stmt"/>
        <line num="48" count="106" type="stmt"/>
        <line num="49" count="267" type="stmt"/>
        <line num="51" count="106" type="stmt"/>
        <line num="52" count="267" type="stmt"/>
        <line num="54" count="106" type="stmt"/>
        <line num="55" count="267" type="stmt"/>
        <line num="57" count="106" type="stmt"/>
        <line num="58" count="267" type="stmt"/>
        <line num="60" count="106" type="stmt"/>
        <line num="61" count="267" type="stmt"/>
        <line num="63" count="106" type="stmt"/>
        <line num="64" count="267" type="stmt"/>
        <line num="66" count="106" type="stmt"/>
        <line num="67" count="267" type="stmt"/>
        <line num="70" count="106" type="stmt"/>
        <line num="71" count="267" type="stmt"/>
        <line num="73" count="106" type="stmt"/>
        <line num="74" count="267" type="stmt"/>
        <line num="76" count="106" type="stmt"/>
        <line num="77" count="267" type="stmt"/>
        <line num="79" count="106" type="stmt"/>
        <line num="80" count="240" type="stmt"/>
        <line num="83" count="106" type="stmt"/>
        <line num="84" count="54" type="stmt"/>
        <line num="86" count="54" type="stmt"/>
        <line num="87" count="54" type="stmt"/>
        <line num="90" count="114" type="stmt"/>
        <line num="91" count="27" type="stmt"/>
        <line num="92" count="27" type="cond" truecount="0" falsecount="1"/>
        <line num="93" count="0" type="stmt"/>
        <line num="94" count="0" type="stmt"/>
        <line num="96" count="27" type="stmt"/>
        <line num="97" count="27" type="stmt"/>
        <line num="98" count="27" type="cond" truecount="1" falsecount="0"/>
        <line num="99" count="27" type="stmt"/>
        <line num="101" count="27" type="cond" truecount="1" falsecount="0"/>
        <line num="102" count="27" type="stmt"/>
        <line num="104" count="27" type="cond" truecount="1" falsecount="0"/>
        <line num="105" count="27" type="stmt"/>
        <line num="107" count="27" type="cond" truecount="1" falsecount="0"/>
        <line num="108" count="27" type="stmt"/>
        <line num="110" count="27" type="cond" truecount="1" falsecount="0"/>
        <line num="111" count="27" type="stmt"/>
        <line num="112" count="27" type="stmt"/>
        <line num="113" count="27" type="cond" truecount="0" falsecount="1"/>
        <line num="114" count="0" type="stmt"/>
        <line num="115" count="0" type="stmt"/>
        <line num="117" count="27" type="stmt"/>
        <line num="118" count="27" type="stmt"/>
        <line num="120" count="27" type="stmt"/>
        <line num="122" count="27" type="cond" truecount="1" falsecount="0"/>
        <line num="123" count="27" type="stmt"/>
        <line num="124" count="27" type="cond" truecount="0" falsecount="1"/>
        <line num="125" count="0" type="stmt"/>
        <line num="126" count="0" type="stmt"/>
        <line num="128" count="27" type="stmt"/>
        <line num="129" count="27" type="stmt"/>
        <line num="131" count="27" type="cond" truecount="1" falsecount="0"/>
        <line num="132" count="27" type="stmt"/>
        <line num="134" count="27" type="cond" truecount="0" falsecount="1"/>
        <line num="135" count="0" type="stmt"/>
        <line num="136" count="0" type="stmt"/>
        <line num="137" count="0" type="cond" truecount="0" falsecount="1"/>
        <line num="138" count="0" type="stmt"/>
        <line num="140" count="0" type="cond" truecount="0" falsecount="1"/>
        <line num="141" count="0" type="stmt"/>
        <line num="142" count="0" type="stmt"/>
        <line num="145" count="27" type="cond" truecount="0" falsecount="1"/>
        <line num="146" count="0" type="stmt"/>
        <line num="147" count="0" type="stmt"/>
        <line num="149" count="0" type="cond" truecount="0" falsecount="1"/>
        <line num="150" count="0" type="stmt"/>
        <line num="152" count="0" type="cond" truecount="0" falsecount="1"/>
        <line num="153" count="0" type="stmt"/>
        <line num="154" count="0" type="stmt"/>
        <line num="157" count="27" type="cond" truecount="0" falsecount="1"/>
        <line num="158" count="0" type="stmt"/>
        <line num="159" count="0" type="stmt"/>
        <line num="162" count="27" type="stmt"/>
        <line num="163" count="27" type="stmt"/>
        <line num="174" count="24" type="stmt"/>
        <line num="178" count="94" type="stmt"/>
        <line num="180" count="26" type="stmt"/>
        <line num="183" count="25" type="stmt"/>
        <line num="185" count="26" type="cond" truecount="1" falsecount="1"/>
        <line num="187" count="8" type="stmt"/>
        <line num="189" count="84" type="cond" truecount="1" falsecount="1"/>
        <line num="194" count="18" type="stmt"/>
        <line num="195" count="24" type="cond" truecount="3" falsecount="1"/>
        <line num="196" count="6" type="stmt"/>
        <line num="197" count="84" type="cond" truecount="3" falsecount="1"/>
        <line num="198" count="18" type="stmt"/>
        <line num="199" count="24" type="cond" truecount="3" falsecount="1"/>
        <line num="200" count="6" type="stmt"/>
        <line num="201" count="84" type="cond" truecount="3" falsecount="1"/>
        <line num="202" count="18" type="stmt"/>
        <line num="203" count="24" type="cond" truecount="3" falsecount="1"/>
        <line num="204" count="6" type="stmt"/>
        <line num="205" count="84" type="cond" truecount="3" falsecount="1"/>
        <line num="206" count="18" type="stmt"/>
        <line num="207" count="24" type="cond" truecount="1" falsecount="1"/>
        <line num="208" count="6" type="stmt"/>
        <line num="209" count="84" type="cond" truecount="2" falsecount="2"/>
        <line num="210" count="0" type="stmt"/>
        <line num="211" count="84" type="cond" truecount="2" falsecount="2"/>
        <line num="212" count="6" type="stmt"/>
        <line num="213" count="84" type="cond" truecount="1" falsecount="1"/>
        <line num="214" count="18" type="stmt"/>
        <line num="216" count="84" type="stmt"/>
        <line num="217" count="118" type="stmt"/>
        <line num="223" count="78" type="cond" truecount="0" falsecount="1"/>
        <line num="225" count="114" type="stmt"/>
        <line num="226" count="102" type="cond" truecount="0" falsecount="1"/>
        <line num="227" count="86" type="stmt"/>
        <line num="228" count="118" type="stmt"/>
        <line num="229" count="40" type="cond" truecount="0" falsecount="1"/>
        <line num="231" count="114" type="stmt"/>
        <line num="232" count="86" type="cond" truecount="0" falsecount="1"/>
        <line num="233" count="86" type="stmt"/>
        <line num="234" count="118" type="stmt"/>
        <line num="235" count="40" type="stmt"/>
        <line num="237" count="114" type="stmt"/>
        <line num="238" count="118" type="stmt"/>
        <line num="239" count="40" type="cond" truecount="0" falsecount="1"/>
        <line num="241" count="114" type="stmt"/>
        <line num="242" count="86" type="cond" truecount="0" falsecount="1"/>
        <line num="243" count="86" type="stmt"/>
        <line num="244" count="118" type="stmt"/>
        <line num="245" count="40" type="stmt"/>
        <line num="247" count="114" type="stmt"/>
        <line num="248" count="118" type="stmt"/>
        <line num="249" count="40" type="cond" truecount="0" falsecount="1"/>
        <line num="250" count="114" type="stmt"/>
        <line num="251" count="86" type="cond" truecount="0" falsecount="1"/>
        <line num="252" count="86" type="stmt"/>
        <line num="253" count="118" type="stmt"/>
        <line num="254" count="40" type="stmt"/>
        <line num="256" count="114" type="stmt"/>
        <line num="257" count="164" type="stmt"/>
        <line num="258" count="118" type="stmt"/>
        <line num="260" count="212" type="stmt"/>
        <line num="262" count="114" type="stmt"/>
        <line num="263" count="78" type="stmt"/>
        <line num="264" count="0" type="stmt"/>
        <line num="271" count="0" type="stmt"/>
        <line num="273" count="0" type="stmt"/>
        <line num="274" count="0" type="stmt"/>
        <line num="275" count="0" type="stmt"/>
        <line num="277" count="78" type="stmt"/>
        <line num="278" count="28" type="stmt"/>
        <line num="281" count="0" type="stmt"/>
        <line num="283" count="78" type="stmt"/>
        <line num="285" count="28" type="cond" truecount="0" falsecount="2"/>
        <line num="287" count="28" type="stmt"/>
        <line num="290" count="86" type="cond" truecount="0" falsecount="2"/>
        <line num="295" count="0" type="stmt"/>
        <line num="296" count="0" type="cond" truecount="0" falsecount="4"/>
        <line num="297" count="0" type="stmt"/>
        <line num="298" count="86" type="cond" truecount="0" falsecount="6"/>
        <line num="299" count="0" type="stmt"/>
        <line num="300" count="86" type="cond" truecount="0" falsecount="4"/>
        <line num="301" count="0" type="stmt"/>
        <line num="302" count="0" type="cond" truecount="0" falsecount="4"/>
        <line num="303" count="0" type="stmt"/>
        <line num="304" count="86" type="cond" truecount="0" falsecount="4"/>
        <line num="305" count="0" type="stmt"/>
        <line num="306" count="0" type="cond" truecount="0" falsecount="2"/>
        <line num="307" count="0" type="stmt"/>
        <line num="308" count="86" type="cond" truecount="0" falsecount="4"/>
        <line num="309" count="0" type="stmt"/>
        <line num="310" count="86" type="cond" truecount="0" falsecount="4"/>
        <line num="311" count="0" type="stmt"/>
        <line num="312" count="86" type="cond" truecount="0" falsecount="2"/>
        <line num="313" count="0" type="stmt"/>
        <line num="315" count="118" type="stmt"/>
        <line num="323" count="28" type="stmt"/>
        <line num="324" count="86" type="stmt"/>
        <line num="328" count="28" type="cond" truecount="2" falsecount="0"/>
        <line num="330" count="78" type="stmt"/>
        <line num="502" count="40" type="stmt"/>
      </file>
      <file name="RoomInput.tsx" path="/home/hp/Desktop/IBE-project/IBE-Front-end/IBE-Team7-Frontend/ibe-team7-frontend/src/components/room-result/RoomInput.tsx">
        <metrics statements="18" coveredstatements="10" conditionals="7" coveredconditionals="5" methods="10" coveredmethods="5"/>
        <line num="1" count="1008" type="cond" truecount="4" falsecount="1"/>
        <line num="7" count="126" type="stmt"/>
        <line num="8" count="106" type="stmt"/>
        <line num="10" count="106" type="stmt"/>
        <line num="11" count="267" type="stmt"/>
        <line num="13" count="126" type="stmt"/>
        <line num="14" count="267" type="stmt"/>
        <line num="16" count="106" type="stmt"/>
        <line num="18" count="106" type="stmt"/>
        <line num="25" count="0" type="stmt"/>
        <line num="26" count="0" type="stmt"/>
        <line num="28" count="0" type="stmt"/>
        <line num="36" count="0" type="stmt"/>
        <line num="38" count="0" type="stmt"/>
        <line num="43" count="0" type="stmt"/>
        <line num="44" count="0" type="stmt"/>
        <line num="47" count="0" type="stmt"/>
        <line num="59" count="126" type="stmt"/>
      </file>
      <file name="RoomResult.tsx" path="/home/hp/Desktop/IBE-project/IBE-Front-end/IBE-Team7-Frontend/ibe-team7-frontend/src/components/room-result/RoomResult.tsx">
        <metrics statements="64" coveredstatements="55" conditionals="31" coveredconditionals="18" methods="25" coveredmethods="25"/>
        <line num="1" count="1134" type="cond" truecount="3" falsecount="0"/>
        <line num="16" count="180" type="stmt"/>
        <line num="17" count="106" type="stmt"/>
        <line num="18" count="106" type="stmt"/>
        <line num="20" count="106" type="stmt"/>
        <line num="21" count="106" type="stmt"/>
        <line num="23" count="186" type="stmt"/>
        <line num="24" count="186" type="stmt"/>
        <line num="25" count="106" type="stmt"/>
        <line num="26" count="186" type="stmt"/>
        <line num="28" count="106" type="stmt"/>
        <line num="29" count="186" type="stmt"/>
        <line num="31" count="106" type="stmt"/>
        <line num="32" count="186" type="stmt"/>
        <line num="34" count="106" type="stmt"/>
        <line num="35" count="186" type="stmt"/>
        <line num="37" count="106" type="stmt"/>
        <line num="38" count="186" type="stmt"/>
        <line num="40" count="106" type="stmt"/>
        <line num="41" count="186" type="stmt"/>
        <line num="43" count="106" type="stmt"/>
        <line num="44" count="186" type="stmt"/>
        <line num="46" count="106" type="stmt"/>
        <line num="47" count="186" type="stmt"/>
        <line num="50" count="186" type="stmt"/>
        <line num="52" count="106" type="stmt"/>
        <line num="54" count="118" type="stmt"/>
        <line num="55" count="54" type="stmt"/>
        <line num="56" count="54" type="cond" truecount="0" falsecount="1"/>
        <line num="57" count="0" type="stmt"/>
        <line num="58" count="0" type="stmt"/>
        <line num="61" count="54" type="stmt"/>
        <line num="62" count="54" type="stmt"/>
        <line num="63" count="54" type="stmt"/>
        <line num="64" count="54" type="stmt"/>
        <line num="74" count="7" type="stmt"/>
        <line num="75" count="7" type="stmt"/>
        <line num="77" count="24" type="stmt"/>
        <line num="81" count="54" type="stmt"/>
        <line num="83" count="31" type="stmt"/>
        <line num="86" count="31" type="stmt"/>
        <line num="92" count="31" type="cond" truecount="1" falsecount="1"/>
        <line num="97" count="0" type="stmt"/>
        <line num="100" count="31" type="cond" truecount="2" falsecount="2"/>
        <line num="101" count="0" type="stmt"/>
        <line num="104" count="31" type="cond" truecount="2" falsecount="2"/>
        <line num="105" count="0" type="stmt"/>
        <line num="108" count="31" type="cond" truecount="2" falsecount="2"/>
        <line num="109" count="0" type="stmt"/>
        <line num="112" count="31" type="cond" truecount="1" falsecount="1"/>
        <line num="113" count="0" type="stmt"/>
        <line num="114" count="31" type="cond" truecount="1" falsecount="1"/>
        <line num="115" count="0" type="stmt"/>
        <line num="116" count="31" type="cond" truecount="1" falsecount="1"/>
        <line num="117" count="0" type="stmt"/>
        <line num="119" count="31" type="stmt"/>
        <line num="136" count="170" type="stmt"/>
        <line num="137" count="274" type="stmt"/>
        <line num="138" count="40" type="stmt"/>
        <line num="139" count="114" type="stmt"/>
        <line num="141" count="78" type="stmt"/>
        <line num="145" count="162" type="stmt"/>
        <line num="146" count="262" type="stmt"/>
        <line num="168" count="40" type="stmt"/>
      </file>
      <file name="Step1Page.tsx" path="/home/hp/Desktop/IBE-project/IBE-Front-end/IBE-Team7-Frontend/ibe-team7-frontend/src/components/room-result/Step1Page.tsx">
        <metrics statements="7" coveredstatements="7" conditionals="9" coveredconditionals="6" methods="5" coveredmethods="5"/>
        <line num="1" count="1134" type="cond" truecount="3" falsecount="0"/>
        <line num="8" count="118" type="stmt"/>
        <line num="9" count="118" type="stmt"/>
        <line num="10" count="136" type="stmt"/>
        <line num="11" count="176" type="stmt"/>
        <line num="13" count="114" type="stmt"/>
        <line num="25" count="118" type="stmt"/>
      </file>
    </package>
    <package name="src.components.room-result.card">
      <metrics statements="24" coveredstatements="20" conditionals="14" coveredconditionals="12" methods="12" coveredmethods="9"/>
      <file name="CarouselComponent.tsx" path="/home/hp/Desktop/IBE-project/IBE-Front-end/IBE-Team7-Frontend/ibe-team7-frontend/src/components/room-result/card/CarouselComponent.tsx">
        <metrics statements="11" coveredstatements="9" conditionals="3" coveredconditionals="3" methods="5" coveredmethods="4"/>
        <line num="1" count="1134" type="cond" truecount="3" falsecount="0"/>
        <line num="6" count="126" type="stmt"/>
        <line num="7" count="6" type="stmt"/>
        <line num="9" count="6" type="stmt"/>
        <line num="10" count="6" type="stmt"/>
        <line num="11" count="6" type="stmt"/>
        <line num="13" count="0" type="stmt"/>
        <line num="15" count="6" type="stmt"/>
        <line num="18" count="6" type="stmt"/>
        <line num="23" count="0" type="stmt"/>
        <line num="36" count="126" type="stmt"/>
      </file>
      <file name="RoomCard.tsx" path="/home/hp/Desktop/IBE-project/IBE-Front-end/IBE-Team7-Frontend/ibe-team7-frontend/src/components/room-result/card/RoomCard.tsx">
        <metrics statements="13" coveredstatements="11" conditionals="11" coveredconditionals="9" methods="7" coveredmethods="5"/>
        <line num="1" count="1008" type="cond" truecount="4" falsecount="1"/>
        <line num="13" count="126" type="stmt"/>
        <line num="14" count="6" type="stmt"/>
        <line num="15" count="12" type="stmt"/>
        <line num="18" count="126" type="stmt"/>
        <line num="19" count="12" type="stmt"/>
        <line num="24" count="6" type="stmt"/>
        <line num="26" count="6" type="stmt"/>
        <line num="27" count="0" type="stmt"/>
        <line num="31" count="6" type="stmt"/>
        <line num="32" count="0" type="stmt"/>
        <line num="35" count="6" type="stmt"/>
        <line num="118" count="126" type="stmt"/>
      </file>
    </package>
    <package name="src.components.router">
      <metrics statements="4" coveredstatements="4" conditionals="3" coveredconditionals="3" methods="2" coveredmethods="2"/>
      <file name="Router.tsx" path="/home/hp/Desktop/IBE-project/IBE-Front-end/IBE-Team7-Frontend/ibe-team7-frontend/src/components/router/Router.tsx">
        <metrics statements="4" coveredstatements="4" conditionals="3" coveredconditionals="3" methods="2" coveredmethods="2"/>
        <line num="1" count="1008" type="cond" truecount="3" falsecount="0"/>
        <line num="10" count="208" type="stmt"/>
        <line num="21" count="78" type="stmt"/>
        <line num="38" count="208" type="stmt"/>
      </file>
    </package>
    <package name="src.components.signup">
      <metrics statements="18" coveredstatements="7" conditionals="5" coveredconditionals="3" methods="6" coveredmethods="2"/>
      <file name="Signup.tsx" path="/home/hp/Desktop/IBE-project/IBE-Front-end/IBE-Team7-Frontend/ibe-team7-frontend/src/components/signup/Signup.tsx">
        <metrics statements="18" coveredstatements="7" conditionals="5" coveredconditionals="3" methods="6" coveredmethods="2"/>
        <line num="1" count="1134" type="cond" truecount="3" falsecount="0"/>
        <line num="6" count="126" type="stmt"/>
        <line num="7" count="6" type="stmt"/>
        <line num="8" count="6" type="stmt"/>
        <line num="10" count="6" type="stmt"/>
        <line num="11" count="0" type="stmt"/>
        <line num="12" count="0" type="stmt"/>
        <line num="13" count="0" type="stmt"/>
        <line num="14" count="0" type="cond" truecount="0" falsecount="2"/>
        <line num="15" count="0" type="stmt"/>
        <line num="16" count="0" type="stmt"/>
        <line num="18" count="0" type="stmt"/>
        <line num="19" count="0" type="stmt"/>
        <line num="20" count="0" type="stmt"/>
        <line num="25" count="6" type="stmt"/>
        <line num="34" count="0" type="stmt"/>
        <line num="41" count="0" type="stmt"/>
        <line num="56" count="126" type="stmt"/>
      </file>
    </package>
    <package name="src.components.timer">
      <metrics statements="23" coveredstatements="4" conditionals="16" coveredconditionals="3" methods="8" coveredmethods="1"/>
      <file name="Timer.tsx" path="/home/hp/Desktop/IBE-project/IBE-Front-end/IBE-Team7-Frontend/ibe-team7-frontend/src/components/timer/Timer.tsx">
        <metrics statements="23" coveredstatements="4" conditionals="16" coveredconditionals="3" methods="8" coveredmethods="1"/>
        <line num="1" count="774" type="cond" truecount="3" falsecount="0"/>
        <line num="8" count="86" type="stmt"/>
        <line num="9" count="0" type="stmt"/>
        <line num="10" count="0" type="stmt"/>
        <line num="11" count="0" type="stmt"/>
        <line num="13" count="86" type="stmt"/>
        <line num="14" count="0" type="stmt"/>
        <line num="15" count="0" type="stmt"/>
        <line num="16" count="0" type="cond" truecount="0" falsecount="1"/>
        <line num="17" count="0" type="stmt"/>
        <line num="20" count="0" type="cond" truecount="0" falsecount="1"/>
        <line num="21" count="0" type="cond" truecount="0" falsecount="2"/>
        <line num="22" count="0" type="stmt"/>
        <line num="24" count="0" type="stmt"/>
        <line num="25" count="0" type="stmt"/>
        <line num="29" count="0" type="stmt"/>
        <line num="30" count="0" type="stmt"/>
        <line num="33" count="0" type="cond" truecount="0" falsecount="3"/>
        <line num="34" count="0" type="stmt"/>
        <line num="35" count="0" type="stmt"/>
        <line num="36" count="0" type="stmt"/>
        <line num="39" count="0" type="stmt"/>
        <line num="48" count="86" type="stmt"/>
      </file>
    </package>
    <package name="src.constants">
      <metrics statements="2" coveredstatements="2" conditionals="0" coveredconditionals="0" methods="0" coveredmethods="0"/>
      <file name="Constants.ts" path="/home/hp/Desktop/IBE-project/IBE-Front-end/IBE-Team7-Frontend/ibe-team7-frontend/src/constants/Constants.ts">
        <metrics statements="2" coveredstatements="2" conditionals="0" coveredconditionals="0" methods="0" coveredmethods="0"/>
        <line num="2" count="40" type="stmt"/>
        <line num="4" count="40" type="stmt"/>
      </file>
    </package>
    <package name="src.enums">
      <metrics statements="24" coveredstatements="24" conditionals="6" coveredconditionals="6" methods="3" coveredmethods="3"/>
      <file name="Enums.ts" path="/home/hp/Desktop/IBE-project/IBE-Front-end/IBE-Team7-Frontend/ibe-team7-frontend/src/enums/Enums.ts">
        <metrics statements="24" coveredstatements="24" conditionals="6" coveredconditionals="6" methods="3" coveredmethods="3"/>
        <line num="1" count="126" type="cond" truecount="2" falsecount="0"/>
        <line num="2" count="126" type="stmt"/>
        <line num="3" count="126" type="stmt"/>
        <line num="6" count="126" type="cond" truecount="2" falsecount="0"/>
        <line num="7" count="126" type="stmt"/>
        <line num="8" count="126" type="stmt"/>
        <line num="9" count="126" type="stmt"/>
        <line num="10" count="126" type="stmt"/>
        <line num="11" count="126" type="stmt"/>
        <line num="12" count="126" type="stmt"/>
        <line num="13" count="126" type="stmt"/>
        <line num="15" count="126" type="cond" truecount="2" falsecount="0"/>
        <line num="16" count="126" type="stmt"/>
        <line num="17" count="126" type="stmt"/>
        <line num="18" count="126" type="stmt"/>
        <line num="19" count="126" type="stmt"/>
        <line num="20" count="126" type="stmt"/>
        <line num="21" count="126" type="stmt"/>
        <line num="22" count="126" type="stmt"/>
        <line num="23" count="126" type="stmt"/>
        <line num="24" count="126" type="stmt"/>
        <line num="25" count="126" type="stmt"/>
        <line num="26" count="126" type="stmt"/>
        <line num="27" count="126" type="stmt"/>
      </file>
    </package>
    <package name="src.i18n">
      <metrics statements="1" coveredstatements="1" conditionals="0" coveredconditionals="0" methods="0" coveredmethods="0"/>
      <file name="i18n.tsx" path="/home/hp/Desktop/IBE-project/IBE-Front-end/IBE-Team7-Frontend/ibe-team7-frontend/src/i18n/i18n.tsx">
        <metrics statements="1" coveredstatements="1" conditionals="0" coveredconditionals="0" methods="0" coveredmethods="0"/>
        <line num="6" count="126" type="stmt"/>
      </file>
    </package>
    <package name="src.redux">
      <metrics statements="141" coveredstatements="69" conditionals="0" coveredconditionals="0" methods="74" coveredmethods="16"/>
      <file name="checkoutSlice.ts" path="/home/hp/Desktop/IBE-project/IBE-Front-end/IBE-Team7-Frontend/ibe-team7-frontend/src/redux/checkoutSlice.ts">
        <metrics statements="13" coveredstatements="12" conditionals="0" coveredconditionals="0" methods="10" coveredmethods="0"/>
        <line num="18" count="126" type="stmt"/>
        <line num="27" count="40" type="stmt"/>
        <line num="32" count="86" type="stmt"/>
        <line num="35" count="86" type="stmt"/>
        <line num="36" count="40" type="stmt"/>
        <line num="38" count="86" type="stmt"/>
        <line num="39" count="40" type="stmt"/>
        <line num="41" count="86" type="stmt"/>
        <line num="42" count="40" type="stmt"/>
        <line num="44" count="86" type="stmt"/>
        <line num="45" count="40" type="stmt"/>
        <line num="49" count="0" type="stmt"/>
        <line num="50" count="126" type="stmt"/>
      </file>
      <file name="currencySlice.ts" path="/home/hp/Desktop/IBE-project/IBE-Front-end/IBE-Team7-Frontend/ibe-team7-frontend/src/redux/currencySlice.ts">
        <metrics statements="5" coveredstatements="3" conditionals="0" coveredconditionals="0" methods="1" coveredmethods="0"/>
        <line num="4" count="126" type="stmt"/>
        <line num="9" count="126" type="stmt"/>
        <line num="14" count="0" type="stmt"/>
        <line num="15" count="0" type="stmt"/>
        <line num="20" count="126" type="stmt"/>
      </file>
      <file name="resultSlice.ts" path="/home/hp/Desktop/IBE-project/IBE-Front-end/IBE-Team7-Frontend/ibe-team7-frontend/src/redux/resultSlice.ts">
        <metrics statements="11" coveredstatements="3" conditionals="0" coveredconditionals="0" methods="8" coveredmethods="0"/>
        <line num="10" count="126" type="stmt"/>
        <line num="17" count="126" type="stmt"/>
        <line num="22" count="0" type="stmt"/>
        <line num="25" count="0" type="stmt"/>
        <line num="26" count="0" type="stmt"/>
        <line num="30" count="0" type="stmt"/>
        <line num="33" count="0" type="stmt"/>
        <line num="34" count="0" type="stmt"/>
        <line num="38" count="0" type="stmt"/>
        <line num="41" count="0" type="stmt"/>
        <line num="53" count="126" type="stmt"/>
      </file>
      <file name="roomDetailsSlice.ts" path="/home/hp/Desktop/IBE-project/IBE-Front-end/IBE-Team7-Frontend/ibe-team7-frontend/src/redux/roomDetailsSlice.ts">
        <metrics statements="26" coveredstatements="8" conditionals="0" coveredconditionals="0" methods="21" coveredmethods="3"/>
        <line num="6" count="126" type="stmt"/>
        <line num="8" count="126" type="stmt"/>
        <line num="13" count="0" type="stmt"/>
        <line num="16" count="0" type="stmt"/>
        <line num="17" count="0" type="stmt"/>
        <line num="21" count="0" type="stmt"/>
        <line num="22" count="0" type="stmt"/>
        <line num="26" count="0" type="stmt"/>
        <line num="27" count="0" type="stmt"/>
        <line num="31" count="0" type="stmt"/>
        <line num="32" count="0" type="stmt"/>
        <line num="36" count="0" type="stmt"/>
        <line num="37" count="0" type="stmt"/>
        <line num="41" count="0" type="stmt"/>
        <line num="42" count="0" type="stmt"/>
        <line num="46" count="0" type="stmt"/>
        <line num="47" count="0" type="stmt"/>
        <line num="52" count="126" type="stmt"/>
        <line num="53" count="46" type="stmt"/>
        <line num="54" count="0" type="stmt"/>
        <line num="57" count="126" type="stmt"/>
        <line num="58" count="2" type="stmt"/>
        <line num="60" count="126" type="stmt"/>
        <line num="61" count="0" type="stmt"/>
        <line num="62" count="0" type="stmt"/>
        <line num="78" count="126" type="stmt"/>
      </file>
      <file name="searchSlice.ts" path="/home/hp/Desktop/IBE-project/IBE-Front-end/IBE-Team7-Frontend/ibe-team7-frontend/src/redux/searchSlice.ts">
        <metrics statements="46" coveredstatements="30" conditionals="0" coveredconditionals="0" methods="27" coveredmethods="13"/>
        <line num="6" count="126" type="stmt"/>
        <line num="32" count="126" type="stmt"/>
        <line num="37" count="27" type="stmt"/>
        <line num="40" count="27" type="stmt"/>
        <line num="43" count="0" type="stmt"/>
        <line num="46" count="0" type="stmt"/>
        <line num="50" count="30" type="stmt"/>
        <line num="54" count="30" type="stmt"/>
        <line num="58" count="27" type="stmt"/>
        <line num="62" count="27" type="stmt"/>
        <line num="66" count="27" type="stmt"/>
        <line num="70" count="6" type="stmt"/>
        <line num="74" count="0" type="stmt"/>
        <line num="78" count="0" type="stmt"/>
        <line num="82" count="0" type="stmt"/>
        <line num="86" count="0" type="stmt"/>
        <line num="90" count="0" type="stmt"/>
        <line num="94" count="0" type="stmt"/>
        <line num="98" count="0" type="stmt"/>
        <line num="102" count="0" type="stmt"/>
        <line num="106" count="0" type="stmt"/>
        <line num="110" count="0" type="stmt"/>
        <line num="114" count="126" type="stmt"/>
        <line num="115" count="90" type="stmt"/>
        <line num="117" count="126" type="stmt"/>
        <line num="118" count="7" type="stmt"/>
        <line num="119" count="7" type="stmt"/>
        <line num="120" count="7" type="stmt"/>
        <line num="121" count="7" type="stmt"/>
        <line num="122" count="7" type="stmt"/>
        <line num="123" count="7" type="stmt"/>
        <line num="124" count="7" type="stmt"/>
        <line num="125" count="7" type="stmt"/>
        <line num="126" count="7" type="stmt"/>
        <line num="128" count="126" type="stmt"/>
        <line num="129" count="0" type="stmt"/>
        <line num="130" count="0" type="stmt"/>
        <line num="132" count="126" type="stmt"/>
        <line num="133" count="97" type="stmt"/>
        <line num="135" count="126" type="stmt"/>
        <line num="136" count="13" type="stmt"/>
        <line num="137" count="13" type="stmt"/>
        <line num="139" count="126" type="stmt"/>
        <line num="140" count="0" type="stmt"/>
        <line num="141" count="0" type="stmt"/>
        <line num="167" count="126" type="stmt"/>
      </file>
      <file name="selectedPromoSlice.ts" path="/home/hp/Desktop/IBE-project/IBE-Front-end/IBE-Team7-Frontend/ibe-team7-frontend/src/redux/selectedPromoSlice.ts">
        <metrics statements="5" coveredstatements="3" conditionals="0" coveredconditionals="0" methods="2" coveredmethods="0"/>
        <line num="3" count="86" type="stmt"/>
        <line num="8" count="86" type="stmt"/>
        <line num="13" count="0" type="stmt"/>
        <line num="16" count="0" type="stmt"/>
        <line num="22" count="86" type="stmt"/>
      </file>
      <file name="store.ts" path="/home/hp/Desktop/IBE-project/IBE-Front-end/IBE-Team7-Frontend/ibe-team7-frontend/src/redux/store.ts">
        <metrics statements="2" coveredstatements="2" conditionals="0" coveredconditionals="0" methods="0" coveredmethods="0"/>
        <line num="10" count="40" type="stmt"/>
        <line num="23" count="126" type="stmt"/>
      </file>
      <file name="timerSlice.ts" path="/home/hp/Desktop/IBE-project/IBE-Front-end/IBE-Team7-Frontend/ibe-team7-frontend/src/redux/timerSlice.ts">
        <metrics statements="6" coveredstatements="2" conditionals="0" coveredconditionals="0" methods="3" coveredmethods="0"/>
        <line num="3" count="86" type="stmt"/>
        <line num="11" count="0" type="stmt"/>
        <line num="12" count="0" type="stmt"/>
        <line num="15" count="0" type="stmt"/>
        <line num="18" count="0" type="stmt"/>
        <line num="23" count="86" type="stmt"/>
      </file>
      <file name="userInfoSlice.ts" path="/home/hp/Desktop/IBE-project/IBE-Front-end/IBE-Team7-Frontend/ibe-team7-frontend/src/redux/userInfoSlice.ts">
        <metrics statements="20" coveredstatements="3" conditionals="0" coveredconditionals="0" methods="1" coveredmethods="0"/>
        <line num="23" count="86" type="stmt"/>
        <line num="43" count="86" type="stmt"/>
        <line num="49" count="0" type="stmt"/>
        <line num="50" count="0" type="stmt"/>
        <line num="51" count="0" type="stmt"/>
        <line num="52" count="0" type="stmt"/>
        <line num="53" count="0" type="stmt"/>
        <line num="54" count="0" type="stmt"/>
        <line num="55" count="0" type="stmt"/>
        <line num="56" count="0" type="stmt"/>
        <line num="57" count="0" type="stmt"/>
        <line num="58" count="0" type="stmt"/>
        <line num="59" count="0" type="stmt"/>
        <line num="60" count="0" type="stmt"/>
        <line num="61" count="0" type="stmt"/>
        <line num="62" count="0" type="stmt"/>
        <line num="63" count="0" type="stmt"/>
        <line num="64" count="0" type="stmt"/>
        <line num="65" count="0" type="stmt"/>
        <line num="70" count="86" type="stmt"/>
      </file>
      <file name="userSlice.ts" path="/home/hp/Desktop/IBE-project/IBE-Front-end/IBE-Team7-Frontend/ibe-team7-frontend/src/redux/userSlice.ts">
        <metrics statements="7" coveredstatements="3" conditionals="0" coveredconditionals="0" methods="1" coveredmethods="0"/>
        <line num="4" count="126" type="stmt"/>
        <line num="11" count="126" type="stmt"/>
        <line num="16" count="0" type="stmt"/>
        <line num="17" count="0" type="stmt"/>
        <line num="18" count="0" type="stmt"/>
        <line num="19" count="0" type="stmt"/>
        <line num="24" count="126" type="stmt"/>
      </file>
    </package>
    <package name="src.redux.thunks">
      <metrics statements="10" coveredstatements="10" conditionals="0" coveredconditionals="0" methods="3" coveredmethods="3"/>
      <file name="configThunk.ts" path="/home/hp/Desktop/IBE-project/IBE-Front-end/IBE-Team7-Frontend/ibe-team7-frontend/src/redux/thunks/configThunk.ts">
        <metrics statements="4" coveredstatements="4" conditionals="0" coveredconditionals="0" methods="1" coveredmethods="1"/>
        <line num="5" count="126" type="stmt"/>
        <line num="6" count="90" type="stmt"/>
        <line num="7" count="7" type="stmt"/>
        <line num="8" count="7" type="stmt"/>
      </file>
      <file name="propertyThunk.ts" path="/home/hp/Desktop/IBE-project/IBE-Front-end/IBE-Team7-Frontend/ibe-team7-frontend/src/redux/thunks/propertyThunk.ts">
        <metrics statements="3" coveredstatements="3" conditionals="0" coveredconditionals="0" methods="1" coveredmethods="1"/>
        <line num="5" count="126" type="stmt"/>
        <line num="6" count="97" type="stmt"/>
        <line num="7" count="13" type="stmt"/>
      </file>
      <file name="roomDetailsThunk.ts" path="/home/hp/Desktop/IBE-project/IBE-Front-end/IBE-Team7-Frontend/ibe-team7-frontend/src/redux/thunks/roomDetailsThunk.ts">
        <metrics statements="3" coveredstatements="3" conditionals="0" coveredconditionals="0" methods="1" coveredmethods="1"/>
        <line num="5" count="126" type="stmt"/>
        <line num="6" count="46" type="stmt"/>
        <line num="9" count="2" type="stmt"/>
      </file>
    </package>
    <package name="src.utils">
      <metrics statements="5" coveredstatements="5" conditionals="0" coveredconditionals="0" methods="1" coveredmethods="1"/>
      <file name="FindNextDateFunc.ts" path="/home/hp/Desktop/IBE-project/IBE-Front-end/IBE-Team7-Frontend/ibe-team7-frontend/src/utils/FindNextDateFunc.ts">
        <metrics statements="5" coveredstatements="5" conditionals="0" coveredconditionals="0" methods="1" coveredmethods="1"/>
        <line num="1" count="126" type="stmt"/>
        <line num="3" count="130" type="stmt"/>
        <line num="8" count="76" type="stmt"/>
        <line num="9" count="76" type="stmt"/>
        <line num="10" count="76" type="stmt"/>
      </file>
    </package>
  </project>
</coverage>
