{"/home/hp/Desktop/IBE-project/IBE-Front-end/IBE-Team7-Frontend/ibe-team7-frontend/src/App.tsx": {"path":"/home/hp/Desktop/IBE-project/IBE-Front-end/IBE-Team7-Frontend/ibe-team7-frontend/src/App.tsx","statementMap":{"0":{"start":{"line":1,"column":38},"end":{"line":1,"column":null}},"1":{"start":{"line":8,"column":4},"end":{"line":13,"column":null}},"2":{"start":{"line":15,"column":1},"end":{"line":7,"column":15}},"3":{"start":{"line":17,"column":19},"end":{"line":17,"column":null}}},"fnMap":{"0":{"name":"(anonymous_0)","decl":{"start":{"line":1,"column":38},"end":{"line":1,"column":null}},"loc":{"start":{"line":1,"column":38},"end":{"line":1,"column":null}}},"1":{"name":"App","decl":{"start":{"line":7,"column":9},"end":{"line":7,"column":15}},"loc":{"start":{"line":7,"column":15},"end":{"line":15,"column":1}}}},"branchMap":{"0":{"loc":{"start":{"line":1,"column":38},"end":{"line":1,"column":null}},"type":"binary-expr","locations":[{"start":{"line":1,"column":38},"end":{"line":1,"column":null}},{"start":{"line":1,"column":38},"end":{"line":1,"column":null}}]},"1":{"loc":{"start":{"line":1,"column":38},"end":{"line":1,"column":null}},"type":"if","locations":[{"start":{"line":1,"column":38},"end":{"line":1,"column":null}}]}},"s":{"0":1008,"1":246,"2":126,"3":126},"f":{"0":126,"1":246},"b":{"0":[252,126],"1":[126]}}
,"/home/hp/Desktop/IBE-project/IBE-Front-end/IBE-Team7-Frontend/ibe-team7-frontend/src/main.tsx": {"path":"/home/hp/Desktop/IBE-project/IBE-Front-end/IBE-Team7-Frontend/ibe-team7-frontend/src/main.tsx","statementMap":{"0":{"start":{"line":7,"column":0},"end":{"line":23,"column":null}},"1":{"start":{"line":25,"column":0},"end":{"line":25,"column":null}}},"fnMap":{},"branchMap":{},"s":{"0":126,"1":126},"f":{},"b":{}}
,"/home/hp/Desktop/IBE-project/IBE-Front-end/IBE-Team7-Frontend/ibe-team7-frontend/src/aws/UserPool.ts": {"path":"/home/hp/Desktop/IBE-project/IBE-Front-end/IBE-Team7-Frontend/ibe-team7-frontend/src/aws/UserPool.ts","statementMap":{"0":{"start":{"line":3,"column":17},"end":{"line":6,"column":null}}},"fnMap":{},"branchMap":{},"s":{"0":126},"f":{},"b":{}}
,"/home/hp/Desktop/IBE-project/IBE-Front-end/IBE-Team7-Frontend/ibe-team7-frontend/src/components/account/Account.tsx": {"path":"/home/hp/Desktop/IBE-project/IBE-Front-end/IBE-Team7-Frontend/ibe-team7-frontend/src/components/account/Account.tsx","statementMap":{"0":{"start":{"line":1,"column":51},"end":{"line":1,"column":null}},"1":{"start":{"line":1,"column":79},"end":{"line":1,"column":null}},"2":{"start":{"line":5,"column":30},"end":{"line":5,"column":null}},"3":{"start":{"line":7,"column":23},"end":{"line":65,"column":2}},"4":{"start":{"line":8,"column":23},"end":{"line":24,"column":null}},"5":{"start":{"line":9,"column":8},"end":{"line":23,"column":null}},"6":{"start":{"line":10,"column":25},"end":{"line":10,"column":null}},"7":{"start":{"line":12,"column":12},"end":{"line":22,"column":null}},"8":{"start":{"line":13,"column":16},"end":{"line":19,"column":null}},"9":{"start":{"line":14,"column":20},"end":{"line":18,"column":null}},"10":{"start":{"line":15,"column":24},"end":{"line":15,"column":null}},"11":{"start":{"line":17,"column":24},"end":{"line":17,"column":null}},"12":{"start":{"line":21,"column":16},"end":{"line":21,"column":null}},"13":{"start":{"line":26,"column":25},"end":{"line":51,"column":null}},"14":{"start":{"line":27,"column":8},"end":{"line":50,"column":null}},"15":{"start":{"line":28,"column":25},"end":{"line":28,"column":null}},"16":{"start":{"line":30,"column":32},"end":{"line":33,"column":null}},"17":{"start":{"line":35,"column":12},"end":{"line":49,"column":null}},"18":{"start":{"line":37,"column":20},"end":{"line":37,"column":null}},"19":{"start":{"line":38,"column":20},"end":{"line":38,"column":null}},"20":{"start":{"line":41,"column":20},"end":{"line":41,"column":null}},"21":{"start":{"line":42,"column":20},"end":{"line":42,"column":null}},"22":{"start":{"line":43,"column":20},"end":{"line":43,"column":null}},"23":{"start":{"line":46,"column":20},"end":{"line":46,"column":null}},"24":{"start":{"line":47,"column":20},"end":{"line":47,"column":null}},"25":{"start":{"line":53,"column":19},"end":{"line":58,"column":null}},"26":{"start":{"line":54,"column":21},"end":{"line":54,"column":null}},"27":{"start":{"line":55,"column":8},"end":{"line":57,"column":null}},"28":{"start":{"line":56,"column":12},"end":{"line":56,"column":null}},"29":{"start":{"line":60,"column":4},"end":{"line":63,"column":null}},"30":{"start":{"line":65,"column":2},"end":{"line":7,"column":20}},"31":{"start":{"line":7,"column":20},"end":{"line":7,"column":23}}},"fnMap":{"0":{"name":"(anonymous_0)","decl":{"start":{"line":1,"column":79},"end":{"line":1,"column":null}},"loc":{"start":{"line":1,"column":79},"end":{"line":1,"column":null}}},"1":{"name":"(anonymous_1)","decl":{"start":{"line":7,"column":23},"end":{"line":7,"column":24}},"loc":{"start":{"line":7,"column":39},"end":{"line":65,"column":2}}},"2":{"name":"(anonymous_2)","decl":{"start":{"line":8,"column":23},"end":{"line":8,"column":35}},"loc":{"start":{"line":8,"column":35},"end":{"line":24,"column":null}}},"3":{"name":"(anonymous_3)","decl":{"start":{"line":9,"column":33},"end":{"line":9,"column":34}},"loc":{"start":{"line":9,"column":54},"end":{"line":23,"column":9}}},"4":{"name":"(anonymous_4)","decl":{"start":{"line":13,"column":32},"end":{"line":13,"column":33}},"loc":{"start":{"line":13,"column":60},"end":{"line":19,"column":17}}},"5":{"name":"(anonymous_5)","decl":{"start":{"line":26,"column":25},"end":{"line":26,"column":32}},"loc":{"start":{"line":26,"column":71},"end":{"line":51,"column":null}}},"6":{"name":"(anonymous_6)","decl":{"start":{"line":27,"column":33},"end":{"line":27,"column":34}},"loc":{"start":{"line":27,"column":54},"end":{"line":50,"column":9}}},"7":{"name":"(anonymous_7)","decl":{"start":{"line":36,"column":27},"end":{"line":36,"column":28}},"loc":{"start":{"line":36,"column":37},"end":{"line":39,"column":null}}},"8":{"name":"(anonymous_8)","decl":{"start":{"line":40,"column":27},"end":{"line":40,"column":28}},"loc":{"start":{"line":40,"column":36},"end":{"line":44,"column":null}}},"9":{"name":"(anonymous_9)","decl":{"start":{"line":45,"column":37},"end":{"line":45,"column":38}},"loc":{"start":{"line":45,"column":47},"end":{"line":48,"column":null}}},"10":{"name":"(anonymous_10)","decl":{"start":{"line":53,"column":19},"end":{"line":53,"column":25}},"loc":{"start":{"line":53,"column":25},"end":{"line":58,"column":null}}}},"branchMap":{"0":{"loc":{"start":{"line":1,"column":51},"end":{"line":1,"column":null}},"type":"binary-expr","locations":[{"start":{"line":1,"column":51},"end":{"line":1,"column":null}},{"start":{"line":1,"column":79},"end":{"line":1,"column":null}}]},"1":{"loc":{"start":{"line":1,"column":79},"end":{"line":1,"column":null}},"type":"if","locations":[{"start":{"line":1,"column":79},"end":{"line":1,"column":null}}]},"2":{"loc":{"start":{"line":1,"column":79},"end":{"line":1,"column":null}},"type":"binary-expr","locations":[{"start":{"line":1,"column":79},"end":{"line":1,"column":null}},{"start":{"line":1,"column":79},"end":{"line":1,"column":null}}]},"3":{"loc":{"start":{"line":12,"column":12},"end":{"line":22,"column":null}},"type":"if","locations":[{"start":{"line":12,"column":12},"end":{"line":22,"column":null}},{"start":{"line":20,"column":19},"end":{"line":22,"column":null}}]},"4":{"loc":{"start":{"line":14,"column":20},"end":{"line":18,"column":null}},"type":"if","locations":[{"start":{"line":14,"column":20},"end":{"line":18,"column":null}},{"start":{"line":16,"column":27},"end":{"line":18,"column":null}}]},"5":{"loc":{"start":{"line":55,"column":8},"end":{"line":57,"column":null}},"type":"if","locations":[{"start":{"line":55,"column":8},"end":{"line":57,"column":null}}]}},"s":{"0":126,"1":882,"2":126,"3":126,"4":246,"5":120,"6":120,"7":120,"8":0,"9":0,"10":0,"11":0,"12":120,"13":246,"14":0,"15":0,"16":0,"17":0,"18":0,"19":0,"20":0,"21":0,"22":0,"23":0,"24":0,"25":246,"26":0,"27":0,"28":0,"29":246,"30":126,"31":126},"f":{"0":126,"1":246,"2":120,"3":120,"4":0,"5":0,"6":0,"7":0,"8":0,"9":0,"10":0},"b":{"0":[126,0],"1":[126],"2":[126,126],"3":[0,120],"4":[0,0],"5":[0]}}
,"/home/hp/Desktop/IBE-project/IBE-Front-end/IBE-Team7-Frontend/ibe-team7-frontend/src/components/checkout/Checkout.tsx": {"path":"/home/hp/Desktop/IBE-project/IBE-Front-end/IBE-Team7-Frontend/ibe-team7-frontend/src/components/checkout/Checkout.tsx","statementMap":{"0":{"start":{"line":1,"column":34},"end":{"line":1,"column":null}},"1":{"start":{"line":1,"column":57},"end":{"line":1,"column":null}},"2":{"start":{"line":8,"column":24},"end":{"line":52,"column":2}},"3":{"start":{"line":8,"column":30},"end":{"line":8,"column":null}},"4":{"start":{"line":9,"column":18},"end":{"line":9,"column":null}},"5":{"start":{"line":11,"column":25},"end":{"line":11,"column":null}},"6":{"start":{"line":12,"column":24},"end":{"line":12,"column":null}},"7":{"start":{"line":14,"column":28},"end":{"line":27,"column":null}},"8":{"start":{"line":17,"column":22},"end":{"line":19,"column":null}},"9":{"start":{"line":22,"column":8},"end":{"line":26,"column":null}},"10":{"start":{"line":29,"column":4},"end":{"line":50,"column":null}},"11":{"start":{"line":34,"column":24},"end":{"line":36,"column":null}},"12":{"start":{"line":52,"column":2},"end":{"line":8,"column":24}},"13":{"start":{"line":8,"column":21},"end":{"line":null,"column":-1}},"14":{"start":{"line":8,"column":21},"end":{"line":8,"column":24}},"15":{"start":{"line":22,"column":48},"end":{"line":23,"column":null}},"16":{"start":{"line":24,"column":21},"end":{"line":24,"column":null}},"17":{"start":{"line":25,"column":21},"end":{"line":25,"column":null}},"18":{"start":{"line":26,"column":9},"end":{"line":26,"column":null}},"19":{"start":{"line":27,"column":4},"end":{"line":27,"column":null}},"20":{"start":{"line":31,"column":12},"end":{"line":31,"column":13}},"21":{"start":{"line":31,"column":27},"end":{"line":32,"column":17}},"22":{"start":{"line":34,"column":25},"end":{"line":34,"column":53}},"23":{"start":{"line":35,"column":28},"end":{"line":35,"column":29}},"24":{"start":{"line":34,"column":24},"end":{"line":34,"column":25}},"25":{"start":{"line":36,"column":24},"end":{"line":36,"column":null}},"26":{"start":{"line":32,"column":16},"end":{"line":32,"column":17}},"27":{"start":{"line":39,"column":12},"end":{"line":39,"column":null}},"28":{"start":{"line":40,"column":13},"end":{"line":40,"column":27}},"29":{"start":{"line":40,"column":12},"end":{"line":40,"column":13}},"30":{"start":{"line":40,"column":55},"end":{"line":40,"column":null}},"31":{"start":{"line":41,"column":13},"end":{"line":41,"column":27}},"32":{"start":{"line":42,"column":21},"end":{"line":42,"column":46}},"33":{"start":{"line":42,"column":46},"end":{"line":42,"column":null}},"34":{"start":{"line":43,"column":26},"end":{"line":null,"column":-1}},"35":{"start":{"line":43,"column":25},"end":{"line":43,"column":26}},"36":{"start":{"line":43,"column":28},"end":{"line":44,"column":21}},"37":{"start":{"line":44,"column":20},"end":{"line":44,"column":28}},"38":{"start":{"line":44,"column":20},"end":{"line":44,"column":21}},"39":{"start":{"line":42,"column":16},"end":{"line":42,"column":17}},"40":{"start":{"line":42,"column":16},"end":{"line":47,"column":null}},"41":{"start":{"line":47,"column":16},"end":{"line":47,"column":null}},"42":{"start":{"line":48,"column":16},"end":{"line":48,"column":17}},"43":{"start":{"line":48,"column":26},"end":{"line":41,"column":13}},"44":{"start":{"line":41,"column":12},"end":{"line":41,"column":13}},"45":{"start":{"line":30,"column":8},"end":{"line":30,"column":9}}},"fnMap":{"0":{"name":"(anonymous_0)","decl":{"start":{"line":1,"column":57},"end":{"line":1,"column":null}},"loc":{"start":{"line":1,"column":57},"end":{"line":1,"column":null}}},"1":{"name":"(anonymous_1)","decl":{"start":{"line":8,"column":24},"end":{"line":8,"column":30}},"loc":{"start":{"line":8,"column":30},"end":{"line":52,"column":2}}},"2":{"name":"(anonymous_2)","decl":{"start":{"line":14,"column":28},"end":{"line":14,"column":34}},"loc":{"start":{"line":14,"column":34},"end":{"line":27,"column":null}}},"3":{"name":"(anonymous_3)","decl":{"start":{"line":33,"column":31},"end":{"line":33,"column":32}},"loc":{"start":{"line":34,"column":24},"end":{"line":36,"column":null}}},"4":{"name":"(anonymous_2)","decl":{"start":{"line":43,"column":25},"end":{"line":43,"column":26}},"loc":{"start":{"line":43,"column":25},"end":{"line":43,"column":26}}},"5":{"name":"(anonymous_3)","decl":{"start":{"line":43,"column":28},"end":{"line":43,"column":null}},"loc":{"start":{"line":44,"column":20},"end":{"line":44,"column":28}}},"6":{"name":"(anonymous_4)","decl":{"start":{"line":44,"column":20},"end":{"line":44,"column":21}},"loc":{"start":{"line":44,"column":20},"end":{"line":44,"column":21}}},"7":{"name":"(anonymous_5)","decl":{"start":{"line":42,"column":16},"end":{"line":42,"column":17}},"loc":{"start":{"line":42,"column":16},"end":{"line":42,"column":17}}},"8":{"name":"(anonymous_7)","decl":{"start":{"line":48,"column":16},"end":{"line":48,"column":17}},"loc":{"start":{"line":48,"column":16},"end":{"line":48,"column":17}}},"9":{"name":"(anonymous_8)","decl":{"start":{"line":48,"column":26},"end":{"line":48,"column":null}},"loc":{"start":{"line":41,"column":12},"end":{"line":41,"column":13}}},"10":{"name":"(anonymous_9)","decl":{"start":{"line":41,"column":12},"end":{"line":41,"column":13}},"loc":{"start":{"line":41,"column":12},"end":{"line":41,"column":13}}}},"branchMap":{"0":{"loc":{"start":{"line":1,"column":34},"end":{"line":1,"column":null}},"type":"binary-expr","locations":[{"start":{"line":1,"column":34},"end":{"line":1,"column":null}},{"start":{"line":1,"column":57},"end":{"line":1,"column":null}}]},"1":{"loc":{"start":{"line":1,"column":57},"end":{"line":1,"column":null}},"type":"if","locations":[{"start":{"line":1,"column":57},"end":{"line":1,"column":null}}]},"2":{"loc":{"start":{"line":1,"column":57},"end":{"line":1,"column":null}},"type":"binary-expr","locations":[{"start":{"line":1,"column":57},"end":{"line":1,"column":null}},{"start":{"line":1,"column":57},"end":{"line":1,"column":null}}]}},"s":{"0":126,"1":1008,"2":40,"3":0,"4":0,"5":0,"6":0,"7":0,"8":0,"9":0,"10":86,"11":86,"12":40,"13":40,"14":40,"15":0,"16":0,"17":0,"18":0,"19":40,"20":0,"21":0,"22":0,"23":0,"24":0,"25":0,"26":0,"27":0,"28":0,"29":0,"30":0,"31":0,"32":0,"33":0,"34":0,"35":0,"36":0,"37":0,"38":0,"39":0,"40":0,"41":0,"42":0,"43":0,"44":0,"45":0},"f":{"0":126,"1":0,"2":0,"3":0,"4":0,"5":0,"6":0,"7":0,"8":0,"9":0,"10":0},"b":{"0":[126,0],"1":[126],"2":[126,126]}}
,"/home/hp/Desktop/IBE-project/IBE-Front-end/IBE-Team7-Frontend/ibe-team7-frontend/src/components/checkout/YupSchema.ts": {"path":"/home/hp/Desktop/IBE-project/IBE-Front-end/IBE-Team7-Frontend/ibe-team7-frontend/src/components/checkout/YupSchema.ts","statementMap":{"0":{"start":{"line":3,"column":35},"end":{"line":18,"column":null}},"1":{"start":{"line":20,"column":33},"end":{"line":40,"column":null}},"2":{"start":{"line":42,"column":33},"end":{"line":52,"column":null}}},"fnMap":{},"branchMap":{},"s":{"0":86,"1":86,"2":86},"f":{},"b":{}}
,"/home/hp/Desktop/IBE-project/IBE-Front-end/IBE-Team7-Frontend/ibe-team7-frontend/src/components/confirmation/Confirmation.tsx": {"path":"/home/hp/Desktop/IBE-project/IBE-Front-end/IBE-Team7-Frontend/ibe-team7-frontend/src/components/confirmation/Confirmation.tsx","statementMap":{"0":{"start":{"line":1,"column":28},"end":{"line":1,"column":null}},"1":{"start":{"line":25,"column":28},"end":{"line":691,"column":2}},"2":{"start":{"line":25,"column":34},"end":{"line":25,"column":null}},"3":{"start":{"line":26,"column":19},"end":{"line":26,"column":null}},"4":{"start":{"line":31,"column":26},"end":{"line":31,"column":null}},"5":{"start":{"line":32,"column":46},"end":{"line":32,"column":null}},"6":{"start":{"line":34,"column":36},"end":{"line":34,"column":null}},"7":{"start":{"line":35,"column":26},"end":{"line":35,"column":null}},"8":{"start":{"line":36,"column":40},"end":{"line":36,"column":null}},"9":{"start":{"line":37,"column":36},"end":{"line":37,"column":null}},"10":{"start":{"line":38,"column":34},"end":{"line":38,"column":null}},"11":{"start":{"line":39,"column":44},"end":{"line":39,"column":null}},"12":{"start":{"line":40,"column":44},"end":{"line":40,"column":null}},"13":{"start":{"line":41,"column":36},"end":{"line":41,"column":null}},"14":{"start":{"line":42,"column":36},"end":{"line":42,"column":null}},"15":{"start":{"line":43,"column":28},"end":{"line":43,"column":null}},"16":{"start":{"line":44,"column":30},"end":{"line":44,"column":null}},"17":{"start":{"line":45,"column":34},"end":{"line":45,"column":null}},"18":{"start":{"line":46,"column":26},"end":{"line":46,"column":null}},"19":{"start":{"line":47,"column":52},"end":{"line":47,"column":null}},"20":{"start":{"line":48,"column":50},"end":{"line":48,"column":null}},"21":{"start":{"line":49,"column":54},"end":{"line":49,"column":null}},"22":{"start":{"line":50,"column":52},"end":{"line":50,"column":null}},"23":{"start":{"line":51,"column":46},"end":{"line":51,"column":null}},"24":{"start":{"line":52,"column":46},"end":{"line":52,"column":null}},"25":{"start":{"line":54,"column":38},"end":{"line":54,"column":null}},"26":{"start":{"line":55,"column":34},"end":{"line":55,"column":null}},"27":{"start":{"line":56,"column":40},"end":{"line":56,"column":null}},"28":{"start":{"line":57,"column":36},"end":{"line":57,"column":null}},"29":{"start":{"line":58,"column":38},"end":{"line":58,"column":null}},"30":{"start":{"line":59,"column":34},"end":{"line":59,"column":null}},"31":{"start":{"line":61,"column":48},"end":{"line":61,"column":null}},"32":{"start":{"line":62,"column":46},"end":{"line":62,"column":null}},"33":{"start":{"line":63,"column":40},"end":{"line":63,"column":null}},"34":{"start":{"line":65,"column":48},"end":{"line":65,"column":null}},"35":{"start":{"line":67,"column":26},"end":{"line":69,"column":null}},"36":{"start":{"line":68,"column":30},"end":{"line":68,"column":null}},"37":{"start":{"line":71,"column":25},"end":{"line":73,"column":null}},"38":{"start":{"line":72,"column":30},"end":{"line":72,"column":null}},"39":{"start":{"line":76,"column":8},"end":{"line":78,"column":null}},"40":{"start":{"line":76,"column":27},"end":{"line":78,"column":null}},"41":{"start":{"line":77,"column":12},"end":{"line":77,"column":null}},"42":{"start":{"line":80,"column":22},"end":{"line":82,"column":null}},"43":{"start":{"line":81,"column":8},"end":{"line":81,"column":null}},"44":{"start":{"line":84,"column":4},"end":{"line":147,"column":null}},"45":{"start":{"line":85,"column":26},"end":{"line":144,"column":null}},"46":{"start":{"line":86,"column":29},"end":{"line":88,"column":null}},"47":{"start":{"line":90,"column":12},"end":{"line":99,"column":null}},"48":{"start":{"line":96,"column":16},"end":{"line":96,"column":null}},"49":{"start":{"line":97,"column":16},"end":{"line":97,"column":null}},"50":{"start":{"line":98,"column":16},"end":{"line":98,"column":null}},"51":{"start":{"line":101,"column":12},"end":{"line":101,"column":null}},"52":{"start":{"line":102,"column":12},"end":{"line":102,"column":null}},"53":{"start":{"line":103,"column":12},"end":{"line":103,"column":null}},"54":{"start":{"line":104,"column":12},"end":{"line":104,"column":null}},"55":{"start":{"line":105,"column":12},"end":{"line":105,"column":null}},"56":{"start":{"line":106,"column":12},"end":{"line":106,"column":null}},"57":{"start":{"line":107,"column":12},"end":{"line":107,"column":null}},"58":{"start":{"line":108,"column":12},"end":{"line":108,"column":null}},"59":{"start":{"line":110,"column":12},"end":{"line":110,"column":null}},"60":{"start":{"line":111,"column":12},"end":{"line":111,"column":null}},"61":{"start":{"line":112,"column":12},"end":{"line":112,"column":null}},"62":{"start":{"line":113,"column":12},"end":{"line":113,"column":null}},"63":{"start":{"line":114,"column":12},"end":{"line":114,"column":null}},"64":{"start":{"line":115,"column":12},"end":{"line":115,"column":null}},"65":{"start":{"line":117,"column":12},"end":{"line":117,"column":null}},"66":{"start":{"line":118,"column":12},"end":{"line":118,"column":null}},"67":{"start":{"line":119,"column":12},"end":{"line":119,"column":null}},"68":{"start":{"line":120,"column":12},"end":{"line":120,"column":null}},"69":{"start":{"line":122,"column":36},"end":{"line":122,"column":null}},"70":{"start":{"line":123,"column":12},"end":{"line":123,"column":null}},"71":{"start":{"line":124,"column":12},"end":{"line":124,"column":null}},"72":{"start":{"line":125,"column":12},"end":{"line":125,"column":null}},"73":{"start":{"line":127,"column":34},"end":{"line":127,"column":null}},"74":{"start":{"line":128,"column":12},"end":{"line":128,"column":null}},"75":{"start":{"line":129,"column":12},"end":{"line":129,"column":null}},"76":{"start":{"line":130,"column":12},"end":{"line":130,"column":null}},"77":{"start":{"line":132,"column":29},"end":{"line":135,"column":null}},"78":{"start":{"line":137,"column":12},"end":{"line":137,"column":null}},"79":{"start":{"line":139,"column":12},"end":{"line":139,"column":null}},"80":{"start":{"line":140,"column":12},"end":{"line":142,"column":null}},"81":{"start":{"line":143,"column":12},"end":{"line":143,"column":null}},"82":{"start":{"line":146,"column":8},"end":{"line":146,"column":null}},"83":{"start":{"line":149,"column":25},"end":{"line":184,"column":null}},"84":{"start":{"line":151,"column":23},"end":{"line":151,"column":null}},"85":{"start":{"line":152,"column":8},"end":{"line":152,"column":null}},"86":{"start":{"line":155,"column":29},"end":{"line":160,"column":null}},"87":{"start":{"line":162,"column":23},"end":{"line":179,"column":null}},"88":{"start":{"line":181,"column":8},"end":{"line":181,"column":null}},"89":{"start":{"line":183,"column":8},"end":{"line":183,"column":null}},"90":{"start":{"line":186,"column":24},"end":{"line":191,"column":null}},"91":{"start":{"line":187,"column":8},"end":{"line":187,"column":null}},"92":{"start":{"line":188,"column":8},"end":{"line":190,"column":null}},"93":{"start":{"line":189,"column":12},"end":{"line":189,"column":null}},"94":{"start":{"line":193,"column":25},"end":{"line":207,"column":null}},"95":{"start":{"line":195,"column":12},"end":{"line":195,"column":null}},"96":{"start":{"line":201,"column":23},"end":{"line":201,"column":null}},"97":{"start":{"line":205,"column":12},"end":{"line":205,"column":null}},"98":{"start":{"line":209,"column":16},"end":{"line":217,"column":null}},"99":{"start":{"line":219,"column":26},"end":{"line":256,"column":null}},"100":{"start":{"line":224,"column":29},"end":{"line":232,"column":null}},"101":{"start":{"line":234,"column":23},"end":{"line":251,"column":null}},"102":{"start":{"line":253,"column":8},"end":{"line":253,"column":null}},"103":{"start":{"line":255,"column":8},"end":{"line":255,"column":null}},"104":{"start":{"line":258,"column":4},"end":{"line":689,"column":null}},"105":{"start":{"line":299,"column":47},"end":{"line":299,"column":null}},"106":{"start":{"line":691,"column":2},"end":{"line":193,"column":41}},"107":{"start":{"line":25,"column":25},"end":{"line":193,"column":41}},"108":{"start":{"line":193,"column":40},"end":{"line":25,"column":25}},"109":{"start":{"line":693,"column":18},"end":{"line":697,"column":4}},"110":{"start":{"line":694,"column":4},"end":{"line":694,"column":null}},"111":{"start":{"line":695,"column":10},"end":{"line":697,"column":2}},"112":{"start":{"line":697,"column":4},"end":{"line":693,"column":18}},"113":{"start":{"line":699,"column":25},"end":{"line":702,"column":4}},"114":{"start":{"line":699,"column":69},"end":{"line":702,"column":2}},"115":{"start":{"line":702,"column":4},"end":{"line":699,"column":25}},"116":{"start":{"line":704,"column":25},"end":{"line":718,"column":4}},"117":{"start":{"line":705,"column":4},"end":{"line":707,"column":null}},"118":{"start":{"line":709,"column":19},"end":{"line":718,"column":2}},"119":{"start":{"line":718,"column":4},"end":{"line":704,"column":22}},"120":{"start":{"line":704,"column":22},"end":{"line":704,"column":25}}},"fnMap":{"0":{"name":"(anonymous_0)","decl":{"start":{"line":1,"column":28},"end":{"line":1,"column":null}},"loc":{"start":{"line":1,"column":28},"end":{"line":1,"column":null}}},"1":{"name":"(anonymous_1)","decl":{"start":{"line":25,"column":28},"end":{"line":25,"column":34}},"loc":{"start":{"line":25,"column":34},"end":{"line":691,"column":2}}},"2":{"name":"(anonymous_2)","decl":{"start":{"line":68,"column":8},"end":{"line":68,"column":9}},"loc":{"start":{"line":68,"column":30},"end":{"line":68,"column":null}}},"3":{"name":"(anonymous_3)","decl":{"start":{"line":72,"column":8},"end":{"line":72,"column":9}},"loc":{"start":{"line":72,"column":30},"end":{"line":72,"column":null}}},"4":{"name":"(anonymous_4)","decl":{"start":{"line":76,"column":8},"end":{"line":76,"column":9}},"loc":{"start":{"line":76,"column":27},"end":{"line":78,"column":null}}},"5":{"name":"(anonymous_5)","decl":{"start":{"line":76,"column":27},"end":{"line":76,"column":28}},"loc":{"start":{"line":76,"column":78},"end":{"line":78,"column":null}}},"6":{"name":"(anonymous_6)","decl":{"start":{"line":80,"column":22},"end":{"line":80,"column":23}},"loc":{"start":{"line":80,"column":49},"end":{"line":82,"column":null}}},"7":{"name":"(anonymous_7)","decl":{"start":{"line":84,"column":14},"end":{"line":84,"column":20}},"loc":{"start":{"line":84,"column":20},"end":{"line":147,"column":7}}},"8":{"name":"(anonymous_8)","decl":{"start":{"line":85,"column":26},"end":{"line":85,"column":38}},"loc":{"start":{"line":85,"column":38},"end":{"line":144,"column":null}}},"9":{"name":"(anonymous_9)","decl":{"start":{"line":149,"column":25},"end":{"line":149,"column":31}},"loc":{"start":{"line":149,"column":31},"end":{"line":184,"column":null}}},"10":{"name":"(anonymous_10)","decl":{"start":{"line":186,"column":24},"end":{"line":186,"column":30}},"loc":{"start":{"line":186,"column":30},"end":{"line":191,"column":null}}},"11":{"name":"(anonymous_11)","decl":{"start":{"line":188,"column":19},"end":{"line":188,"column":25}},"loc":{"start":{"line":188,"column":25},"end":{"line":190,"column":11}}},"12":{"name":"(anonymous_12)","decl":{"start":{"line":194,"column":28},"end":{"line":194,"column":34}},"loc":{"start":{"line":194,"column":34},"end":{"line":196,"column":null}}},"13":{"name":"(anonymous_13)","decl":{"start":{"line":201,"column":17},"end":{"line":201,"column":23}},"loc":{"start":{"line":201,"column":23},"end":{"line":201,"column":null}}},"14":{"name":"(anonymous_14)","decl":{"start":{"line":204,"column":22},"end":{"line":204,"column":28}},"loc":{"start":{"line":204,"column":28},"end":{"line":206,"column":null}}},"15":{"name":"(anonymous_15)","decl":{"start":{"line":219,"column":26},"end":{"line":219,"column":32}},"loc":{"start":{"line":219,"column":32},"end":{"line":256,"column":null}}},"16":{"name":"(anonymous_16)","decl":{"start":{"line":299,"column":41},"end":{"line":299,"column":47}},"loc":{"start":{"line":299,"column":47},"end":{"line":299,"column":null}}},"17":{"name":"(anonymous_17)","decl":{"start":{"line":25,"column":25},"end":{"line":25,"column":28}},"loc":{"start":{"line":25,"column":25},"end":{"line":193,"column":41}}},"18":{"name":"(anonymous_18)","decl":{"start":{"line":693,"column":25},"end":{"line":693,"column":26}},"loc":{"start":{"line":694,"column":4},"end":{"line":694,"column":null}}},"19":{"name":"(anonymous_19)","decl":{"start":{"line":695,"column":3},"end":{"line":695,"column":10}},"loc":{"start":{"line":695,"column":10},"end":{"line":697,"column":2}}},"20":{"name":"(anonymous_20)","decl":{"start":{"line":699,"column":53},"end":{"line":699,"column":54}},"loc":{"start":{"line":699,"column":69},"end":{"line":702,"column":2}}},"21":{"name":"(anonymous_21)","decl":{"start":{"line":704,"column":32},"end":{"line":704,"column":33}},"loc":{"start":{"line":705,"column":4},"end":{"line":707,"column":null}}},"22":{"name":"(anonymous_22)","decl":{"start":{"line":709,"column":3},"end":{"line":709,"column":4}},"loc":{"start":{"line":709,"column":19},"end":{"line":718,"column":2}}}},"branchMap":{"0":{"loc":{"start":{"line":1,"column":28},"end":{"line":1,"column":null}},"type":"binary-expr","locations":[{"start":{"line":1,"column":28},"end":{"line":1,"column":null}},{"start":{"line":1,"column":28},"end":{"line":1,"column":null}}]},"1":{"loc":{"start":{"line":1,"column":28},"end":{"line":1,"column":null}},"type":"if","locations":[{"start":{"line":1,"column":28},"end":{"line":1,"column":null}}]},"2":{"loc":{"start":{"line":77,"column":24},"end":{"line":77,"column":51}},"type":"cond-expr","locations":[{"start":{"line":77,"column":38},"end":{"line":77,"column":46}},{"start":{"line":77,"column":46},"end":{"line":77,"column":51}}]},"3":{"loc":{"start":{"line":90,"column":12},"end":{"line":99,"column":null}},"type":"if","locations":[{"start":{"line":90,"column":12},"end":{"line":99,"column":null}}]},"4":{"loc":{"start":{"line":91,"column":16},"end":{"line":94,"column":null}},"type":"binary-expr","locations":[{"start":{"line":91,"column":16},"end":{"line":91,"column":null}},{"start":{"line":92,"column":16},"end":{"line":92,"column":null}},{"start":{"line":93,"column":16},"end":{"line":93,"column":null}},{"start":{"line":94,"column":16},"end":{"line":94,"column":null}}]},"5":{"loc":{"start":{"line":297,"column":25},"end":{"line":301,"column":null}},"type":"binary-expr","locations":[{"start":{"line":297,"column":25},"end":{"line":297,"column":null}},{"start":{"line":298,"column":28},"end":{"line":301,"column":null}}]},"6":{"loc":{"start":{"line":353,"column":33},"end":{"line":359,"column":41}},"type":"cond-expr","locations":[{"start":{"line":354,"column":39},"end":{"line":356,"column":null}},{"start":{"line":357,"column":39},"end":{"line":359,"column":41}}]},"7":{"loc":{"start":{"line":370,"column":32},"end":{"line":370,"column":null}},"type":"binary-expr","locations":[{"start":{"line":370,"column":32},"end":{"line":370,"column":57}},{"start":{"line":370,"column":57},"end":{"line":370,"column":null}}]},"8":{"loc":{"start":{"line":390,"column":49},"end":{"line":398,"column":null}},"type":"cond-expr","locations":[{"start":{"line":391,"column":55},"end":{"line":394,"column":null}},{"start":{"line":395,"column":55},"end":{"line":398,"column":null}}]},"9":{"loc":{"start":{"line":406,"column":49},"end":{"line":416,"column":null}},"type":"cond-expr","locations":[{"start":{"line":407,"column":55},"end":{"line":411,"column":null}},{"start":{"line":412,"column":55},"end":{"line":416,"column":null}}]},"10":{"loc":{"start":{"line":424,"column":49},"end":{"line":436,"column":null}},"type":"cond-expr","locations":[{"start":{"line":425,"column":55},"end":{"line":430,"column":null}},{"start":{"line":431,"column":55},"end":{"line":436,"column":null}}]},"11":{"loc":{"start":{"line":444,"column":49},"end":{"line":456,"column":null}},"type":"cond-expr","locations":[{"start":{"line":445,"column":55},"end":{"line":450,"column":null}},{"start":{"line":451,"column":55},"end":{"line":456,"column":null}}]},"12":{"loc":{"start":{"line":464,"column":49},"end":{"line":476,"column":null}},"type":"cond-expr","locations":[{"start":{"line":465,"column":55},"end":{"line":470,"column":null}},{"start":{"line":471,"column":55},"end":{"line":476,"column":null}}]},"13":{"loc":{"start":{"line":485,"column":32},"end":{"line":485,"column":null}},"type":"binary-expr","locations":[{"start":{"line":485,"column":32},"end":{"line":485,"column":57}},{"start":{"line":485,"column":57},"end":{"line":485,"column":null}}]},"14":{"loc":{"start":{"line":540,"column":32},"end":{"line":540,"column":null}},"type":"binary-expr","locations":[{"start":{"line":540,"column":32},"end":{"line":540,"column":57}},{"start":{"line":540,"column":57},"end":{"line":540,"column":null}}]},"15":{"loc":{"start":{"line":643,"column":32},"end":{"line":643,"column":null}},"type":"binary-expr","locations":[{"start":{"line":643,"column":32},"end":{"line":643,"column":57}},{"start":{"line":643,"column":57},"end":{"line":643,"column":null}}]}},"s":{"0":1032,"1":86,"2":0,"3":0,"4":0,"5":0,"6":0,"7":0,"8":0,"9":0,"10":0,"11":0,"12":0,"13":0,"14":0,"15":0,"16":0,"17":0,"18":0,"19":0,"20":0,"21":0,"22":0,"23":0,"24":0,"25":0,"26":0,"27":0,"28":0,"29":0,"30":0,"31":0,"32":0,"33":0,"34":0,"35":0,"36":0,"37":0,"38":0,"39":0,"40":0,"41":0,"42":0,"43":0,"44":0,"45":0,"46":0,"47":0,"48":0,"49":0,"50":0,"51":0,"52":0,"53":0,"54":0,"55":0,"56":0,"57":0,"58":0,"59":0,"60":0,"61":0,"62":0,"63":0,"64":0,"65":0,"66":0,"67":0,"68":0,"69":0,"70":0,"71":0,"72":0,"73":0,"74":0,"75":0,"76":0,"77":0,"78":0,"79":0,"80":0,"81":0,"82":0,"83":0,"84":0,"85":0,"86":0,"87":0,"88":0,"89":0,"90":0,"91":0,"92":0,"93":0,"94":0,"95":0,"96":0,"97":0,"98":0,"99":0,"100":0,"101":0,"102":0,"103":0,"104":0,"105":0,"106":86,"107":0,"108":86,"109":86,"110":0,"111":0,"112":86,"113":86,"114":0,"115":86,"116":86,"117":0,"118":0,"119":86,"120":344},"f":{"0":344,"1":0,"2":0,"3":0,"4":0,"5":0,"6":0,"7":0,"8":0,"9":0,"10":0,"11":0,"12":0,"13":0,"14":0,"15":0,"16":0,"17":0,"18":0,"19":0,"20":0,"21":0,"22":0},"b":{"0":[172,86],"1":[86],"2":[0,0],"3":[0],"4":[0,0,0,0],"5":[0,0],"6":[0,0],"7":[0,0],"8":[0,0],"9":[0,0],"10":[0,0],"11":[0,0],"12":[0,0],"13":[0,0],"14":[0,0],"15":[0,0]}}
,"/home/hp/Desktop/IBE-project/IBE-Front-end/IBE-Team7-Frontend/ibe-team7-frontend/src/components/confirmation/OTPModal.tsx": {"path":"/home/hp/Desktop/IBE-project/IBE-Front-end/IBE-Team7-Frontend/ibe-team7-frontend/src/components/confirmation/OTPModal.tsx","statementMap":{"0":{"start":{"line":1,"column":24},"end":{"line":1,"column":null}},"1":{"start":{"line":18,"column":27},"end":{"line":18,"column":null}},"2":{"start":{"line":19,"column":26},"end":{"line":19,"column":null}},"3":{"start":{"line":20,"column":32},"end":{"line":20,"column":null}},"4":{"start":{"line":21,"column":36},"end":{"line":21,"column":null}},"5":{"start":{"line":23,"column":21},"end":{"line":23,"column":null}},"6":{"start":{"line":25,"column":24},"end":{"line":27,"column":null}},"7":{"start":{"line":26,"column":8},"end":{"line":26,"column":null}},"8":{"start":{"line":29,"column":25},"end":{"line":55,"column":null}},"9":{"start":{"line":30,"column":8},"end":{"line":34,"column":null}},"10":{"start":{"line":31,"column":12},"end":{"line":31,"column":null}},"11":{"start":{"line":32,"column":12},"end":{"line":32,"column":null}},"12":{"start":{"line":33,"column":12},"end":{"line":33,"column":null}},"13":{"start":{"line":35,"column":8},"end":{"line":39,"column":null}},"14":{"start":{"line":36,"column":12},"end":{"line":36,"column":null}},"15":{"start":{"line":37,"column":12},"end":{"line":37,"column":null}},"16":{"start":{"line":38,"column":12},"end":{"line":38,"column":null}},"17":{"start":{"line":40,"column":8},"end":{"line":40,"column":null}},"18":{"start":{"line":41,"column":8},"end":{"line":41,"column":null}},"19":{"start":{"line":42,"column":8},"end":{"line":54,"column":null}},"20":{"start":{"line":43,"column":12},"end":{"line":43,"column":null}},"21":{"start":{"line":44,"column":12},"end":{"line":44,"column":null}},"22":{"start":{"line":46,"column":12},"end":{"line":46,"column":null}},"23":{"start":{"line":47,"column":12},"end":{"line":47,"column":null}},"24":{"start":{"line":48,"column":12},"end":{"line":52,"column":null}},"25":{"start":{"line":53,"column":12},"end":{"line":53,"column":null}},"26":{"start":{"line":57,"column":28},"end":{"line":59,"column":null}},"27":{"start":{"line":58,"column":8},"end":{"line":58,"column":null}},"28":{"start":{"line":61,"column":4},"end":{"line":110,"column":null}},"29":{"start":{"line":112,"column":1},"end":{"line":23,"column":33}},"30":{"start":{"line":14,"column":24},"end":{"line":23,"column":33}},"31":{"start":{"line":23,"column":32},"end":{"line":14,"column":24}},"32":{"start":{"line":14,"column":24},"end":{"line":14,"column":25}}},"fnMap":{"0":{"name":"(anonymous_0)","decl":{"start":{"line":1,"column":24},"end":{"line":1,"column":null}},"loc":{"start":{"line":1,"column":24},"end":{"line":1,"column":null}}},"1":{"name":"OTPModal","decl":{"start":{"line":14,"column":16},"end":{"line":14,"column":24}},"loc":{"start":{"line":18,"column":27},"end":{"line":112,"column":1}}},"2":{"name":"(anonymous_2)","decl":{"start":{"line":25,"column":24},"end":{"line":25,"column":30}},"loc":{"start":{"line":25,"column":30},"end":{"line":27,"column":null}}},"3":{"name":"(anonymous_3)","decl":{"start":{"line":29,"column":25},"end":{"line":29,"column":37}},"loc":{"start":{"line":29,"column":37},"end":{"line":55,"column":null}}},"4":{"name":"(anonymous_4)","decl":{"start":{"line":57,"column":28},"end":{"line":57,"column":29}},"loc":{"start":{"line":57,"column":76},"end":{"line":59,"column":null}}},"5":{"name":"(anonymous_5)","decl":{"start":{"line":14,"column":24},"end":{"line":14,"column":25}},"loc":{"start":{"line":14,"column":24},"end":{"line":23,"column":33}}}},"branchMap":{"0":{"loc":{"start":{"line":1,"column":24},"end":{"line":1,"column":null}},"type":"binary-expr","locations":[{"start":{"line":1,"column":24},"end":{"line":1,"column":null}},{"start":{"line":1,"column":24},"end":{"line":1,"column":null}}]},"1":{"loc":{"start":{"line":1,"column":24},"end":{"line":1,"column":null}},"type":"if","locations":[{"start":{"line":1,"column":24},"end":{"line":1,"column":null}}]},"2":{"loc":{"start":{"line":30,"column":8},"end":{"line":34,"column":null}},"type":"if","locations":[{"start":{"line":30,"column":8},"end":{"line":34,"column":null}}]},"3":{"loc":{"start":{"line":35,"column":8},"end":{"line":39,"column":null}},"type":"if","locations":[{"start":{"line":35,"column":8},"end":{"line":39,"column":null}}]},"4":{"loc":{"start":{"line":42,"column":8},"end":{"line":54,"column":null}},"type":"if","locations":[{"start":{"line":42,"column":8},"end":{"line":54,"column":null}},{"start":{"line":45,"column":15},"end":{"line":54,"column":null}}]},"5":{"loc":{"start":{"line":70,"column":17},"end":{"line":102,"column":null}},"type":"binary-expr","locations":[{"start":{"line":70,"column":17},"end":{"line":70,"column":null}},{"start":{"line":71,"column":20},"end":{"line":102,"column":null}}]},"6":{"loc":{"start":{"line":104,"column":17},"end":{"line":107,"column":null}},"type":"binary-expr","locations":[{"start":{"line":104,"column":17},"end":{"line":104,"column":null}},{"start":{"line":105,"column":20},"end":{"line":107,"column":null}}]}},"s":{"0":774,"1":0,"2":0,"3":0,"4":0,"5":0,"6":0,"7":0,"8":0,"9":0,"10":0,"11":0,"12":0,"13":0,"14":0,"15":0,"16":0,"17":0,"18":0,"19":0,"20":0,"21":0,"22":0,"23":0,"24":0,"25":0,"26":0,"27":0,"28":0,"29":86,"30":0,"31":86,"32":86},"f":{"0":86,"1":0,"2":0,"3":0,"4":0,"5":0},"b":{"0":[172,86],"1":[86],"2":[0],"3":[0],"4":[0,0],"5":[0,0],"6":[0,0]}}
,"/home/hp/Desktop/IBE-project/IBE-Front-end/IBE-Team7-Frontend/ibe-team7-frontend/src/components/footer/Footer.tsx": {"path":"/home/hp/Desktop/IBE-project/IBE-Front-end/IBE-Team7-Frontend/ibe-team7-frontend/src/components/footer/Footer.tsx","statementMap":{"0":{"start":{"line":1,"column":22},"end":{"line":1,"column":null}},"1":{"start":{"line":5,"column":25},"end":{"line":5,"column":null}},"2":{"start":{"line":6,"column":18},"end":{"line":6,"column":null}},"3":{"start":{"line":7,"column":4},"end":{"line":16,"column":null}},"4":{"start":{"line":18,"column":1},"end":{"line":6,"column":33}},"5":{"start":{"line":5,"column":22},"end":{"line":6,"column":33}},"6":{"start":{"line":6,"column":32},"end":{"line":5,"column":22}},"7":{"start":{"line":5,"column":22},"end":{"line":5,"column":25}}},"fnMap":{"0":{"name":"(anonymous_0)","decl":{"start":{"line":1,"column":22},"end":{"line":1,"column":null}},"loc":{"start":{"line":1,"column":22},"end":{"line":1,"column":null}}},"1":{"name":"Footer","decl":{"start":{"line":5,"column":16},"end":{"line":5,"column":22}},"loc":{"start":{"line":5,"column":25},"end":{"line":18,"column":1}}},"2":{"name":"(anonymous_2)","decl":{"start":{"line":5,"column":22},"end":{"line":5,"column":25}},"loc":{"start":{"line":5,"column":22},"end":{"line":6,"column":33}}}},"branchMap":{"0":{"loc":{"start":{"line":1,"column":22},"end":{"line":1,"column":null}},"type":"binary-expr","locations":[{"start":{"line":1,"column":22},"end":{"line":1,"column":null}},{"start":{"line":1,"column":22},"end":{"line":1,"column":null}}]},"1":{"loc":{"start":{"line":1,"column":22},"end":{"line":1,"column":null}},"type":"if","locations":[{"start":{"line":1,"column":22},"end":{"line":1,"column":null}}]}},"s":{"0":1134,"1":299,"2":299,"3":179,"4":126,"5":120,"6":126,"7":126},"f":{"0":126,"1":299,"2":120},"b":{"0":[252,126],"1":[126]}}
,"/home/hp/Desktop/IBE-project/IBE-Front-end/IBE-Team7-Frontend/ibe-team7-frontend/src/components/header/Header.tsx": {"path":"/home/hp/Desktop/IBE-project/IBE-Front-end/IBE-Team7-Frontend/ibe-team7-frontend/src/components/header/Header.tsx","statementMap":{"0":{"start":{"line":1,"column":22},"end":{"line":1,"column":null}},"1":{"start":{"line":13,"column":25},"end":{"line":13,"column":null}},"2":{"start":{"line":14,"column":21},"end":{"line":14,"column":null}},"3":{"start":{"line":15,"column":21},"end":{"line":15,"column":null}},"4":{"start":{"line":16,"column":18},"end":{"line":16,"column":null}},"5":{"start":{"line":18,"column":33},"end":{"line":21,"column":null}},"6":{"start":{"line":19,"column":33},"end":{"line":19,"column":null}},"7":{"start":{"line":20,"column":8},"end":{"line":20,"column":null}},"8":{"start":{"line":23,"column":33},"end":{"line":48,"column":null}},"9":{"start":{"line":26,"column":33},"end":{"line":26,"column":null}},"10":{"start":{"line":27,"column":8},"end":{"line":27,"column":null}},"11":{"start":{"line":29,"column":8},"end":{"line":47,"column":null}},"12":{"start":{"line":30,"column":29},"end":{"line":32,"column":null}},"13":{"start":{"line":33,"column":12},"end":{"line":35,"column":null}},"14":{"start":{"line":34,"column":16},"end":{"line":34,"column":null}},"15":{"start":{"line":36,"column":25},"end":{"line":36,"column":null}},"16":{"start":{"line":37,"column":12},"end":{"line":37,"column":null}},"17":{"start":{"line":39,"column":12},"end":{"line":44,"column":null}},"18":{"start":{"line":46,"column":12},"end":{"line":46,"column":null}},"19":{"start":{"line":50,"column":32},"end":{"line":50,"column":null}},"20":{"start":{"line":52,"column":35},"end":{"line":52,"column":null}},"21":{"start":{"line":54,"column":4},"end":{"line":70,"column":null}},"22":{"start":{"line":55,"column":8},"end":{"line":69,"column":null}},"23":{"start":{"line":57,"column":16},"end":{"line":57,"column":null}},"24":{"start":{"line":58,"column":16},"end":{"line":65,"column":null}},"25":{"start":{"line":68,"column":16},"end":{"line":68,"column":null}},"26":{"start":{"line":72,"column":25},"end":{"line":76,"column":null}},"27":{"start":{"line":73,"column":8},"end":{"line":73,"column":null}},"28":{"start":{"line":74,"column":8},"end":{"line":74,"column":null}},"29":{"start":{"line":75,"column":8},"end":{"line":75,"column":null}},"30":{"start":{"line":78,"column":4},"end":{"line":131,"column":null}},"31":{"start":{"line":133,"column":1},"end":{"line":16,"column":33}},"32":{"start":{"line":13,"column":22},"end":{"line":16,"column":33}},"33":{"start":{"line":16,"column":32},"end":{"line":13,"column":22}},"34":{"start":{"line":13,"column":22},"end":{"line":13,"column":25}}},"fnMap":{"0":{"name":"(anonymous_0)","decl":{"start":{"line":1,"column":22},"end":{"line":1,"column":null}},"loc":{"start":{"line":1,"column":22},"end":{"line":1,"column":null}}},"1":{"name":"Header","decl":{"start":{"line":13,"column":16},"end":{"line":13,"column":22}},"loc":{"start":{"line":13,"column":25},"end":{"line":133,"column":1}}},"2":{"name":"(anonymous_2)","decl":{"start":{"line":18,"column":33},"end":{"line":18,"column":34}},"loc":{"start":{"line":18,"column":76},"end":{"line":21,"column":null}}},"3":{"name":"(anonymous_3)","decl":{"start":{"line":23,"column":33},"end":{"line":23,"column":null}},"loc":{"start":{"line":25,"column":9},"end":{"line":48,"column":null}}},"4":{"name":"(anonymous_4)","decl":{"start":{"line":54,"column":14},"end":{"line":54,"column":20}},"loc":{"start":{"line":54,"column":20},"end":{"line":70,"column":7}}},"5":{"name":"(anonymous_5)","decl":{"start":{"line":56,"column":18},"end":{"line":56,"column":19}},"loc":{"start":{"line":56,"column":36},"end":{"line":66,"column":13}}},"6":{"name":"(anonymous_6)","decl":{"start":{"line":67,"column":19},"end":{"line":67,"column":25}},"loc":{"start":{"line":67,"column":25},"end":{"line":69,"column":13}}},"7":{"name":"(anonymous_7)","decl":{"start":{"line":72,"column":25},"end":{"line":72,"column":31}},"loc":{"start":{"line":72,"column":31},"end":{"line":76,"column":null}}},"8":{"name":"(anonymous_8)","decl":{"start":{"line":13,"column":22},"end":{"line":13,"column":25}},"loc":{"start":{"line":13,"column":22},"end":{"line":16,"column":33}}}},"branchMap":{"0":{"loc":{"start":{"line":1,"column":22},"end":{"line":1,"column":null}},"type":"binary-expr","locations":[{"start":{"line":1,"column":22},"end":{"line":1,"column":null}},{"start":{"line":1,"column":22},"end":{"line":1,"column":null}}]},"1":{"loc":{"start":{"line":1,"column":22},"end":{"line":1,"column":null}},"type":"if","locations":[{"start":{"line":1,"column":22},"end":{"line":1,"column":null}}]},"2":{"loc":{"start":{"line":33,"column":12},"end":{"line":35,"column":null}},"type":"if","locations":[{"start":{"line":33,"column":12},"end":{"line":35,"column":null}}]},"3":{"loc":{"start":{"line":121,"column":17},"end":{"line":128,"column":null}},"type":"cond-expr","locations":[{"start":{"line":122,"column":20},"end":{"line":124,"column":null}},{"start":{"line":126,"column":20},"end":{"line":128,"column":null}}]}},"s":{"0":1134,"1":250,"2":250,"3":124,"4":124,"5":124,"6":6,"7":6,"8":124,"9":6,"10":6,"11":6,"12":6,"13":0,"14":0,"15":0,"16":0,"17":0,"18":0,"19":124,"20":124,"21":124,"22":120,"23":0,"24":0,"25":120,"26":124,"27":0,"28":0,"29":0,"30":124,"31":126,"32":126,"33":126,"34":126},"f":{"0":126,"1":250,"2":6,"3":6,"4":120,"5":0,"6":120,"7":0,"8":126},"b":{"0":[252,126],"1":[126],"2":[0],"3":[0,124]}}
,"/home/hp/Desktop/IBE-project/IBE-Front-end/IBE-Team7-Frontend/ibe-team7-frontend/src/components/home/AccessibleChair.tsx": {"path":"/home/hp/Desktop/IBE-project/IBE-Front-end/IBE-Team7-Frontend/ibe-team7-frontend/src/components/home/AccessibleChair.tsx","statementMap":{"0":{"start":{"line":1,"column":41},"end":{"line":1,"column":null}},"1":{"start":{"line":1,"column":54},"end":{"line":1,"column":null}},"2":{"start":{"line":6,"column":31},"end":{"line":40,"column":2}},"3":{"start":{"line":6,"column":37},"end":{"line":6,"column":null}},"4":{"start":{"line":7,"column":21},"end":{"line":7,"column":null}},"5":{"start":{"line":9,"column":28},"end":{"line":11,"column":null}},"6":{"start":{"line":10,"column":30},"end":{"line":10,"column":null}},"7":{"start":{"line":13,"column":4},"end":{"line":38,"column":null}},"8":{"start":{"line":21,"column":24},"end":{"line":21,"column":null}},"9":{"start":{"line":40,"column":2},"end":{"line":9,"column":null}},"10":{"start":{"line":6,"column":28},"end":{"line":9,"column":null}},"11":{"start":{"line":9,"column":39},"end":{"line":6,"column":28}},"12":{"start":{"line":6,"column":28},"end":{"line":6,"column":31}}},"fnMap":{"0":{"name":"(anonymous_0)","decl":{"start":{"line":1,"column":54},"end":{"line":1,"column":null}},"loc":{"start":{"line":1,"column":54},"end":{"line":1,"column":null}}},"1":{"name":"(anonymous_1)","decl":{"start":{"line":6,"column":31},"end":{"line":6,"column":37}},"loc":{"start":{"line":6,"column":37},"end":{"line":40,"column":2}}},"2":{"name":"(anonymous_2)","decl":{"start":{"line":10,"column":8},"end":{"line":10,"column":9}},"loc":{"start":{"line":10,"column":30},"end":{"line":10,"column":null}}},"3":{"name":"(anonymous_3)","decl":{"start":{"line":20,"column":30},"end":{"line":20,"column":31}},"loc":{"start":{"line":21,"column":24},"end":{"line":21,"column":null}}},"4":{"name":"(anonymous_4)","decl":{"start":{"line":6,"column":28},"end":{"line":6,"column":31}},"loc":{"start":{"line":6,"column":28},"end":{"line":9,"column":null}}}},"branchMap":{"0":{"loc":{"start":{"line":1,"column":41},"end":{"line":1,"column":null}},"type":"binary-expr","locations":[{"start":{"line":1,"column":41},"end":{"line":1,"column":null}},{"start":{"line":1,"column":54},"end":{"line":1,"column":null}}]},"1":{"loc":{"start":{"line":1,"column":54},"end":{"line":1,"column":null}},"type":"if","locations":[{"start":{"line":1,"column":54},"end":{"line":1,"column":null}}]},"2":{"loc":{"start":{"line":1,"column":54},"end":{"line":1,"column":null}},"type":"binary-expr","locations":[{"start":{"line":1,"column":54},"end":{"line":1,"column":null}},{"start":{"line":1,"column":54},"end":{"line":1,"column":null}}]}},"s":{"0":126,"1":1008,"2":126,"3":121,"4":121,"5":121,"6":250,"7":121,"8":0,"9":126,"10":90,"11":126,"12":126},"f":{"0":126,"1":121,"2":250,"3":0,"4":90},"b":{"0":[126,0],"1":[126],"2":[126,126]}}
,"/home/hp/Desktop/IBE-project/IBE-Front-end/IBE-Team7-Frontend/ibe-team7-frontend/src/components/home/CalendarInput.tsx": {"path":"/home/hp/Desktop/IBE-project/IBE-Front-end/IBE-Team7-Frontend/ibe-team7-frontend/src/components/home/CalendarInput.tsx","statementMap":{"0":{"start":{"line":1,"column":27},"end":{"line":1,"column":null}},"1":{"start":{"line":19,"column":29},"end":{"line":253,"column":2}},"2":{"start":{"line":22,"column":26},"end":{"line":22,"column":null}},"3":{"start":{"line":25,"column":22},"end":{"line":27,"column":null}},"4":{"start":{"line":26,"column":30},"end":{"line":26,"column":null}},"5":{"start":{"line":28,"column":20},"end":{"line":30,"column":null}},"6":{"start":{"line":29,"column":30},"end":{"line":29,"column":null}},"7":{"start":{"line":32,"column":21},"end":{"line":32,"column":null}},"8":{"start":{"line":34,"column":26},"end":{"line":36,"column":null}},"9":{"start":{"line":35,"column":30},"end":{"line":35,"column":null}},"10":{"start":{"line":38,"column":25},"end":{"line":40,"column":null}},"11":{"start":{"line":39,"column":30},"end":{"line":39,"column":null}},"12":{"start":{"line":42,"column":34},"end":{"line":42,"column":null}},"13":{"start":{"line":43,"column":30},"end":{"line":43,"column":null}},"14":{"start":{"line":45,"column":4},"end":{"line":55,"column":null}},"15":{"start":{"line":46,"column":30},"end":{"line":53,"column":null}},"16":{"start":{"line":47,"column":12},"end":{"line":52,"column":null}},"17":{"start":{"line":48,"column":33},"end":{"line":48,"column":null}},"18":{"start":{"line":49,"column":16},"end":{"line":49,"column":null}},"19":{"start":{"line":51,"column":16},"end":{"line":51,"column":null}},"20":{"start":{"line":54,"column":8},"end":{"line":54,"column":null}},"21":{"start":{"line":57,"column":4},"end":{"line":68,"column":null}},"22":{"start":{"line":58,"column":26},"end":{"line":66,"column":null}},"23":{"start":{"line":59,"column":12},"end":{"line":65,"column":null}},"24":{"start":{"line":60,"column":16},"end":{"line":60,"column":null}},"25":{"start":{"line":62,"column":16},"end":{"line":64,"column":null}},"26":{"start":{"line":63,"column":20},"end":{"line":63,"column":null}},"27":{"start":{"line":67,"column":8},"end":{"line":67,"column":null}},"28":{"start":{"line":70,"column":29},"end":{"line":94,"column":null}},"29":{"start":{"line":71,"column":8},"end":{"line":93,"column":null}},"30":{"start":{"line":72,"column":12},"end":{"line":72,"column":null}},"31":{"start":{"line":73,"column":8},"end":{"line":93,"column":null}},"32":{"start":{"line":74,"column":12},"end":{"line":77,"column":null}},"33":{"start":{"line":75,"column":16},"end":{"line":75,"column":null}},"34":{"start":{"line":76,"column":16},"end":{"line":76,"column":null}},"35":{"start":{"line":78,"column":12},"end":{"line":78,"column":null}},"36":{"start":{"line":80,"column":12},"end":{"line":83,"column":null}},"37":{"start":{"line":81,"column":16},"end":{"line":81,"column":null}},"38":{"start":{"line":82,"column":16},"end":{"line":82,"column":null}},"39":{"start":{"line":86,"column":37},"end":{"line":86,"column":null}},"40":{"start":{"line":87,"column":12},"end":{"line":89,"column":null}},"41":{"start":{"line":88,"column":16},"end":{"line":88,"column":null}},"42":{"start":{"line":91,"column":12},"end":{"line":91,"column":null}},"43":{"start":{"line":92,"column":12},"end":{"line":92,"column":null}},"44":{"start":{"line":96,"column":24},"end":{"line":115,"column":null}},"45":{"start":{"line":97,"column":22},"end":{"line":97,"column":null}},"46":{"start":{"line":98,"column":14},"end":{"line":98,"column":null}},"47":{"start":{"line":100,"column":8},"end":{"line":106,"column":null}},"48":{"start":{"line":105,"column":12},"end":{"line":105,"column":null}},"49":{"start":{"line":108,"column":8},"end":{"line":113,"column":null}},"50":{"start":{"line":117,"column":29},"end":{"line":129,"column":null}},"51":{"start":{"line":118,"column":8},"end":{"line":128,"column":null}},"52":{"start":{"line":119,"column":12},"end":{"line":119,"column":null}},"53":{"start":{"line":120,"column":8},"end":{"line":128,"column":null}},"54":{"start":{"line":121,"column":28},"end":{"line":121,"column":null}},"55":{"start":{"line":122,"column":12},"end":{"line":122,"column":null}},"56":{"start":{"line":123,"column":12},"end":{"line":123,"column":null}},"57":{"start":{"line":125,"column":28},"end":{"line":125,"column":null}},"58":{"start":{"line":126,"column":12},"end":{"line":126,"column":null}},"59":{"start":{"line":127,"column":12},"end":{"line":127,"column":null}},"60":{"start":{"line":131,"column":24},"end":{"line":133,"column":null}},"61":{"start":{"line":132,"column":8},"end":{"line":132,"column":null}},"62":{"start":{"line":135,"column":30},"end":{"line":137,"column":null}},"63":{"start":{"line":136,"column":8},"end":{"line":136,"column":null}},"64":{"start":{"line":139,"column":28},"end":{"line":161,"column":null}},"65":{"start":{"line":140,"column":8},"end":{"line":159,"column":null}},"66":{"start":{"line":151,"column":38},"end":{"line":151,"column":45}},"67":{"start":{"line":163,"column":4},"end":{"line":251,"column":null}},"68":{"start":{"line":167,"column":31},"end":{"line":167,"column":null}},"69":{"start":{"line":211,"column":48},"end":{"line":211,"column":null}},"70":{"start":{"line":221,"column":61},"end":{"line":221,"column":null}},"71":{"start":{"line":253,"column":2},"end":{"line":38,"column":null}},"72":{"start":{"line":19,"column":26},"end":{"line":38,"column":null}},"73":{"start":{"line":38,"column":36},"end":{"line":19,"column":26}},"74":{"start":{"line":19,"column":26},"end":{"line":19,"column":29}}},"fnMap":{"0":{"name":"(anonymous_0)","decl":{"start":{"line":1,"column":27},"end":{"line":1,"column":null}},"loc":{"start":{"line":1,"column":27},"end":{"line":1,"column":null}}},"1":{"name":"(anonymous_1)","decl":{"start":{"line":19,"column":29},"end":{"line":19,"column":30}},"loc":{"start":{"line":22,"column":26},"end":{"line":253,"column":2}}},"2":{"name":"(anonymous_2)","decl":{"start":{"line":26,"column":8},"end":{"line":26,"column":9}},"loc":{"start":{"line":26,"column":30},"end":{"line":26,"column":null}}},"3":{"name":"(anonymous_3)","decl":{"start":{"line":29,"column":8},"end":{"line":29,"column":9}},"loc":{"start":{"line":29,"column":30},"end":{"line":29,"column":null}}},"4":{"name":"(anonymous_4)","decl":{"start":{"line":35,"column":8},"end":{"line":35,"column":9}},"loc":{"start":{"line":35,"column":30},"end":{"line":35,"column":null}}},"5":{"name":"(anonymous_5)","decl":{"start":{"line":39,"column":8},"end":{"line":39,"column":9}},"loc":{"start":{"line":39,"column":30},"end":{"line":39,"column":null}}},"6":{"name":"(anonymous_6)","decl":{"start":{"line":45,"column":14},"end":{"line":45,"column":20}},"loc":{"start":{"line":45,"column":20},"end":{"line":55,"column":7}}},"7":{"name":"(anonymous_7)","decl":{"start":{"line":46,"column":30},"end":{"line":46,"column":42}},"loc":{"start":{"line":46,"column":42},"end":{"line":53,"column":null}}},"8":{"name":"(anonymous_8)","decl":{"start":{"line":57,"column":14},"end":{"line":57,"column":20}},"loc":{"start":{"line":57,"column":20},"end":{"line":68,"column":7}}},"9":{"name":"(anonymous_9)","decl":{"start":{"line":58,"column":26},"end":{"line":58,"column":32}},"loc":{"start":{"line":58,"column":32},"end":{"line":66,"column":null}}},"10":{"name":"(anonymous_10)","decl":{"start":{"line":62,"column":27},"end":{"line":62,"column":28}},"loc":{"start":{"line":63,"column":20},"end":{"line":63,"column":null}}},"11":{"name":"(anonymous_11)","decl":{"start":{"line":70,"column":29},"end":{"line":70,"column":30}},"loc":{"start":{"line":70,"column":45},"end":{"line":94,"column":null}}},"12":{"name":"(anonymous_12)","decl":{"start":{"line":96,"column":24},"end":{"line":96,"column":25}},"loc":{"start":{"line":96,"column":47},"end":{"line":115,"column":null}}},"13":{"name":"(anonymous_13)","decl":{"start":{"line":117,"column":29},"end":{"line":117,"column":30}},"loc":{"start":{"line":117,"column":68},"end":{"line":129,"column":null}}},"14":{"name":"(anonymous_14)","decl":{"start":{"line":131,"column":24},"end":{"line":131,"column":25}},"loc":{"start":{"line":131,"column":40},"end":{"line":133,"column":null}}},"15":{"name":"(anonymous_15)","decl":{"start":{"line":135,"column":30},"end":{"line":135,"column":36}},"loc":{"start":{"line":135,"column":36},"end":{"line":137,"column":null}}},"16":{"name":"(anonymous_16)","decl":{"start":{"line":139,"column":28},"end":{"line":139,"column":29}},"loc":{"start":{"line":139,"column":64},"end":{"line":161,"column":null}}},"17":{"name":"(anonymous_17)","decl":{"start":{"line":151,"column":28},"end":{"line":151,"column":29}},"loc":{"start":{"line":151,"column":38},"end":{"line":151,"column":45}}},"18":{"name":"(anonymous_18)","decl":{"start":{"line":167,"column":25},"end":{"line":167,"column":31}},"loc":{"start":{"line":167,"column":31},"end":{"line":167,"column":null}}},"19":{"name":"(anonymous_19)","decl":{"start":{"line":211,"column":38},"end":{"line":211,"column":39}},"loc":{"start":{"line":211,"column":48},"end":{"line":211,"column":null}}},"20":{"name":"(anonymous_20)","decl":{"start":{"line":221,"column":48},"end":{"line":221,"column":49}},"loc":{"start":{"line":221,"column":61},"end":{"line":221,"column":null}}},"21":{"name":"(anonymous_21)","decl":{"start":{"line":19,"column":26},"end":{"line":19,"column":29}},"loc":{"start":{"line":19,"column":26},"end":{"line":38,"column":null}}}},"branchMap":{"0":{"loc":{"start":{"line":1,"column":27},"end":{"line":1,"column":null}},"type":"binary-expr","locations":[{"start":{"line":1,"column":27},"end":{"line":1,"column":null}},{"start":{"line":1,"column":27},"end":{"line":1,"column":null}}]},"1":{"loc":{"start":{"line":1,"column":27},"end":{"line":1,"column":null}},"type":"if","locations":[{"start":{"line":1,"column":27},"end":{"line":1,"column":null}}]},"2":{"loc":{"start":{"line":71,"column":8},"end":{"line":93,"column":null}},"type":"if","locations":[{"start":{"line":71,"column":8},"end":{"line":93,"column":null}},{"start":{"line":73,"column":8},"end":{"line":93,"column":null}}]},"3":{"loc":{"start":{"line":73,"column":8},"end":{"line":93,"column":null}},"type":"if","locations":[{"start":{"line":73,"column":8},"end":{"line":93,"column":null}},{"start":{"line":90,"column":15},"end":{"line":93,"column":null}}]},"4":{"loc":{"start":{"line":74,"column":12},"end":{"line":77,"column":null}},"type":"if","locations":[{"start":{"line":74,"column":12},"end":{"line":77,"column":null}}]},"5":{"loc":{"start":{"line":80,"column":12},"end":{"line":83,"column":null}},"type":"if","locations":[{"start":{"line":80,"column":12},"end":{"line":83,"column":null}}]},"6":{"loc":{"start":{"line":87,"column":12},"end":{"line":89,"column":null}},"type":"if","locations":[{"start":{"line":87,"column":12},"end":{"line":89,"column":null}}]},"7":{"loc":{"start":{"line":97,"column":22},"end":{"line":97,"column":null}},"type":"binary-expr","locations":[{"start":{"line":97,"column":22},"end":{"line":97,"column":71}},{"start":{"line":97,"column":71},"end":{"line":97,"column":null}}]},"8":{"loc":{"start":{"line":100,"column":8},"end":{"line":106,"column":null}},"type":"if","locations":[{"start":{"line":100,"column":8},"end":{"line":106,"column":null}}]},"9":{"loc":{"start":{"line":101,"column":12},"end":{"line":103,"column":null}},"type":"binary-expr","locations":[{"start":{"line":101,"column":12},"end":{"line":101,"column":null}},{"start":{"line":102,"column":13},"end":{"line":102,"column":null}},{"start":{"line":103,"column":16},"end":{"line":103,"column":null}}]},"10":{"loc":{"start":{"line":110,"column":17},"end":{"line":112,"column":null}},"type":"cond-expr","locations":[{"start":{"line":111,"column":23},"end":{"line":111,"column":null}},{"start":{"line":112,"column":23},"end":{"line":112,"column":null}}]},"11":{"loc":{"start":{"line":118,"column":8},"end":{"line":128,"column":null}},"type":"if","locations":[{"start":{"line":118,"column":8},"end":{"line":128,"column":null}},{"start":{"line":120,"column":8},"end":{"line":128,"column":null}}]},"12":{"loc":{"start":{"line":120,"column":8},"end":{"line":128,"column":null}},"type":"if","locations":[{"start":{"line":120,"column":8},"end":{"line":128,"column":null}},{"start":{"line":124,"column":15},"end":{"line":128,"column":null}}]},"13":{"loc":{"start":{"line":120,"column":19},"end":{"line":120,"column":41}},"type":"binary-expr","locations":[{"start":{"line":120,"column":19},"end":{"line":120,"column":30}},{"start":{"line":120,"column":30},"end":{"line":120,"column":41}}]},"14":{"loc":{"start":{"line":170,"column":21},"end":{"line":172,"column":null}},"type":"cond-expr","locations":[{"start":{"line":171,"column":26},"end":{"line":171,"column":null}},{"start":{"line":172,"column":26},"end":{"line":172,"column":null}}]},"15":{"loc":{"start":{"line":189,"column":21},"end":{"line":191,"column":null}},"type":"cond-expr","locations":[{"start":{"line":190,"column":26},"end":{"line":190,"column":null}},{"start":{"line":191,"column":26},"end":{"line":191,"column":null}}]},"16":{"loc":{"start":{"line":207,"column":13},"end":{"line":249,"column":null}},"type":"binary-expr","locations":[{"start":{"line":207,"column":13},"end":{"line":207,"column":null}},{"start":{"line":208,"column":16},"end":{"line":249,"column":null}}]},"17":{"loc":{"start":{"line":226,"column":33},"end":{"line":236,"column":null}},"type":"binary-expr","locations":[{"start":{"line":226,"column":33},"end":{"line":226,"column":null}},{"start":{"line":227,"column":36},"end":{"line":227,"column":null}},{"start":{"line":229,"column":37},"end":{"line":236,"column":null}}]},"18":{"loc":{"start":{"line":230,"column":40},"end":{"line":232,"column":null}},"type":"cond-expr","locations":[{"start":{"line":231,"column":46},"end":{"line":231,"column":null}},{"start":{"line":232,"column":46},"end":{"line":232,"column":null}}]}},"s":{"0":1134,"1":126,"2":133,"3":133,"4":262,"5":133,"6":262,"7":133,"8":133,"9":262,"10":133,"11":262,"12":133,"13":133,"14":133,"15":90,"16":90,"17":90,"18":6,"19":0,"20":90,"21":133,"22":96,"23":96,"24":732,"25":732,"26":732,"27":96,"28":133,"29":6,"30":3,"31":3,"32":3,"33":0,"34":0,"35":3,"36":3,"37":0,"38":0,"39":3,"40":3,"41":3,"42":0,"43":0,"44":133,"45":1342,"46":1342,"47":1342,"48":1018,"49":324,"50":133,"51":26,"52":16,"53":10,"54":3,"55":3,"56":3,"57":7,"58":7,"59":7,"60":133,"61":308,"62":133,"63":3,"64":133,"65":3,"66":15,"67":133,"68":12,"69":6,"70":308,"71":126,"72":90,"73":126,"74":126},"f":{"0":126,"1":133,"2":262,"3":262,"4":262,"5":262,"6":90,"7":90,"8":96,"9":96,"10":732,"11":6,"12":1342,"13":26,"14":308,"15":3,"16":3,"17":15,"18":12,"19":6,"20":308,"21":90},"b":{"0":[252,126],"1":[126],"2":[3,3],"3":[3,0],"4":[0],"5":[0],"6":[3],"7":[1342,976],"8":[1018],"9":[1342,366,84],"10":[324,0],"11":[16,10],"12":[3,7],"13":[10,3],"14":[13,120],"15":[6,127],"16":[133,26],"17":[26,10,3],"18":[3,0]}}
,"/home/hp/Desktop/IBE-project/IBE-Front-end/IBE-Team7-Frontend/ibe-team7-frontend/src/components/home/Home.tsx": {"path":"/home/hp/Desktop/IBE-project/IBE-Front-end/IBE-Team7-Frontend/ibe-team7-frontend/src/components/home/Home.tsx","statementMap":{"0":{"start":{"line":1,"column":41},"end":{"line":1,"column":null}},"1":{"start":{"line":8,"column":4},"end":{"line":16,"column":null}},"2":{"start":{"line":18,"column":1},"end":{"line":5,"column":20}},"3":{"start":{"line":5,"column":20},"end":{"line":5,"column":23}}},"fnMap":{"0":{"name":"(anonymous_0)","decl":{"start":{"line":1,"column":41},"end":{"line":1,"column":null}},"loc":{"start":{"line":1,"column":41},"end":{"line":1,"column":null}}},"1":{"name":"Home","decl":{"start":{"line":5,"column":16},"end":{"line":5,"column":20}},"loc":{"start":{"line":5,"column":23},"end":{"line":18,"column":1}}}},"branchMap":{"0":{"loc":{"start":{"line":1,"column":41},"end":{"line":1,"column":null}},"type":"binary-expr","locations":[{"start":{"line":1,"column":41},"end":{"line":1,"column":null}},{"start":{"line":1,"column":41},"end":{"line":1,"column":null}}]},"1":{"loc":{"start":{"line":1,"column":41},"end":{"line":1,"column":null}},"type":"if","locations":[{"start":{"line":1,"column":41},"end":{"line":1,"column":null}}]}},"s":{"0":1008,"1":186,"2":126,"3":126},"f":{"0":126,"1":186},"b":{"0":[252,126],"1":[126]}}
,"/home/hp/Desktop/IBE-project/IBE-Front-end/IBE-Team7-Frontend/ibe-team7-frontend/src/components/home/PropertyInput.tsx": {"path":"/home/hp/Desktop/IBE-project/IBE-Front-end/IBE-Team7-Frontend/ibe-team7-frontend/src/components/home/PropertyInput.tsx","statementMap":{"0":{"start":{"line":1,"column":33},"end":{"line":1,"column":null}},"1":{"start":{"line":10,"column":29},"end":{"line":64,"column":2}},"2":{"start":{"line":10,"column":35},"end":{"line":10,"column":null}},"3":{"start":{"line":11,"column":21},"end":{"line":11,"column":null}},"4":{"start":{"line":12,"column":27},"end":{"line":14,"column":null}},"5":{"start":{"line":13,"column":30},"end":{"line":13,"column":null}},"6":{"start":{"line":15,"column":21},"end":{"line":17,"column":null}},"7":{"start":{"line":16,"column":30},"end":{"line":16,"column":null}},"8":{"start":{"line":18,"column":17},"end":{"line":18,"column":null}},"9":{"start":{"line":18,"column":51},"end":{"line":18,"column":74}},"10":{"start":{"line":19,"column":20},"end":{"line":21,"column":null}},"11":{"start":{"line":20,"column":30},"end":{"line":20,"column":null}},"12":{"start":{"line":23,"column":4},"end":{"line":28,"column":null}},"13":{"start":{"line":24,"column":34},"end":{"line":26,"column":null}},"14":{"start":{"line":25,"column":12},"end":{"line":25,"column":null}},"15":{"start":{"line":27,"column":8},"end":{"line":27,"column":null}},"16":{"start":{"line":30,"column":4},"end":{"line":32,"column":null}},"17":{"start":{"line":31,"column":8},"end":{"line":31,"column":null}},"18":{"start":{"line":34,"column":4},"end":{"line":62,"column":null}},"19":{"start":{"line":45,"column":41},"end":{"line":45,"column":null}},"20":{"start":{"line":51,"column":28},"end":{"line":57,"column":null}},"21":{"start":{"line":64,"column":2},"end":{"line":19,"column":null}},"22":{"start":{"line":10,"column":26},"end":{"line":19,"column":null}},"23":{"start":{"line":19,"column":31},"end":{"line":10,"column":26}},"24":{"start":{"line":10,"column":26},"end":{"line":10,"column":29}}},"fnMap":{"0":{"name":"(anonymous_0)","decl":{"start":{"line":1,"column":33},"end":{"line":1,"column":null}},"loc":{"start":{"line":1,"column":33},"end":{"line":1,"column":null}}},"1":{"name":"(anonymous_1)","decl":{"start":{"line":10,"column":29},"end":{"line":10,"column":35}},"loc":{"start":{"line":10,"column":35},"end":{"line":64,"column":2}}},"2":{"name":"(anonymous_2)","decl":{"start":{"line":13,"column":8},"end":{"line":13,"column":9}},"loc":{"start":{"line":13,"column":30},"end":{"line":13,"column":null}}},"3":{"name":"(anonymous_3)","decl":{"start":{"line":16,"column":8},"end":{"line":16,"column":9}},"loc":{"start":{"line":16,"column":30},"end":{"line":16,"column":null}}},"4":{"name":"(anonymous_4)","decl":{"start":{"line":18,"column":29},"end":{"line":18,"column":30}},"loc":{"start":{"line":18,"column":51},"end":{"line":18,"column":74}}},"5":{"name":"(anonymous_5)","decl":{"start":{"line":20,"column":8},"end":{"line":20,"column":9}},"loc":{"start":{"line":20,"column":30},"end":{"line":20,"column":null}}},"6":{"name":"(anonymous_6)","decl":{"start":{"line":23,"column":14},"end":{"line":23,"column":20}},"loc":{"start":{"line":23,"column":20},"end":{"line":28,"column":7}}},"7":{"name":"(anonymous_7)","decl":{"start":{"line":24,"column":34},"end":{"line":24,"column":46}},"loc":{"start":{"line":24,"column":46},"end":{"line":26,"column":null}}},"8":{"name":"(anonymous_8)","decl":{"start":{"line":45,"column":34},"end":{"line":45,"column":35}},"loc":{"start":{"line":45,"column":41},"end":{"line":45,"column":null}}},"9":{"name":"(anonymous_9)","decl":{"start":{"line":50,"column":34},"end":{"line":50,"column":35}},"loc":{"start":{"line":51,"column":28},"end":{"line":57,"column":null}}},"10":{"name":"(anonymous_10)","decl":{"start":{"line":10,"column":26},"end":{"line":10,"column":29}},"loc":{"start":{"line":10,"column":26},"end":{"line":19,"column":null}}}},"branchMap":{"0":{"loc":{"start":{"line":1,"column":33},"end":{"line":1,"column":null}},"type":"binary-expr","locations":[{"start":{"line":1,"column":33},"end":{"line":1,"column":null}},{"start":{"line":1,"column":33},"end":{"line":1,"column":null}}]},"1":{"loc":{"start":{"line":1,"column":33},"end":{"line":1,"column":null}},"type":"if","locations":[{"start":{"line":1,"column":33},"end":{"line":1,"column":null}}]},"2":{"loc":{"start":{"line":30,"column":4},"end":{"line":32,"column":null}},"type":"if","locations":[{"start":{"line":30,"column":4},"end":{"line":32,"column":null}}]},"3":{"loc":{"start":{"line":36,"column":13},"end":{"line":60,"column":null}},"type":"binary-expr","locations":[{"start":{"line":36,"column":13},"end":{"line":36,"column":null}},{"start":{"line":37,"column":16},"end":{"line":60,"column":null}}]}},"s":{"0":1134,"1":126,"2":142,"3":142,"4":142,"5":265,"6":142,"7":265,"8":142,"9":265,"10":142,"11":265,"12":142,"13":97,"14":97,"15":97,"16":142,"17":113,"18":29,"19":0,"20":504,"21":126,"22":90,"23":126,"24":126},"f":{"0":126,"1":142,"2":265,"3":265,"4":265,"5":265,"6":97,"7":97,"8":0,"9":504,"10":90},"b":{"0":[252,126],"1":[126],"2":[113],"3":[29,28]}}
,"/home/hp/Desktop/IBE-project/IBE-Front-end/IBE-Team7-Frontend/ibe-team7-frontend/src/components/home/RoomInput.tsx": {"path":"/home/hp/Desktop/IBE-project/IBE-Front-end/IBE-Team7-Frontend/ibe-team7-frontend/src/components/home/RoomInput.tsx","statementMap":{"0":{"start":{"line":1,"column":41},"end":{"line":1,"column":null}},"1":{"start":{"line":1,"column":54},"end":{"line":1,"column":null}},"2":{"start":{"line":6,"column":25},"end":{"line":42,"column":2}},"3":{"start":{"line":6,"column":31},"end":{"line":6,"column":null}},"4":{"start":{"line":7,"column":21},"end":{"line":7,"column":null}},"5":{"start":{"line":9,"column":21},"end":{"line":11,"column":null}},"6":{"start":{"line":10,"column":30},"end":{"line":10,"column":null}},"7":{"start":{"line":12,"column":22},"end":{"line":14,"column":null}},"8":{"start":{"line":13,"column":30},"end":{"line":13,"column":null}},"9":{"start":{"line":16,"column":4},"end":{"line":40,"column":null}},"10":{"start":{"line":26,"column":20},"end":{"line":26,"column":null}},"11":{"start":{"line":29,"column":20},"end":{"line":29,"column":null}},"12":{"start":{"line":32,"column":60},"end":{"line":32,"column":65}},"13":{"start":{"line":34,"column":24},"end":{"line":36,"column":null}},"14":{"start":{"line":42,"column":2},"end":{"line":12,"column":null}},"15":{"start":{"line":6,"column":22},"end":{"line":12,"column":null}},"16":{"start":{"line":12,"column":33},"end":{"line":6,"column":22}},"17":{"start":{"line":6,"column":22},"end":{"line":6,"column":25}}},"fnMap":{"0":{"name":"(anonymous_0)","decl":{"start":{"line":1,"column":54},"end":{"line":1,"column":null}},"loc":{"start":{"line":1,"column":54},"end":{"line":1,"column":null}}},"1":{"name":"(anonymous_1)","decl":{"start":{"line":6,"column":25},"end":{"line":6,"column":31}},"loc":{"start":{"line":6,"column":31},"end":{"line":42,"column":2}}},"2":{"name":"(anonymous_2)","decl":{"start":{"line":10,"column":8},"end":{"line":10,"column":9}},"loc":{"start":{"line":10,"column":30},"end":{"line":10,"column":null}}},"3":{"name":"(anonymous_3)","decl":{"start":{"line":13,"column":8},"end":{"line":13,"column":9}},"loc":{"start":{"line":13,"column":30},"end":{"line":13,"column":null}}},"4":{"name":"(anonymous_4)","decl":{"start":{"line":25,"column":25},"end":{"line":25,"column":31}},"loc":{"start":{"line":25,"column":31},"end":{"line":27,"column":null}}},"5":{"name":"(anonymous_5)","decl":{"start":{"line":28,"column":26},"end":{"line":28,"column":27}},"loc":{"start":{"line":28,"column":33},"end":{"line":30,"column":null}}},"6":{"name":"(anonymous_6)","decl":{"start":{"line":32,"column":50},"end":{"line":32,"column":51}},"loc":{"start":{"line":32,"column":60},"end":{"line":32,"column":65}}},"7":{"name":"(anonymous_7)","decl":{"start":{"line":33,"column":20},"end":{"line":33,"column":21}},"loc":{"start":{"line":34,"column":24},"end":{"line":36,"column":null}}},"8":{"name":"(anonymous_8)","decl":{"start":{"line":6,"column":22},"end":{"line":6,"column":25}},"loc":{"start":{"line":6,"column":22},"end":{"line":12,"column":null}}}},"branchMap":{"0":{"loc":{"start":{"line":1,"column":41},"end":{"line":1,"column":null}},"type":"binary-expr","locations":[{"start":{"line":1,"column":41},"end":{"line":1,"column":null}},{"start":{"line":1,"column":54},"end":{"line":1,"column":null}}]},"1":{"loc":{"start":{"line":1,"column":54},"end":{"line":1,"column":null}},"type":"if","locations":[{"start":{"line":1,"column":54},"end":{"line":1,"column":null}}]},"2":{"loc":{"start":{"line":1,"column":54},"end":{"line":1,"column":null}},"type":"binary-expr","locations":[{"start":{"line":1,"column":54},"end":{"line":1,"column":null}},{"start":{"line":1,"column":54},"end":{"line":1,"column":null}}]}},"s":{"0":126,"1":1008,"2":126,"3":121,"4":121,"5":121,"6":250,"7":121,"8":250,"9":121,"10":0,"11":0,"12":605,"13":605,"14":126,"15":90,"16":126,"17":126},"f":{"0":126,"1":121,"2":250,"3":250,"4":0,"5":0,"6":605,"7":605,"8":90},"b":{"0":[126,0],"1":[126],"2":[126,126]}}
,"/home/hp/Desktop/IBE-project/IBE-Front-end/IBE-Team7-Frontend/ibe-team7-frontend/src/components/home/Search.tsx": {"path":"/home/hp/Desktop/IBE-project/IBE-Front-end/IBE-Team7-Frontend/ibe-team7-frontend/src/components/home/Search.tsx","statementMap":{"0":{"start":{"line":1,"column":36},"end":{"line":1,"column":null}},"1":{"start":{"line":1,"column":43},"end":{"line":1,"column":null}},"2":{"start":{"line":24,"column":25},"end":{"line":24,"column":null}},"3":{"start":{"line":25,"column":18},"end":{"line":25,"column":null}},"4":{"start":{"line":27,"column":21},"end":{"line":29,"column":null}},"5":{"start":{"line":28,"column":30},"end":{"line":28,"column":null}},"6":{"start":{"line":31,"column":22},"end":{"line":33,"column":null}},"7":{"start":{"line":32,"column":30},"end":{"line":32,"column":null}},"8":{"start":{"line":35,"column":28},"end":{"line":37,"column":null}},"9":{"start":{"line":36,"column":30},"end":{"line":36,"column":null}},"10":{"start":{"line":40,"column":24},"end":{"line":42,"column":null}},"11":{"start":{"line":41,"column":30},"end":{"line":41,"column":null}},"12":{"start":{"line":43,"column":24},"end":{"line":45,"column":null}},"13":{"start":{"line":44,"column":30},"end":{"line":44,"column":null}},"14":{"start":{"line":46,"column":27},"end":{"line":48,"column":null}},"15":{"start":{"line":47,"column":30},"end":{"line":47,"column":null}},"16":{"start":{"line":49,"column":23},"end":{"line":51,"column":null}},"17":{"start":{"line":50,"column":30},"end":{"line":50,"column":null}},"18":{"start":{"line":52,"column":29},"end":{"line":54,"column":null}},"19":{"start":{"line":53,"column":30},"end":{"line":53,"column":null}},"20":{"start":{"line":55,"column":22},"end":{"line":57,"column":null}},"21":{"start":{"line":56,"column":30},"end":{"line":56,"column":null}},"22":{"start":{"line":58,"column":22},"end":{"line":60,"column":null}},"23":{"start":{"line":59,"column":30},"end":{"line":59,"column":null}},"24":{"start":{"line":61,"column":21},"end":{"line":63,"column":null}},"25":{"start":{"line":62,"column":30},"end":{"line":62,"column":null}},"26":{"start":{"line":64,"column":20},"end":{"line":66,"column":null}},"27":{"start":{"line":65,"column":30},"end":{"line":65,"column":null}},"28":{"start":{"line":69,"column":22},"end":{"line":71,"column":null}},"29":{"start":{"line":70,"column":30},"end":{"line":70,"column":null}},"30":{"start":{"line":72,"column":20},"end":{"line":74,"column":null}},"31":{"start":{"line":73,"column":30},"end":{"line":73,"column":null}},"32":{"start":{"line":76,"column":44},"end":{"line":76,"column":null}},"33":{"start":{"line":77,"column":22},"end":{"line":79,"column":null}},"34":{"start":{"line":78,"column":30},"end":{"line":78,"column":null}},"35":{"start":{"line":81,"column":22},"end":{"line":83,"column":null}},"36":{"start":{"line":82,"column":30},"end":{"line":82,"column":null}},"37":{"start":{"line":85,"column":17},"end":{"line":85,"column":null}},"38":{"start":{"line":85,"column":51},"end":{"line":85,"column":69}},"39":{"start":{"line":87,"column":20},"end":{"line":87,"column":null}},"40":{"start":{"line":87,"column":54},"end":{"line":87,"column":75}},"41":{"start":{"line":89,"column":21},"end":{"line":89,"column":null}},"42":{"start":{"line":89,"column":55},"end":{"line":89,"column":77}},"43":{"start":{"line":91,"column":26},"end":{"line":93,"column":null}},"44":{"start":{"line":92,"column":30},"end":{"line":92,"column":null}},"45":{"start":{"line":95,"column":21},"end":{"line":95,"column":null}},"46":{"start":{"line":96,"column":21},"end":{"line":96,"column":null}},"47":{"start":{"line":98,"column":4},"end":{"line":100,"column":null}},"48":{"start":{"line":99,"column":8},"end":{"line":99,"column":null}},"49":{"start":{"line":102,"column":4},"end":{"line":106,"column":null}},"50":{"start":{"line":103,"column":8},"end":{"line":105,"column":null}},"51":{"start":{"line":104,"column":12},"end":{"line":104,"column":null}},"52":{"start":{"line":108,"column":33},"end":{"line":113,"column":null}},"53":{"start":{"line":109,"column":8},"end":{"line":111,"column":null}},"54":{"start":{"line":110,"column":12},"end":{"line":110,"column":null}},"55":{"start":{"line":112,"column":8},"end":{"line":112,"column":null}},"56":{"start":{"line":115,"column":33},"end":{"line":117,"column":null}},"57":{"start":{"line":116,"column":8},"end":{"line":116,"column":null}},"58":{"start":{"line":119,"column":33},"end":{"line":123,"column":null}},"59":{"start":{"line":120,"column":8},"end":{"line":122,"column":null}},"60":{"start":{"line":121,"column":12},"end":{"line":121,"column":null}},"61":{"start":{"line":125,"column":33},"end":{"line":127,"column":null}},"62":{"start":{"line":126,"column":8},"end":{"line":126,"column":null}},"63":{"start":{"line":128,"column":36},"end":{"line":132,"column":null}},"64":{"start":{"line":129,"column":8},"end":{"line":131,"column":null}},"65":{"start":{"line":130,"column":12},"end":{"line":130,"column":null}},"66":{"start":{"line":134,"column":36},"end":{"line":136,"column":null}},"67":{"start":{"line":135,"column":8},"end":{"line":135,"column":null}},"68":{"start":{"line":138,"column":25},"end":{"line":183,"column":null}},"69":{"start":{"line":139,"column":25},"end":{"line":139,"column":null}},"70":{"start":{"line":140,"column":8},"end":{"line":146,"column":null}},"71":{"start":{"line":142,"column":12},"end":{"line":144,"column":null}},"72":{"start":{"line":143,"column":16},"end":{"line":143,"column":null}},"73":{"start":{"line":145,"column":12},"end":{"line":145,"column":null}},"74":{"start":{"line":148,"column":8},"end":{"line":148,"column":null}},"75":{"start":{"line":149,"column":8},"end":{"line":157,"column":n
[...]
ine":35,"column":22},"end":{"line":35,"column":23}},"loc":{"start":{"line":35,"column":64},"end":{"line":39,"column":null}}},"10":{"name":"(anonymous_10)","decl":{"start":{"line":36,"column":26},"end":{"line":36,"column":27}},"loc":{"start":{"line":36,"column":36},"end":{"line":38,"column":13}}},"11":{"name":"(anonymous_11)","decl":{"start":{"line":40,"column":21},"end":{"line":40,"column":22}},"loc":{"start":{"line":40,"column":63},"end":{"line":44,"column":null}}},"12":{"name":"(anonymous_12)","decl":{"start":{"line":41,"column":26},"end":{"line":41,"column":27}},"loc":{"start":{"line":41,"column":36},"end":{"line":43,"column":13}}},"13":{"name":"(anonymous_13)","decl":{"start":{"line":45,"column":23},"end":{"line":45,"column":24}},"loc":{"start":{"line":45,"column":70},"end":{"line":49,"column":null}}},"14":{"name":"(anonymous_14)","decl":{"start":{"line":46,"column":26},"end":{"line":46,"column":27}},"loc":{"start":{"line":46,"column":36},"end":{"line":48,"column":13}}},"15":{"name":"(anonymous_15)","decl":{"start":{"line":51,"column":19},"end":{"line":51,"column":20}},"loc":{"start":{"line":51,"column":32},"end":{"line":65,"column":null}}},"16":{"name":"(anonymous_16)","decl":{"start":{"line":52,"column":50},"end":{"line":52,"column":51}},"loc":{"start":{"line":52,"column":61},"end":{"line":56,"column":9}}},"17":{"name":"(anonymous_17)","decl":{"start":{"line":53,"column":26},"end":{"line":53,"column":27}},"loc":{"start":{"line":53,"column":36},"end":{"line":55,"column":13}}},"18":{"name":"(anonymous_18)","decl":{"start":{"line":57,"column":52},"end":{"line":57,"column":53}},"loc":{"start":{"line":57,"column":67},"end":{"line":59,"column":9}}},"19":{"name":"(anonymous_19)","decl":{"start":{"line":60,"column":51},"end":{"line":60,"column":52}},"loc":{"start":{"line":60,"column":62},"end":{"line":64,"column":9}}},"20":{"name":"(anonymous_20)","decl":{"start":{"line":61,"column":26},"end":{"line":61,"column":27}},"loc":{"start":{"line":61,"column":36},"end":{"line":63,"column":13}}}},"branchMap":{},"s":{"0":126,"1":126,"2":0,"3":0,"4":0,"5":0,"6":0,"7":0,"8":0,"9":0,"10":0,"11":0,"12":0,"13":0,"14":0,"15":0,"16":0,"17":126,"18":46,"19":0,"20":126,"21":2,"22":126,"23":0,"24":0,"25":126},"f":{"0":0,"1":0,"2":0,"3":0,"4":0,"5":0,"6":0,"7":0,"8":0,"9":0,"10":0,"11":0,"12":0,"13":0,"14":0,"15":126,"16":46,"17":0,"18":2,"19":0,"20":0},"b":{}}
,"/home/hp/Desktop/IBE-project/IBE-Front-end/IBE-Team7-Frontend/ibe-team7-frontend/src/redux/searchSlice.ts": {"path":"/home/hp/Desktop/IBE-project/IBE-Front-end/IBE-Team7-Frontend/ibe-team7-frontend/src/redux/searchSlice.ts","statementMap":{"0":{"start":{"line":6,"column":35},"end":{"line":30,"column":null}},"1":{"start":{"line":32,"column":20},"end":{"line":144,"column":null}},"2":{"start":{"line":37,"column":12},"end":{"line":37,"column":null}},"3":{"start":{"line":40,"column":12},"end":{"line":40,"column":null}},"4":{"start":{"line":43,"column":12},"end":{"line":43,"column":null}},"5":{"start":{"line":46,"column":12},"end":{"line":46,"column":null}},"6":{"start":{"line":50,"column":12},"end":{"line":50,"column":null}},"7":{"start":{"line":54,"column":12},"end":{"line":54,"column":null}},"8":{"start":{"line":58,"column":12},"end":{"line":58,"column":null}},"9":{"start":{"line":62,"column":12},"end":{"line":62,"column":null}},"10":{"start":{"line":66,"column":12},"end":{"line":66,"column":null}},"11":{"start":{"line":70,"column":12},"end":{"line":70,"column":null}},"12":{"start":{"line":74,"column":12},"end":{"line":74,"column":null}},"13":{"start":{"line":78,"column":12},"end":{"line":78,"column":null}},"14":{"start":{"line":82,"column":12},"end":{"line":82,"column":null}},"15":{"start":{"line":86,"column":12},"end":{"line":86,"column":null}},"16":{"start":{"line":90,"column":12},"end":{"line":90,"column":null}},"17":{"start":{"line":94,"column":12},"end":{"line":94,"column":null}},"18":{"start":{"line":98,"column":12},"end":{"line":98,"column":null}},"19":{"start":{"line":102,"column":12},"end":{"line":102,"column":null}},"20":{"start":{"line":106,"column":12},"end":{"line":106,"column":null}},"21":{"start":{"line":110,"column":12},"end":{"line":110,"column":null}},"22":{"start":{"line":114,"column":8},"end":{"line":116,"column":null}},"23":{"start":{"line":115,"column":12},"end":{"line":115,"column":null}},"24":{"start":{"line":117,"column":8},"end":{"line":127,"column":null}},"25":{"start":{"line":118,"column":12},"end":{"line":118,"column":null}},"26":{"start":{"line":119,"column":12},"end":{"line":119,"column":null}},"27":{"start":{"line":120,"column":12},"end":{"line":120,"column":null}},"28":{"start":{"line":121,"column":12},"end":{"line":121,"column":null}},"29":{"start":{"line":122,"column":12},"end":{"line":122,"column":null}},"30":{"start":{"line":123,"column":12},"end":{"line":123,"column":null}},"31":{"start":{"line":124,"column":12},"end":{"line":124,"column":null}},"32":{"start":{"line":125,"column":12},"end":{"line":125,"column":null}},"33":{"start":{"line":126,"column":12},"end":{"line":126,"column":null}},"34":{"start":{"line":128,"column":8},"end":{"line":131,"column":null}},"35":{"start":{"line":129,"column":12},"end":{"line":129,"column":null}},"36":{"start":{"line":130,"column":12},"end":{"line":130,"column":null}},"37":{"start":{"line":132,"column":8},"end":{"line":134,"column":null}},"38":{"start":{"line":133,"column":12},"end":{"line":133,"column":null}},"39":{"start":{"line":135,"column":8},"end":{"line":138,"column":null}},"40":{"start":{"line":136,"column":12},"end":{"line":136,"column":null}},"41":{"start":{"line":137,"column":12},"end":{"line":137,"column":null}},"42":{"start":{"line":139,"column":8},"end":{"line":142,"column":null}},"43":{"start":{"line":140,"column":12},"end":{"line":140,"column":null}},"44":{"start":{"line":141,"column":12},"end":{"line":141,"column":null}},"45":{"start":{"line":167,"column":4},"end":{"line":167,"column":null}}},"fnMap":{"0":{"name":"(anonymous_0)","decl":{"start":{"line":36,"column":21},"end":{"line":36,"column":22}},"loc":{"start":{"line":36,"column":40},"end":{"line":38,"column":null}}},"1":{"name":"(anonymous_1)","decl":{"start":{"line":39,"column":22},"end":{"line":39,"column":23}},"loc":{"start":{"line":39,"column":41},"end":{"line":41,"column":null}}},"2":{"name":"(anonymous_2)","decl":{"start":{"line":42,"column":17},"end":{"line":42,"column":18}},"loc":{"start":{"line":42,"column":36},"end":{"line":44,"column":null}}},"3":{"name":"(anonymous_3)","decl":{"start":{"line":45,"column":28},"end":{"line":45,"column":29}},"loc":{"start":{"line":45,"column":47},"end":{"line":47,"column":null}}},"4":{"name":"(anonymous_4)","decl":{"start":{"line":49,"column":22},"end":{"line":49,"column":23}},"loc":{"start":{"line":49,"column":41},"end":{"line":51,"column":null}}},"5":{"name":"(anonymous_5)","decl":{"start":{"line":53,"column":20},"end":{"line":53,"column":21}},"loc":{"start":{"line":53,"column":39},"end":{"line":55,"column":null}}},"6":{"name":"(anonymous_6)","decl":{"start":{"line":57,"column":24},"end":{"line":57,"column":25}},"loc":{"start":{"line":57,"column":43},"end":{"line":59,"column":null}}},"7":{"name":"(anonymous_7)","decl":{"start":{"line":61,"column":24},"end":{"line":61,"column":25}},"loc":{"start":{"line":61,"column":43},"end":{"line":63,"column":null}}},"8":{"name":"(anonymous_8)","decl":{"start":{"line":65,"column":27},"end":{"line":65,"column":28}},"loc":{"start":{"line":65,"column":46},"end":{"line":67,"column":null}}},"9":{"name":"(anonymous_9)","decl":{"start":{"line":69,"column":23},"end":{"line":69,"column":24}},"loc":{"start":{"line":69,"column":42},"end":{"line":71,"column":null}}},"10":{"name":"(anonymous_10)","decl":{"start":{"line":73,"column":29},"end":{"line":73,"column":30}},"loc":{"start":{"line":73,"column":48},"end":{"line":75,"column":null}}},"11":{"name":"(anonymous_11)","decl":{"start":{"line":77,"column":22},"end":{"line":77,"column":23}},"loc":{"start":{"line":77,"column":41},"end":{"line":79,"column":null}}},"12":{"name":"(anonymous_12)","decl":{"start":{"line":81,"column":22},"end":{"line":81,"column":23}},"loc":{"start":{"line":81,"column":41},"end":{"line":83,"column":null}}},"13":{"name":"(anonymous_13)","decl":{"start":{"line":85,"column":21},"end":{"line":85,"column":22}},"loc":{"start":{"line":85,"column":40},"end":{"line":87,"column":null}}},"14":{"name":"(anonymous_14)","decl":{"start":{"line":89,"column":20},"end":{"line":89,"column":21}},"loc":{"start":{"line":89,"column":39},"end":{"line":91,"column":null}}},"15":{"name":"(anonymous_15)","decl":{"start":{"line":93,"column":22},"end":{"line":93,"column":23}},"loc":{"start":{"line":93,"column":41},"end":{"line":95,"column":null}}},"16":{"name":"(anonymous_16)","decl":{"start":{"line":97,"column":21},"end":{"line":97,"column":22}},"loc":{"start":{"line":97,"column":40},"end":{"line":99,"column":null}}},"17":{"name":"(anonymous_17)","decl":{"start":{"line":101,"column":17},"end":{"line":101,"column":18}},"loc":{"start":{"line":101,"column":36},"end":{"line":103,"column":null}}},"18":{"name":"(anonymous_18)","decl":{"start":{"line":105,"column":18},"end":{"line":105,"column":19}},"loc":{"start":{"line":105,"column":37},"end":{"line":107,"column":null}}},"19":{"name":"(anonymous_19)","decl":{"start":{"line":109,"column":22},"end":{"line":109,"column":23}},"loc":{"start":{"line":109,"column":41},"end":{"line":111,"column":null}}},"20":{"name":"(anonymous_20)","decl":{"start":{"line":113,"column":19},"end":{"line":113,"column":20}},"loc":{"start":{"line":113,"column":32},"end":{"line":143,"column":null}}},"21":{"name":"(anonymous_21)","decl":{"start":{"line":114,"column":45},"end":{"line":114,"column":46}},"loc":{"start":{"line":114,"column":56},"end":{"line":116,"column":9}}},"22":{"name":"(anonymous_22)","decl":{"start":{"line":117,"column":47},"end":{"line":117,"column":48}},"loc":{"start":{"line":117,"column":66},"end":{"line":127,"column":9}}},"23":{"name":"(anonymous_23)","decl":{"start":{"line":128,"column":46},"end":{"line":128,"column":47}},"loc":{"start":{"line":128,"column":65},"end":{"line":131,"column":9}}},"24":{"name":"(anonymous_24)","decl":{"start":{"line":132,"column":43},"end":{"line":132,"column":44}},"loc":{"start":{"line":132,"column":54},"end":{"line":134,"column":9}}},"25":{"name":"(anonymous_25)","decl":{"start":{"line":135,"column":45},"end":{"line":135,"column":46}},"loc":{"start":{"line":135,"column":64},"end":{"line":138,"column":9}}},"26":{"name":"(anonymous_26)","decl":{"start":{"line":139,"column":44},"end":{"line":139,"column":45}},"loc":{"start":{"line":139,"column":63},"end":{"line":142,"column":9}}}},"branchMap":{},"s":{"0":126,"1":126,"2":27,"3":27,"4":0,"5":0,"6":30,"7":30,"8":27,"9":27,"10":27,"11":6,"12":0,"13":0,"14":0,"15":0,"16":0,"17":0,"18":0,"19":0,"20":0,"21":0,"22":126,"23":90,"24":126,"25":7,"26":7,"27":7,"28":7,"29":7,"30":7,"31":7,"32":7,"33":7,"34":126,"35":0,"36":0,"37":126,"38":97,"39":126,"40":13,"41":13,"42":126,"43":0,"44":0,"45":126},"f":{"0":27,"1":27,"2":0,"3":0,"4":30,"5":30,"6":27,"7":27,"8":27,"9":6,"10":0,"11":0,"12":0,"13":0,"14":0,"15":0,"16":0,"17":0,"18":0,"19":0,"20":126,"21":90,"22":7,"23":0,"24":97,"25":13,"26":0},"b":{}}
,"/home/hp/Desktop/IBE-project/IBE-Front-end/IBE-Team7-Frontend/ibe-team7-frontend/src/redux/selectedPromoSlice.ts": {"path":"/home/hp/Desktop/IBE-project/IBE-Front-end/IBE-Team7-Frontend/ibe-team7-frontend/src/redux/selectedPromoSlice.ts","statementMap":{"0":{"start":{"line":3,"column":21},"end":{"line":6,"column":null}},"1":{"start":{"line":8,"column":27},"end":{"line":19,"column":null}},"2":{"start":{"line":13,"column":12},"end":{"line":13,"column":null}},"3":{"start":{"line":16,"column":12},"end":{"line":16,"column":null}},"4":{"start":{"line":22,"column":4},"end":{"line":22,"column":null}}},"fnMap":{"0":{"name":"(anonymous_0)","decl":{"start":{"line":12,"column":34},"end":{"line":12,"column":35}},"loc":{"start":{"line":12,"column":53},"end":{"line":14,"column":null}}},"1":{"name":"(anonymous_1)","decl":{"start":{"line":15,"column":41},"end":{"line":15,"column":42}},"loc":{"start":{"line":15,"column":60},"end":{"line":17,"column":null}}}},"branchMap":{},"s":{"0":86,"1":86,"2":0,"3":0,"4":86},"f":{"0":0,"1":0},"b":{}}
,"/home/hp/Desktop/IBE-project/IBE-Front-end/IBE-Team7-Frontend/ibe-team7-frontend/src/redux/store.ts": {"path":"/home/hp/Desktop/IBE-project/IBE-Front-end/IBE-Team7-Frontend/ibe-team7-frontend/src/redux/store.ts","statementMap":{"0":{"start":{"line":10,"column":21},"end":{"line":19,"column":null}},"1":{"start":{"line":23,"column":49},"end":{"line":23,"column":null}}},"fnMap":{},"branchMap":{},"s":{"0":40,"1":126},"f":{},"b":{}}
,"/home/hp/Desktop/IBE-project/IBE-Front-end/IBE-Team7-Frontend/ibe-team7-frontend/src/redux/timerSlice.ts": {"path":"/home/hp/Desktop/IBE-project/IBE-Front-end/IBE-Team7-Frontend/ibe-team7-frontend/src/redux/timerSlice.ts","statementMap":{"0":{"start":{"line":3,"column":19},"end":{"line":21,"column":null}},"1":{"start":{"line":11,"column":12},"end":{"line":11,"column":null}},"2":{"start":{"line":12,"column":12},"end":{"line":12,"column":null}},"3":{"start":{"line":15,"column":12},"end":{"line":15,"column":null}},"4":{"start":{"line":18,"column":12},"end":{"line":18,"column":null}},"5":{"start":{"line":23,"column":52},"end":{"line":23,"column":null}}},"fnMap":{"0":{"name":"(anonymous_0)","decl":{"start":{"line":10,"column":18},"end":{"line":10,"column":19}},"loc":{"start":{"line":10,"column":37},"end":{"line":13,"column":null}}},"1":{"name":"(anonymous_1)","decl":{"start":{"line":14,"column":20},"end":{"line":14,"column":21}},"loc":{"start":{"line":14,"column":39},"end":{"line":16,"column":null}}},"2":{"name":"(anonymous_2)","decl":{"start":{"line":17,"column":20},"end":{"line":17,"column":21}},"loc":{"start":{"line":17,"column":39},"end":{"line":19,"column":null}}}},"branchMap":{},"s":{"0":86,"1":0,"2":0,"3":0,"4":0,"5":86},"f":{"0":0,"1":0,"2":0},"b":{}}
,"/home/hp/Desktop/IBE-project/IBE-Front-end/IBE-Team7-Frontend/ibe-team7-frontend/src/redux/userInfoSlice.ts": {"path":"/home/hp/Desktop/IBE-project/IBE-Front-end/IBE-Team7-Frontend/ibe-team7-frontend/src/redux/userInfoSlice.ts","statementMap":{"0":{"start":{"line":23,"column":31},"end":{"line":41,"column":null}},"1":{"start":{"line":43,"column":22},"end":{"line":68,"column":null}},"2":{"start":{"line":49,"column":12},"end":{"line":49,"column":null}},"3":{"start":{"line":50,"column":12},"end":{"line":50,"column":null}},"4":{"start":{"line":51,"column":12},"end":{"line":51,"column":null}},"5":{"start":{"line":52,"column":12},"end":{"line":52,"column":null}},"6":{"start":{"line":53,"column":12},"end":{"line":53,"column":null}},"7":{"start":{"line":54,"column":12},"end":{"line":54,"column":null}},"8":{"start":{"line":55,"column":12},"end":{"line":55,"column":null}},"9":{"start":{"line":56,"column":12},"end":{"line":56,"column":null}},"10":{"start":{"line":57,"column":12},"end":{"line":57,"column":null}},"11":{"start":{"line":58,"column":12},"end":{"line":58,"column":null}},"12":{"start":{"line":59,"column":12},"end":{"line":59,"column":null}},"13":{"start":{"line":60,"column":12},"end":{"line":60,"column":null}},"14":{"start":{"line":61,"column":12},"end":{"line":61,"column":null}},"15":{"start":{"line":62,"column":12},"end":{"line":62,"column":null}},"16":{"start":{"line":63,"column":12},"end":{"line":63,"column":null}},"17":{"start":{"line":64,"column":12},"end":{"line":64,"column":null}},"18":{"start":{"line":65,"column":12},"end":{"line":65,"column":null}},"19":{"start":{"line":70,"column":31},"end":{"line":70,"column":null}}},"fnMap":{"0":{"name":"(anonymous_0)","decl":{"start":{"line":48,"column":21},"end":{"line":48,"column":22}},"loc":{"start":{"line":48,"column":40},"end":{"line":66,"column":null}}}},"branchMap":{},"s":{"0":86,"1":86,"2":0,"3":0,"4":0,"5":0,"6":0,"7":0,"8":0,"9":0,"10":0,"11":0,"12":0,"13":0,"14":0,"15":0,"16":0,"17":0,"18":0,"19":86},"f":{"0":0},"b":{}}
,"/home/hp/Desktop/IBE-project/IBE-Front-end/IBE-Team7-Frontend/ibe-team7-frontend/src/redux/userSlice.ts": {"path":"/home/hp/Desktop/IBE-project/IBE-Front-end/IBE-Team7-Frontend/ibe-team7-frontend/src/redux/userSlice.ts","statementMap":{"0":{"start":{"line":4,"column":27},"end":{"line":9,"column":null}},"1":{"start":{"line":11,"column":18},"end":{"line":22,"column":null}},"2":{"start":{"line":16,"column":12},"end":{"line":16,"column":null}},"3":{"start":{"line":17,"column":12},"end":{"line":17,"column":null}},"4":{"start":{"line":18,"column":12},"end":{"line":18,"column":null}},"5":{"start":{"line":19,"column":12},"end":{"line":19,"column":null}},"6":{"start":{"line":24,"column":27},"end":{"line":24,"column":null}}},"fnMap":{"0":{"name":"(anonymous_0)","decl":{"start":{"line":15,"column":17},"end":{"line":15,"column":18}},"loc":{"start":{"line":15,"column":36},"end":{"line":20,"column":null}}}},"branchMap":{},"s":{"0":126,"1":126,"2":0,"3":0,"4":0,"5":0,"6":126},"f":{"0":0},"b":{}}
,"/home/hp/Desktop/IBE-project/IBE-Front-end/IBE-Team7-Frontend/ibe-team7-frontend/src/redux/thunks/configThunk.ts": {"path":"/home/hp/Desktop/IBE-project/IBE-Front-end/IBE-Team7-Frontend/ibe-team7-frontend/src/redux/thunks/configThunk.ts","statementMap":{"0":{"start":{"line":5,"column":20},"end":{"line":9,"column":null}},"1":{"start":{"line":6,"column":21},"end":{"line":6,"column":null}},"2":{"start":{"line":7,"column":4},"end":{"line":7,"column":null}},"3":{"start":{"line":8,"column":4},"end":{"line":8,"column":null}}},"fnMap":{"0":{"name":"(anonymous_0)","decl":{"start":{"line":5,"column":52},"end":{"line":5,"column":64}},"loc":{"start":{"line":5,"column":64},"end":{"line":9,"column":1}}}},"branchMap":{},"s":{"0":126,"1":90,"2":7,"3":7},"f":{"0":90},"b":{}}
,"/home/hp/Desktop/IBE-project/IBE-Front-end/IBE-Team7-Frontend/ibe-team7-frontend/src/redux/thunks/propertyThunk.ts": {"path":"/home/hp/Desktop/IBE-project/IBE-Front-end/IBE-Team7-Frontend/ibe-team7-frontend/src/redux/thunks/propertyThunk.ts","statementMap":{"0":{"start":{"line":5,"column":18},"end":{"line":8,"column":null}},"1":{"start":{"line":6,"column":21},"end":{"line":6,"column":null}},"2":{"start":{"line":7,"column":4},"end":{"line":7,"column":null}}},"fnMap":{"0":{"name":"(anonymous_0)","decl":{"start":{"line":5,"column":48},"end":{"line":5,"column":60}},"loc":{"start":{"line":5,"column":60},"end":{"line":8,"column":1}}}},"branchMap":{},"s":{"0":126,"1":97,"2":13},"f":{"0":97},"b":{}}
,"/home/hp/Desktop/IBE-project/IBE-Front-end/IBE-Team7-Frontend/ibe-team7-frontend/src/redux/thunks/roomDetailsThunk.ts": {"path":"/home/hp/Desktop/IBE-project/IBE-Front-end/IBE-Team7-Frontend/ibe-team7-frontend/src/redux/thunks/roomDetailsThunk.ts","statementMap":{"0":{"start":{"line":5,"column":25},"end":{"line":10,"column":null}},"1":{"start":{"line":6,"column":32},"end":{"line":8,"column":null}},"2":{"start":{"line":9,"column":4},"end":{"line":9,"column":null}}},"fnMap":{"0":{"name":"(anonymous_0)","decl":{"start":{"line":5,"column":62},"end":{"line":5,"column":74}},"loc":{"start":{"line":5,"column":74},"end":{"line":10,"column":1}}}},"branchMap":{},"s":{"0":126,"1":46,"2":2},"f":{"0":46},"b":{}}
,"/home/hp/Desktop/IBE-project/IBE-Front-end/IBE-Team7-Frontend/ibe-team7-frontend/src/utils/FindNextDateFunc.ts": {"path":"/home/hp/Desktop/IBE-project/IBE-Front-end/IBE-Team7-Frontend/ibe-team7-frontend/src/utils/FindNextDateFunc.ts","statementMap":{"0":{"start":{"line":1,"column":28},"end":{"line":11,"column":null}},"1":{"start":{"line":3,"column":21},"end":{"line":7,"column":null}},"2":{"start":{"line":8,"column":4},"end":{"line":8,"column":null}},"3":{"start":{"line":9,"column":4},"end":{"line":9,"column":null}},"4":{"start":{"line":10,"column":4},"end":{"line":10,"column":null}}},"fnMap":{"0":{"name":"(anonymous_0)","decl":{"start":{"line":1,"column":28},"end":{"line":1,"column":29}},"loc":{"start":{"line":1,"column":63},"end":{"line":11,"column":null}}}},"branchMap":{},"s":{"0":126,"1":130,"2":76,"3":76,"4":76},"f":{"0":130},"b":{}}
}
