{"/home/lenovo/Desktop/IBE-Team7-Frontend/IBE-Team7-Frontend/ibe-team7-frontend/src/App.tsx": {"path":"/home/lenovo/Desktop/IBE-Team7-Frontend/IBE-Team7-Frontend/ibe-team7-frontend/src/App.tsx","statementMap":{"0":{"start":{"line":1,"column":38},"end":{"line":1,"column":null}},"1":{"start":{"line":8,"column":4},"end":{"line":13,"column":null}},"2":{"start":{"line":15,"column":1},"end":{"line":7,"column":15}},"3":{"start":{"line":17,"column":19},"end":{"line":17,"column":null}}},"fnMap":{"0":{"name":"(anonymous_0)","decl":{"start":{"line":1,"column":38},"end":{"line":1,"column":null}},"loc":{"start":{"line":1,"column":38},"end":{"line":1,"column":null}}},"1":{"name":"App","decl":{"start":{"line":7,"column":9},"end":{"line":7,"column":15}},"loc":{"start":{"line":7,"column":15},"end":{"line":15,"column":1}}}},"branchMap":{"0":{"loc":{"start":{"line":1,"column":38},"end":{"line":1,"column":null}},"type":"binary-expr","locations":[{"start":{"line":1,"column":38},"end":{"line":1,"column":null}},{"start":{"line":1,"column":38},"end":{"line":1,"column":null}}]},"1":{"loc":{"start":{"line":1,"column":38},"end":{"line":1,"column":null}},"type":"if","locations":[{"start":{"line":1,"column":38},"end":{"line":1,"column":null}}]}},"s":{"0":240,"1":59,"2":30,"3":30},"f":{"0":30,"1":59},"b":{"0":[60,30],"1":[30]}}
,"/home/lenovo/Desktop/IBE-Team7-Frontend/IBE-Team7-Frontend/ibe-team7-frontend/src/main.tsx": {"path":"/home/lenovo/Desktop/IBE-Team7-Frontend/IBE-Team7-Frontend/ibe-team7-frontend/src/main.tsx","statementMap":{"0":{"start":{"line":7,"column":0},"end":{"line":23,"column":null}},"1":{"start":{"line":25,"column":0},"end":{"line":25,"column":null}}},"fnMap":{},"branchMap":{},"s":{"0":30,"1":30},"f":{},"b":{}}
,"/home/lenovo/Desktop/IBE-Team7-Frontend/IBE-Team7-Frontend/ibe-team7-frontend/src/aws/UserPool.ts": {"path":"/home/lenovo/Desktop/IBE-Team7-Frontend/IBE-Team7-Frontend/ibe-team7-frontend/src/aws/UserPool.ts","statementMap":{"0":{"start":{"line":3,"column":17},"end":{"line":6,"column":null}}},"fnMap":{},"branchMap":{},"s":{"0":30},"f":{},"b":{}}
,"/home/lenovo/Desktop/IBE-Team7-Frontend/IBE-Team7-Frontend/ibe-team7-frontend/src/components/account/Account.tsx": {"path":"/home/lenovo/Desktop/IBE-Team7-Frontend/IBE-Team7-Frontend/ibe-team7-frontend/src/components/account/Account.tsx","statementMap":{"0":{"start":{"line":1,"column":51},"end":{"line":1,"column":null}},"1":{"start":{"line":1,"column":79},"end":{"line":1,"column":null}},"2":{"start":{"line":5,"column":30},"end":{"line":5,"column":null}},"3":{"start":{"line":7,"column":23},"end":{"line":65,"column":2}},"4":{"start":{"line":8,"column":23},"end":{"line":24,"column":null}},"5":{"start":{"line":9,"column":8},"end":{"line":23,"column":null}},"6":{"start":{"line":10,"column":25},"end":{"line":10,"column":null}},"7":{"start":{"line":12,"column":12},"end":{"line":22,"column":null}},"8":{"start":{"line":13,"column":16},"end":{"line":19,"column":null}},"9":{"start":{"line":14,"column":20},"end":{"line":18,"column":null}},"10":{"start":{"line":15,"column":24},"end":{"line":15,"column":null}},"11":{"start":{"line":17,"column":24},"end":{"line":17,"column":null}},"12":{"start":{"line":21,"column":16},"end":{"line":21,"column":null}},"13":{"start":{"line":26,"column":25},"end":{"line":51,"column":null}},"14":{"start":{"line":27,"column":8},"end":{"line":50,"column":null}},"15":{"start":{"line":28,"column":25},"end":{"line":28,"column":null}},"16":{"start":{"line":30,"column":32},"end":{"line":33,"column":null}},"17":{"start":{"line":35,"column":12},"end":{"line":49,"column":null}},"18":{"start":{"line":37,"column":20},"end":{"line":37,"column":null}},"19":{"start":{"line":38,"column":20},"end":{"line":38,"column":null}},"20":{"start":{"line":41,"column":20},"end":{"line":41,"column":null}},"21":{"start":{"line":42,"column":20},"end":{"line":42,"column":null}},"22":{"start":{"line":43,"column":20},"end":{"line":43,"column":null}},"23":{"start":{"line":46,"column":20},"end":{"line":46,"column":null}},"24":{"start":{"line":47,"column":20},"end":{"line":47,"column":null}},"25":{"start":{"line":53,"column":19},"end":{"line":58,"column":null}},"26":{"start":{"line":54,"column":21},"end":{"line":54,"column":null}},"27":{"start":{"line":55,"column":8},"end":{"line":57,"column":null}},"28":{"start":{"line":56,"column":12},"end":{"line":56,"column":null}},"29":{"start":{"line":60,"column":4},"end":{"line":63,"column":null}},"30":{"start":{"line":65,"column":2},"end":{"line":7,"column":20}},"31":{"start":{"line":7,"column":20},"end":{"line":7,"column":23}}},"fnMap":{"0":{"name":"(anonymous_0)","decl":{"start":{"line":1,"column":79},"end":{"line":1,"column":null}},"loc":{"start":{"line":1,"column":79},"end":{"line":1,"column":null}}},"1":{"name":"(anonymous_1)","decl":{"start":{"line":7,"column":23},"end":{"line":7,"column":24}},"loc":{"start":{"line":7,"column":39},"end":{"line":65,"column":2}}},"2":{"name":"(anonymous_2)","decl":{"start":{"line":8,"column":23},"end":{"line":8,"column":35}},"loc":{"start":{"line":8,"column":35},"end":{"line":24,"column":null}}},"3":{"name":"(anonymous_3)","decl":{"start":{"line":9,"column":33},"end":{"line":9,"column":34}},"loc":{"start":{"line":9,"column":54},"end":{"line":23,"column":9}}},"4":{"name":"(anonymous_4)","decl":{"start":{"line":13,"column":32},"end":{"line":13,"column":33}},"loc":{"start":{"line":13,"column":60},"end":{"line":19,"column":17}}},"5":{"name":"(anonymous_5)","decl":{"start":{"line":26,"column":25},"end":{"line":26,"column":32}},"loc":{"start":{"line":26,"column":71},"end":{"line":51,"column":null}}},"6":{"name":"(anonymous_6)","decl":{"start":{"line":27,"column":33},"end":{"line":27,"column":34}},"loc":{"start":{"line":27,"column":54},"end":{"line":50,"column":9}}},"7":{"name":"(anonymous_7)","decl":{"start":{"line":36,"column":27},"end":{"line":36,"column":28}},"loc":{"start":{"line":36,"column":37},"end":{"line":39,"column":null}}},"8":{"name":"(anonymous_8)","decl":{"start":{"line":40,"column":27},"end":{"line":40,"column":28}},"loc":{"start":{"line":40,"column":36},"end":{"line":44,"column":null}}},"9":{"name":"(anonymous_9)","decl":{"start":{"line":45,"column":37},"end":{"line":45,"column":38}},"loc":{"start":{"line":45,"column":47},"end":{"line":48,"column":null}}},"10":{"name":"(anonymous_10)","decl":{"start":{"line":53,"column":19},"end":{"line":53,"column":25}},"loc":{"start":{"line":53,"column":25},"end":{"line":58,"column":null}}}},"branchMap":{"0":{"loc":{"start":{"line":1,"column":51},"end":{"line":1,"column":null}},"type":"binary-expr","locations":[{"start":{"line":1,"column":51},"end":{"line":1,"column":null}},{"start":{"line":1,"column":79},"end":{"line":1,"column":null}}]},"1":{"loc":{"start":{"line":1,"column":79},"end":{"line":1,"column":null}},"type":"if","locations":[{"start":{"line":1,"column":79},"end":{"line":1,"column":null}}]},"2":{"loc":{"start":{"line":1,"column":79},"end":{"line":1,"column":null}},"type":"binary-expr","locations":[{"start":{"line":1,"column":79},"end":{"line":1,"column":null}},{"start":{"line":1,"column":79},"end":{"line":1,"column":null}}]},"3":{"loc":{"start":{"line":12,"column":12},"end":{"line":22,"column":null}},"type":"if","locations":[{"start":{"line":12,"column":12},"end":{"line":22,"column":null}},{"start":{"line":20,"column":19},"end":{"line":22,"column":null}}]},"4":{"loc":{"start":{"line":14,"column":20},"end":{"line":18,"column":null}},"type":"if","locations":[{"start":{"line":14,"column":20},"end":{"line":18,"column":null}},{"start":{"line":16,"column":27},"end":{"line":18,"column":null}}]},"5":{"loc":{"start":{"line":55,"column":8},"end":{"line":57,"column":null}},"type":"if","locations":[{"start":{"line":55,"column":8},"end":{"line":57,"column":null}}]}},"s":{"0":30,"1":210,"2":30,"3":30,"4":59,"5":29,"6":29,"7":29,"8":0,"9":0,"10":0,"11":0,"12":29,"13":59,"14":0,"15":0,"16":0,"17":0,"18":0,"19":0,"20":0,"21":0,"22":0,"23":0,"24":0,"25":59,"26":0,"27":0,"28":0,"29":59,"30":30,"31":30},"f":{"0":30,"1":59,"2":29,"3":29,"4":0,"5":0,"6":0,"7":0,"8":0,"9":0,"10":0},"b":{"0":[30,0],"1":[30],"2":[30,30],"3":[0,29],"4":[0,0],"5":[0]}}
,"/home/lenovo/Desktop/IBE-Team7-Frontend/IBE-Team7-Frontend/ibe-team7-frontend/src/components/checkout/Checkout.tsx": {"path":"/home/lenovo/Desktop/IBE-Team7-Frontend/IBE-Team7-Frontend/ibe-team7-frontend/src/components/checkout/Checkout.tsx","statementMap":{"0":{"start":{"line":1,"column":36},"end":{"line":1,"column":null}},"1":{"start":{"line":1,"column":43},"end":{"line":1,"column":null}},"2":{"start":{"line":18,"column":24},"end":{"line":880,"column":2}},"3":{"start":{"line":18,"column":30},"end":{"line":18,"column":null}},"4":{"start":{"line":19,"column":18},"end":{"line":19,"column":null}},"5":{"start":{"line":20,"column":21},"end":{"line":20,"column":null}},"6":{"start":{"line":22,"column":25},"end":{"line":22,"column":null}},"7":{"start":{"line":23,"column":24},"end":{"line":23,"column":null}},"8":{"start":{"line":25,"column":52},"end":{"line":25,"column":null}},"9":{"start":{"line":26,"column":50},"end":{"line":26,"column":null}},"10":{"start":{"line":27,"column":50},"end":{"line":27,"column":null}},"11":{"start":{"line":29,"column":54},"end":{"line":29,"column":null}},"12":{"start":{"line":30,"column":52},"end":{"line":30,"column":null}},"13":{"start":{"line":31,"column":46},"end":{"line":31,"column":null}},"14":{"start":{"line":32,"column":46},"end":{"line":32,"column":null}},"15":{"start":{"line":34,"column":52},"end":{"line":34,"column":null}},"16":{"start":{"line":35,"column":50},"end":{"line":35,"column":null}},"17":{"start":{"line":36,"column":36},"end":{"line":36,"column":null}},"18":{"start":{"line":37,"column":36},"end":{"line":37,"column":null}},"19":{"start":{"line":38,"column":34},"end":{"line":38,"column":null}},"20":{"start":{"line":39,"column":28},"end":{"line":39,"column":null}},"21":{"start":{"line":40,"column":30},"end":{"line":40,"column":null}},"22":{"start":{"line":41,"column":26},"end":{"line":41,"column":null}},"23":{"start":{"line":42,"column":44},"end":{"line":42,"column":null}},"24":{"start":{"line":43,"column":44},"end":{"line":43,"column":null}},"25":{"start":{"line":45,"column":44},"end":{"line":45,"column":null}},"26":{"start":{"line":47,"column":40},"end":{"line":47,"column":null}},"27":{"start":{"line":48,"column":26},"end":{"line":48,"column":null}},"28":{"start":{"line":49,"column":34},"end":{"line":49,"column":null}},"29":{"start":{"line":50,"column":32},"end":{"line":50,"column":null}},"30":{"start":{"line":52,"column":38},"end":{"line":52,"column":null}},"31":{"start":{"line":58,"column":38},"end":{"line":58,"column":null}},"32":{"start":{"line":59,"column":34},"end":{"line":59,"column":null}},"33":{"start":{"line":60,"column":32},"end":{"line":60,"column":null}},"34":{"start":{"line":62,"column":46},"end":{"line":62,"column":null}},"35":{"start":{"line":63,"column":38},"end":{"line":63,"column":null}},"36":{"start":{"line":64,"column":36},"end":{"line":64,"column":null}},"37":{"start":{"line":81,"column":21},"end":{"line":83,"column":null}},"38":{"start":{"line":82,"column":30},"end":{"line":82,"column":null}},"39":{"start":{"line":85,"column":68},"end":{"line":87,"column":null}},"40":{"start":{"line":86,"column":30},"end":{"line":86,"column":null}},"41":{"start":{"line":89,"column":22},"end":{"line":91,"column":null}},"42":{"start":{"line":90,"column":30},"end":{"line":90,"column":null}},"43":{"start":{"line":93,"column":20},"end":{"line":95,"column":null}},"44":{"start":{"line":94,"column":30},"end":{"line":94,"column":null}},"45":{"start":{"line":97,"column":23},"end":{"line":99,"column":null}},"46":{"start":{"line":98,"column":30},"end":{"line":98,"column":null}},"47":{"start":{"line":100,"column":22},"end":{"line":102,"column":null}},"48":{"start":{"line":101,"column":30},"end":{"line":101,"column":null}},"49":{"start":{"line":103,"column":23},"end":{"line":105,"column":null}},"50":{"start":{"line":104,"column":30},"end":{"line":104,"column":null}},"51":{"start":{"line":106,"column":22},"end":{"line":108,"column":null}},"52":{"start":{"line":107,"column":30},"end":{"line":107,"column":null}},"53":{"start":{"line":110,"column":31},"end":{"line":149,"column":null}},"54":{"start":{"line":112,"column":12},"end":{"line":112,"column":null}},"55":{"start":{"line":114,"column":8},"end":{"line":148,"column":null}},"56":{"start":{"line":115,"column":12},"end":{"line":123,"column":null}},"57":{"start":{"line":125,"column":29},"end":{"line":135,"column":null}},"58":{"start":{"line":137,"column":12},"end":{"line":140,"column":null}},"59":{"start":{"line":138,"column":16},"end":{"line":138,"column":null}},"60":{"start":{"line":139,"column":16},"end":{"line":139,"column":null}},"61":{"start":{"line":141,"column":12},"end":{"line":141,"column":null}},"62":{"start":{"line":142,"column":12},"end":{"line":142,"column":null}},"63":{"start":{"line":143,"column":12},"end":{"line":143,"column":null}},"64":{"start":{"line":146,"column":12},"end":{"line":146,"column":null}},"65":{"start":{"line":147,"column":12},"end":{"line":147,"column":null}},"66":{"start":{"line":151,"column":30},"end":{"line":202,"column":null}},"67":{"start":{"line":153,"column":12},"end":{"line":153,"column":null}},"68":{"start":{"line":155,"column":8},"end":{"line":201,"column":null}},"69":{"start":{"line":156,"column":12},"end":{"line":169,"column":null}},"70":{"start":{"line":171,"column":29},"end":{"line":187,"column":null}},"71":{"start":{"line":189,"column":12},"end":{"line":192,"column":null}},"72":{"start":{"line":190,"column":16},"end":{"line":190,"column":null}},"73":{"start":{"line":191,"column":16},"end":{"line":191,"column":null}},"74":{"start":{"line":194,"column":12},"end":{"line":194,"column":null}},"75":{"start":{"line":195,"column":12},"end":{"line":195,"column":null}},"76":{"start":{"line":196,"column":12},"end":{"line":196,"column":null}},"77":{"start":{"line":199,"column":12},"end":{"line":199,"column":null}},"78":{"start":{"line":200,"column":12},"end":{"line":200,"column":null}},"79":{"start":{"line":204,"column":27},"end":{"line":206,"column":null}},"80":{"start":{"line":205,"column":30},"end":{"line":205,"column":null}},"81":{"start":{"line":208,"column":30},"end":{"line":289,"column":null}},"82":{"start":{"line":209,"column":8},"end":{"line":212,"column":null}},"83":{"start":{"line":210,"column":12},"end":{"line":210,"column":null}},"84":{"start":{"line":211,"column":12},"end":{"line":211,"column":null}},"85":{"start":{"line":213,"column":14},"end":{"line":213,"column":null}},"86":{"start":{"line":214,"column":8},"end":{"line":221,"column":null}},"87":{"start":{"line":219,"column":12},"end":{"line":219,"column":null}},"88":{"start":{"line":220,"column":12},"end":{"line":220,"column":null}},"89":{"start":{"line":222,"column":8},"end":{"line":234,"column":null}},"90":{"start":{"line":223,"column":12},"end":{"line":229,"column":null}},"91":{"start":{"line":231,"column":12},"end":{"line":231,"column":null}},"92":{"start":{"line":232,"column":12},"end":{"line":232,"column":null}},"93":{"start":{"line":233,"column":12},"end":{"line":233,"column":null}},"94":{"start":{"line":236,"column":25},"end":{"line":245,"column":null}},"95":{"start":{"line":247,"column":8},"end":{"line":250,"column":null}},"96":{"start":{"line":248,"column":12},"end":{"line":248,"column":null}},"97":{"start":{"line":249,"column":12},"end":{"line":249,"column":null}},"98":{"start":{"line":252,"column":8},"end":{"line":258,"column":null}},"99":{"start":{"line":260,"column":8},"end":{"line":260,"column":null}},"100":{"start":{"line":262,"column":26},"end":{"line":276,"column":null}},"101":{"start":{"line":278,"column":8},"end":{"line":282,"column":null}},"102":{"start":{"line":279,"column":12},"end":{"line":279,"column":null}},"103":{"start":{"line":280,"column":12},"end":{"line":280,"column":null}},"104":{"start":{"line":281,"column":12},"end":{"line":281,"column":null}},"105":{"start":{"line":286,"column":27},"end":{"line":286,"column":null}},"106":{"start":{"line":288,"column":8},"end":{"line":288,"column":null}},"107":{"start":{"line":291,"column":37},"end":{"line":295,"column":null}},"108":{"start":{"line":292,"column":8},"end":{"line":292,"column":null}},"109":{"start":{"line":293,"column":8},"end":{"line":293,"column":null}},"110":{"start":{"line":294,"column":8},"end":{"line":294,"column":null}},"111":{"start":{"line":297,"column":31},"end":{"line":318,"column":null}},"112":{"start":{"line":298,"column":24},"end":{"line":298,"column":null}},"113":{"start":{"line":299,"column":8},"end":{"line":299,"column":null}},"114":{"start":{"line":301,"column":36},"end":{"line":305,"column":null}},"115":{"start":{"line":307,"column":8},"end":{"line":317,"column":null}},"116":{"start":{"line":311,"column":32},"end":{"line":311,"column":47}},"117":{"start":{"line":314,"column":16},"end":{"line":314,"column":null}},"118":{"start":{"line":314,"column":48},"end":{"line":314,"column":76}},"119":{"start":{"line":315,"column":16},"end":{"line":315,"column":null}},"120":{"start":{"line":317,"column":30},"end":{"line":317,"column":57}},"121":{"start":{"line":320,"column":29},"end":{"line":341,"column":null}},"122":{"start":{"line":321,"column":24},"end":{"line":321,"column":null}},"123":{"start":{"line":322,"column":8},"end":{"line":322,"column":null}},"124":{"start":{"line":324,"column":36},"end":{"line":328,"column":null}},"125":{"start":{"line":330,"column":8},"end":{"line":340,"column":null}},"126":{"start":{"line":334,"column":32},"end":{"line":334,"column":47}},"127":{"start":{"line":337,"column":16},"end":{"line":337,"column":null}},"128":{"start":{"line":337,"column":48},"end":{"line":337,"column":76}},"129":{"start":{"line":338,"column":16},"end":{"line":338,"column":null}},"130":{"start":{"line":340,"column":30},"end":{"line":340,"column":57}},"131":{"start":{"line":343,"column":24},"end":{"line":360,"column":null}},"132":{"start":{"line":344,"column":24},"end":{"line":346,"column":null}},"133":{"start":{"line":348,"column":21},"end":{"line":348,"column":null}},"134":{"start":{"line":349,"column":28},"end":{"line":349,"column":null}},"135":{"start":{"line":350,"column":29},"end":{"line":350,"column":null}},"136":{"start":{"line":351,"column":28},"end":{"line":351,"column":null}},"137":{"start":{"line":353,"column":8},"end":{"line":354,"column":null}},"138":{"start":{"line":356,"column":8},"end":{"line":359,"column":null}},"139":{"start":{"line":357,"column":12},"end":{"line":357,"column":null}},"140":{"start":{"line":358,"column":12},"end":{"line":358,"column":null}},"141":{"start":{"line":362,"column":36},"end":{"line":366,"column":null}},"142":{"start":{"line":363,"column":8},"end":{"line":363,"column":null}},"143":{"start":{"line":364,"column":8},"end":{"line":364,"column":null}},"144":{"start":{"line":365,"column":8},"end":{"line":365,"column":null}},"145":{"start":{"line":368,"column":4},"end":{"line":387,"column":null}},"146":{"start":{"line":369,"column":24},"end":{"line":369,"column":null}},"147":{"start":{"line":370,"column":8},"end":{"line":370,"column":null}},"148":{"start":{"line":372,"column":36},"end":{"line":376,"column":null}},"149":{"start":{"line":378,"column":8},"end":{"line":384,"column":null}},"150":{"start":{"line":379,"column":32},"end":{"line":379,"column":47}},"151":{"start":{"line":382,"column":16},"end":{"line":382,"column":null}},"152":{"start":{"line":384,"column":30},"end":{"line":384,"column":57}},"153":{"start":{"line":389,"column":4},"end":{"line":391,"column":null}},"154":{"start":{"line":390,"column":8},"end":{"line":390,"column":null}},"155":{"start":{"line":393,"column":4},"end":{"line":878,"column":null}},"156":{"start":{"line":398,"column":24},"end":{"line":400,"column":null}},"157":{"start":{"line":429,"column":48},"end":{"line":431,"column":null}},"158":{"start":{"line":444,"column":48},"end":{"line":444,"column":null}},"159":{"start":{"line":457,"column":48},"end":{"line":457,"column":null}},"160":{"start":{"line":472,"column":48},"end":{"line":474,"column":null}},"161":{"start":{"line":519,"column":48},"end":{"line":521,"column":null}},"162":{"start":{"line":533,"column":48},"end":{"line":533,"column":null}},"163":{"start":{"line":542,"column":52},"end":{"line":543,"column":null}},"164":{"start":{"line":545,"column":48},"end":{"line":549,"column":null}},"165":{"start":{"line":546,"column":52},"end":{"line":546,"column":null}},"166":{"start":{"line":547,"column":52},"end":{"line":547,"column":null}},"167":{"start":{"line":548,"column":52},"end":{"line":548,"column":null}},"168":{"start":{"line":550,"column":48},"end":{"line":550,"column":null}},"169":{"start":{"line":551,"column":48},"end":{"line":551,"column":null}},"170":{"start":{"line":552,"column":48},"end":{"line":552,"column":null}},"171":{"start":{"line":553,"column":48},"end":{"line":555,"column":null}},"172":{"start":{"line":559,"column":52},"end":{"line":559,"column":null}},"173":{"start":{"line":570,"column":52},"end":{"line":575,"column":null}},"174":{"start":{"line":585,"column":52},"end":{"line":585,"column":null}},"175":{"start":{"line":586,"column":48},"end":{"line":586,"column":null}},"176":{"start":{"line":587,"column":48},"end":{"line":587,"column":null}},"177":{"start":{"line":591,"column":52},"end":{"line":591,"column":null}},"178":{"start":{"line":596,"column":52},"end":{"line":601,"column":null}},"179":{"start":{"line":614,"column":48},"end":{"line":614,"column":null}},"180":{"start":{"line":626,"column":48},"end":{"line":626,"column":null}},"181":{"start":{"line":640,"column":48},"end":{"line":642,"column":null}},"182":{"start":{"line":654,"column":48},"end":{"line":654,"column":null}},"183":{"start":{"line":674,"column":60},"end":{"line":675,"column":null}},"184":{"start":{"line":677,"column":56},"end":{"line":677,"column":null}},"185":{"start":{"line":678,"column":56},"end":{"line":678,"column":null}},"186":{"start":{"line":679,"column":56},"end":{"line":681,"column":null}},"187":{"start":{"line":685,"column":60},"end":{"line":686,"column":null}},"188":{"start":{"line":691,"column":60},"end":{"line":696,"column":null}},"189":{"start":{"line":709,"column":56},"end":{"line":709,"column":null}},"190":{"start":{"line":765,"column":48},"end":{"line":765,"column":null}},"191":{"start":{"line":776,"column":48},"end":{"line":776,"column":null}},"192":{"start":{"line":786,"column":52},"end":{"line":788,"column":null}},"193":{"start":{"line":819,"column":56},"end":{"line":821,"column":null}},"194":{"start":{"line":835,"column":56},"end":{"line":837,"column":null}},"195":{"start":{"line":880,"column":2},"end":{"line":204,"column":null}},"196":{"start":{"line":18,"column":21},"end":{"line":204,"column":null}},"197":{"start":{"line":204,"column":38},"end":{"line":18,"column":21}},"198":{"start":{"line":18,"column":21},"end":{"line":18,"column":24}}},"fnMap":{"0":{"name":"(anonymous_0)","decl":{"start":{"line":1,"column":43},"end":{"line":1,"column":null}},"loc":{"start":{"line":1,"column":43},"end":{"line":1,"column":null}}},"1":{"name":"(anonymous_1)","decl":{"start":{"line":18,"column":24},"end":{"line":18,"column":30}},"loc":{"start":{"line":18,"column":30},"end":{"line":880,"column":2}}},"2":{"name":"(anonymous_2)","decl":{"start":{"line":82,"column":8},"end":{"line":82,"column":9}},"loc":{"start":{"line":82,"column":30},"end":{"line":82,"column":null}}},"3":{"name":"(anonymous_3)","decl":{"start":{"line":86,"column":8},"end":{"line":86,"column":9}},"loc":{"start":{"line":86,"column":30},"end":{"line":86,"column":null}}},"4":{"name":"(anonymous_4)","decl":{"start":{"line":90,"column":8},"end":{"line":90,"column":9}},"loc":{"start":{"line":90,"column":30},"end":{"line":90,"column":null}}},"5":{"name":"(anonymous_5)","decl":{"start":{"line":94,"column":8},"end":{"line":94,"column":9}},"loc":{"start":{"line":94,"column":30},"end":{"line":94,"column":null}}},"6":{"name":"(anonymous_6)","decl":{"start":{"line":98,"column":8},"end":{"line":98,"column":9}},"loc":{"start":{"line":98,"column":30},"end":{"line":98,"column":null}}},"7":{"name":"(anonymous_7)","decl":{"start":{"line":101,"column":8},"end":{"line":101,"column":9}},"loc":{"start":{"line":101,"column":30},"end":{"line":101,"column":null}}},"8":{"name":"(anonymous_8)","decl":{"start":{"line":104,"column":8},"end":{"line":104,"column":9}},"loc":{"start":{"line":104,"column":30},"end":{"line":104,"column":null}}},"9":{"name":"(anonymous_9)","decl":{"start":{"line":107,"column":8},"end":{"line":107,"column":9}},"loc":{"start":{"line":107,"column":30},"end":{"line":107,"column":null}}},"10":{"name":"(anonymous_10)","decl":{"start":{"line":110,"column":31},"end":{"line":110,"column":43}},"loc":{"start":{"line":110,"column":43},"end":{"line":149,"column":null}}},"11":{"name":"(anonymous_11)","decl":{"start":{"line":151,"column":30},"end":{"line":151,"column":42}},"loc":{"start":{"line":151,"column":42},"end":{"line":202,"column":null}}},"12":{"name":"(anonymous_12)","decl":{"start":{"line":205,"column":8},"end":{"line":205,"column":9}},"loc":{"start":{"line":205,"column":30},"end":{"line":205,"column":null}}},"13":{"name":"(anonymous_13)","decl":{"start":{"line":208,"column":30},"end":{"line":208,"column":42}},"loc":{"start":{"line":208,"column":42},"end":{"line":289,"column":null}}},"14":{"name":"(anonymous_14)","decl":{"start":{"line":291,"column":37},"end":{"line":291,"column":43}},"loc":{"start":{"line":291,"column":43},"end":{"line":295,"column":null}}},"15":{"name":"(anonymous_15)","decl":{"start":{"line":297,"column":31},"end":{"line":297,"column":32}},"loc":{"start":{"line":297,"column":55},"end":{"line":318,"column":null}}},"16":{"name":"(anonymous_16)","decl":{"start":{"line":311,"column":18},"end":{"line":311,"column":19}},"loc":{"start":{"line":311,"column":32},"end":{"line":311,"column":47}}},"17":{"name":"(anonymous_17)","decl":{"start":{"line":312,"column":18},"end":{"line":312,"column":19}},"loc":{"start":{"line":312,"column":30},"end":{"line":316,"column":13}}},"18":{"name":"(anonymous_18)","decl":{"start":{"line":314,"column":28},"end":{"line":314,"column":29}},"loc":{"start":{"line":314,"column":48},"end":{"line":314,"column":76}}},"19":{"name":"(anonymous_19)","decl":{"start":{"line":317,"column":19},"end":{"line":317,"column":20}},"loc":{"start":{"line":317,"column":30},"end":{"line":317,"column":57}}},"20":{"name":"(anonymous_20)","decl":{"start":{"line":320,"column":29},"end":{"line":320,"column":30}},"loc":{"start":{"line":320,"column":51},"end":{"line":341,"column":null}}},"21":{"name":"(anonymous_21)","decl":{"start":{"line":334,"column":18},"end":{"line":334,"column":19}},"loc":{"start":{"line":334,"column":32},"end":{"line":334,"column":47}}},"22":{"name":"(anonymous_22)","decl":{"start":{"line":335,"column":18},"end":{"line":335,"column":19}},"loc":{"start":{"line":335,"column":30},"end":{"line":339,"column":13}}},"23":{"name":"(anonymous_23)","decl":{"start":{"line":337,"column":28},"end":{"line":337,"column":29}},"loc":{"start":{"line":337,"column":48},"end":{"line":337,"column":76}}},"24":{"name":"(anonymous_24)","decl":{"start":{"line":340,"column":19},"end":{"line":340,"column":20}},"loc":{"start":{"line":340,"column":30},"end":{"line":340,"column":57}}},"25":{"name":"(anonymous_25)","decl":{"start":{"line":343,"column":24},"end":{"line":343,"column":36}},"loc":{"start":{"line":343,"column":36},"end":{"line":360,"column":null}}},"26":{"name":"(anonymous_26)","decl":{"start":{"line":362,"column":36},"end":{"line":362,"column":42}},"loc":{"start":{"line":362,"column":42},"end":{"line":366,"column":null}}},"27":{"name":"(anonymous_27)","decl":{"start":{"line":368,"column":14},"end":{"line":368,"column":20}},"loc":{"start":{"line":368,"column":20},"end":{"line":387,"column":7}}},"28":{"name":"(anonymous_28)","decl":{"start":{"line":379,"column":18},"end":{"line":379,"column":19}},"loc":{"start":{"line":379,"column":32},"end":{"line":379,"column":47}}},"29":{"name":"(anonymous_29)","decl":{"start":{"line":380,"column":18},"end":{"line":380,"column":19}},"loc":{"start":{"line":380,"column":30},"end":{"line":383,"column":13}}},"30":{"name":"(anonymous_30)","decl":{"start":{"line":384,"column":19},"end":{"line":384,"column":20}},"loc":{"start":{"line":384,"column":30},"end":{"line":384,"column":57}}},"31":{"name":"(anonymous_31)","decl":{"start":{"line":397,"column":31},"end":{"line":397,"column":32}},"loc":{"start":{"line":398,"column":24},"end":{"line":400,"column":null}}},"32":{"name":"(anonymous_32)","decl":{"start":{"line":428,"column":54},"end":{"line":428,"column":55}},"loc":{"start":{"line":429,"column":48},"end":{"line":431,"column":null}}},"33":{"name":"(anonymous_33)","decl":{"start":{"line":443,"column":54},"end":{"line":443,"column":55}},"loc":{"start":{"line":444,"column":48},"end":{"line":444,"column":null}}},"34":{"name":"(anonymous_34)","decl":{"start":{"line":456,"column":54},"end":{"line":456,"column":55}},"loc":{"start":{"line":457,"column":48},"end":{"line":457,"column":null}}},"35":{"name":"(anonymous_35)","decl":{"start":{"line":471,"column":54},"end":{"line":471,"column":55}},"loc":{"start":{"line":472,"column":48},"end":{"line":474,"column":null}}},"36":{"name":"(anonymous_36)","decl":{"start":{"line":518,"column":54},"end":{"line":518,"column":55}},"loc":{"start":{"line":519,"column":48},"end":{"line":521,"column":null}}},"37":{"name":"(anonymous_37)","decl":{"start":{"line":532,"column":54},"end":{"line":532,"column":55}},"loc":{"start":{"line":533,"column":48},"end":{"line":533,"column":null}}},"38":{"name":"(anonymous_38)","decl":{"start":{"line":540,"column":54},"end":{"line":540,"column":55}},"loc":{"start":{"line":540,"column":66},"end":{"line":556,"column":null}}},"39":{"name":"(anonymous_39)","decl":{"start":{"line":558,"column":48},"end":{"line":558,"column":49}},"loc":{"start":{"line":559,"column":52},"end":{"line":559,"column":null}}},"40":{"name":"(anonymous_40)","decl":{"start":{"line":566,"column":48},"end":{"line":566,"column":null}},"loc":{"start":{"line":570,"column":52},"end":{"line":575,"column":null}}},"41":{"name":"(anonymous_41)","decl":{"start":{"line":583,"column":54},"end":{"line":583,"column":55}},"loc":{"start":{"line":583,"column":66},"end":{"line":588,"column":null}}},"42":{"name":"(anonymous_42)","decl":{"start":{"line":590,"column":48},"end":{"line":590,"column":49}},"loc":{"start":{"line":591,"column":52},"end":{"line":591,"column":null}}},"43":{"name":"(anonymous_43)","decl":{"start":{"line":595,"column":48},"end":{"line":595,"column":49}},"loc":{"start":{"line":596,"column":52},"end":{"line":601,"column":null}}},"44":{"name":"(anonymous_44)","decl":{"start":{"line":613,"column":54},"end":{"line":613,"column":55}},"loc":{"start":{"line":614,"column":48},"end":{"line":614,"column":null}}},"45":{"name":"(anonymous_45)","decl":{"start":{"line":625,"column":54},"end":{"line":625,"column":55}},"loc":{"start":{"line":626,"column":48},"end":{"line":626,"column":null}}},"46":{"name":"(anonymous_46)","decl":{"start":{"line":639,"column":54},"end":{"line":639,"column":55}},"loc":{"start":{"line":640,"column":48},"end":{"line":642,"column":null}}},"47":{"name":"(anonymous_47)","decl":{"start":{"line":653,"column":54},"end":{"line":653,"column":55}},"loc":{"start":{"line":654,"column":48},"end":{"line":654,"column":null}}},"48":{"name":"(anonymous_48)","decl":{"start":{"line":672,"column":62},"end":{"line":672,"column":63}},"loc":{"start":{"line":672,"column":74},"end":{"line":682,"column":null}}},"49":{"name":"(anonymous_49)","decl":{"start":{"line":684,"column":56},"end":{"line":684,"column":57}},"loc":{"start":{"line":685,"column":60},"end":{"line":686,"column":null}}},"50":{"name":"(anonymous_50)","decl":{"start":{"line":690,"column":56},"end":{"line":690,"column":57}},"loc":{"start":{"line":691,"column":60},"end":{"line":696,"column":null}}},"51":{"name":"(anonymous_51)","decl":{"start":{"line":708,"column":62},"end":{"line":708,"column":63}},"loc":{"start":{"line":709,"column":56},"end":{"line":709,"column":null}}},"52":{"name":"(anonymous_52)","decl":{"start":{"line":764,"column":54},"end":{"line":764,"column":55}},"loc":{"start":{"line":765,"column":48},"end":{"line":765,"column":null}}},"53":{"name":"(anonymous_53)","decl":{"start":{"line":775,"column":54},"end":{"line":775,"column":55}},"loc":{"start":{"line":776,"column":48},"end":{"line":776,"column":null}}},"54":{"name":"(anonymous_54)","decl":{"start":{"line":785,"column":57},"end":{"line":785,"column":null}},"loc":{"start":{"line":786,"column":52},"end":{"line":788,"column":null}}},"55":{"name":"(anonymous_55)","decl":{"start":{"line":818,"column":62},"end":{"line":818,"column":63}},"loc":{"start":{"line":819,"column":56},"end":{"line":821,"column":null}}},"56":{"name":"(anonymous_56)","decl":{"start":{"line":834,"column":62},"end":{"line":834,"column":63}},"loc":{"start":{"line":835,"column":56},"end":{"line":837,"column":null}}},"57":{"name":"(anonymous_57)","decl":{"start":{"line":18,"column":21},"end":{"line":18,"column":24}},"loc":{"start":{"line":18,"column":21},"end":{"line":204,"column":null}}}},"branchMap":{"0":{"loc":{"start":{"line":1,"column":36},"end":{"line":1,"column":null}},"type":"binary-expr","locations":[{"start":{"line":1,"column":36},"end":{"line":1,"column":null}},{"start":{"line":1,"column":43},"end":{"line":1,"column":null}}]},"1":{"loc":{"start":{"line":1,"column":43},"end":{"line":1,"column":null}},"type":"if","locations":[{"start":{"line":1,"column":43},"end":{"line":1,"column":null}}]},"2":{"loc":{"start":{"line":1,"column":43},"end":{"line":1,"column":null}},"type":"binary-expr","locations":[{"start":{"line":1,"column":43},"end":{"line":1,"column":null}},{"start":{"line":1,"column":43},"end":{"line":1,"column":null}}]},"3":{"loc":{"start":{"line":137,"column":12},"end":{"line":140,"column":null}},"type":"if","locations":[{"start":{"line":137,"column":12},"end":{"line":140,"column":null}}]},"4":{"loc":{"start":{"line":189,"column":12},"end":{"line":192,"column":null}},"type":"if","locations":[{"start":{"line":189,"column":12},"end":{"line":192,"column":null}}]},"5":{"loc":{"start":{"line":209,"column":8},"end":{"line":212,"column":null}},"type":"if","locations":[{"start":{"line":209,"column":8},"end":{"line":212,"column":null}}]},"6":{"loc":{"start":{"line":214,"column":8},"end":{"line":221,"column":null}},"type":"if","locations":[{"start":{"line":214,"column":8},"end":{"line":221,"column":null}}]},"7":{"loc":{"start":{"line":215,"column":12},"end":{"line":217,"column":null}},"type":"binary-expr","locations":[{"start":{"line":215,"column":12},"end":{"line":215,"column":null}},{"start":{"line":216,"column":12},"end":{"line":216,"column":null}},{"start":{"line":217,"column":12},"end":{"line":217,"column":null}}]},"8":{"loc":{"start":{"line":247,"column":8},"end":{"line":250,"column":null}},"type":"if","locations":[{"start":{"line":247,"column":8},"end":{"line":250,"column":null}}]},"9":{"loc":{"start":{"line":278,"column":8},"end":{"line":282,"column":null}},"type":"if","locations":[{"start":{"line":278,"column":8},"end":{"line":282,"column":null}}]},"10":{"loc":{"start":{"line":353,"column":8},"end":{"line":354,"column":null}},"type":"if","locations":[{"start":{"line":353,"column":8},"end":{"line":354,"column":null}}]},"11":{"loc":{"start":{"line":353,"column":12},"end":{"line":353,"column":73}},"type":"binary-expr","locations":[{"start":{"line":353,"column":12},"end":{"line":353,"column":43}},{"start":{"line":353,"column":43},"end":{"line":353,"column":73}}]},"12":{"loc":{"start":{"line":356,"column":8},"end":{"line":359,"column":null}},"type":"if","locations":[{"start":{"line":356,"column":8},"end":{"line":359,"column":null}}]},"13":{"loc":{"start":{"line":356,"column":12},"end":{"line":356,"column":78}},"type":"binary-expr","locations":[{"start":{"line":356,"column":12},"end":{"line":356,"column":47}},{"start":{"line":356,"column":47},"end":{"line":356,"column":78}}]},"14":{"loc":{"start":{"line":389,"column":4},"end":{"line":391,"column":null}},"type":"if","locations":[{"start":{"line":389,"column":4},"end":{"line":391,"column":null}}]},"15":{"loc":{"start":{"line":416,"column":25},"end":{"line":496,"column":null}},"type":"binary-expr","locations":[{"start":{"line":416,"column":25},"end":{"line":416,"column":null}},{"start":{"line":417,"column":28},"end":{"line":496,"column":null}}]},"16":{"loc":{"start":{"line":506,"column":25},"end":{"line":743,"column":null}},"type":"binary-expr","locations":[{"start":{"line":506,"column":25},"end":{"line":506,"column":null}},{"start":{"line":507,"column":28},"end":{"line":743,"column":null}}]},"17":{"loc":{"start":{"line":545,"column":48},"end":{"line":549,"column":null}},"type":"if","locations":[{"start":{"line":545,"column":48},"end":{"line":549,"column":null}}]},"18":{"loc":{"start":{"line":753,"column":25},"end":{"line":872,"column":null}},"type":"binary-expr","locations":[{"start":{"line":753,"column":25},"end":{"line":753,"column":null}},{"start":{"line":754,"column":28},"end":{"line":872,"column":null}}]}},"s":{"0":30,"1":240,"2":30,"3":0,"4":0,"5":0,"6":0,"7":0,"8":0,"9":0,"10":0,"11":0,"12":0,"13":0,"14":0,"15":0,"16":0,"17":0,"18":0,"19":0,"20":0,"21":0,"22":0,"23":0,"24":0,"25":0,"26":0,"27":0,"28":0,"29":0,"30":0,"31":0,"32":0,"33":0,"34":0,"35":0,"36":0,"37":0,"38":0,"39":0,"40":0,"41":0,"42":0,"43":0,"44":0,"45":0,"46":0,"47":0,"48":0,"49":0,"50":0,"51":0,"52":0,"53":0,"54":0,"55":0,"56":0,"57":0,"58":0,"59":0,"60":0,"61":0,"62":0,"63":0,"64":0,"65":0,"66":0,"67":0,"68":0,"69":0,"70":0,"71":0,"72":0,"73":0,"74":0,"75":0,"76":0,"77":0,"78":0,"79":0,"80":0,"81":0,"82":0,"83":0,"84":0,"85":0,"86":0,"87":0,"88":0,"89":0,"90":0,"91":0,"92":0,"93":0,"94":0,"95":0,"96":0,"97":0,"98":0,"99":0,"100":0,"101":0,"102":0,"103":0,"104":0,"105":0,"106":0,"107":0,"108":0,"109":0,"110":0,"111":0,"112":0,"113":0,"114":0,"115":0,"116":0,"117":0,"118":0,"119":0,"120":0,"121":0,"122":0,"123":0,"124":0,"125":0,"126":0,"127":0,"128":0,"129":0,"130":0,"131":0,"132":0,"133":0,"134":0,"135":0,"136":0,"137":0,"138":0,"139":0,"140":0,"141":0,"142":0,"143":0,"144":0,"145":0,"146":0,"147":0,"148":0,"149":0,"150":0,"151":0,"152":0,"153":0,"154":0,"155":0,"156":0,"157":0,"158":0,"159":0,"160":0,"161":0,"162":0,"163":0,"164":0,"165":0,"166":0,"167":0,"168":0,"169":0,"170":0,"171":0,"172":0,"173":0,"174":0,"175":0,"176":0,"177":0,"178":0,"179":0,"180":0,"181":0,"182":0,"183":0,"184":0,"185":0,"186":0,"187":0,"188":0,"189":0,"190":0,"191":0,"192":0,"193":0,"194":0,"195":30,"196":0,"197":30,"198":30},"f":{"0":30,"1":0,"2":0,"3":0,"4":0,"5":0,"6":0,"7":0,"8":0,"9":0,"10":0,"11":0,"12":0,"13":0,"14":0,"15":0,"16":0,"17":0,"18":0,"19":0,"20":0,"21":0,"22":0,"23":0,"24":0,"25":0,"26":0,"27":0,"28":0,"29":0,"30":0,"31":0,"32":0,"33":0,"34":0,"35":0,"36":0,"37":0,"38":0,"39":0,"40":0,"41":0,"42":0,"43":0,"44":0,"45":0,"46":0,"47":0,"48":0,"49":0,"50":0,"51":0,"52":0,"53":0,"54":0,"55":0,"56":0,"57":0},"b":{"0":[30,0],"1":[30],"2":[30,30],"3":[0],"4":[0],"5":[0],"6":[0],"7":[0,0,0],"8":[0],"9":[0],"10":[0],"11":[0,0],"12":[0],"13":[0,0],"14":[0],"15":[0,0],"16":[0,0],"17":[0],"18":[0,0]}}
,"/home/lenovo/Desktop/IBE-Team7-Frontend/IBE-Team7-Frontend/ibe-team7-frontend/src/components/checkout/YupSchema.ts": {"path":"/home/lenovo/Desktop/IBE-Team7-Frontend/IBE-Team7-Frontend/ibe-team7-frontend/src/components/checkout/YupSchema.ts","statementMap":{"0":{"start":{"line":3,"column":35},"end":{"line":18,"column":null}},"1":{"start":{"line":20,"column":33},"end":{"line":40,"column":null}},"2":{"start":{"line":42,"column":33},"end":{"line":52,"column":null}}},"fnMap":{},"branchMap":{},"s":{"0":30,"1":30,"2":30},"f":{},"b":{}}
,"/home/lenovo/Desktop/IBE-Team7-Frontend/IBE-Team7-Frontend/ibe-team7-frontend/src/components/confirmation/Confirmation.tsx": {"path":"/home/lenovo/Desktop/IBE-Team7-Frontend/IBE-Team7-Frontend/ibe-team7-frontend/src/components/confirmation/Confirmation.tsx","statementMap":{"0":{"start":{"line":1,"column":28},"end":{"line":1,"column":null}},"1":{"start":{"line":25,"column":28},"end":{"line":691,"column":2}},"2":{"start":{"line":25,"column":34},"end":{"line":25,"column":null}},"3":{"start":{"line":26,"column":19},"end":{"line":26,"column":null}},"4":{"start":{"line":31,"column":26},"end":{"line":31,"column":null}},"5":{"start":{"line":32,"column":46},"end":{"line":32,"column":null}},"6":{"start":{"line":34,"column":36},"end":{"line":34,"column":null}},"7":{"start":{"line":35,"column":26},"end":{"line":35,"column":null}},"8":{"start":{"line":36,"column":40},"end":{"line":36,"column":null}},"9":{"start":{"line":37,"column":36},"end":{"line":37,"column":null}},"10":{"start":{"line":38,"column":34},"end":{"line":38,"column":null}},"11":{"start":{"line":39,"column":44},"end":{"line":39,"column":null}},"12":{"start":{"line":40,"column":44},"end":{"line":40,"column":null}},"13":{"start":{"line":41,"column":36},"end":{"line":41,"column":null}},"14":{"start":{"line":42,"column":36},"end":{"line":42,"column":null}},"15":{"start":{"line":43,"column":28},"end":{"line":43,"column":null}},"16":{"start":{"line":44,"column":30},"end":{"line":44,"column":null}},"17":{"start":{"line":45,"column":34},"end":{"line":45,"column":null}},"18":{"start":{"line":46,"column":26},"end":{"line":46,"column":null}},"19":{"start":{"line":47,"column":52},"end":{"line":47,"column":null}},"20":{"start":{"line":48,"column":50},"end":{"line":48,"column":null}},"21":{"start":{"line":49,"column":54},"end":{"line":49,"column":null}},"22":{"start":{"line":50,"column":52},"end":{"line":50,"column":null}},"23":{"start":{"line":51,"column":46},"end":{"line":51,"column":null}},"24":{"start":{"line":52,"column":46},"end":{"line":52,"column":null}},"25":{"start":{"line":54,"column":38},"end":{"line":54,"column":null}},"26":{"start":{"line":55,"column":34},"end":{"line":55,"column":null}},"27":{"start":{"line":56,"column":40},"end":{"line":56,"column":null}},"28":{"start":{"line":57,"column":36},"end":{"line":57,"column":null}},"29":{"start":{"line":58,"column":38},"end":{"line":58,"column":null}},"30":{"start":{"line":59,"column":34},"end":{"line":59,"column":null}},"31":{"start":{"line":61,"column":48},"end":{"line":61,"column":null}},"32":{"start":{"line":62,"column":46},"end":{"line":62,"column":null}},"33":{"start":{"line":63,"column":40},"end":{"line":63,"column":null}},"34":{"start":{"line":65,"column":48},"end":{"line":65,"column":null}},"35":{"start":{"line":67,"column":26},"end":{"line":69,"column":null}},"36":{"start":{"line":68,"column":30},"end":{"line":68,"column":null}},"37":{"start":{"line":71,"column":25},"end":{"line":73,"column":null}},"38":{"start":{"line":72,"column":30},"end":{"line":72,"column":null}},"39":{"start":{"line":76,"column":8},"end":{"line":78,"column":null}},"40":{"start":{"line":76,"column":27},"end":{"line":78,"column":null}},"41":{"start":{"line":77,"column":12},"end":{"line":77,"column":null}},"42":{"start":{"line":80,"column":22},"end":{"line":82,"column":null}},"43":{"start":{"line":81,"column":8},"end":{"line":81,"column":null}},"44":{"start":{"line":84,"column":4},"end":{"line":147,"column":null}},"45":{"start":{"line":85,"column":26},"end":{"line":144,"column":null}},"46":{"start":{"line":86,"column":29},"end":{"line":88,"column":null}},"47":{"start":{"line":90,"column":12},"end":{"line":99,"column":null}},"48":{"start":{"line":96,"column":16},"end":{"line":96,"column":null}},"49":{"start":{"line":97,"column":16},"end":{"line":97,"column":null}},"50":{"start":{"line":98,"column":16},"end":{"line":98,"column":null}},"51":{"start":{"line":101,"column":12},"end":{"line":101,"column":null}},"52":{"start":{"line":102,"column":12},"end":{"line":102,"column":null}},"53":{"start":{"line":103,"column":12},"end":{"line":103,"column":null}},"54":{"start":{"line":104,"column":12},"end":{"line":104,"column":null}},"55":{"start":{"line":105,"column":12},"end":{"line":105,"column":null}},"56":{"start":{"line":106,"column":12},"end":{"line":106,"column":null}},"57":{"start":{"line":107,"column":12},"end":{"line":107,"column":null}},"58":{"start":{"line":108,"column":12},"end":{"line":108,"column":null}},"59":{"start":{"line":110,"column":12},"end":{"line":110,"column":null}},"60":{"start":{"line":111,"column":12},"end":{"line":111,"column":null}},"61":{"start":{"line":112,"column":12},"end":{"line":112,"column":null}},"62":{"start":{"line":113,"column":12},"end":{"line":113,"column":null}},"63":{"start":{"line":114,"column":12},"end":{"line":114,"column":null}},"64":{"start":{"line":115,"column":12},"end":{"line":115,"column":null}},"65":{"start":{"line":117,"column":12},"end":{"line":117,"column":null}},"66":{"start":{"line":118,"column":12},"end":{"line":118,"column":null}},"67":{"start":{"line":119,"column":12},"end":{"line":119,"column":null}},"68":{"start":{"line":120,"column":12},"end":{"line":120,"column":null}},"69":{"start":{"line":122,"column":36},"end":{"line":122,"column":null}},"70":{"start":{"line":123,"column":12},"end":{"line":123,"column":null}},"71":{"start":{"line":124,"column":12},"end":{"line":124,"column":null}},"72":{"start":{"line":125,"column":12},"end":{"line":125,"column":null}},"73":{"start":{"line":127,"column":34},"end":{"line":127,"column":null}},"74":{"start":{"line":128,"column":12},"end":{"line":128,"column":null}},"75":{"start":{"line":129,"column":12},"end":{"line":129,"column":null}},"76":{"start":{"line":130,"column":12},"end":{"line":130,"column":null}},"77":{"start":{"line":132,"column":29},"end":{"line":135,"column":null}},"78":{"start":{"line":137,"column":12},"end":{"line":137,"column":null}},"79":{"start":{"line":139,"column":12},"end":{"line":139,"column":null}},"80":{"start":{"line":140,"column":12},"end":{"line":142,"column":null}},"81":{"start":{"line":143,"column":12},"end":{"line":143,"column":null}},"82":{"start":{"line":146,"column":8},"end":{"line":146,"column":null}},"83":{"start":{"line":149,"column":25},"end":{"line":184,"column":null}},"84":{"start":{"line":151,"column":23},"end":{"line":151,"column":null}},"85":{"start":{"line":152,"column":8},"end":{"line":152,"column":null}},"86":{"start":{"line":155,"column":29},"end":{"line":160,"column":null}},"87":{"start":{"line":162,"column":23},"end":{"line":179,"column":null}},"88":{"start":{"line":181,"column":8},"end":{"line":181,"column":null}},"89":{"start":{"line":183,"column":8},"end":{"line":183,"column":null}},"90":{"start":{"line":186,"column":24},"end":{"line":191,"column":null}},"91":{"start":{"line":187,"column":8},"end":{"line":187,"column":null}},"92":{"start":{"line":188,"column":8},"end":{"line":190,"column":null}},"93":{"start":{"line":189,"column":12},"end":{"line":189,"column":null}},"94":{"start":{"line":193,"column":25},"end":{"line":207,"column":null}},"95":{"start":{"line":195,"column":12},"end":{"line":195,"column":null}},"96":{"start":{"line":201,"column":23},"end":{"line":201,"column":null}},"97":{"start":{"line":205,"column":12},"end":{"line":205,"column":null}},"98":{"start":{"line":209,"column":16},"end":{"line":217,"column":null}},"99":{"start":{"line":219,"column":26},"end":{"line":256,"column":null}},"100":{"start":{"line":224,"column":29},"end":{"line":232,"column":null}},"101":{"start":{"line":234,"column":23},"end":{"line":251,"column":null}},"102":{"start":{"line":253,"column":8},"end":{"line":253,"column":null}},"103":{"start":{"line":255,"column":8},"end":{"line":255,"column":null}},"104":{"start":{"line":258,"column":4},"end":{"line":689,"column":null}},"105":{"start":{"line":299,"column":47},"end":{"line":299,"column":null}},"106":{"start":{"line":691,"column":2},"end":{"line":193,"column":41}},"107":{"start":{"line":25,"column":25},"end":{"line":193,"column":41}},"108":{"start":{"line":193,"column":40},"end":{"line":25,"column":25}},"109":{"start":{"line":693,"column":18},"end":{"line":697,"column":4}},"110":{"start":{"line":694,"column":4},"end":{"line":694,"column":null}},"111":{"start":{"line":695,"column":10},"end":{"line":697,"column":2}},"112":{"start":{"line":697,"column":4},"end":{"line":693,"column":18}},"113":{"start":{"line":699,"column":25},"end":{"line":702,"column":4}},"114":{"start":{"line":699,"column":69},"end":{"line":702,"column":2}},"115":{"start":{"line":702,"column":4},"end":{"line":699,"column":25}},"116":{"start":{"line":704,"column":25},"end":{"line":718,"column":4}},"117":{"start":{"line":705,"column":4},"end":{"line":707,"column":null}},"118":{"start":{"line":709,"column":19},"end":{"line":718,"column":2}},"119":{"start":{"line":718,"column":4},"end":{"line":704,"column":22}},"120":{"start":{"line":704,"column":22},"end":{"line":704,"column":25}}},"fnMap":{"0":{"name":"(anonymous_0)","decl":{"start":{"line":1,"column":28},"end":{"line":1,"column":null}},"loc":{"start":{"line":1,"column":28},"end":{"line":1,"column":null}}},"1":{"name":"(anonymous_1)","decl":{"start":{"line":25,"column":28},"end":{"line":25,"column":34}},"loc":{"start":{"line":25,"column":34},"end":{"line":691,"column":2}}},"2":{"name":"(anonymous_2)","decl":{"start":{"line":68,"column":8},"end":{"line":68,"column":9}},"loc":{"start":{"line":68,"column":30},"end":{"line":68,"column":null}}},"3":{"name":"(anonymous_3)","decl":{"start":{"line":72,"column":8},"end":{"line":72,"column":9}},"loc":{"start":{"line":72,"column":30},"end":{"line":72,"column":null}}},"4":{"name":"(anonymous_4)","decl":{"start":{"line":76,"column":8},"end":{"line":76,"column":9}},"loc":{"start":{"line":76,"column":27},"end":{"line":78,"column":null}}},"5":{"name":"(anonymous_5)","decl":{"start":{"line":76,"column":27},"end":{"line":76,"column":28}},"loc":{"start":{"line":76,"column":78},"end":{"line":78,"column":null}}},"6":{"name":"(anonymous_6)","decl":{"start":{"line":80,"column":22},"end":{"line":80,"column":23}},"loc":{"start":{"line":80,"column":49},"end":{"line":82,"column":null}}},"7":{"name":"(anonymous_7)","decl":{"start":{"line":84,"column":14},"end":{"line":84,"column":20}},"loc":{"start":{"line":84,"column":20},"end":{"line":147,"column":7}}},"8":{"name":"(anonymous_8)","decl":{"start":{"line":85,"column":26},"end":{"line":85,"column":38}},"loc":{"start":{"line":85,"column":38},"end":{"line":144,"column":null}}},"9":{"name":"(anonymous_9)","decl":{"start":{"line":149,"column":25},"end":{"line":149,"column":31}},"loc":{"start":{"line":149,"column":31},"end":{"line":184,"column":null}}},"10":{"name":"(anonymous_10)","decl":{"start":{"line":186,"column":24},"end":{"line":186,"column":30}},"loc":{"start":{"line":186,"column":30},"end":{"line":191,"column":null}}},"11":{"name":"(anonymous_11)","decl":{"start":{"line":188,"column":19},"end":{"line":188,"column":25}},"loc":{"start":{"line":188,"column":25},"end":{"line":190,"column":11}}},"12":{"name":"(anonymous_12)","decl":{"start":{"line":194,"column":28},"end":{"line":194,"column":34}},"loc":{"start":{"line":194,"column":34},"end":{"line":196,"column":null}}},"13":{"name":"(anonymous_13)","decl":{"start":{"line":201,"column":17},"end":{"line":201,"column":23}},"loc":{"start":{"line":201,"column":23},"end":{"line":201,"column":null}}},"14":{"name":"(anonymous_14)","decl":{"start":{"line":204,"column":22},"end":{"line":204,"column":28}},"loc":{"start":{"line":204,"column":28},"end":{"line":206,"column":null}}},"15":{"name":"(anonymous_15)","decl":{"start":{"line":219,"column":26},"end":{"line":219,"column":32}},"loc":{"start":{"line":219,"column":32},"end":{"line":256,"column":null}}},"16":{"name":"(anonymous_16)","decl":{"start":{"line":299,"column":41},"end":{"line":299,"column":47}},"loc":{"start":{"line":299,"column":47},"end":{"line":299,"column":null}}},"17":{"name":"(anonymous_17)","decl":{"start":{"line":25,"column":25},"end":{"line":25,"column":28}},"loc":{"start":{"line":25,"column":25},"end":{"line":193,"column":41}}},"18":{"name":"(anonymous_18)","decl":{"start":{"line":693,"column":25},"end":{"line":693,"column":26}},"loc":{"start":{"line":694,"column":4},"end":{"line":694,"column":null}}},"19":{"name":"(anonymous_19)","decl":{"start":{"line":695,"column":3},"end":{"line":695,"column":10}},"loc":{"start":{"line":695,"column":10},"end":{"line":697,"column":2}}},"20":{"name":"(anonymous_20)","decl":{"start":{"line":699,"column":53},"end":{"line":699,"column":54}},"loc":{"start":{"line":699,"column":69},"end":{"line":702,"column":2}}},"21":{"name":"(anonymous_21)","decl":{"start":{"line":704,"column":32},"end":{"line":704,"column":33}},"loc":{"start":{"line":705,"column":4},"end":{"line":707,"column":null}}},"22":{"name":"(anonymous_22)","decl":{"start":{"line":709,"column":3},"end":{"line":709,"column":4}},"loc":{"start":{"line":709,"column":19},"end":{"line":718,"column":2}}}},"branchMap":{"0":{"loc":{"start":{"line":1,"column":28},"end":{"line":1,"column":null}},"type":"binary-expr","locations":[{"start":{"line":1,"column":28},"end":{"line":1,"column":null}},{"start":{"line":1,"column":28},"end":{"line":1,"column":null}}]},"1":{"loc":{"start":{"line":1,"column":28},"end":{"line":1,"column":null}},"type":"if","locations":[{"start":{"line":1,"column":28},"end":{"line":1,"column":null}}]},"2":{"loc":{"start":{"line":77,"column":24},"end":{"line":77,"column":51}},"type":"cond-expr","locations":[{"start":{"line":77,"column":38},"end":{"line":77,"column":46}},{"start":{"line":77,"column":46},"end":{"line":77,"column":51}}]},"3":{"loc":{"start":{"line":90,"column":12},"end":{"line":99,"column":null}},"type":"if","locations":[{"start":{"line":90,"column":12},"end":{"line":99,"column":null}}]},"4":{"loc":{"start":{"line":91,"column":16},"end":{"line":94,"column":null}},"type":"binary-expr","locations":[{"start":{"line":91,"column":16},"end":{"line":91,"column":null}},{"start":{"line":92,"column":16},"end":{"line":92,"column":null}},{"start":{"line":93,"column":16},"end":{"line":93,"column":null}},{"start":{"line":94,"column":16},"end":{"line":94,"column":null}}]},"5":{"loc":{"start":{"line":297,"column":25},"end":{"line":301,"column":null}},"type":"binary-expr","locations":[{"start":{"line":297,"column":25},"end":{"line":297,"column":null}},{"start":{"line":298,"column":28},"end":{"line":301,"column":null}}]},"6":{"loc":{"start":{"line":353,"column":33},"end":{"line":359,"column":41}},"type":"cond-expr","locations":[{"start":{"line":354,"column":39},"end":{"line":356,"column":null}},{"start":{"line":357,"column":39},"end":{"line":359,"column":41}}]},"7":{"loc":{"start":{"line":370,"column":32},"end":{"line":370,"column":null}},"type":"binary-expr","locations":[{"start":{"line":370,"column":32},"end":{"line":370,"column":57}},{"start":{"line":370,"column":57},"end":{"line":370,"column":null}}]},"8":{"loc":{"start":{"line":390,"column":49},"end":{"line":398,"column":null}},"type":"cond-expr","locations":[{"start":{"line":391,"column":55},"end":{"line":394,"column":null}},{"start":{"line":395,"column":55},"end":{"line":398,"column":null}}]},"9":{"loc":{"start":{"line":406,"column":49},"end":{"line":416,"column":null}},"type":"cond-expr","locations":[{"start":{"line":407,"column":55},"end":{"line":411,"column":null}},{"start":{"line":412,"column":55},"end":{"line":416,"column":null}}]},"10":{"loc":{"start":{"line":424,"column":49},"end":{"line":436,"column":null}},"type":"cond-expr","locations":[{"start":{"line":425,"column":55},"end":{"line":430,"column":null}},{"start":{"line":431,"column":55},"end":{"line":436,"column":null}}]},"11":{"loc":{"start":{"line":444,"column":49},"end":{"line":456,"column":null}},"type":"cond-expr","locations":[{"start":{"line":445,"column":55},"end":{"line":450,"column":null}},{"start":{"line":451,"column":55},"end":{"line":456,"column":null}}]},"12":{"loc":{"start":{"line":464,"column":49},"end":{"line":476,"column":null}},"type":"cond-expr","locations":[{"start":{"line":465,"column":55},"end":{"line":470,"column":null}},{"start":{"line":471,"column":55},"end":{"line":476,"column":null}}]},"13":{"loc":{"start":{"line":485,"column":32},"end":{"line":485,"column":null}},"type":"binary-expr","locations":[{"start":{"line":485,"column":32},"end":{"line":485,"column":57}},{"start":{"line":485,"column":57},"end":{"line":485,"column":null}}]},"14":{"loc":{"start":{"line":540,"column":32},"end":{"line":540,"column":null}},"type":"binary-expr","locations":[{"start":{"line":540,"column":32},"end":{"line":540,"column":57}},{"start":{"line":540,"column":57},"end":{"line":540,"column":null}}]},"15":{"loc":{"start":{"line":643,"column":32},"end":{"line":643,"column":null}},"type":"binary-expr","locations":[{"start":{"line":643,"column":32},"end":{"line":643,"column":57}},{"start":{"line":643,"column":57},"end":{"line":643,"column":null}}]}},"s":{"0":360,"1":30,"2":0,"3":0,"4":0,"5":0,"6":0,"7":0,"8":0,"9":0,"10":0,"11":0,"12":0,"13":0,"14":0,"15":0,"16":0,"17":0,"18":0,"19":0,"20":0,"21":0,"22":0,"23":0,"24":0,"25":0,"26":0,"27":0,"28":0,"29":0,"30":0,"31":0,"32":0,"33":0,"34":0,"35":0,"36":0,"37":0,"38":0,"39":0,"40":0,"41":0,"42":0,"43":0,"44":0,"45":0,"46":0,"47":0,"48":0,"49":0,"50":0,"51":0,"52":0,"53":0,"54":0,"55":0,"56":0,"57":0,"58":0,"59":0,"60":0,"61":0,"62":0,"63":0,"64":0,"65":0,"66":0,"67":0,"68":0,"69":0,"70":0,"71":0,"72":0,"73":0,"74":0,"75":0,"76":0,"77":0,"78":0,"79":0,"80":0,"81":0,"82":0,"83":0,"84":0,"85":0,"86":0,"87":0,"88":0,"89":0,"90":0,"91":0,"92":0,"93":0,"94":0,"95":0,"96":0,"97":0,"98":0,"99":0,"100":0,"101":0,"102":0,"103":0,"104":0,"105":0,"106":30,"107":0,"108":30,"109":30,"110":0,"111":0,"112":30,"113":30,"114":0,"115":30,"116":30,"117":0,"118":0,"119":30,"120":120},"f":{"0":120,"1":0,"2":0,"3":0,"4":0,"5":0,"6":0,"7":0,"8":0,"9":0,"10":0,"11":0,"12":0,"13":0,"14":0,"15":0,"16":0,"17":0,"18":0,"19":0,"20":0,"21":0,"22":0},"b":{"0":[60,30],"1":[30],"2":[0,0],"3":[0],"4":[0,0,0,0],"5":[0,0],"6":[0,0],"7":[0,0],"8":[0,0],"9":[0,0],"10":[0,0],"11":[0,0],"12":[0,0],"13":[0,0],"14":[0,0],"15":[0,0]}}
,"/home/lenovo/Desktop/IBE-Team7-Frontend/IBE-Team7-Frontend/ibe-team7-frontend/src/components/confirmation/OTPModal.tsx": {"path":"/home/lenovo/Desktop/IBE-Team7-Frontend/IBE-Team7-Frontend/ibe-team7-frontend/src/components/confirmation/OTPModal.tsx","statementMap":{"0":{"start":{"line":1,"column":24},"end":{"line":1,"column":null}},"1":{"start":{"line":18,"column":27},"end":{"line":18,"column":null}},"2":{"start":{"line":19,"column":26},"end":{"line":19,"column":null}},"3":{"start":{"line":20,"column":32},"end":{"line":20,"column":null}},"4":{"start":{"line":21,"column":36},"end":{"line":21,"column":null}},"5":{"start":{"line":23,"column":21},"end":{"line":23,"column":null}},"6":{"start":{"line":25,"column":24},"end":{"line":27,"column":null}},"7":{"start":{"line":26,"column":8},"end":{"line":26,"column":null}},"8":{"start":{"line":29,"column":25},"end":{"line":55,"column":null}},"9":{"start":{"line":30,"column":8},"end":{"line":34,"column":null}},"10":{"start":{"line":31,"column":12},"end":{"line":31,"column":null}},"11":{"start":{"line":32,"column":12},"end":{"line":32,"column":null}},"12":{"start":{"line":33,"column":12},"end":{"line":33,"column":null}},"13":{"start":{"line":35,"column":8},"end":{"line":39,"column":null}},"14":{"start":{"line":36,"column":12},"end":{"line":36,"column":null}},"15":{"start":{"line":37,"column":12},"end":{"line":37,"column":null}},"16":{"start":{"line":38,"column":12},"end":{"line":38,"column":null}},"17":{"start":{"line":40,"column":8},"end":{"line":40,"column":null}},"18":{"start":{"line":41,"column":8},"end":{"line":41,"column":null}},"19":{"start":{"line":42,"column":8},"end":{"line":54,"column":null}},"20":{"start":{"line":43,"column":12},"end":{"line":43,"column":null}},"21":{"start":{"line":44,"column":12},"end":{"line":44,"column":null}},"22":{"start":{"line":46,"column":12},"end":{"line":46,"column":null}},"23":{"start":{"line":47,"column":12},"end":{"line":47,"column":null}},"24":{"start":{"line":48,"column":12},"end":{"line":52,"column":null}},"25":{"start":{"line":53,"column":12},"end":{"line":53,"column":null}},"26":{"start":{"line":57,"column":28},"end":{"line":59,"column":null}},"27":{"start":{"line":58,"column":8},"end":{"line":58,"column":null}},"28":{"start":{"line":61,"column":4},"end":{"line":110,"column":null}},"29":{"start":{"line":112,"column":1},"end":{"line":23,"column":33}},"30":{"start":{"line":14,"column":24},"end":{"line":23,"column":33}},"31":{"start":{"line":23,"column":32},"end":{"line":14,"column":24}},"32":{"start":{"line":14,"column":24},"end":{"line":14,"column":25}}},"fnMap":{"0":{"name":"(anonymous_0)","decl":{"start":{"line":1,"column":24},"end":{"line":1,"column":null}},"loc":{"start":{"line":1,"column":24},"end":{"line":1,"column":null}}},"1":{"name":"OTPModal","decl":{"start":{"line":14,"column":16},"end":{"line":14,"column":24}},"loc":{"start":{"line":18,"column":27},"end":{"line":112,"column":1}}},"2":{"name":"(anonymous_2)","decl":{"start":{"line":25,"column":24},"end":{"line":25,"column":30}},"loc":{"start":{"line":25,"column":30},"end":{"line":27,"column":null}}},"3":{"name":"(anonymous_3)","decl":{"start":{"line":29,"column":25},"end":{"line":29,"column":37}},"loc":{"start":{"line":29,"column":37},"end":{"line":55,"column":null}}},"4":{"name":"(anonymous_4)","decl":{"start":{"line":57,"column":28},"end":{"line":57,"column":29}},"loc":{"start":{"line":57,"column":76},"end":{"line":59,"column":null}}},"5":{"name":"(anonymous_5)","decl":{"start":{"line":14,"column":24},"end":{"line":14,"column":25}},"loc":{"start":{"line":14,"column":24},"end":{"line":23,"column":33}}}},"branchMap":{"0":{"loc":{"start":{"line":1,"column":24},"end":{"line":1,"column":null}},"type":"binary-expr","locations":[{"start":{"line":1,"column":24},"end":{"line":1,"column":null}},{"start":{"line":1,"column":24},"end":{"line":1,"column":null}}]},"1":{"loc":{"start":{"line":1,"column":24},"end":{"line":1,"column":null}},"type":"if","locations":[{"start":{"line":1,"column":24},"end":{"line":1,"column":null}}]},"2":{"loc":{"start":{"line":30,"column":8},"end":{"line":34,"column":null}},"type":"if","locations":[{"start":{"line":30,"column":8},"end":{"line":34,"column":null}}]},"3":{"loc":{"start":{"line":35,"column":8},"end":{"line":39,"column":null}},"type":"if","locations":[{"start":{"line":35,"column":8},"end":{"line":39,"column":null}}]},"4":{"loc":{"start":{"line":42,"column":8},"end":{"line":54,"column":null}},"type":"if","locations":[{"start":{"line":42,"column":8},"end":{"line":54,"column":null}},{"start":{"line":45,"column":15},"end":{"line":54,"column":null}}]},"5":{"loc":{"start":{"line":70,"column":17},"end":{"line":102,"column":null}},"type":"binary-expr","locations":[{"start":{"line":70,"column":17},"end":{"line":70,"column":null}},{"start":{"line":71,"column":20},"end":{"line":102,"column":null}}]},"6":{"loc":{"start":{"line":104,"column":17},"end":{"line":107,"column":null}},"type":"binary-expr","locations":[{"start":{"line":104,"column":17},"end":{"line":104,"column":null}},{"start":{"line":105,"column":20},"end":{"line":107,"column":null}}]}},"s":{"0":270,"1":0,"2":0,"3":0,"4":0,"5":0,"6":0,"7":0,"8":0,"9":0,"10":0,"11":0,"12":0,"13":0,"14":0,"15":0,"16":0,"17":0,"18":0,"19":0,"20":0,"21":0,"22":0,"23":0,"24":0,"25":0,"26":0,"27":0,"28":0,"29":30,"30":0,"31":30,"32":30},"f":{"0":30,"1":0,"2":0,"3":0,"4":0,"5":0},"b":{"0":[60,30],"1":[30],"2":[0],"3":[0],"4":[0,0],"5":[0,0],"6":[0,0]}}
,"/home/lenovo/Desktop/IBE-Team7-Frontend/IBE-Team7-Frontend/ibe-team7-frontend/src/components/footer/Footer.tsx": {"path":"/home/lenovo/Desktop/IBE-Team7-Frontend/IBE-Team7-Frontend/ibe-team7-frontend/src/components/footer/Footer.tsx","statementMap":{"0":{"start":{"line":1,"column":22},"end":{"line":1,"column":null}},"1":{"start":{"line":5,"column":25},"end":{"line":5,"column":null}},"2":{"start":{"line":6,"column":18},"end":{"line":6,"column":null}},"3":{"start":{"line":7,"column":4},"end":{"line":16,"column":null}},"4":{"start":{"line":18,"column":1},"end":{"line":6,"column":33}},"5":{"start":{"line":5,"column":22},"end":{"line":6,"column":33}},"6":{"start":{"line":6,"column":32},"end":{"line":5,"column":22}},"7":{"start":{"line":5,"column":22},"end":{"line":5,"column":25}}},"fnMap":{"0":{"name":"(anonymous_0)","decl":{"start":{"line":1,"column":22},"end":{"line":1,"column":null}},"loc":{"start":{"line":1,"column":22},"end":{"line":1,"column":null}}},"1":{"name":"Footer","decl":{"start":{"line":5,"column":16},"end":{"line":5,"column":22}},"loc":{"start":{"line":5,"column":25},"end":{"line":18,"column":1}}},"2":{"name":"(anonymous_2)","decl":{"start":{"line":5,"column":22},"end":{"line":5,"column":25}},"loc":{"start":{"line":5,"column":22},"end":{"line":6,"column":33}}}},"branchMap":{"0":{"loc":{"start":{"line":1,"column":22},"end":{"line":1,"column":null}},"type":"binary-expr","locations":[{"start":{"line":1,"column":22},"end":{"line":1,"column":null}},{"start":{"line":1,"column":22},"end":{"line":1,"column":null}}]},"1":{"loc":{"start":{"line":1,"column":22},"end":{"line":1,"column":null}},"type":"if","locations":[{"start":{"line":1,"column":22},"end":{"line":1,"column":null}}]}},"s":{"0":270,"1":92,"2":92,"3":63,"4":30,"5":29,"6":30,"7":30},"f":{"0":30,"1":92,"2":29},"b":{"0":[60,30],"1":[30]}}
,"/home/lenovo/Desktop/IBE-Team7-Frontend/IBE-Team7-Frontend/ibe-team7-frontend/src/components/header/Header.tsx": {"path":"/home/lenovo/Desktop/IBE-Team7-Frontend/IBE-Team7-Frontend/ibe-team7-frontend/src/components/header/Header.tsx","statementMap":{"0":{"start":{"line":1,"column":22},"end":{"line":1,"column":null}},"1":{"start":{"line":13,"column":25},"end":{"line":13,"column":null}},"2":{"start":{"line":14,"column":21},"end":{"line":14,"column":null}},"3":{"start":{"line":15,"column":21},"end":{"line":15,"column":null}},"4":{"start":{"line":16,"column":18},"end":{"line":16,"column":null}},"5":{"start":{"line":18,"column":33},"end":{"line":21,"column":null}},"6":{"start":{"line":19,"column":33},"end":{"line":19,"column":null}},"7":{"start":{"line":20,"column":8},"end":{"line":20,"column":null}},"8":{"start":{"line":23,"column":33},"end":{"line":48,"column":null}},"9":{"start":{"line":26,"column":33},"end":{"line":26,"column":null}},"10":{"start":{"line":27,"column":8},"end":{"line":27,"column":null}},"11":{"start":{"line":29,"column":8},"end":{"line":47,"column":null}},"12":{"start":{"line":30,"column":29},"end":{"line":32,"column":null}},"13":{"start":{"line":33,"column":12},"end":{"line":35,"column":null}},"14":{"start":{"line":34,"column":16},"end":{"line":34,"column":null}},"15":{"start":{"line":36,"column":25},"end":{"line":36,"column":null}},"16":{"start":{"line":37,"column":12},"end":{"line":37,"column":null}},"17":{"start":{"line":39,"column":12},"end":{"line":44,"column":null}},"18":{"start":{"line":46,"column":12},"end":{"line":46,"column":null}},"19":{"start":{"line":50,"column":32},"end":{"line":50,"column":null}},"20":{"start":{"line":52,"column":35},"end":{"line":52,"column":null}},"21":{"start":{"line":54,"column":4},"end":{"line":70,"column":null}},"22":{"start":{"line":55,"column":8},"end":{"line":69,"column":null}},"23":{"start":{"line":57,"column":16},"end":{"line":57,"column":null}},"24":{"start":{"line":58,"column":16},"end":{"line":65,"column":null}},"25":{"start":{"line":68,"column":16},"end":{"line":68,"column":null}},"26":{"start":{"line":72,"column":25},"end":{"line":76,"column":null}},"27":{"start":{"line":73,"column":8},"end":{"line":73,"column":null}},"28":{"start":{"line":74,"column":8},"end":{"line":74,"column":null}},"29":{"start":{"line":75,"column":8},"end":{"line":75,"column":null}},"30":{"start":{"line":78,"column":4},"end":{"line":131,"column":null}},"31":{"start":{"line":133,"column":1},"end":{"line":16,"column":33}},"32":{"start":{"line":13,"column":22},"end":{"line":16,"column":33}},"33":{"start":{"line":16,"column":32},"end":{"line":13,"column":22}},"34":{"start":{"line":13,"column":22},"end":{"line":13,"column":25}}},"fnMap":{"0":{"name":"(anonymous_0)","decl":{"start":{"line":1,"column":22},"end":{"line":1,"column":null}},"loc":{"start":{"line":1,"column":22},"end":{"line":1,"column":null}}},"1":{"name":"Header","decl":{"start":{"line":13,"column":16},"end":{"line":13,"column":22}},"loc":{"start":{"line":13,"column":25},"end":{"line":133,"column":1}}},"2":{"name":"(anonymous_2)","decl":{"start":{"line":18,"column":33},"end":{"line":18,"column":34}},"loc":{"start":{"line":18,"column":76},"end":{"line":21,"column":null}}},"3":{"name":"(anonymous_3)","decl":{"start":{"line":23,"column":33},"end":{"line":23,"column":null}},"loc":{"start":{"line":25,"column":9},"end":{"line":48,"column":null}}},"4":{"name":"(anonymous_4)","decl":{"start":{"line":54,"column":14},"end":{"line":54,"column":20}},"loc":{"start":{"line":54,"column":20},"end":{"line":70,"column":7}}},"5":{"name":"(anonymous_5)","decl":{"start":{"line":56,"column":18},"end":{"line":56,"column":19}},"loc":{"start":{"line":56,"column":36},"end":{"line":66,"column":13}}},"6":{"name":"(anonymous_6)","decl":{"start":{"line":67,"column":19},"end":{"line":67,"column":25}},"loc":{"start":{"line":67,"column":25},"end":{"line":69,"column":13}}},"7":{"name":"(anonymous_7)","decl":{"start":{"line":72,"column":25},"end":{"line":72,"column":31}},"loc":{"start":{"line":72,"column":31},"end":{"line":76,"column":null}}},"8":{"name":"(anonymous_8)","decl":{"start":{"line":13,"column":22},"end":{"line":13,"column":25}},"loc":{"start":{"line":13,"column":22},"end":{"line":16,"column":33}}}},"branchMap":{"0":{"loc":{"start":{"line":1,"column":22},"end":{"line":1,"column":null}},"type":"binary-expr","locations":[{"start":{"line":1,"column":22},"end":{"line":1,"column":null}},{"start":{"line":1,"column":22},"end":{"line":1,"column":null}}]},"1":{"loc":{"start":{"line":1,"column":22},"end":{"line":1,"column":null}},"type":"if","locations":[{"start":{"line":1,"column":22},"end":{"line":1,"column":null}}]},"2":{"loc":{"start":{"line":33,"column":12},"end":{"line":35,"column":null}},"type":"if","locations":[{"start":{"line":33,"column":12},"end":{"line":35,"column":null}}]},"3":{"loc":{"start":{"line":121,"column":17},"end":{"line":128,"column":null}},"type":"cond-expr","locations":[{"start":{"line":122,"column":20},"end":{"line":124,"column":null}},{"start":{"line":126,"column":20},"end":{"line":128,"column":null}}]}},"s":{"0":270,"1":59,"2":59,"3":29,"4":29,"5":29,"6":1,"7":1,"8":29,"9":1,"10":1,"11":1,"12":1,"13":0,"14":0,"15":0,"16":0,"17":0,"18":0,"19":29,"20":29,"21":29,"22":29,"23":0,"24":0,"25":29,"26":29,"27":0,"28":0,"29":0,"30":29,"31":30,"32":30,"33":30,"34":30},"f":{"0":30,"1":59,"2":1,"3":1,"4":29,"5":0,"6":29,"7":0,"8":30},"b":{"0":[60,30],"1":[30],"2":[0],"3":[0,29]}}
,"/home/lenovo/Desktop/IBE-Team7-Frontend/IBE-Team7-Frontend/ibe-team7-frontend/src/components/home/AccessibleChair.tsx": {"path":"/home/lenovo/Desktop/IBE-Team7-Frontend/IBE-Team7-Frontend/ibe-team7-frontend/src/components/home/AccessibleChair.tsx","statementMap":{"0":{"start":{"line":1,"column":41},"end":{"line":1,"column":null}},"1":{"start":{"line":1,"column":54},"end":{"line":1,"column":null}},"2":{"start":{"line":6,"column":31},"end":{"line":40,"column":2}},"3":{"start":{"line":6,"column":37},"end":{"line":6,"column":null}},"4":{"start":{"line":7,"column":21},"end":{"line":7,"column":null}},"5":{"start":{"line":9,"column":28},"end":{"line":11,"column":null}},"6":{"start":{"line":10,"column":30},"end":{"line":10,"column":null}},"7":{"start":{"line":13,"column":4},"end":{"line":38,"column":null}},"8":{"start":{"line":21,"column":24},"end":{"line":21,"column":null}},"9":{"start":{"line":40,"column":2},"end":{"line":9,"column":null}},"10":{"start":{"line":6,"column":28},"end":{"line":9,"column":null}},"11":{"start":{"line":9,"column":39},"end":{"line":6,"column":28}},"12":{"start":{"line":6,"column":28},"end":{"line":6,"column":31}}},"fnMap":{"0":{"name":"(anonymous_0)","decl":{"start":{"line":1,"column":54},"end":{"line":1,"column":null}},"loc":{"start":{"line":1,"column":54},"end":{"line":1,"column":null}}},"1":{"name":"(anonymous_1)","decl":{"start":{"line":6,"column":31},"end":{"line":6,"column":37}},"loc":{"start":{"line":6,"column":37},"end":{"line":40,"column":2}}},"2":{"name":"(anonymous_2)","decl":{"start":{"line":10,"column":8},"end":{"line":10,"column":9}},"loc":{"start":{"line":10,"column":30},"end":{"line":10,"column":null}}},"3":{"name":"(anonymous_3)","decl":{"start":{"line":20,"column":30},"end":{"line":20,"column":31}},"loc":{"start":{"line":21,"column":24},"end":{"line":21,"column":null}}},"4":{"name":"(anonymous_4)","decl":{"start":{"line":6,"column":28},"end":{"line":6,"column":31}},"loc":{"start":{"line":6,"column":28},"end":{"line":9,"column":null}}}},"branchMap":{"0":{"loc":{"start":{"line":1,"column":41},"end":{"line":1,"column":null}},"type":"binary-expr","locations":[{"start":{"line":1,"column":41},"end":{"line":1,"column":null}},{"start":{"line":1,"column":54},"end":{"line":1,"column":null}}]},"1":{"loc":{"start":{"line":1,"column":54},"end":{"line":1,"column":null}},"type":"if","locations":[{"start":{"line":1,"column":54},"end":{"line":1,"column":null}}]},"2":{"loc":{"start":{"line":1,"column":54},"end":{"line":1,"column":null}},"type":"binary-expr","locations":[{"start":{"line":1,"column":54},"end":{"line":1,"column":null}},{"start":{"line":1,"column":54},"end":{"line":1,"column":null}}]}},"s":{"0":30,"1":240,"2":30,"3":21,"4":21,"5":21,"6":43,"7":21,"8":0,"9":30,"10":15,"11":30,"12":30},"f":{"0":30,"1":21,"2":43,"3":0,"4":15},"b":{"0":[30,0],"1":[30],"2":[30,30]}}
,"/home/lenovo/Desktop/IBE-Team7-Frontend/IBE-Team7-Frontend/ibe-team7-frontend/src/components/home/CalendarInput.tsx": {"path":"/home/lenovo/Desktop/IBE-Team7-Frontend/IBE-Team7-Frontend/ibe-team7-frontend/src/components/home/CalendarInput.tsx","statementMap":{"0":{"start":{"line":1,"column":27},"end":{"line":1,"column":null}},"1":{"start":{"line":19,"column":29},"end":{"line":252,"column":2}},"2":{"start":{"line":22,"column":26},"end":{"line":22,"column":null}},"3":{"start":{"line":25,"column":22},"end":{"line":27,"column":null}},"4":{"start":{"line":26,"column":30},"end":{"line":26,"column":null}},"5":{"start":{"line":28,"column":20},"end":{"line":30,"column":null}},"6":{"start":{"line":29,"column":30},"end":{"line":29,"column":null}},"7":{"start":{"line":32,"column":21},"end":{"line":32,"column":null}},"8":{"start":{"line":34,"column":26},"end":{"line":36,"column":null}},"9":{"start":{"line":35,"column":30},"end":{"line":35,"column":null}},"10":{"start":{"line":38,"column":25},"end":{"line":40,"column":null}},"11":{"start":{"line":39,"column":30},"end":{"line":39,"column":null}},"12":{"start":{"line":42,"column":34},"end":{"line":42,"column":null}},"13":{"start":{"line":43,"column":30},"end":{"line":43,"column":null}},"14":{"start":{"line":45,"column":4},"end":{"line":55,"column":null}},"15":{"start":{"line":46,"column":30},"end":{"line":53,"column":null}},"16":{"start":{"line":47,"column":12},"end":{"line":52,"column":null}},"17":{"start":{"line":48,"column":33},"end":{"line":48,"column":null}},"18":{"start":{"line":49,"column":16},"end":{"line":49,"column":null}},"19":{"start":{"line":51,"column":16},"end":{"line":51,"column":null}},"20":{"start":{"line":54,"column":8},"end":{"line":54,"column":null}},"21":{"start":{"line":57,"column":4},"end":{"line":68,"column":null}},"22":{"start":{"line":58,"column":26},"end":{"line":66,"column":null}},"23":{"start":{"line":59,"column":12},"end":{"line":65,"column":null}},"24":{"start":{"line":60,"column":16},"end":{"line":60,"column":null}},"25":{"start":{"line":62,"column":16},"end":{"line":64,"column":null}},"26":{"start":{"line":63,"column":20},"end":{"line":63,"column":null}},"27":{"start":{"line":67,"column":8},"end":{"line":67,"column":null}},"28":{"start":{"line":70,"column":29},"end":{"line":94,"column":null}},"29":{"start":{"line":71,"column":8},"end":{"line":93,"column":null}},"30":{"start":{"line":72,"column":12},"end":{"line":72,"column":null}},"31":{"start":{"line":73,"column":8},"end":{"line":93,"column":null}},"32":{"start":{"line":74,"column":12},"end":{"line":77,"column":null}},"33":{"start":{"line":75,"column":16},"end":{"line":75,"column":null}},"34":{"start":{"line":76,"column":16},"end":{"line":76,"column":null}},"35":{"start":{"line":78,"column":12},"end":{"line":78,"column":null}},"36":{"start":{"line":80,"column":12},"end":{"line":83,"column":null}},"37":{"start":{"line":81,"column":16},"end":{"line":81,"column":null}},"38":{"start":{"line":82,"column":16},"end":{"line":82,"column":null}},"39":{"start":{"line":86,"column":37},"end":{"line":86,"column":null}},"40":{"start":{"line":87,"column":12},"end":{"line":89,"column":null}},"41":{"start":{"line":88,"column":16},"end":{"line":88,"column":null}},"42":{"start":{"line":91,"column":12},"end":{"line":91,"column":null}},"43":{"start":{"line":92,"column":12},"end":{"line":92,"column":null}},"44":{"start":{"line":96,"column":24},"end":{"line":115,"column":null}},"45":{"start":{"line":97,"column":22},"end":{"line":97,"column":null}},"46":{"start":{"line":98,"column":14},"end":{"line":98,"column":null}},"47":{"start":{"line":100,"column":8},"end":{"line":106,"column":null}},"48":{"start":{"line":105,"column":12},"end":{"line":105,"column":null}},"49":{"start":{"line":108,"column":8},"end":{"line":113,"column":null}},"50":{"start":{"line":117,"column":29},"end":{"line":129,"column":null}},"51":{"start":{"line":118,"column":8},"end":{"line":128,"column":null}},"52":{"start":{"line":119,"column":12},"end":{"line":119,"column":null}},"53":{"start":{"line":120,"column":8},"end":{"line":128,"column":null}},"54":{"start":{"line":121,"column":28},"end":{"line":121,"column":null}},"55":{"start":{"line":122,"column":12},"end":{"line":122,"column":null}},"56":{"start":{"line":123,"column":12},"end":{"line":123,"column":null}},"57":{"start":{"line":125,"column":28},"end":{"line":125,"column":null}},"58":{"start":{"line":126,"column":12},"end":{"line":126,"column":null}},"59":{"start":{"line":127,"column":12},"end":{"line":127,"column":null}},"60":{"start":{"line":131,"column":24},"end":{"line":133,"column":null}},"61":{"start":{"line":132,"column":8},"end":{"line":132,"column":null}},"62":{"start":{"line":135,"column":30},"end":{"line":137,"column":null}},"63":{"start":{"line":136,"column":8},"end":{"line":136,"column":null}},"64":{"start":{"line":139,"column":28},"end":{"line":161,"column":null}},"65":{"start":{"line":140,"column":8},"end":{"line":159,"column":null}},"66":{"start":{"line":151,"column":38},"end":{"line":151,"column":45}},"67":{"start":{"line":163,"column":4},"end":{"line":250,"column":null}},"68":{"start":{"line":167,"column":31},"end":{"line":167,"column":null}},"69":{"start":{"line":211,"column":48},"end":{"line":211,"column":null}},"70":{"start":{"line":221,"column":61},"end":{"line":221,"column":null}},"71":{"start":{"line":252,"column":2},"end":{"line":38,"column":null}},"72":{"start":{"line":19,"column":26},"end":{"line":38,"column":null}},"73":{"start":{"line":38,"column":36},"end":{"line":19,"column":26}},"74":{"start":{"line":19,"column":26},"end":{"line":19,"column":29}}},"fnMap":{"0":{"name":"(anonymous_0)","decl":{"start":{"line":1,"column":27},"end":{"line":1,"column":null}},"loc":{"start":{"line":1,"column":27},"end":{"line":1,"column":null}}},"1":{"name":"(anonymous_1)","decl":{"start":{"line":19,"column":29},"end":{"line":19,"column":30}},"loc":{"start":{"line":22,"column":26},"end":{"line":252,"column":2}}},"2":{"name":"(anonymous_2)","decl":{"start":{"line":26,"column":8},"end":{"line":26,"column":9}},"loc":{"start":{"line":26,"column":30},"end":{"line":26,"column":null}}},"3":{"name":"(anonymous_3)","decl":{"start":{"line":29,"column":8},"end":{"line":29,"column":9}},"loc":{"start":{"line":29,"column":30},"end":{"line":29,"column":null}}},"4":{"name":"(anonymous_4)","decl":{"start":{"line":35,"column":8},"end":{"line":35,"column":9}},"loc":{"start":{"line":35,"column":30},"end":{"line":35,"column":null}}},"5":{"name":"(anonymous_5)","decl":{"start":{"line":39,"column":8},"end":{"line":39,"column":9}},"loc":{"start":{"line":39,"column
[...]
column":36},"end":{"line":33,"column":13}}},"9":{"name":"(anonymous_9)","decl":{"start":{"line":35,"column":22},"end":{"line":35,"column":23}},"loc":{"start":{"line":35,"column":64},"end":{"line":39,"column":null}}},"10":{"name":"(anonymous_10)","decl":{"start":{"line":36,"column":26},"end":{"line":36,"column":27}},"loc":{"start":{"line":36,"column":36},"end":{"line":38,"column":13}}},"11":{"name":"(anonymous_11)","decl":{"start":{"line":40,"column":21},"end":{"line":40,"column":22}},"loc":{"start":{"line":40,"column":63},"end":{"line":44,"column":null}}},"12":{"name":"(anonymous_12)","decl":{"start":{"line":41,"column":26},"end":{"line":41,"column":27}},"loc":{"start":{"line":41,"column":36},"end":{"line":43,"column":13}}},"13":{"name":"(anonymous_13)","decl":{"start":{"line":45,"column":23},"end":{"line":45,"column":24}},"loc":{"start":{"line":45,"column":70},"end":{"line":49,"column":null}}},"14":{"name":"(anonymous_14)","decl":{"start":{"line":46,"column":26},"end":{"line":46,"column":27}},"loc":{"start":{"line":46,"column":36},"end":{"line":48,"column":13}}},"15":{"name":"(anonymous_15)","decl":{"start":{"line":51,"column":19},"end":{"line":51,"column":20}},"loc":{"start":{"line":51,"column":32},"end":{"line":65,"column":null}}},"16":{"name":"(anonymous_16)","decl":{"start":{"line":52,"column":50},"end":{"line":52,"column":51}},"loc":{"start":{"line":52,"column":61},"end":{"line":56,"column":9}}},"17":{"name":"(anonymous_17)","decl":{"start":{"line":53,"column":26},"end":{"line":53,"column":27}},"loc":{"start":{"line":53,"column":36},"end":{"line":55,"column":13}}},"18":{"name":"(anonymous_18)","decl":{"start":{"line":57,"column":52},"end":{"line":57,"column":53}},"loc":{"start":{"line":57,"column":67},"end":{"line":59,"column":9}}},"19":{"name":"(anonymous_19)","decl":{"start":{"line":60,"column":51},"end":{"line":60,"column":52}},"loc":{"start":{"line":60,"column":62},"end":{"line":64,"column":9}}},"20":{"name":"(anonymous_20)","decl":{"start":{"line":61,"column":26},"end":{"line":61,"column":27}},"loc":{"start":{"line":61,"column":36},"end":{"line":63,"column":13}}}},"branchMap":{},"s":{"0":30,"1":30,"2":0,"3":0,"4":0,"5":0,"6":0,"7":0,"8":0,"9":0,"10":0,"11":0,"12":0,"13":0,"14":0,"15":0,"16":0,"17":30,"18":20,"19":0,"20":30,"21":4,"22":30,"23":0,"24":0,"25":30},"f":{"0":0,"1":0,"2":0,"3":0,"4":0,"5":0,"6":0,"7":0,"8":0,"9":0,"10":0,"11":0,"12":0,"13":0,"14":0,"15":30,"16":20,"17":0,"18":4,"19":0,"20":0},"b":{}}
,"/home/lenovo/Desktop/IBE-Team7-Frontend/IBE-Team7-Frontend/ibe-team7-frontend/src/redux/searchSlice.ts": {"path":"/home/lenovo/Desktop/IBE-Team7-Frontend/IBE-Team7-Frontend/ibe-team7-frontend/src/redux/searchSlice.ts","statementMap":{"0":{"start":{"line":6,"column":35},"end":{"line":30,"column":null}},"1":{"start":{"line":32,"column":20},"end":{"line":144,"column":null}},"2":{"start":{"line":37,"column":12},"end":{"line":37,"column":null}},"3":{"start":{"line":40,"column":12},"end":{"line":40,"column":null}},"4":{"start":{"line":43,"column":12},"end":{"line":43,"column":null}},"5":{"start":{"line":46,"column":12},"end":{"line":46,"column":null}},"6":{"start":{"line":50,"column":12},"end":{"line":50,"column":null}},"7":{"start":{"line":54,"column":12},"end":{"line":54,"column":null}},"8":{"start":{"line":58,"column":12},"end":{"line":58,"column":null}},"9":{"start":{"line":62,"column":12},"end":{"line":62,"column":null}},"10":{"start":{"line":66,"column":12},"end":{"line":66,"column":null}},"11":{"start":{"line":70,"column":12},"end":{"line":70,"column":null}},"12":{"start":{"line":74,"column":12},"end":{"line":74,"column":null}},"13":{"start":{"line":78,"column":12},"end":{"line":78,"column":null}},"14":{"start":{"line":82,"column":12},"end":{"line":82,"column":null}},"15":{"start":{"line":86,"column":12},"end":{"line":86,"column":null}},"16":{"start":{"line":90,"column":12},"end":{"line":90,"column":null}},"17":{"start":{"line":94,"column":12},"end":{"line":94,"column":null}},"18":{"start":{"line":98,"column":12},"end":{"line":98,"column":null}},"19":{"start":{"line":102,"column":12},"end":{"line":102,"column":null}},"20":{"start":{"line":106,"column":12},"end":{"line":106,"column":null}},"21":{"start":{"line":110,"column":12},"end":{"line":110,"column":null}},"22":{"start":{"line":114,"column":8},"end":{"line":116,"column":null}},"23":{"start":{"line":115,"column":12},"end":{"line":115,"column":null}},"24":{"start":{"line":117,"column":8},"end":{"line":127,"column":null}},"25":{"start":{"line":118,"column":12},"end":{"line":118,"column":null}},"26":{"start":{"line":119,"column":12},"end":{"line":119,"column":null}},"27":{"start":{"line":120,"column":12},"end":{"line":120,"column":null}},"28":{"start":{"line":121,"column":12},"end":{"line":121,"column":null}},"29":{"start":{"line":122,"column":12},"end":{"line":122,"column":null}},"30":{"start":{"line":123,"column":12},"end":{"line":123,"column":null}},"31":{"start":{"line":124,"column":12},"end":{"line":124,"column":null}},"32":{"start":{"line":125,"column":12},"end":{"line":125,"column":null}},"33":{"start":{"line":126,"column":12},"end":{"line":126,"column":null}},"34":{"start":{"line":128,"column":8},"end":{"line":131,"column":null}},"35":{"start":{"line":129,"column":12},"end":{"line":129,"column":null}},"36":{"start":{"line":130,"column":12},"end":{"line":130,"column":null}},"37":{"start":{"line":132,"column":8},"end":{"line":134,"column":null}},"38":{"start":{"line":133,"column":12},"end":{"line":133,"column":null}},"39":{"start":{"line":135,"column":8},"end":{"line":138,"column":null}},"40":{"start":{"line":136,"column":12},"end":{"line":136,"column":null}},"41":{"start":{"line":137,"column":12},"end":{"line":137,"column":null}},"42":{"start":{"line":139,"column":8},"end":{"line":142,"column":null}},"43":{"start":{"line":140,"column":12},"end":{"line":140,"column":null}},"44":{"start":{"line":141,"column":12},"end":{"line":141,"column":null}},"45":{"start":{"line":167,"column":4},"end":{"line":167,"column":null}}},"fnMap":{"0":{"name":"(anonymous_0)","decl":{"start":{"line":36,"column":21},"end":{"line":36,"column":22}},"loc":{"start":{"line":36,"column":40},"end":{"line":38,"column":null}}},"1":{"name":"(anonymous_1)","decl":{"start":{"line":39,"column":22},"end":{"line":39,"column":23}},"loc":{"start":{"line":39,"column":41},"end":{"line":41,"column":null}}},"2":{"name":"(anonymous_2)","decl":{"start":{"line":42,"column":17},"end":{"line":42,"column":18}},"loc":{"start":{"line":42,"column":36},"end":{"line":44,"column":null}}},"3":{"name":"(anonymous_3)","decl":{"start":{"line":45,"column":28},"end":{"line":45,"column":29}},"loc":{"start":{"line":45,"column":47},"end":{"line":47,"column":null}}},"4":{"name":"(anonymous_4)","decl":{"start":{"line":49,"column":22},"end":{"line":49,"column":23}},"loc":{"start":{"line":49,"column":41},"end":{"line":51,"column":null}}},"5":{"name":"(anonymous_5)","decl":{"start":{"line":53,"column":20},"end":{"line":53,"column":21}},"loc":{"start":{"line":53,"column":39},"end":{"line":55,"column":null}}},"6":{"name":"(anonymous_6)","decl":{"start":{"line":57,"column":24},"end":{"line":57,"column":25}},"loc":{"start":{"line":57,"column":43},"end":{"line":59,"column":null}}},"7":{"name":"(anonymous_7)","decl":{"start":{"line":61,"column":24},"end":{"line":61,"column":25}},"loc":{"start":{"line":61,"column":43},"end":{"line":63,"column":null}}},"8":{"name":"(anonymous_8)","decl":{"start":{"line":65,"column":27},"end":{"line":65,"column":28}},"loc":{"start":{"line":65,"column":46},"end":{"line":67,"column":null}}},"9":{"name":"(anonymous_9)","decl":{"start":{"line":69,"column":23},"end":{"line":69,"column":24}},"loc":{"start":{"line":69,"column":42},"end":{"line":71,"column":null}}},"10":{"name":"(anonymous_10)","decl":{"start":{"line":73,"column":29},"end":{"line":73,"column":30}},"loc":{"start":{"line":73,"column":48},"end":{"line":75,"column":null}}},"11":{"name":"(anonymous_11)","decl":{"start":{"line":77,"column":22},"end":{"line":77,"column":23}},"loc":{"start":{"line":77,"column":41},"end":{"line":79,"column":null}}},"12":{"name":"(anonymous_12)","decl":{"start":{"line":81,"column":22},"end":{"line":81,"column":23}},"loc":{"start":{"line":81,"column":41},"end":{"line":83,"column":null}}},"13":{"name":"(anonymous_13)","decl":{"start":{"line":85,"column":21},"end":{"line":85,"column":22}},"loc":{"start":{"line":85,"column":40},"end":{"line":87,"column":null}}},"14":{"name":"(anonymous_14)","decl":{"start":{"line":89,"column":20},"end":{"line":89,"column":21}},"loc":{"start":{"line":89,"column":39},"end":{"line":91,"column":null}}},"15":{"name":"(anonymous_15)","decl":{"start":{"line":93,"column":22},"end":{"line":93,"column":23}},"loc":{"start":{"line":93,"column":41},"end":{"line":95,"column":null}}},"16":{"name":"(anonymous_16)","decl":{"start":{"line":97,"column":21},"end":{"line":97,"column":22}},"loc":{"start":{"line":97,"column":40},"end":{"line":99,"column":null}}},"17":{"name":"(anonymous_17)","decl":{"start":{"line":101,"column":17},"end":{"line":101,"column":18}},"loc":{"start":{"line":101,"column":36},"end":{"line":103,"column":null}}},"18":{"name":"(anonymous_18)","decl":{"start":{"line":105,"column":18},"end":{"line":105,"column":19}},"loc":{"start":{"line":105,"column":37},"end":{"line":107,"column":null}}},"19":{"name":"(anonymous_19)","decl":{"start":{"line":109,"column":22},"end":{"line":109,"column":23}},"loc":{"start":{"line":109,"column":41},"end":{"line":111,"column":null}}},"20":{"name":"(anonymous_20)","decl":{"start":{"line":113,"column":19},"end":{"line":113,"column":20}},"loc":{"start":{"line":113,"column":32},"end":{"line":143,"column":null}}},"21":{"name":"(anonymous_21)","decl":{"start":{"line":114,"column":45},"end":{"line":114,"column":46}},"loc":{"start":{"line":114,"column":56},"end":{"line":116,"column":9}}},"22":{"name":"(anonymous_22)","decl":{"start":{"line":117,"column":47},"end":{"line":117,"column":48}},"loc":{"start":{"line":117,"column":66},"end":{"line":127,"column":9}}},"23":{"name":"(anonymous_23)","decl":{"start":{"line":128,"column":46},"end":{"line":128,"column":47}},"loc":{"start":{"line":128,"column":65},"end":{"line":131,"column":9}}},"24":{"name":"(anonymous_24)","decl":{"start":{"line":132,"column":43},"end":{"line":132,"column":44}},"loc":{"start":{"line":132,"column":54},"end":{"line":134,"column":9}}},"25":{"name":"(anonymous_25)","decl":{"start":{"line":135,"column":45},"end":{"line":135,"column":46}},"loc":{"start":{"line":135,"column":64},"end":{"line":138,"column":9}}},"26":{"name":"(anonymous_26)","decl":{"start":{"line":139,"column":44},"end":{"line":139,"column":45}},"loc":{"start":{"line":139,"column":63},"end":{"line":142,"column":9}}}},"branchMap":{},"s":{"0":30,"1":30,"2":14,"3":14,"4":0,"5":0,"6":15,"7":15,"8":14,"9":14,"10":14,"11":1,"12":0,"13":0,"14":0,"15":0,"16":0,"17":0,"18":0,"19":0,"20":0,"21":0,"22":30,"23":15,"24":30,"25":1,"26":1,"27":1,"28":1,"29":1,"30":1,"31":1,"32":1,"33":1,"34":30,"35":0,"36":0,"37":30,"38":16,"39":30,"40":2,"41":2,"42":30,"43":0,"44":0,"45":30},"f":{"0":14,"1":14,"2":0,"3":0,"4":15,"5":15,"6":14,"7":14,"8":14,"9":1,"10":0,"11":0,"12":0,"13":0,"14":0,"15":0,"16":0,"17":0,"18":0,"19":0,"20":30,"21":15,"22":1,"23":0,"24":16,"25":2,"26":0},"b":{}}
,"/home/lenovo/Desktop/IBE-Team7-Frontend/IBE-Team7-Frontend/ibe-team7-frontend/src/redux/selectedPromoSlice.ts": {"path":"/home/lenovo/Desktop/IBE-Team7-Frontend/IBE-Team7-Frontend/ibe-team7-frontend/src/redux/selectedPromoSlice.ts","statementMap":{"0":{"start":{"line":3,"column":21},"end":{"line":6,"column":null}},"1":{"start":{"line":8,"column":27},"end":{"line":19,"column":null}},"2":{"start":{"line":13,"column":12},"end":{"line":13,"column":null}},"3":{"start":{"line":16,"column":12},"end":{"line":16,"column":null}},"4":{"start":{"line":22,"column":4},"end":{"line":22,"column":null}}},"fnMap":{"0":{"name":"(anonymous_0)","decl":{"start":{"line":12,"column":34},"end":{"line":12,"column":35}},"loc":{"start":{"line":12,"column":53},"end":{"line":14,"column":null}}},"1":{"name":"(anonymous_1)","decl":{"start":{"line":15,"column":41},"end":{"line":15,"column":42}},"loc":{"start":{"line":15,"column":60},"end":{"line":17,"column":null}}}},"branchMap":{},"s":{"0":30,"1":30,"2":0,"3":0,"4":30},"f":{"0":0,"1":0},"b":{}}
,"/home/lenovo/Desktop/IBE-Team7-Frontend/IBE-Team7-Frontend/ibe-team7-frontend/src/redux/store.ts": {"path":"/home/lenovo/Desktop/IBE-Team7-Frontend/IBE-Team7-Frontend/ibe-team7-frontend/src/redux/store.ts","statementMap":{"0":{"start":{"line":13,"column":21},"end":{"line":25,"column":null}},"1":{"start":{"line":29,"column":49},"end":{"line":29,"column":null}}},"fnMap":{},"branchMap":{},"s":{"0":30,"1":30},"f":{},"b":{}}
,"/home/lenovo/Desktop/IBE-Team7-Frontend/IBE-Team7-Frontend/ibe-team7-frontend/src/redux/timerSlice.ts": {"path":"/home/lenovo/Desktop/IBE-Team7-Frontend/IBE-Team7-Frontend/ibe-team7-frontend/src/redux/timerSlice.ts","statementMap":{"0":{"start":{"line":3,"column":19},"end":{"line":21,"column":null}},"1":{"start":{"line":11,"column":12},"end":{"line":11,"column":null}},"2":{"start":{"line":12,"column":12},"end":{"line":12,"column":null}},"3":{"start":{"line":15,"column":12},"end":{"line":15,"column":null}},"4":{"start":{"line":18,"column":12},"end":{"line":18,"column":null}},"5":{"start":{"line":23,"column":52},"end":{"line":23,"column":null}}},"fnMap":{"0":{"name":"(anonymous_0)","decl":{"start":{"line":10,"column":18},"end":{"line":10,"column":19}},"loc":{"start":{"line":10,"column":37},"end":{"line":13,"column":null}}},"1":{"name":"(anonymous_1)","decl":{"start":{"line":14,"column":20},"end":{"line":14,"column":21}},"loc":{"start":{"line":14,"column":39},"end":{"line":16,"column":null}}},"2":{"name":"(anonymous_2)","decl":{"start":{"line":17,"column":20},"end":{"line":17,"column":21}},"loc":{"start":{"line":17,"column":39},"end":{"line":19,"column":null}}}},"branchMap":{},"s":{"0":30,"1":0,"2":0,"3":0,"4":0,"5":30},"f":{"0":0,"1":0,"2":0},"b":{}}
,"/home/lenovo/Desktop/IBE-Team7-Frontend/IBE-Team7-Frontend/ibe-team7-frontend/src/redux/userInfoSlice.ts": {"path":"/home/lenovo/Desktop/IBE-Team7-Frontend/IBE-Team7-Frontend/ibe-team7-frontend/src/redux/userInfoSlice.ts","statementMap":{"0":{"start":{"line":23,"column":31},"end":{"line":41,"column":null}},"1":{"start":{"line":43,"column":22},"end":{"line":68,"column":null}},"2":{"start":{"line":49,"column":12},"end":{"line":49,"column":null}},"3":{"start":{"line":50,"column":12},"end":{"line":50,"column":null}},"4":{"start":{"line":51,"column":12},"end":{"line":51,"column":null}},"5":{"start":{"line":52,"column":12},"end":{"line":52,"column":null}},"6":{"start":{"line":53,"column":12},"end":{"line":53,"column":null}},"7":{"start":{"line":54,"column":12},"end":{"line":54,"column":null}},"8":{"start":{"line":55,"column":12},"end":{"line":55,"column":null}},"9":{"start":{"line":56,"column":12},"end":{"line":56,"column":null}},"10":{"start":{"line":57,"column":12},"end":{"line":57,"column":null}},"11":{"start":{"line":58,"column":12},"end":{"line":58,"column":null}},"12":{"start":{"line":59,"column":12},"end":{"line":59,"column":null}},"13":{"start":{"line":60,"column":12},"end":{"line":60,"column":null}},"14":{"start":{"line":61,"column":12},"end":{"line":61,"column":null}},"15":{"start":{"line":62,"column":12},"end":{"line":62,"column":null}},"16":{"start":{"line":63,"column":12},"end":{"line":63,"column":null}},"17":{"start":{"line":64,"column":12},"end":{"line":64,"column":null}},"18":{"start":{"line":65,"column":12},"end":{"line":65,"column":null}},"19":{"start":{"line":70,"column":31},"end":{"line":70,"column":null}}},"fnMap":{"0":{"name":"(anonymous_0)","decl":{"start":{"line":48,"column":21},"end":{"line":48,"column":22}},"loc":{"start":{"line":48,"column":40},"end":{"line":66,"column":null}}}},"branchMap":{},"s":{"0":30,"1":30,"2":0,"3":0,"4":0,"5":0,"6":0,"7":0,"8":0,"9":0,"10":0,"11":0,"12":0,"13":0,"14":0,"15":0,"16":0,"17":0,"18":0,"19":30},"f":{"0":0},"b":{}}
,"/home/lenovo/Desktop/IBE-Team7-Frontend/IBE-Team7-Frontend/ibe-team7-frontend/src/redux/userSlice.ts": {"path":"/home/lenovo/Desktop/IBE-Team7-Frontend/IBE-Team7-Frontend/ibe-team7-frontend/src/redux/userSlice.ts","statementMap":{"0":{"start":{"line":4,"column":27},"end":{"line":9,"column":null}},"1":{"start":{"line":11,"column":18},"end":{"line":22,"column":null}},"2":{"start":{"line":16,"column":12},"end":{"line":16,"column":null}},"3":{"start":{"line":17,"column":12},"end":{"line":17,"column":null}},"4":{"start":{"line":18,"column":12},"end":{"line":18,"column":null}},"5":{"start":{"line":19,"column":12},"end":{"line":19,"column":null}},"6":{"start":{"line":24,"column":27},"end":{"line":24,"column":null}}},"fnMap":{"0":{"name":"(anonymous_0)","decl":{"start":{"line":15,"column":17},"end":{"line":15,"column":18}},"loc":{"start":{"line":15,"column":36},"end":{"line":20,"column":null}}}},"branchMap":{},"s":{"0":30,"1":30,"2":0,"3":0,"4":0,"5":0,"6":30},"f":{"0":0},"b":{}}
,"/home/lenovo/Desktop/IBE-Team7-Frontend/IBE-Team7-Frontend/ibe-team7-frontend/src/redux/thunks/configThunk.ts": {"path":"/home/lenovo/Desktop/IBE-Team7-Frontend/IBE-Team7-Frontend/ibe-team7-frontend/src/redux/thunks/configThunk.ts","statementMap":{"0":{"start":{"line":5,"column":20},"end":{"line":9,"column":null}},"1":{"start":{"line":6,"column":21},"end":{"line":6,"column":null}},"2":{"start":{"line":7,"column":4},"end":{"line":7,"column":null}},"3":{"start":{"line":8,"column":4},"end":{"line":8,"column":null}}},"fnMap":{"0":{"name":"(anonymous_0)","decl":{"start":{"line":5,"column":52},"end":{"line":5,"column":64}},"loc":{"start":{"line":5,"column":64},"end":{"line":9,"column":1}}}},"branchMap":{},"s":{"0":30,"1":15,"2":1,"3":1},"f":{"0":15},"b":{}}
,"/home/lenovo/Desktop/IBE-Team7-Frontend/IBE-Team7-Frontend/ibe-team7-frontend/src/redux/thunks/propertyThunk.ts": {"path":"/home/lenovo/Desktop/IBE-Team7-Frontend/IBE-Team7-Frontend/ibe-team7-frontend/src/redux/thunks/propertyThunk.ts","statementMap":{"0":{"start":{"line":5,"column":18},"end":{"line":8,"column":null}},"1":{"start":{"line":6,"column":21},"end":{"line":6,"column":null}},"2":{"start":{"line":7,"column":4},"end":{"line":7,"column":null}}},"fnMap":{"0":{"name":"(anonymous_0)","decl":{"start":{"line":5,"column":48},"end":{"line":5,"column":60}},"loc":{"start":{"line":5,"column":60},"end":{"line":8,"column":1}}}},"branchMap":{},"s":{"0":30,"1":16,"2":2},"f":{"0":16},"b":{}}
,"/home/lenovo/Desktop/IBE-Team7-Frontend/IBE-Team7-Frontend/ibe-team7-frontend/src/redux/thunks/roomDetailsThunk.ts": {"path":"/home/lenovo/Desktop/IBE-Team7-Frontend/IBE-Team7-Frontend/ibe-team7-frontend/src/redux/thunks/roomDetailsThunk.ts","statementMap":{"0":{"start":{"line":5,"column":25},"end":{"line":10,"column":null}},"1":{"start":{"line":6,"column":32},"end":{"line":8,"column":null}},"2":{"start":{"line":9,"column":4},"end":{"line":9,"column":null}}},"fnMap":{"0":{"name":"(anonymous_0)","decl":{"start":{"line":5,"column":62},"end":{"line":5,"column":74}},"loc":{"start":{"line":5,"column":74},"end":{"line":10,"column":1}}}},"branchMap":{},"s":{"0":30,"1":20,"2":4},"f":{"0":20},"b":{}}
,"/home/lenovo/Desktop/IBE-Team7-Frontend/IBE-Team7-Frontend/ibe-team7-frontend/src/utils/FindNextDateFunc.ts": {"path":"/home/lenovo/Desktop/IBE-Team7-Frontend/IBE-Team7-Frontend/ibe-team7-frontend/src/utils/FindNextDateFunc.ts","statementMap":{"0":{"start":{"line":1,"column":28},"end":{"line":11,"column":null}},"1":{"start":{"line":3,"column":21},"end":{"line":7,"column":null}},"2":{"start":{"line":8,"column":4},"end":{"line":8,"column":null}},"3":{"start":{"line":9,"column":4},"end":{"line":9,"column":null}},"4":{"start":{"line":10,"column":4},"end":{"line":10,"column":null}}},"fnMap":{"0":{"name":"(anonymous_0)","decl":{"start":{"line":1,"column":28},"end":{"line":1,"column":29}},"loc":{"start":{"line":1,"column":63},"end":{"line":11,"column":null}}}},"branchMap":{},"s":{"0":30,"1":60,"2":34,"3":34,"4":34},"f":{"0":60},"b":{}}
}
