TN:
SF:src/App.tsx
FN:1,(anonymous_0)
FN:7,App
FNF:2
FNH:2
FNDA:30,(anonymous_0)
FNDA:59,App
DA:1,240
DA:8,59
DA:15,30
DA:17,30
LF:4
LH:4
BRDA:1,0,0,60
BRDA:1,0,1,30
BRDA:1,1,0,30
BRF:3
BRH:3
end_of_record
TN:
SF:src/main.tsx
FNF:0
FNH:0
DA:7,30
DA:25,30
LF:2
LH:2
BRF:0
BRH:0
end_of_record
TN:
SF:src/aws/UserPool.ts
FNF:0
FNH:0
DA:3,30
LF:1
LH:1
BRF:0
BRH:0
end_of_record
TN:
SF:src/components/account/Account.tsx
FN:1,(anonymous_0)
FN:7,(anonymous_1)
FN:8,(anonymous_2)
FN:9,(anonymous_3)
FN:13,(anonymous_4)
FN:26,(anonymous_5)
FN:27,(anonymous_6)
FN:36,(anonymous_7)
FN:40,(anonymous_8)
FN:45,(anonymous_9)
FN:53,(anonymous_10)
FNF:11
FNH:4
FNDA:30,(anonymous_0)
FNDA:59,(anonymous_1)
FNDA:29,(anonymous_2)
FNDA:29,(anonymous_3)
FNDA:0,(anonymous_4)
FNDA:0,(anonymous_5)
FNDA:0,(anonymous_6)
FNDA:0,(anonymous_7)
FNDA:0,(anonymous_8)
FNDA:0,(anonymous_9)
FNDA:0,(anonymous_10)
DA:1,210
DA:5,30
DA:7,30
DA:8,59
DA:9,29
DA:10,29
DA:12,29
DA:13,0
DA:14,0
DA:15,0
DA:17,0
DA:21,29
DA:26,59
DA:27,0
DA:28,0
DA:30,0
DA:35,0
DA:37,0
DA:38,0
DA:41,0
DA:42,0
DA:43,0
DA:46,0
DA:47,0
DA:53,59
DA:54,0
DA:55,0
DA:56,0
DA:60,59
DA:65,30
LF:30
LH:12
BRDA:1,0,0,30
BRDA:1,0,1,0
BRDA:1,1,0,30
BRDA:1,2,0,30
BRDA:1,2,1,30
BRDA:12,3,0,0
BRDA:12,3,1,29
BRDA:14,4,0,0
BRDA:14,4,1,0
BRDA:55,5,0,0
BRF:10
BRH:5
end_of_record
TN:
SF:src/components/checkout/Checkout.tsx
FN:1,(anonymous_0)
FN:18,(anonymous_1)
FN:82,(anonymous_2)
FN:86,(anonymous_3)
FN:90,(anonymous_4)
FN:94,(anonymous_5)
FN:98,(anonymous_6)
FN:101,(anonymous_7)
FN:104,(anonymous_8)
FN:107,(anonymous_9)
FN:110,(anonymous_10)
FN:151,(anonymous_11)
FN:205,(anonymous_12)
FN:208,(anonymous_13)
FN:291,(anonymous_14)
FN:297,(anonymous_15)
FN:311,(anonymous_16)
FN:312,(anonymous_17)
FN:314,(anonymous_18)
FN:317,(anonymous_19)
FN:320,(anonymous_20)
FN:334,(anonymous_21)
FN:335,(anonymous_22)
FN:337,(anonymous_23)
FN:340,(anonymous_24)
FN:343,(anonymous_25)
FN:362,(anonymous_26)
FN:368,(anonymous_27)
FN:379,(anonymous_28)
FN:380,(anonymous_29)
FN:384,(anonymous_30)
FN:397,(anonymous_31)
FN:428,(anonymous_32)
FN:443,(anonymous_33)
FN:456,(anonymous_34)
FN:471,(anonymous_35)
FN:518,(anonymous_36)
FN:532,(anonymous_37)
FN:540,(anonymous_38)
FN:558,(anonymous_39)
FN:566,(anonymous_40)
FN:583,(anonymous_41)
FN:590,(anonymous_42)
FN:595,(anonymous_43)
FN:613,(anonymous_44)
FN:625,(anonymous_45)
FN:639,(anonymous_46)
FN:653,(anonymous_47)
FN:672,(anonymous_48)
FN:684,(anonymous_49)
FN:690,(anonymous_50)
FN:708,(anonymous_51)
FN:764,(anonymous_52)
FN:775,(anonymous_53)
FN:785,(anonymous_54)
FN:818,(anonymous_55)
FN:834,(anonymous_56)
FN:18,(anonymous_57)
FNF:58
FNH:1
FNDA:30,(anonymous_0)
FNDA:0,(anonymous_1)
FNDA:0,(anonymous_2)
FNDA:0,(anonymous_3)
FNDA:0,(anonymous_4)
FNDA:0,(anonymous_5)
FNDA:0,(anonymous_6)
FNDA:0,(anonymous_7)
FNDA:0,(anonymous_8)
FNDA:0,(anonymous_9)
FNDA:0,(anonymous_10)
FNDA:0,(anonymous_11)
FNDA:0,(anonymous_12)
FNDA:0,(anonymous_13)
FNDA:0,(anonymous_14)
FNDA:0,(anonymous_15)
FNDA:0,(anonymous_16)
FNDA:0,(anonymous_17)
FNDA:0,(anonymous_18)
FNDA:0,(anonymous_19)
FNDA:0,(anonymous_20)
FNDA:0,(anonymous_21)
FNDA:0,(anonymous_22)
FNDA:0,(anonymous_23)
FNDA:0,(anonymous_24)
FNDA:0,(anonymous_25)
FNDA:0,(anonymous_26)
FNDA:0,(anonymous_27)
FNDA:0,(anonymous_28)
FNDA:0,(anonymous_29)
FNDA:0,(anonymous_30)
FNDA:0,(anonymous_31)
FNDA:0,(anonymous_32)
FNDA:0,(anonymous_33)
FNDA:0,(anonymous_34)
FNDA:0,(anonymous_35)
FNDA:0,(anonymous_36)
FNDA:0,(anonymous_37)
FNDA:0,(anonymous_38)
FNDA:0,(anonymous_39)
FNDA:0,(anonymous_40)
FNDA:0,(anonymous_41)
FNDA:0,(anonymous_42)
FNDA:0,(anonymous_43)
FNDA:0,(anonymous_44)
FNDA:0,(anonymous_45)
FNDA:0,(anonymous_46)
FNDA:0,(anonymous_47)
FNDA:0,(anonymous_48)
FNDA:0,(anonymous_49)
FNDA:0,(anonymous_50)
FNDA:0,(anonymous_51)
FNDA:0,(anonymous_52)
FNDA:0,(anonymous_53)
FNDA:0,(anonymous_54)
FNDA:0,(anonymous_55)
FNDA:0,(anonymous_56)
FNDA:0,(anonymous_57)
DA:1,240
DA:18,30
DA:19,0
DA:20,0
DA:22,0
DA:23,0
DA:25,0
DA:26,0
DA:27,0
DA:29,0
DA:30,0
DA:31,0
DA:32,0
DA:34,0
DA:35,0
DA:36,0
DA:37,0
DA:38,0
DA:39,0
DA:40,0
DA:41,0
DA:42,0
DA:43,0
DA:45,0
DA:47,0
DA:48,0
DA:49,0
DA:50,0
DA:52,0
DA:58,0
DA:59,0
DA:60,0
DA:62,0
DA:63,0
DA:64,0
DA:81,0
DA:82,0
DA:85,0
DA:86,0
DA:89,0
DA:90,0
DA:93,0
DA:94,0
DA:97,0
DA:98,0
DA:100,0
DA:101,0
DA:103,0
DA:104,0
DA:106,0
DA:107,0
DA:110,0
DA:112,0
DA:114,0
DA:115,0
DA:125,0
DA:137,0
DA:138,0
DA:139,0
DA:141,0
DA:142,0
DA:143,0
DA:146,0
DA:147,0
DA:151,0
DA:153,0
DA:155,0
DA:156,0
DA:171,0
DA:189,0
DA:190,0
DA:191,0
DA:194,0
DA:195,0
DA:196,0
DA:199,0
DA:200,0
DA:204,30
DA:205,0
DA:208,0
DA:209,0
DA:210,0
DA:211,0
DA:213,0
DA:214,0
DA:219,0
DA:220,0
DA:222,0
DA:223,0
DA:231,0
DA:232,0
DA:233,0
DA:236,0
DA:247,0
DA:248,0
DA:249,0
DA:252,0
DA:260,0
DA:262,0
DA:278,0
DA:279,0
DA:280,0
DA:281,0
DA:286,0
DA:288,0
DA:291,0
DA:292,0
DA:293,0
DA:294,0
DA:297,0
DA:298,0
DA:299,0
DA:301,0
DA:307,0
DA:311,0
DA:314,0
DA:315,0
DA:317,0
DA:320,0
DA:321,0
DA:322,0
DA:324,0
DA:330,0
DA:334,0
DA:337,0
DA:338,0
DA:340,0
DA:343,0
DA:344,0
DA:348,0
DA:349,0
DA:350,0
DA:351,0
DA:353,0
DA:356,0
DA:357,0
DA:358,0
DA:362,0
DA:363,0
DA:364,0
DA:365,0
DA:368,0
DA:369,0
DA:370,0
DA:372,0
DA:378,0
DA:379,0
DA:382,0
DA:384,0
DA:389,0
DA:390,0
DA:393,0
DA:398,0
DA:429,0
DA:444,0
DA:457,0
DA:472,0
DA:519,0
DA:533,0
DA:542,0
DA:545,0
DA:546,0
DA:547,0
DA:548,0
DA:550,0
DA:551,0
DA:552,0
DA:553,0
DA:559,0
DA:570,0
DA:585,0
DA:586,0
DA:587,0
DA:591,0
DA:596,0
DA:614,0
DA:626,0
DA:640,0
DA:654,0
DA:674,0
DA:677,0
DA:678,0
DA:679,0
DA:685,0
DA:691,0
DA:709,0
DA:765,0
DA:776,0
DA:786,0
DA:819,0
DA:835,0
DA:880,30
LF:192
LH:4
BRDA:1,0,0,30
BRDA:1,0,1,0
BRDA:1,1,0,30
BRDA:1,2,0,30
BRDA:1,2,1,30
BRDA:137,3,0,0
BRDA:189,4,0,0
BRDA:209,5,0,0
BRDA:214,6,0,0
BRDA:215,7,0,0
BRDA:215,7,1,0
BRDA:215,7,2,0
BRDA:247,8,0,0
BRDA:278,9,0,0
BRDA:353,10,0,0
BRDA:353,11,0,0
BRDA:353,11,1,0
BRDA:356,12,0,0
BRDA:356,13,0,0
BRDA:356,13,1,0
BRDA:389,14,0,0
BRDA:416,15,0,0
BRDA:416,15,1,0
BRDA:506,16,0,0
BRDA:506,16,1,0
BRDA:545,17,0,0
BRDA:753,18,0,0
BRDA:753,18,1,0
BRF:28
BRH:4
end_of_record
TN:
SF:src/components/checkout/YupSchema.ts
FNF:0
FNH:0
DA:3,30
DA:20,30
DA:42,30
LF:3
LH:3
BRF:0
BRH:0
end_of_record
TN:
SF:src/components/confirmation/Confirmation.tsx
FN:1,(anonymous_0)
FN:25,(anonymous_1)
FN:68,(anonymous_2)
FN:72,(anonymous_3)
FN:76,(anonymous_4)
FN:76,(anonymous_5)
FN:80,(anonymous_6)
FN:84,(anonymous_7)
FN:85,(anonymous_8)
FN:149,(anonymous_9)
FN:186,(anonymous_10)
FN:188,(anonymous_11)
FN:194,(anonymous_12)
FN:201,(anonymous_13)
FN:204,(anonymous_14)
FN:219,(anonymous_15)
FN:299,(anonymous_16)
FN:25,(anonymous_17)
FN:693,(anonymous_18)
FN:695,(anonymous_19)
FN:699,(anonymous_20)
FN:704,(anonymous_21)
FN:709,(anonymous_22)
FNF:23
FNH:1
FNDA:120,(anonymous_0)
FNDA:0,(anonymous_1)
FNDA:0,(anonymous_2)
FNDA:0,(anonymous_3)
FNDA:0,(anonymous_4)
FNDA:0,(anonymous_5)
FNDA:0,(anonymous_6)
FNDA:0,(anonymous_7)
FNDA:0,(anonymous_8)
FNDA:0,(anonymous_9)
FNDA:0,(anonymous_10)
FNDA:0,(anonymous_11)
FNDA:0,(anonymous_12)
FNDA:0,(anonymous_13)
FNDA:0,(anonymous_14)
FNDA:0,(anonymous_15)
FNDA:0,(anonymous_16)
FNDA:0,(anonymous_17)
FNDA:0,(anonymous_18)
FNDA:0,(anonymous_19)
FNDA:0,(anonymous_20)
FNDA:0,(anonymous_21)
FNDA:0,(anonymous_22)
DA:1,360
DA:25,30
DA:26,0
DA:31,0
DA:32,0
DA:34,0
DA:35,0
DA:36,0
DA:37,0
DA:38,0
DA:39,0
DA:40,0
DA:41,0
DA:42,0
DA:43,0
DA:44,0
DA:45,0
DA:46,0
DA:47,0
DA:48,0
DA:49,0
DA:50,0
DA:51,0
DA:52,0
DA:54,0
DA:55,0
DA:56,0
DA:57,0
DA:58,0
DA:59,0
DA:61,0
DA:62,0
DA:63,0
DA:65,0
DA:67,0
DA:68,0
DA:71,0
DA:72,0
DA:76,0
DA:77,0
DA:80,0
DA:81,0
DA:84,0
DA:85,0
DA:86,0
DA:90,0
DA:96,0
DA:97,0
DA:98,0
DA:101,0
DA:102,0
DA:103,0
DA:104,0
DA:105,0
DA:106,0
DA:107,0
DA:108,0
DA:110,0
DA:111,0
DA:112,0
DA:113,0
DA:114,0
DA:115,0
DA:117,0
DA:118,0
DA:119,0
DA:120,0
DA:122,0
DA:123,0
DA:124,0
DA:125,0
DA:127,0
DA:128,0
DA:129,0
DA:130,0
DA:132,0
DA:137,0
DA:139,0
DA:140,0
DA:143,0
DA:146,0
DA:149,0
DA:151,0
DA:152,0
DA:155,0
DA:162,0
DA:181,0
DA:183,0
DA:186,0
DA:187,0
DA:188,0
DA:189,0
DA:193,30
DA:195,0
DA:201,0
DA:205,0
DA:209,0
DA:219,0
DA:224,0
DA:234,0
DA:253,0
DA:255,0
DA:258,0
DA:299,0
DA:691,30
DA:693,30
DA:694,0
DA:695,0
DA:697,30
DA:699,30
DA:702,30
DA:704,120
DA:705,0
DA:709,0
DA:718,30
LF:115
LH:10
BRDA:1,0,0,60
BRDA:1,0,1,30
BRDA:1,1,0,30
BRDA:77,2,0,0
BRDA:77,2,1,0
BRDA:90,3,0,0
BRDA:91,4,0,0
BRDA:91,4,1,0
BRDA:91,4,2,0
BRDA:91,4,3,0
BRDA:297,5,0,0
BRDA:297,5,1,0
BRDA:353,6,0,0
BRDA:353,6,1,0
BRDA:370,7,0,0
BRDA:370,7,1,0
BRDA:390,8,0,0
BRDA:390,8,1,0
BRDA:406,9,0,0
BRDA:406,9,1,0
BRDA:424,10,0,0
BRDA:424,10,1,0
BRDA:444,11,0,0
BRDA:444,11,1,0
BRDA:464,12,0,0
BRDA:464,12,1,0
BRDA:485,13,0,0
BRDA:485,13,1,0
BRDA:540,14,0,0
BRDA:540,14,1,0
BRDA:643,15,0,0
BRDA:643,15,1,0
BRF:32
BRH:3
end_of_record
TN:
SF:src/components/confirmation/OTPModal.tsx
FN:1,(anonymous_0)
FN:14,OTPModal
FN:25,(anonymous_2)
FN:29,(anonymous_3)
FN:57,(anonymous_4)
FN:14,(anonymous_5)
FNF:6
FNH:1
FNDA:30,(anonymous_0)
FNDA:0,OTPModal
FNDA:0,(anonymous_2)
FNDA:0,(anonymous_3)
FNDA:0,(anonymous_4)
FNDA:0,(anonymous_5)
DA:1,270
DA:14,30
DA:18,0
DA:19,0
DA:20,0
DA:21,0
DA:23,30
DA:25,0
DA:26,0
DA:29,0
DA:30,0
DA:31,0
DA:32,0
DA:33,0
DA:35,0
DA:36,0
DA:37,0
DA:38,0
DA:40,0
DA:41,0
DA:42,0
DA:43,0
DA:44,0
DA:46,0
DA:47,0
DA:48,0
DA:53,0
DA:57,0
DA:58,0
DA:61,0
DA:112,30
LF:31
LH:4
BRDA:1,0,0,60
BRDA:1,0,1,30
BRDA:1,1,0,30
BRDA:30,2,0,0
BRDA:35,3,0,0
BRDA:42,4,0,0
BRDA:42,4,1,0
BRDA:70,5,0,0
BRDA:70,5,1,0
BRDA:104,6,0,0
BRDA:104,6,1,0
BRF:11
BRH:3
end_of_record
TN:
SF:src/components/footer/Footer.tsx
FN:1,(anonymous_0)
FN:5,Footer
FN:5,(anonymous_2)
FNF:3
FNH:3
FNDA:30,(anonymous_0)
FNDA:92,Footer
FNDA:29,(anonymous_2)
DA:1,270
DA:5,92
DA:6,92
DA:7,63
DA:18,30
LF:5
LH:5
BRDA:1,0,0,60
BRDA:1,0,1,30
BRDA:1,1,0,30
BRF:3
BRH:3
end_of_record
TN:
SF:src/components/header/Header.tsx
FN:1,(anonymous_0)
FN:13,Header
FN:18,(anonymous_2)
FN:23,(anonymous_3)
FN:54,(anonymous_4)
FN:56,(anonymous_5)
FN:67,(anonymous_6)
FN:72,(anonymous_7)
FN:13,(anonymous_8)
FNF:9
FNH:7
FNDA:30,(anonymous_0)
FNDA:59,Header
FNDA:1,(anonymous_2)
FNDA:1,(anonymous_3)
FNDA:29,(anonymous_4)
FNDA:0,(anonymous_5)
FNDA:29,(anonymous_6)
FNDA:0,(anonymous_7)
FNDA:30,(anonymous_8)
DA:1,270
DA:13,59
DA:14,59
DA:15,29
DA:16,30
DA:18,29
DA:19,1
DA:20,1
DA:23,29
DA:26,1
DA:27,1
DA:29,1
DA:30,1
DA:33,0
DA:34,0
DA:36,0
DA:37,0
DA:39,0
DA:46,0
DA:50,29
DA:52,29
DA:54,29
DA:55,29
DA:57,0
DA:58,0
DA:68,29
DA:72,29
DA:73,0
DA:74,0
DA:75,0
DA:78,29
DA:133,30
LF:32
LH:21
BRDA:1,0,0,60
BRDA:1,0,1,30
BRDA:1,1,0,30
BRDA:33,2,0,0
BRDA:121,3,0,0
BRDA:121,3,1,29
BRF:6
BRH:4
end_of_record
TN:
SF:src/components/home/AccessibleChair.tsx
FN:1,(anonymous_0)
FN:6,(anonymous_1)
FN:10,(anonymous_2)
FN:20,(anonymous_3)
FN:6,(anonymous_4)
FNF:5
FNH:4
FNDA:30,(anonymous_0)
FNDA:21,(anonymous_1)
FNDA:43,(anonymous_2)
FNDA:0,(anonymous_3)
FNDA:15,(anonymous_4)
DA:1,240
DA:6,30
DA:7,21
DA:9,30
DA:10,43
DA:13,21
DA:21,0
DA:40,30
LF:8
LH:7
BRDA:1,0,0,30
BRDA:1,0,1,0
BRDA:1,1,0,30
BRDA:1,2,0,30
BRDA:1,2,1,30
BRF:5
BRH:4
end_of_record
TN:
SF:src/components/home/CalendarInput.tsx
FN:1,(anonymous_0)
FN:19,(anonymous_1)
FN:26,(anonymous_2)
FN:29,(anonymous_3)
FN:35,(anonymous_4)
FN:39,(anonymous_5)
FN:45,(anonymous_6)
FN:46,(anonymous_7)
FN:57,(anonymous_8)
FN:58,(anonymous_9)
FN:62,(anonymous_10)
FN:70,(anonymous_11)
FN:96,(anonymous_12)
FN:117,(anonymous_13)
FN:131,(anonymous_14)
FN:135,(anonymous_15)
FN:139,(anonymous_16)
FN:151,(anonymous_17)
FN:167,(anonymous_18)
FN:211,(anonymous_19)
FN:221,(anonymous_20)
FN:19,(anonymous_21)
FNF:22
FNH:22
FNDA:30,(anonymous_0)
FNDA:23,(anonymous_1)
FNDA:45,(anonymous_2)
FNDA:45,(anonymous_3)
FNDA:45,(anonymous_4)
FNDA:45,(anonymous_5)
FNDA:15,(anonymous_6)
FNDA:15,(anonymous_7)
FNDA:16,(anonymous_8)
FNDA:16,(anonymous_9)
FNDA:122,(anonymous_10)
FNDA:2,(anonymous_11)
FNDA:305,(anonymous_12)
FNDA:6,(anonymous_13)
FNDA:70,(anonymous_14)
FNDA:1,(anonymous_15)
FNDA:1,(anonymous_16)
FNDA:3,(anonymous_17)
FNDA:2,(anonymous_18)
FNDA:2,(anonymous_19)
FNDA:70,(anonymous_20)
FNDA:15,(anonymous_21)
DA:1,270
DA:19,30
DA:22,23
DA:25,23
DA:26,45
DA:28,23
DA:29,45
DA:32,23
DA:34,23
DA:35,45
DA:38,30
DA:39,45
DA:42,23
DA:43,23
DA:45,23
DA:46,15
DA:47,15
DA:48,15
DA:49,1
DA:51,0
DA:54,15
DA:57,23
DA:58,16
DA:59,16
DA:60,122
DA:62,122
DA:63,122
DA:67,16
DA:70,23
DA:71,2
DA:72,1
DA:73,1
DA:74,1
DA:75,0
DA:76,0
DA:78,1
DA:80,1
DA:81,0
DA:82,0
DA:86,1
DA:87,1
DA:88,1
DA:91,0
DA:92,0
DA:96,23
DA:97,305
DA:98,305
DA:100,305
DA:105,203
DA:108,102
DA:117,23
DA:118,6
DA:119,4
DA:120,2
DA:121,1
DA:122,1
DA:123,1
DA:125,1
DA:126,1
DA:127,1
DA:131,23
DA:132,70
DA:135,23
DA:136,1
DA:139,23
DA:140,1
DA:151,3
DA:163,23
DA:167,2
DA:211,2
DA:221,70
DA:252,30
LF:72
LH:65
BRDA:1,0,0,60
BRDA:1,0,1,30
BRDA:1,1,0,30
BRDA:71,2,0,1
BRDA:71,2,1,1
BRDA:73,3,0,1
BRDA:73,3,1,0
BRDA:74,4,0,0
BRDA:80,5,0,0
BRDA:87,6,0,1
BRDA:97,7,0,305
BRDA:97,7,1,183
BRDA:100,8,0,203
BRDA:101,9,0,305
BRDA:101,9,1,122
BRDA:101,9,2,40
BRDA:110,10,0,102
BRDA:110,10,1,0
BRDA:118,11,0,4
BRDA:118,11,1,2
BRDA:120,12,0,1
BRDA:120,12,1,1
BRDA:120,13,0,2
BRDA:120,13,1,1
BRDA:170,14,0,3
BRDA:170,14,1,20
BRDA:189,15,0,2
BRDA:189,15,1,21
BRDA:207,16,0,23
BRDA:207,16,1,6
BRDA:226,17,0,6
BRDA:226,17,1,2
BRDA:226,17,2,1
BRDA:230,18,0,1
BRDA:230,18,1,0
BRF:35
BRH:30
end_of_record
TN:
SF:src/components/home/Home.tsx
FN:1,(anonymous_0)
FN:5,Home
FNF:2
FNH:2
FNDA:30,(anonymous_0)
FNDA:31,Home
DA:1,240
DA:5,30
DA:8,31
DA:18,30
LF:4
LH:4
BRDA:1,0,0,60
BRDA:1,0,1,30
BRDA:1,1,0,30
BRF:3
BRH:3
end_of_record
TN:
SF:src/components/home/PropertyInput.tsx
FN:1,(anonymous_0)
FN:10,(anonymous_1)
FN:13,(anonymous_2)
FN:16,(anonymous_3)
FN:18,(anonymous_4)
FN:20,(anonymous_5)
FN:23,(anonymous_6)
FN:24,(anonymous_7)
FN:45,(anonymous_8)
FN:50,(anonymous_9)
FN:10,(anonymous_10)
FNF:11
FNH:10
FNDA:30,(anonymous_0)
FNDA:24,(anonymous_1)
FNDA:45,(anonymous_2)
FNDA:45,(anonymous_3)
FNDA:45,(anonymous_4)
FNDA:45,(anonymous_5)
FNDA:16,(anonymous_6)
FNDA:16,(anonymous_7)
FNDA:0,(anonymous_8)
FNDA:108,(anonymous_9)
FNDA:15,(anonymous_10)
DA:1,270
DA:10,30
DA:11,24
DA:12,24
DA:13,45
DA:15,24
DA:16,45
DA:18,45
DA:19,30
DA:20,45
DA:23,24
DA:24,16
DA:25,16
DA:27,16
DA:30,24
DA:31,18
DA:34,6
DA:45,0
DA:51,108
DA:64,30
LF:20
LH:19
BRDA:1,0,0,60
BRDA:1,0,1,30
BRDA:1,1,0,30
BRDA:30,2,0,18
BRDA:36,3,0,6
BRDA:36,3,1,6
BRF:6
BRH:6
end_of_record
TN:
SF:src/components/home/RoomInput.tsx
FN:1,(anonymous_0)
FN:6,(anonymous_1)
FN:10,(anonymous_2)
FN:13,(anonymous_3)
FN:25,(anonymous_4)
FN:28,(anonymous_5)
FN:32,(anonymous_6)
FN:33,(anonymous_7)
FN:6,(anonymous_8)
FNF:9
FNH:7
FNDA:30,(anonymous_0)
FNDA:21,(anonymous_1)
FNDA:43,(anonymous_2)
FNDA:43,(anonymous_3)
FNDA:0,(anonymous_4)
FNDA:0,(anonymous_5)
FNDA:105,(anonymous_6)
FNDA:105,(anonymous_7)
FNDA:15,(anonymous_8)
DA:1,240
DA:6,30
DA:7,21
DA:9,21
DA:10,43
DA:12,30
DA:13,43
DA:16,21
DA:26,0
DA:29,0
DA:32,105
DA:34,105
DA:42,30
LF:13
LH:11
BRDA:1,0,0,30
BRDA:1,0,1,0
BRDA:1,1,0,30
BRDA:1,2,0,30
BRDA:1,2,1,30
BRF:5
BRH:4
end_of_record
TN:
SF:src/components/home/Search.tsx
FN:1,(anonymous_0)
FN:24,Search
FN:28,(anonymous_2)
FN:32,(anonymous_3)
FN:36,(anonymous_4)
FN:41,(anonymous_5)
FN:44,(anonymous_6)
FN:47,(anonymous_7)
FN:50,(anonymous_8)
FN:53,(anonymous_9)
FN:56,(anonymous_10)
FN:59,(anonymous_11)
FN:62,(anonymous_12)
FN:65,(anonymous_13)
FN:70,(anonymous_14)
FN:73,(anonymous_15)
FN:78,(anonymous_16)
FN:82,(anonymous_17)
FN:85,(anonymous_18)
FN:87,(anonymous_19)
FN:89,(anonymous_20)
FN:92,(anonymous_21)
FN:98,(anonymous_22)
FN:102,(anonymous_23)
FN:108,(anonymous_24)
FN:115,(anonymous_25)
FN:119,(anonymous_26)
FN:125,(anonymous_27)
FN:128,(anonymous_28)
FN:134,(anonymous_29)
FN:138,(anonymous_30)
FN:209,(anonymous_31)
FN:24,(anonymous_32)
FNF:33
FNH:27
FNDA:30,(anonymous_0)
FNDA:40,Search
FNDA:46,(anonymous_2)
FNDA:46,(anonymous_3)
FNDA:46,(anonymous_4)
FNDA:46,(anonymous_5)
FNDA:46,(anonymous_6)
FNDA:46,(anonymous_7)
FNDA:46,(anonymous_8)
FNDA:46,(anonymous_9)
FNDA:46,(anonymous_10)
FNDA:46,(anonymous_11)
FNDA:46,(anonymous_12)
FNDA:46,(anonymous_13)
FNDA:46,(anonymous_14)
FNDA:46,(anonymous_15)
FNDA:46,(anonymous_16)
FNDA:46,(anonymous_17)
FNDA:46,(anonymous_18)
FNDA:46,(anonymous_19)
FNDA:46,(anonymous_20)
FNDA:46,(anonymous_21)
FNDA:15,(anonymous_22)
FNDA:15,(anonymous_23)
FNDA:0,(anonymous_24)
FNDA:0,(anonymous_25)
FNDA:0,(anonymous_26)
FNDA:0,(anonymous_27)
FNDA:0,(anonymous_28)
FNDA:0,(anonymous_29)
FNDA:1,(anonymous_30)
FNDA:1,(anonymous_31)
FNDA:16,(anonymous_32)
DA:1,240
DA:24,40
DA:25,40
DA:27,24
DA:28,46
DA:31,24
DA:32,46
DA:35,24
DA:36,46
DA:40,24
DA:41,46
DA:43,24
DA:44,46
DA:46,24
DA:47,46
DA:49,24
DA:50,46
DA:52,24
DA:53,46
DA:55,24
DA:56,46
DA:58,24
DA:59,46
DA:61,24
DA:62,46
DA:64,24
DA:65,46
DA:69,24
DA:70,46
DA:72,24
DA:73,46
DA:76,24
DA:77,24
DA:78,46
DA:81,24
DA:82,46
DA:85,46
DA:87,46
DA:89,46
DA:91,24
DA:92,46
DA:95,24
DA:96,30
DA:98,24
DA:99,15
DA:102,24
DA:103,15
DA:104,0
DA:108,24
DA:109,0
DA:110,0
DA:112,0
DA:115,24
DA:116,0
DA:119,24
DA:120,0
DA:121,0
DA:125,24
DA:126,0
DA:128,24
DA:129,0
DA:130,0
DA:134,24
DA:135,0
DA:138,24
DA:139,1
DA:140,1
DA:142,0
DA:143,0
DA:145,0
DA:148,1
DA:149,1
DA:160,1
DA:161,1
DA:172,0
DA:174,1
DA:176,1
DA:185,24
DA:210,1
DA:396,30
LF:80
LH:65
BRDA:1,0,0,30
BRDA:1,0,1,0
BRDA:1,1,0,30
BRDA:1,2,0,30
BRDA:1,2,1,30
BRDA:103,3,0,0
BRDA:109,4,0,0
BRDA:120,5,0,0
BRDA:129,6,0,0
BRDA:140,7,0,0
BRDA:140,8,0,1
BRDA:140,8,1,1
BRDA:140,8,2,1
BRDA:142,9,0,0
BRDA:201,10,0,24
BRDA:201,10,1,24
BRDA:213,11,0,24
BRDA:213,11,1,0
BRDA:220,12,0,0
BRDA:220,12,1,0
BRDA:228,13,0,0
BRDA:228,13,1,0
BRDA:237,14,0,24
BRDA:237,14,1,2
BRDA:239,15,0,2
BRDA:239,15,1,2
BRDA:255,16,0,2
BRDA:255,16,1,0
BRDA:283,17,0,2
BRDA:283,17,1,2
BRDA:299,18,0,2
BRDA:299,18,1,0
BRDA:327,19,0,2
BRDA:327,19,1,2
BRDA:343,20,0,2
BRDA:343,20,1,0
BRDA:375,21,0,24
BRDA:375,21,1,24
BRDA:377,22,0,24
BRDA:377,22,1,24
BRF:40
BRH:25
end_of_record
TN:
SF:src/components/itinerary/Itinerary.tsx
FN:1,(anonymous_0)
FN:9,(anonymous_1)
FN:15,(anonymous_2)
FN:29,(anonymous_3)
FN:31,(anonymous_4)
FN:34,(anonymous_5)
FN:38,(anonymous_6)
FN:42,(anonymous_7)
FN:46,(anonymous_8)
FN:49,(anonymous_9)
FN:70,(anonymous_10)
FN:78,(anonymous_11)
FN:92,(anonymous_12)
FN:9,(anonymous_13)
FNF:14
FNH:1
FNDA:30,(anonymous_0)
FNDA:0,(anonymous_1)
FNDA:0,(anonymous_2)
FNDA:0,(anonymous_3)
FNDA:0,(anonymous_4)
FNDA:0,(anonymous_5)
FNDA:0,(anonymous_6)
FNDA:0,(anonymous_7)
FNDA:0,(anonymous_8)
FNDA:0,(anonymous_9)
FNDA:0,(anonymous_10)
FNDA:0,(anonymous_11)
FNDA:0,(anonymous_12)
FNDA:0,(anonymous_13)
DA:1,240
DA:9,30
DA:10,0
DA:11,0
DA:13,0
DA:15,0
DA:16,0
DA:17,0
DA:29,0
DA:31,0
DA:33,0
DA:34,0
DA:37,0
DA:38,0
DA:41,0
DA:42,0
DA:45,30
DA:46,0
DA:49,0
DA:52,0
DA:53,0
DA:58,0
DA:59,0
DA:62,0
DA:67,0
DA:70,0
DA:71,0
DA:72,0
DA:73,0
DA:74,0
DA:78,0
DA:79,0
DA:92,0
DA:93,0
DA:94,0
DA:99,0
DA:102,0
DA:219,30
LF:38
LH:4
BRDA:1,0,0,30
BRDA:1,0,1,0
BRDA:1,1,0,30
BRDA:1,2,0,30
BRDA:1,2,1,30
BRDA:16,3,0,0
BRDA:16,4,0,0
BRDA:16,4,1,0
BRDA:16,4,2,0
BRDA:16,4,3,0
BRDA:52,5,0,0
BRDA:71,6,0,0
BRDA:71,7,0,0
BRDA:71,7,1,0
BRDA:79,8,0,0
BRDA:79,8,1,0
BRDA:79,9,0,0
BRDA:79,9,1,0
BRDA:118,10,0,0
BRDA:118,10,1,0
BRDA:119,11,0,0
BRDA:119,11,1,0
BRDA:123,12,0,0
BRDA:123,12,1,0
BRDA:130,13,0,0
BRDA:130,13,1,0
BRDA:138,14,0,0
BRDA:138,14,1,0
BRDA:152,15,0,0
BRDA:152,15,1,0
BRDA:165,16,0,0
BRDA:165,16,1,0
BRDA:180,17,0,0
BRDA:180,17,1,0
BRDA:194,18,0,0
BRDA:194,18,1,0
BRF:36
BRH:4
end_of_record
TN:
SF:src/components/loader/Loader.tsx
FN:1,(anonymous_0)
FN:3,(anonymous_1)
FNF:2
FNH:2
FNDA:30,(anonymous_0)
FNDA:77,(anonymous_1)
DA:1,240
DA:3,30
DA:4,77
DA:24,30
LF:4
LH:4
BRDA:1,0,0,60
BRDA:1,0,1,30
BRDA:1,1,0,30
BRF:3
BRH:3
end_of_record
TN:
SF:src/components/login/Login.tsx
FN:1,(anonymous_0)
FN:8,(anonymous_1)
FN:15,(anonymous_2)
FN:20,(anonymous_3)
FN:35,(anonymous_4)
FN:50,(anonymous_5)
FN:57,(anonymous_6)
FN:8,(anonymous_7)
FNF:8
FNH:3
FNDA:30,(anonymous_0)
FNDA:3,(anonymous_1)
FNDA:0,(anonymous_2)
FNDA:0,(anonymous_3)
FNDA:0,(anonymous_4)
FNDA:0,(anonymous_5)
FNDA:0,(anonymous_6)
FNDA:2,(anonymous_7)
DA:1,240
DA:8,30
DA:9,3
DA:10,3
DA:11,30
DA:13,3
DA:15,3
DA:16,0
DA:17,0
DA:19,0
DA:21,0
DA:23,0
DA:31,0
DA:33,0
DA:36,0
DA:37,0
DA:41,3
DA:50,0
DA:57,0
DA:72,30
LF:20
LH:9
BRDA:1,0,0,30
BRDA:1,0,1,0
BRDA:1,1,0,30
BRDA:1,2,0,30
BRDA:1,2,1,30
BRF:5
BRH:4
end_of_record
TN:
SF:src/components/ratingform/RatingForm.tsx
FN:1,(anonymous_0)
FN:3,(anonymous_1)
FNF:2
FNH:1
FNDA:30,(anonymous_0)
FNDA:0,(anonymous_1)
DA:1,240
DA:3,30
DA:4,0
DA:18,30
LF:4
LH:3
BRDA:1,0,0,60
BRDA:1,0,1,30
BRDA:1,1,0,30
BRF:3
BRH:3
end_of_record
TN:
SF:src/components/room-modal/RoomModal.tsx
FN:1,(anonymous_0)
FN:35,RoomModal
FN:59,(anonymous_2)
FN:62,(anonymous_3)
FN:64,(anonymous_4)
FN:69,(anonymous_5)
FN:73,(anonymous_6)
FN:76,(anonymous_7)
FN:77,(anonymous_8)
FN:84,(anonymous_9)
FN:88,(anonymous_10)
FN:115,(anonymous_11)
FN:139,(anonymous_12)
FN:177,(anonymous_13)
FN:226,(anonymous_14)
FN:273,(anonymous_15)
FN:290,(anonymous_16)
FN:326,(anonymous_17)
FN:383,(anonymous_18)
FN:410,(anonymous_19)
FN:434,(anonymous_20)
FN:35,(anonymous_21)
FNF:22
FNH:12
FNDA:30,(anonymous_0)
FNDA:2,RoomModal
FNDA:4,(anonymous_2)
FNDA:4,(anonymous_3)
FNDA:4,(anonymous_4)
FNDA:4,(anonymous_5)
FNDA:4,(anonymous_6)
FNDA:2,(anonymous_7)
FNDA:2,(anonymous_8)
FNDA:0,(anonymous_9)
FNDA:0,(anonymous_10)
FNDA:0,(anonymous_11)
FNDA:0,(anonymous_12)
FNDA:0,(anonymous_13)
FNDA:12,(anonymous_14)
FNDA:0,(anonymous_15)
FNDA:10,(anonymous_16)
FNDA:0,(anonymous_17)
FNDA:0,(anonymous_18)
FNDA:0,(anonymous_19)
FNDA:0,(anonymous_20)
FNDA:2,(anonymous_21)
DA:1,270
DA:35,30
DA:36,2
DA:44,2
DA:46,2
DA:47,2
DA:49,2
DA:59,4
DA:61,2
DA:62,4
DA:64,4
DA:66,2
DA:68,2
DA:69,4
DA:72,30
DA:73,4
DA:76,2
DA:77,2
DA:78,2
DA:79,0
DA:81,2
DA:84,2
DA:85,0
DA:88,2
DA:93,0
DA:95,0
DA:96,0
DA:97,0
DA:98,0
DA:105,0
DA:106,0
DA:107,0
DA:112,0
DA:115,2
DA:116,0
DA:117,0
DA:128,0
DA:129,0
DA:131,0
DA:132,0
DA:133,0
DA:137,0
DA:140,0
DA:144,0
DA:157,0
DA:158,0
DA:159,0
DA:163,0
DA:166,2
DA:178,0
DA:227,12
DA:274,0
DA:291,10
DA:327,0
DA:384,0
DA:411,0
DA:435,0
DA:458,30
LF:58
LH:27
BRDA:1,0,0,60
BRDA:1,0,1,30
BRDA:1,1,0,30
BRDA:129,2,0,0
BRDA:129,2,1,0
BRDA:132,3,0,0
BRDA:137,4,0,0
BRDA:158,5,0,0
BRDA:173,6,0,2
BRDA:173,6,1,2
BRDA:174,7,0,2
BRDA:174,7,1,0
BRDA:259,8,0,2
BRDA:259,8,1,0
BRDA:307,9,0,10
BRDA:307,9,1,0
BRF:16
BRH:8
end_of_record
TN:
SF:src/components/room-result/BedCount.tsx
FN:1,(anonymous_0)
FN:7,(anonymous_1)
FN:10,(anonymous_2)
FN:20,(anonymous_3)
FN:24,(anonymous_4)
FN:32,(anonymous_5)
FN:33,(anonymous_6)
FN:37,(anonymous_7)
FN:7,(anonymous_8)
FNF:9
FNH:4
FNDA:30,(anonymous_0)
FNDA:60,(anonymous_1)
FNDA:147,(anonymous_2)
FNDA:0,(anonymous_3)
FNDA:0,(anonymous_4)
FNDA:0,(anonymous_5)
FNDA:0,(anonymous_6)
FNDA:0,(anonymous_7)
FNDA:14,(anonymous_8)
DA:1,240
DA:7,60
DA:8,60
DA:10,147
DA:12,60
DA:14,60
DA:21,0
DA:22,0
DA:24,0
DA:32,0
DA:34,0
DA:39,0
DA:40,0
DA:41,0
DA:53,30
LF:15
LH:7
BRDA:1,0,0,30
BRDA:1,0,1,0
BRDA:1,1,0,30
BRDA:1,2,0,30
BRDA:1,2,1,30
BRDA:30,3,0,60
BRDA:30,3,1,0
BRF:7
BRH:5
end_of_record
TN:
SF:src/components/room-result/CalendarInput.tsx
FN:1,(anonymous_0)
FN:18,(anonymous_1)
FN:25,(anonymous_2)
FN:28,(anonymous_3)
FN:34,(anonymous_4)
FN:38,(anonymous_5)
FN:44,(anonymous_6)
FN:45,(anonymous_7)
FN:61,(anonymous_8)
FN:62,(anonymous_9)
FN:66,(anonymous_10)
FN:74,(anonymous_11)
FN:94,(anonymous_12)
FN:115,(anonymous_13)
FN:129,(anonymous_14)
FN:133,(anonymous_15)
FN:141,(anonymous_16)
FN:185,(anonymous_17)
FN:195,(anonymous_18)
FN:18,(anonymous_19)
FNF:20
FNH:12
FNDA:30,(anonymous_0)
FNDA:74,(anonymous_1)
FNDA:161,(anonymous_2)
FNDA:147,(anonymous_3)
FNDA:161,(anonymous_4)
FNDA:161,(anonymous_5)
FNDA:14,(anonymous_6)
FNDA:14,(anonymous_7)
FNDA:21,(anonymous_8)
FNDA:21,(anonymous_9)
FNDA:854,(anonymous_10)
FNDA:0,(anonymous_11)
FNDA:0,(anonymous_12)
FNDA:0,(anonymous_13)
FNDA:0,(anonymous_14)
FNDA:0,(anonymous_15)
FNDA:0,(anonymous_16)
FNDA:0,(anonymous_17)
FNDA:0,(anonymous_18)
FNDA:14,(anonymous_19)
DA:1,270
DA:18,30
DA:21,74
DA:24,74
DA:25,161
DA:27,74
DA:28,147
DA:31,74
DA:33,74
DA:34,161
DA:37,74
DA:38,161
DA:41,74
DA:42,74
DA:44,74
DA:45,14
DA:46,14
DA:47,14
DA:53,7
DA:55,0
DA:58,14
DA:61,74
DA:62,21
DA:63,21
DA:64,854
DA:66,854
DA:67,854
DA:71,21
DA:74,74
DA:75,0
DA:76,0
DA:77,0
DA:78,0
DA:79,0
DA:80,0
DA:82,0
DA:84,0
DA:85,0
DA:86,0
DA:89,0
DA:90,0
DA:94,74
DA:95,0
DA:96,0
DA:98,0
DA:103,0
DA:106,0
DA:115,74
DA:116,0
DA:117,0
DA:118,0
DA:119,0
DA:120,0
DA:121,0
DA:123,0
DA:124,0
DA:125,0
DA:129,74
DA:130,0
DA:133,74
DA:134,0
DA:137,74
DA:141,0
DA:185,0
DA:195,0
DA:212,30
LF:66
LH:34
BRDA:1,0,0,60
BRDA:1,0,1,30
BRDA:1,1,0,30
BRDA:75,2,0,0
BRDA:75,2,1,0
BRDA:77,3,0,0
BRDA:77,3,1,0
BRDA:78,4,0,0
BRDA:85,5,0,0
BRDA:95,6,0,0
BRDA:95,6,1,0
BRDA:98,7,0,0
BRDA:99,8,0,0
BRDA:99,8,1,0
BRDA:99,8,2,0
BRDA:108,9,0,0
BRDA:108,9,1,0
BRDA:116,10,0,0
BRDA:116,10,1,0
BRDA:118,11,0,0
BRDA:118,11,1,0
BRDA:118,12,0,0
BRDA:118,12,1,0
BRDA:144,13,0,48
BRDA:144,13,1,26
BRDA:163,14,0,48
BRDA:163,14,1,26
BRDA:182,15,0,74
BRDA:182,15,1,0
BRF:29
BRH:8
end_of_record
TN:
SF:src/components/room-result/Filters.tsx
FN:1,(anonymous_0)
FN:13,Filters
FN:18,(anonymous_2)
FN:19,(anonymous_3)
FN:21,(anonymous_4)
FN:24,(anonymous_5)
FN:33,(anonymous_6)
FN:42,(anonymous_7)
FN:59,(anonymous_8)
FN:60,(anonymous_9)
FN:73,(anonymous_10)
FN:84,(anonymous_11)
FN:98,(anonymous_12)
FN:99,(anonymous_13)
FN:112,(anonymous_14)
FN:122,(anonymous_15)
FN:136,(anonymous_16)
FN:137,(anonymous_17)
FN:149,(anonymous_18)
FN:159,(anonymous_19)
FN:169,(anonymous_20)
FN:13,(anonymous_21)
FNF:22
FNH:6
FNDA:30,(anonymous_0)
FNDA:60,Filters
FNDA:105,(anonymous_2)
FNDA:105,(anonymous_3)
FNDA:105,(anonymous_4)
FNDA:0,(anonymous_5)
FNDA:0,(anonymous_6)
FNDA:0,(anonymous_7)
FNDA:0,(anonymous_8)
FNDA:0,(anonymous_9)
FNDA:0,(anonymous_10)
FNDA:0,(anonymous_11)
FNDA:0,(anonymous_12)
FNDA:0,(anonymous_13)
FNDA:0,(anonymous_14)
FNDA:0,(anonymous_15)
FNDA:0,(anonymous_16)
FNDA:0,(anonymous_17)
FNDA:0,(anonymous_18)
FNDA:0,(anonymous_19)
FNDA:0,(anonymous_20)
FNDA:14,(anonymous_21)
DA:1,270
DA:13,60
DA:14,60
DA:15,60
DA:16,60
DA:18,105
DA:19,105
DA:20,60
DA:21,105
DA:24,60
DA:28,0
DA:33,60
DA:37,0
DA:42,60
DA:43,0
DA:46,60
DA:48,60
DA:60,0
DA:74,0
DA:85,0
DA:99,0
DA:113,0
DA:123,0
DA:137,0
DA:150,0
DA:160,0
DA:170,0
DA:181,30
LF:28
LH:15
BRDA:1,0,0,60
BRDA:1,0,1,30
BRDA:1,1,0,30
BRDA:28,2,0,0
BRDA:28,2,1,0
BRDA:37,3,0,0
BRDA:37,3,1,0
BRDA:43,4,0,0
BRDA:43,4,1,0
BRDA:66,5,0,60
BRDA:66,5,1,0
BRDA:106,6,0,60
BRDA:106,6,1,0
BRDA:143,7,0,60
BRDA:143,7,1,0
BRF:15
BRH:6
end_of_record
TN:
SF:src/components/room-result/RoomCards.tsx
FN:1,(anonymous_0)
FN:14,(anonymous_1)
FN:19,(anonymous_2)
FN:23,(anonymous_3)
FN:33,(anonymous_4)
FN:35,(anonymous_5)
FN:50,(anonymous_6)
FN:51,(anonymous_7)
FN:60,(anonymous_8)
FN:61,(anonymous_9)
FN:86,(anonymous_10)
FN:106,(anonymous_11)
FN:112,(anonymous_12)
FN:123,(anonymous_13)
FN:14,(anonymous_14)
FNF:15
FNH:8
FNDA:30,(anonymous_0)
FNDA:73,(anonymous_1)
FNDA:118,(anonymous_2)
FNDA:118,(anonymous_3)
FNDA:14,(anonymous_4)
FNDA:8,(anonymous_5)
FNDA:0,(anonymous_6)
FNDA:0,(anonymous_7)
FNDA:0,(anonymous_8)
FNDA:0,(anonymous_9)
FNDA:0,(anonymous_10)
FNDA:0,(anonymous_11)
FNDA:0,(anonymous_12)
FNDA:12,(anonymous_13)
FNDA:14,(anonymous_14)
DA:1,240
DA:14,73
DA:15,73
DA:16,73
DA:17,73
DA:19,118
DA:21,73
DA:23,118
DA:26,73
DA:28,73
DA:30,73
DA:32,73
DA:33,73
DA:34,14
DA:35,14
DA:36,8
DA:39,73
DA:40,60
DA:43,13
DA:51,0
DA:52,0
DA:61,0
DA:62,0
DA:87,0
DA:106,0
DA:112,0
DA:124,12
DA:129,30
LF:28
LH:21
BRDA:1,0,0,30
BRDA:1,0,1,0
BRDA:1,1,0,30
BRDA:1,2,0,30
BRDA:1,2,1,30
BRDA:39,3,0,60
BRDA:102,4,0,13
BRDA:102,4,1,0
BRF:8
BRH:6
end_of_record
TN:
SF:src/components/room-result/RoomForm.tsx
FN:1,(anonymous_0)
FN:30,(anonymous_1)
FN:37,(anonymous_2)
FN:38,(anonymous_3)
FN:40,(anonymous_4)
FN:43,(anonymous_5)
FN:46,(anonymous_6)
FN:49,(anonymous_7)
FN:52,(anonymous_8)
FN:55,(anonymous_9)
FN:58,(anonymous_10)
FN:61,(anonymous_11)
FN:64,(anonymous_12)
FN:67,(anonymous_13)
FN:71,(anonymous_14)
FN:74,(anonymous_15)
FN:77,(anonymous_16)
FN:80,(anonymous_17)
FN:83,(anonymous_18)
FN:90,(anonymous_19)
FN:96,(anonymous_20)
FN:182,(anonymous_21)
FN:225,(anonymous_22)
FN:231,(anonymous_23)
FN:237,(anonymous_24)
FN:241,(anonymous_25)
FN:247,(anonymous_26)
FN:250,(anonymous_27)
FN:256,(anonymous_28)
FN:260,(anonymous_29)
FN:262,(anonymous_30)
FN:330,(anonymous_31)
FN:30,(anonymous_32)
FNF:33
FNH:25
FNDA:30,(anonymous_0)
FNDA:60,(anonymous_1)
FNDA:147,(anonymous_2)
FNDA:147,(anonymous_3)
FNDA:147,(anonymous_4)
FNDA:147,(anonymous_5)
FNDA:147,(anonymous_6)
FNDA:147,(anonymous_7)
FNDA:147,(anonymous_8)
FNDA:147,(anonymous_9)
FNDA:147,(anonymous_10)
FNDA:147,(anonymous_11)
FNDA:147,(anonymous_12)
FNDA:147,(anonymous_13)
FNDA:147,(anonymous_14)
FNDA:147,(anonymous_15)
FNDA:147,(anonymous_16)
FNDA:133,(anonymous_17)
FNDA:28,(anonymous_18)
FNDA:14,(anonymous_19)
FNDA:14,(anonymous_20)
FNDA:13,(anonymous_21)
FNDA:28,(anonymous_22)
FNDA:0,(anonymous_23)
FNDA:0,(anonymous_24)
FNDA:0,(anonymous_25)
FNDA:0,(anonymous_26)
FNDA:0,(anonymous_27)
FNDA:0,(anonymous_28)
FNDA:105,(anonymous_29)
FNDA:0,(anonymous_30)
FNDA:0,(anonymous_31)
FNDA:14,(anonymous_32)
DA:1,270
DA:30,60
DA:31,60
DA:32,60
DA:34,60
DA:35,60
DA:37,147
DA:38,147
DA:39,60
DA:40,147
DA:42,60
DA:43,147
DA:45,60
DA:46,147
DA:48,60
DA:49,147
DA:51,60
DA:52,147
DA:54,60
DA:55,147
DA:57,60
DA:58,147
DA:60,60
DA:61,147
DA:63,60
DA:64,147
DA:66,60
DA:67,147
DA:70,60
DA:71,147
DA:73,60
DA:74,147
DA:76,60
DA:77,147
DA:79,60
DA:80,133
DA:83,60
DA:84,28
DA:86,28
DA:87,28
DA:90,60
DA:91,14
DA:92,14
DA:93,0
DA:94,0
DA:96,14
DA:97,14
DA:98,14
DA:99,14
DA:101,14
DA:102,14
DA:104,14
DA:105,14
DA:107,14
DA:108,14
DA:110,14
DA:111,14
DA:112,14
DA:113,14
DA:114,0
DA:115,0
DA:117,14
DA:118,14
DA:120,14
DA:122,14
DA:123,14
DA:124,14
DA:125,0
DA:126,0
DA:128,14
DA:129,14
DA:131,14
DA:132,14
DA:134,14
DA:135,0
DA:136,0
DA:137,0
DA:138,0
DA:140,0
DA:141,0
DA:142,0
DA:145,14
DA:146,0
DA:147,0
DA:149,0
DA:150,0
DA:152,0
DA:153,0
DA:154,0
DA:157,14
DA:158,0
DA:159,0
DA:162,14
DA:163,14
DA:174,13
DA:178,14
DA:183,13
DA:189,13
DA:194,0
DA:197,13
DA:198,0
DA:201,13
DA:202,0
DA:205,13
DA:206,0
DA:209,13
DA:210,0
DA:211,13
DA:212,0
DA:213,13
DA:214,0
DA:216,13
DA:225,60
DA:226,28
DA:227,0
DA:231,60
DA:232,0
DA:233,0
DA:237,60
DA:238,0
DA:241,60
DA:242,0
DA:243,0
DA:247,60
DA:248,0
DA:250,60
DA:251,0
DA:252,0
DA:256,60
DA:257,0
DA:260,105
DA:262,60
DA:263,0
DA:264,0
DA:274,0
DA:275,0
DA:277,0
DA:281,0
DA:283,0
DA:290,0
DA:295,0
DA:298,0
DA:299,0
DA:300,0
DA:301,0
DA:304,0
DA:305,0
DA:308,0
DA:309,0
DA:310,0
DA:311,0
DA:312,0
DA:313,0
DA:315,0
DA:323,60
DA:330,0
DA:502,30
LF:157
LH:95
BRDA:1,0,0,60
BRDA:1,0,1,30
BRDA:1,1,0,30
BRDA:92,2,0,0
BRDA:98,3,0,14
BRDA:101,4,0,14
BRDA:104,5,0,14
BRDA:107,6,0,14
BRDA:110,7,0,14
BRDA:113,8,0,0
BRDA:122,9,0,14
BRDA:124,10,0,0
BRDA:131,11,0,14
BRDA:134,12,0,0
BRDA:137,13,0,0
BRDA:140,14,0,0
BRDA:145,15,0,0
BRDA:149,16,0,0
BRDA:152,17,0,0
BRDA:157,18,0,0
BRDA:189,19,0,0
BRDA:189,19,1,13
BRDA:190,20,0,13
BRDA:190,20,1,0
BRDA:190,20,2,0
BRDA:197,21,0,0
BRDA:197,21,1,13
BRDA:197,22,0,13
BRDA:197,22,1,0
BRDA:201,23,0,0
BRDA:201,23,1,13
BRDA:201,24,0,13
BRDA:201,24,1,0
BRDA:205,25,0,0
BRDA:205,25,1,13
BRDA:205,26,0,13
BRDA:205,26,1,0
BRDA:209,27,0,0
BRDA:209,27,1,13
BRDA:211,28,0,0
BRDA:211,28,1,13
BRDA:213,29,0,0
BRDA:213,29,1,13
BRDA:226,30,0,0
BRDA:232,31,0,0
BRDA:242,32,0,0
BRDA:251,33,0,0
BRDA:290,34,0,0
BRDA:290,34,1,0
BRDA:291,35,0,0
BRDA:291,35,1,0
BRDA:291,35,2,0
BRDA:298,36,0,0
BRDA:298,36,1,0
BRDA:298,37,0,0
BRDA:298,37,1,0
BRDA:300,38,0,0
BRDA:300,38,1,0
BRDA:300,39,0,0
BRDA:300,39,1,0
BRDA:304,40,0,0
BRDA:304,40,1,0
BRDA:304,41,0,0
BRDA:304,41,1,0
BRDA:308,42,0,0
BRDA:308,42,1,0
BRDA:310,43,0,0
BRDA:310,43,1,0
BRDA:312,44,0,0
BRDA:312,44,1,0
BRDA:326,45,0,60
BRDA:326,45,1,60
BRDA:336,46,0,60
BRDA:336,46,1,0
BRDA:340,47,0,0
BRDA:340,47,1,0
BRDA:348,48,0,0
BRDA:348,48,1,0
BRDA:357,49,0,60
BRDA:357,49,1,0
BRDA:359,50,0,0
BRDA:359,50,1,0
BRDA:373,51,0,0
BRDA:373,51,1,0
BRDA:399,52,0,0
BRDA:399,52,1,0
BRDA:413,53,0,0
BRDA:413,53,1,0
BRDA:439,54,0,0
BRDA:439,54,1,0
BRDA:455,55,0,0
BRDA:455,55,1,0
BRF:92
BRH:25
end_of_record
TN:
SF:src/components/room-result/RoomInput.tsx
FN:1,(anonymous_0)
FN:7,(anonymous_1)
FN:11,(anonymous_2)
FN:14,(anonymous_3)
FN:24,(anonymous_4)
FN:28,(anonymous_5)
FN:36,(anonymous_6)
FN:37,(anonymous_7)
FN:41,(anonymous_8)
FN:7,(anonymous_9)
FNF:10
FNH:5
FNDA:30,(anonymous_0)
FNDA:60,(anonymous_1)
FNDA:147,(anonymous_2)
FNDA:147,(anonymous_3)
FNDA:0,(anonymous_4)
FNDA:0,(anonymous_5)
FNDA:0,(anonymous_6)
FNDA:0,(anonymous_7)
FNDA:0,(anonymous_8)
FNDA:14,(anonymous_9)
DA:1,240
DA:7,60
DA:8,60
DA:10,60
DA:11,147
DA:13,60
DA:14,147
DA:16,60
DA:18,60
DA:25,0
DA:26,0
DA:28,0
DA:36,0
DA:38,0
DA:43,0
DA:44,0
DA:47,0
DA:59,30
LF:18
LH:10
BRDA:1,0,0,30
BRDA:1,0,1,0
BRDA:1,1,0,30
BRDA:1,2,0,30
BRDA:1,2,1,30
BRDA:34,3,0,60
BRDA:34,3,1,0
BRF:7
BRH:5
end_of_record
TN:
SF:src/components/room-result/RoomResult.tsx
FN:1,(anonymous_0)
FN:16,(anonymous_1)
FN:23,(anonymous_2)
FN:24,(anonymous_3)
FN:26,(anonymous_4)
FN:29,(anonymous_5)
FN:32,(anonymous_6)
FN:35,(anonymous_7)
FN:38,(anonymous_8)
FN:41,(anonymous_9)
FN:44,(anonymous_10)
FN:47,(anonymous_11)
FN:50,(anonymous_12)
FN:54,(anonymous_13)
FN:61,(anonymous_14)
FN:82,(anonymous_15)
FN:85,(anonymous_16)
FN:137,(anonymous_17)
FN:137,(anonymous_18)
FN:145,(anonymous_19)
FN:16,(anonymous_20)
FNF:21
FNH:20
FNDA:30,(anonymous_0)
FNDA:60,(anonymous_1)
FNDA:105,(anonymous_2)
FNDA:105,(anonymous_3)
FNDA:105,(anonymous_4)
FNDA:105,(anonymous_5)
FNDA:105,(anonymous_6)
FNDA:105,(anonymous_7)
FNDA:105,(anonymous_8)
FNDA:105,(anonymous_9)
FNDA:105,(anonymous_10)
FNDA:105,(anonymous_11)
FNDA:105,(anonymous_12)
FNDA:28,(anonymous_13)
FNDA:28,(anonymous_14)
FNDA:19,(anonymous_15)
FNDA:19,(anonymous_16)
FNDA:180,(anonymous_17)
FNDA:0,(anonymous_18)
FNDA:180,(anonymous_19)
FNDA:14,(anonymous_20)
DA:1,270
DA:16,60
DA:17,60
DA:18,60
DA:20,60
DA:21,60
DA:23,105
DA:24,105
DA:25,60
DA:26,105
DA:28,60
DA:29,105
DA:31,60
DA:32,105
DA:34,60
DA:35,105
DA:37,60
DA:38,105
DA:40,60
DA:41,105
DA:43,60
DA:44,105
DA:46,60
DA:47,105
DA:50,105
DA:52,60
DA:54,60
DA:55,28
DA:56,28
DA:57,0
DA:58,0
DA:61,28
DA:62,28
DA:63,28
DA:64,28
DA:74,6
DA:75,6
DA:77,13
DA:81,28
DA:83,19
DA:86,19
DA:92,19
DA:97,0
DA:100,19
DA:101,0
DA:104,19
DA:105,0
DA:108,19
DA:109,0
DA:112,19
DA:113,0
DA:114,19
DA:115,0
DA:116,19
DA:117,0
DA:119,19
DA:137,180
DA:138,0
DA:140,60
DA:146,180
DA:169,30
LF:61
LH:51
BRDA:1,0,0,60
BRDA:1,0,1,30
BRDA:1,1,0,30
BRDA:56,2,0,0
BRDA:92,3,0,0
BRDA:92,3,1,19
BRDA:93,4,0,19
BRDA:93,4,1,0
BRDA:93,4,2,0
BRDA:100,5,0,0
BRDA:100,5,1,19
BRDA:100,6,0,19
BRDA:100,6,1,0
BRDA:104,7,0,0
BRDA:104,7,1,19
BRDA:104,8,0,19
BRDA:104,8,1,0
BRDA:108,9,0,0
BRDA:108,9,1,19
BRDA:108,10,0,19
BRDA:108,10,1,0
BRDA:112,11,0,0
BRDA:112,11,1,19
BRDA:114,12,0,0
BRDA:114,12,1,19
BRDA:116,13,0,0
BRDA:116,13,1,19
BRDA:159,14,0,60
BRDA:159,14,1,60
BRF:29
BRH:16
end_of_record
TN:
SF:src/components/room-result/Step1Page.tsx
FN:1,(anonymous_0)
FN:9,(anonymous_1)
FN:11,(anonymous_2)
FN:9,(anonymous_3)
FNF:4
FNH:4
FNDA:30,(anonymous_0)
FNDA:60,(anonymous_1)
FNDA:105,(anonymous_2)
FNDA:14,(anonymous_3)
DA:1,270
DA:9,60
DA:10,60
DA:11,105
DA:14,60
DA:31,30
LF:6
LH:6
BRDA:1,0,0,60
BRDA:1,0,1,30
BRDA:1,1,0,30
BRDA:16,2,0,60
BRDA:16,2,1,0
BRDA:26,3,0,60
BRDA:26,3,1,0
BRF:7
BRH:5
end_of_record
TN:
SF:src/components/room-result/card/CarouselComponent.tsx
FN:1,(anonymous_0)
FN:6,(anonymous_1)
FN:9,(anonymous_2)
FN:10,(anonymous_3)
FN:22,(anonymous_4)
FNF:5
FNH:4
FNDA:30,(anonymous_0)
FNDA:14,(anonymous_1)
FNDA:12,(anonymous_2)
FNDA:12,(anonymous_3)
FNDA:0,(anonymous_4)
DA:1,270
DA:6,30
DA:7,14
DA:9,14
DA:10,12
DA:11,12
DA:13,0
DA:15,12
DA:18,14
DA:23,0
DA:36,30
LF:11
LH:9
BRDA:1,0,0,60
BRDA:1,0,1,30
BRDA:1,1,0,30
BRF:3
BRH:3
end_of_record
TN:
SF:src/components/room-result/card/RoomCard.tsx
FN:1,(anonymous_0)
FN:13,(anonymous_1)
FN:15,(anonymous_2)
FN:19,(anonymous_3)
FN:26,(anonymous_4)
FN:31,(anonymous_5)
FN:13,(anonymous_6)
FNF:7
FNH:6
FNDA:30,(anonymous_0)
FNDA:14,(anonymous_1)
FNDA:26,(anonymous_2)
FNDA:26,(anonymous_3)
FNDA:2,(anonymous_4)
FNDA:0,(anonymous_5)
FNDA:4,(anonymous_6)
DA:1,240
DA:13,30
DA:14,14
DA:15,26
DA:18,30
DA:19,26
DA:24,14
DA:26,14
DA:27,2
DA:31,14
DA:32,0
DA:35,14
DA:118,30
LF:13
LH:12
BRDA:1,0,0,30
BRDA:1,0,1,0
BRDA:1,1,0,30
BRDA:1,2,0,30
BRDA:1,2,1,30
BRDA:73,3,0,4
BRDA:73,3,1,10
BRDA:76,4,0,4
BRDA:76,4,1,10
BRDA:86,5,0,14
BRDA:86,5,1,0
BRF:11
BRH:9
end_of_record
TN:
SF:src/components/router/Router.tsx
FN:1,(anonymous_0)
FN:11,(anonymous_1)
FNF:2
FNH:2
FNDA:30,(anonymous_0)
FNDA:59,(anonymous_1)
DA:1,240
DA:11,30
DA:12,59
DA:33,30
LF:4
LH:4
BRDA:1,0,0,60
BRDA:1,0,1,30
BRDA:1,1,0,30
BRF:3
BRH:3
end_of_record
TN:
SF:src/components/signup/Signup.tsx
FN:1,(anonymous_0)
FN:6,(anonymous_1)
FN:10,(anonymous_2)
FN:13,(anonymous_3)
FN:34,(anonymous_4)
FN:41,(anonymous_5)
FNF:6
FNH:2
FNDA:30,(anonymous_0)
FNDA:1,(anonymous_1)
FNDA:0,(anonymous_2)
FNDA:0,(anonymous_3)
FNDA:0,(anonymous_4)
FNDA:0,(anonymous_5)
DA:1,270
DA:6,30
DA:7,1
DA:8,1
DA:10,1
DA:11,0
DA:12,0
DA:13,0
DA:14,0
DA:15,0
DA:16,0
DA:18,0
DA:19,0
DA:20,0
DA:25,1
DA:34,0
DA:41,0
DA:56,30
LF:18
LH:7
BRDA:1,0,0,60
BRDA:1,0,1,30
BRDA:1,1,0,30
BRDA:14,2,0,0
BRDA:14,2,1,0
BRF:5
BRH:3
end_of_record
TN:
SF:src/components/timer/Timer.tsx
FN:1,(anonymous_0)
FN:8,(anonymous_1)
FN:9,(anonymous_2)
FN:10,(anonymous_3)
FN:14,(anonymous_4)
FN:15,(anonymous_5)
FN:29,(anonymous_6)
FN:8,(anonymous_7)
FNF:8
FNH:1
FNDA:30,(anonymous_0)
FNDA:0,(anonymous_1)
FNDA:0,(anonymous_2)
FNDA:0,(anonymous_3)
FNDA:0,(anonymous_4)
FNDA:0,(anonymous_5)
FNDA:0,(anonymous_6)
FNDA:0,(anonymous_7)
DA:1,270
DA:8,30
DA:9,0
DA:10,0
DA:11,0
DA:13,30
DA:14,0
DA:15,0
DA:16,0
DA:17,0
DA:20,0
DA:21,0
DA:22,0
DA:24,0
DA:25,0
DA:29,0
DA:30,0
DA:33,0
DA:34,0
DA:35,0
DA:36,0
DA:39,0
DA:48,30
LF:23
LH:4
BRDA:1,0,0,60
BRDA:1,0,1,30
BRDA:1,1,0,30
BRDA:16,2,0,0
BRDA:20,3,0,0
BRDA:21,4,0,0
BRDA:21,4,1,0
BRDA:33,5,0,0
BRDA:33,6,0,0
BRDA:33,6,1,0
BRDA:41,7,0,0
BRDA:41,7,1,0
BRDA:41,8,0,0
BRDA:41,8,1,0
BRDA:43,9,0,0
BRDA:43,9,1,0
BRF:16
BRH:3
end_of_record
TN:
SF:src/constants/Constants.ts
FNF:0
FNH:0
DA:3,30
DA:5,30
DA:8,30
DA:10,30
LF:4
LH:4
BRF:0
BRH:0
end_of_record
TN:
SF:src/enums/Enums.ts
FN:1,(anonymous_0)
FN:6,(anonymous_1)
FN:15,(anonymous_2)
FNF:3
FNH:3
FNDA:30,(anonymous_0)
FNDA:30,(anonymous_1)
FNDA:30,(anonymous_2)
DA:1,30
DA:2,30
DA:3,30
DA:6,30
DA:7,30
DA:8,30
DA:9,30
DA:10,30
DA:11,30
DA:12,30
DA:13,30
DA:15,30
DA:16,30
DA:17,30
DA:18,30
DA:19,30
DA:20,30
DA:21,30
DA:22,30
DA:23,30
DA:24,30
DA:25,30
DA:26,30
DA:27,30
LF:24
LH:24
BRDA:1,0,0,30
BRDA:1,0,1,30
BRDA:6,1,0,30
BRDA:6,1,1,30
BRDA:15,2,0,30
BRDA:15,2,1,30
BRF:6
BRH:6
end_of_record
TN:
SF:src/i18n/i18n.tsx
FNF:0
FNH:0
DA:6,30
LF:1
LH:1
BRF:0
BRH:0
end_of_record
TN:
SF:src/redux/checkoutSlice.ts
FN:35,(anonymous_0)
FN:38,(anonymous_1)
FN:41,(anonymous_2)
FN:44,(anonymous_3)
FN:47,(anonymous_4)
FNF:5
FNH:0
FNDA:0,(anonymous_0)
FNDA:0,(anonymous_1)
FNDA:0,(anonymous_2)
FNDA:0,(anonymous_3)
FNDA:0,(anonymous_4)
DA:18,30
DA:31,30
DA:36,0
DA:39,0
DA:42,0
DA:45,0
DA:48,0
DA:54,30
LF:8
LH:3
BRF:0
BRH:0
end_of_record
TN:
SF:src/redux/currencySlice.ts
FN:13,(anonymous_0)
FNF:1
FNH:0
FNDA:0,(anonymous_0)
DA:4,30
DA:9,30
DA:14,0
DA:15,0
DA:20,30
LF:5
LH:3
BRF:0
BRH:0
end_of_record
TN:
SF:src/redux/resultSlice.ts
FN:21,(anonymous_0)
FN:24,(anonymous_1)
FN:26,(anonymous_2)
FN:29,(anonymous_3)
FN:32,(anonymous_4)
FN:34,(anonymous_5)
FN:37,(anonymous_6)
FN:40,(anonymous_7)
FNF:8
FNH:0
FNDA:0,(anonymous_0)
FNDA:0,(anonymous_1)
FNDA:0,(anonymous_2)
FNDA:0,(anonymous_3)
FNDA:0,(anonymous_4)
FNDA:0,(anonymous_5)
FNDA:0,(anonymous_6)
FNDA:0,(anonymous_7)
DA:10,30
DA:17,30
DA:22,0
DA:25,0
DA:26,0
DA:30,0
DA:33,0
DA:34,0
DA:38,0
DA:41,0
DA:53,30
LF:11
LH:3
BRF:0
BRH:0
end_of_record
TN:
SF:src/redux/roomDetailsSlice.ts
FN:12,(anonymous_0)
FN:15,(anonymous_1)
FN:16,(anonymous_2)
FN:20,(anonymous_3)
FN:21,(anonymous_4)
FN:25,(anonymous_5)
FN:26,(anonymous_6)
FN:30,(anonymous_7)
FN:31,(anonymous_8)
FN:35,(anonymous_9)
FN:36,(anonymous_10)
FN:40,(anonymous_11)
FN:41,(anonymous_12)
FN:45,(anonymous_13)
FN:46,(anonymous_14)
FN:51,(anonymous_15)
FN:52,(anonymous_16)
FN:53,(anonymous_17)
FN:57,(anonymous_18)
FN:60,(anonymous_19)
FN:61,(anonymous_20)
FNF:21
FNH:3
FNDA:0,(anonymous_0)
FNDA:0,(anonymous_1)
FNDA:0,(anonymous_2)
FNDA:0,(anonymous_3)
FNDA:0,(anonymous_4)
FNDA:0,(anonymous_5)
FNDA:0,(anonymous_6)
FNDA:0,(anonymous_7)
FNDA:0,(anonymous_8)
FNDA:0,(anonymous_9)
FNDA:0,(anonymous_10)
FNDA:0,(anonymous_11)
FNDA:0,(anonymous_12)
FNDA:0,(anonymous_13)
FNDA:0,(anonymous_14)
FNDA:30,(anonymous_15)
FNDA:20,(anonymous_16)
FNDA:0,(anonymous_17)
FNDA:4,(anonymous_18)
FNDA:0,(anonymous_19)
FNDA:0,(anonymous_20)
DA:6,30
DA:8,30
DA:13,0
DA:16,0
DA:17,0
DA:21,0
DA:22,0
DA:26,0
DA:27,0
DA:31,0
DA:32,0
DA:36,0
DA:37,0
DA:41,0
DA:42,0
DA:46,0
DA:47,0
DA:52,30
DA:53,20
DA:54,0
DA:57,30
DA:58,4
DA:60,30
DA:61,0
DA:62,0
DA:78,30
LF:26
LH:8
BRF:0
BRH:0
end_of_record
TN:
SF:src/redux/searchSlice.ts
FN:36,(anonymous_0)
FN:39,(anonymous_1)
FN:42,(anonymous_2)
FN:45,(anonymous_3)
FN:49,(anonymous_4)
FN:53,(anonymous_5)
FN:57,(anonymous_6)
FN:61,(anonymous_7)
FN:65,(anonymous_8)
FN:69,(anonymous_9)
FN:73,(anonymous_10)
FN:77,(anonymous_11)
FN:81,(anonymous_12)
FN:85,(anonymous_13)
FN:89,(anonymous_14)
FN:93,(anonymous_15)
FN:97,(anonymous_16)
FN:101,(anonymous_17)
FN:105,(anonymous_18)
FN:109,(anonymous_19)
FN:113,(anonymous_20)
FN:114,(anonymous_21)
FN:117,(anonymous_22)
FN:128,(anonymous_23)
FN:132,(anonymous_24)
FN:135,(anonymous_25)
FN:139,(anonymous_26)
FNF:27
FNH:13
FNDA:14,(anonymous_0)
FNDA:14,(anonymous_1)
FNDA:0,(anonymous_2)
FNDA:0,(anonymous_3)
FNDA:15,(anonymous_4)
FNDA:15,(anonymous_5)
FNDA:14,(anonymous_6)
FNDA:14,(anonymous_7)
FNDA:14,(anonymous_8)
FNDA:1,(anonymous_9)
FNDA:0,(anonymous_10)
FNDA:0,(anonymous_11)
FNDA:0,(anonymous_12)
FNDA:0,(anonymous_13)
FNDA:0,(anonymous_14)
FNDA:0,(anonymous_15)
FNDA:0,(anonymous_16)
FNDA:0,(anonymous_17)
FNDA:0,(anonymous_18)
FNDA:0,(anonymous_19)
FNDA:30,(anonymous_20)
FNDA:15,(anonymous_21)
FNDA:1,(anonymous_22)
FNDA:0,(anonymous_23)
FNDA:16,(anonymous_24)
FNDA:2,(anonymous_25)
FNDA:0,(anonymous_26)
DA:6,30
DA:32,30
DA:37,14
DA:40,14
DA:43,0
DA:46,0
DA:50,15
DA:54,15
DA:58,14
DA:62,14
DA:66,14
DA:70,1
DA:74,0
DA:78,0
DA:82,0
DA:86,0
DA:90,0
DA:94,0
DA:98,0
DA:102,0
DA:106,0
DA:110,0
DA:114,30
DA:115,15
DA:117,30
DA:118,1
DA:119,1
DA:120,1
DA:121,1
DA:122,1
DA:123,1
DA:124,1
DA:125,1
DA:126,1
DA:128,30
DA:129,0
DA:130,0
DA:132,30
DA:133,16
DA:135,30
DA:136,2
DA:137,2
DA:139,30
DA:140,0
DA:141,0
DA:167,30
LF:46
LH:30
BRF:0
BRH:0
end_of_record
TN:
SF:src/redux/selectedPromoSlice.ts
FN:12,(anonymous_0)
FN:15,(anonymous_1)
FNF:2
FNH:0
FNDA:0,(anonymous_0)
FNDA:0,(anonymous_1)
DA:3,30
DA:8,30
DA:13,0
DA:16,0
DA:22,30
LF:5
LH:3
BRF:0
BRH:0
end_of_record
TN:
SF:src/redux/store.ts
FNF:0
FNH:0
DA:13,30
DA:29,30
LF:2
LH:2
BRF:0
BRH:0
end_of_record
TN:
SF:src/redux/timerSlice.ts
FN:10,(anonymous_0)
FN:14,(anonymous_1)
FN:17,(anonymous_2)
FNF:3
FNH:0
FNDA:0,(anonymous_0)
FNDA:0,(anonymous_1)
FNDA:0,(anonymous_2)
DA:3,30
DA:11,0
DA:12,0
DA:15,0
DA:18,0
DA:23,30
LF:6
LH:2
BRF:0
BRH:0
end_of_record
TN:
SF:src/redux/userInfoSlice.ts
FN:48,(anonymous_0)
FNF:1
FNH:0
FNDA:0,(anonymous_0)
DA:23,30
DA:43,30
DA:49,0
DA:50,0
DA:51,0
DA:52,0
DA:53,0
DA:54,0
DA:55,0
DA:56,0
DA:57,0
DA:58,0
DA:59,0
DA:60,0
DA:61,0
DA:62,0
DA:63,0
DA:64,0
DA:65,0
DA:70,30
LF:20
LH:3
BRF:0
BRH:0
end_of_record
TN:
SF:src/redux/userSlice.ts
FN:15,(anonymous_0)
FNF:1
FNH:0
FNDA:0,(anonymous_0)
DA:4,30
DA:11,30
DA:16,0
DA:17,0
DA:18,0
DA:19,0
DA:24,30
LF:7
LH:3
BRF:0
BRH:0
end_of_record
TN:
SF:src/redux/thunks/configThunk.ts
FN:5,(anonymous_0)
FNF:1
FNH:1
FNDA:15,(anonymous_0)
DA:5,30
DA:6,15
DA:7,1
DA:8,1
LF:4
LH:4
BRF:0
BRH:0
end_of_record
TN:
SF:src/redux/thunks/propertyThunk.ts
FN:5,(anonymous_0)
FNF:1
FNH:1
FNDA:16,(anonymous_0)
DA:5,30
DA:6,16
DA:7,2
LF:3
LH:3
BRF:0
BRH:0
end_of_record
TN:
SF:src/redux/thunks/roomDetailsThunk.ts
FN:5,(anonymous_0)
FNF:1
FNH:1
FNDA:20,(anonymous_0)
DA:5,30
DA:6,20
DA:9,4
LF:3
LH:3
BRF:0
BRH:0
end_of_record
TN:
SF:src/utils/FindNextDateFunc.ts
FN:1,(anonymous_0)
FNF:1
FNH:1
FNDA:60,(anonymous_0)
DA:1,30
DA:3,60
DA:8,34
DA:9,34
DA:10,34
LF:5
LH:5
BRF:0
BRH:0
end_of_record
