TN:
SF:src/App.tsx
FN:1,(anonymous_0)
FN:7,App
FNF:2
FNH:2
FNDA:126,(anonymous_0)
FNDA:246,App
DA:1,1008
DA:8,246
DA:15,126
DA:17,126
LF:4
LH:4
BRDA:1,0,0,252
BRDA:1,0,1,126
BRDA:1,1,0,126
BRF:3
BRH:3
end_of_record
TN:
SF:src/main.tsx
FNF:0
FNH:0
DA:7,126
DA:25,126
LF:2
LH:2
BRF:0
BRH:0
end_of_record
TN:
SF:src/aws/UserPool.ts
FNF:0
FNH:0
DA:3,126
LF:1
LH:1
BRF:0
BRH:0
end_of_record
TN:
SF:src/components/account/Account.tsx
FN:1,(anonymous_0)
FN:7,(anonymous_1)
FN:8,(anonymous_2)
FN:9,(anonymous_3)
FN:13,(anonymous_4)
FN:26,(anonymous_5)
FN:27,(anonymous_6)
FN:36,(anonymous_7)
FN:40,(anonymous_8)
FN:45,(anonymous_9)
FN:53,(anonymous_10)
FNF:11
FNH:4
FNDA:126,(anonymous_0)
FNDA:246,(anonymous_1)
FNDA:120,(anonymous_2)
FNDA:120,(anonymous_3)
FNDA:0,(anonymous_4)
FNDA:0,(anonymous_5)
FNDA:0,(anonymous_6)
FNDA:0,(anonymous_7)
FNDA:0,(anonymous_8)
FNDA:0,(anonymous_9)
FNDA:0,(anonymous_10)
DA:1,882
DA:5,126
DA:7,126
DA:8,246
DA:9,120
DA:10,120
DA:12,120
DA:13,0
DA:14,0
DA:15,0
DA:17,0
DA:21,120
DA:26,246
DA:27,0
DA:28,0
DA:30,0
DA:35,0
DA:37,0
DA:38,0
DA:41,0
DA:42,0
DA:43,0
DA:46,0
DA:47,0
DA:53,246
DA:54,0
DA:55,0
DA:56,0
DA:60,246
DA:65,126
LF:30
LH:12
BRDA:1,0,0,126
BRDA:1,0,1,0
BRDA:1,1,0,126
BRDA:1,2,0,126
BRDA:1,2,1,126
BRDA:12,3,0,0
BRDA:12,3,1,120
BRDA:14,4,0,0
BRDA:14,4,1,0
BRDA:55,5,0,0
BRF:10
BRH:5
end_of_record
TN:
SF:src/components/checkout/Checkout.tsx
FN:1,(anonymous_0)
FN:8,(anonymous_1)
FN:14,(anonymous_2)
FN:33,(anonymous_3)
FN:43,(anonymous_2)
FN:43,(anonymous_3)
FN:44,(anonymous_4)
FN:42,(anonymous_5)
FN:48,(anonymous_7)
FN:48,(anonymous_8)
FN:41,(anonymous_9)
FNF:11
FNH:1
FNDA:126,(anonymous_0)
FNDA:0,(anonymous_1)
FNDA:0,(anonymous_2)
FNDA:0,(anonymous_3)
FNDA:0,(anonymous_2)
FNDA:0,(anonymous_3)
FNDA:0,(anonymous_4)
FNDA:0,(anonymous_5)
FNDA:0,(anonymous_7)
FNDA:0,(anonymous_8)
FNDA:0,(anonymous_9)
DA:1,1008
DA:8,40
DA:9,0
DA:11,0
DA:12,0
DA:14,0
DA:17,0
DA:22,0
DA:24,0
DA:25,0
DA:26,0
DA:27,40
DA:29,86
DA:30,0
DA:31,0
DA:32,0
DA:34,86
DA:35,0
DA:36,0
DA:39,0
DA:40,0
DA:41,0
DA:42,0
DA:43,0
DA:44,0
DA:47,0
DA:48,0
DA:52,40
LF:28
LH:6
BRDA:1,0,0,126
BRDA:1,0,1,0
BRDA:1,1,0,126
BRDA:1,2,0,126
BRDA:1,2,1,126
BRF:5
BRH:4
end_of_record
TN:
SF:src/components/checkout/YupSchema.ts
FNF:0
FNH:0
DA:3,86
DA:20,86
DA:42,86
LF:3
LH:3
BRF:0
BRH:0
end_of_record
TN:
SF:src/components/confirmation/Confirmation.tsx
FN:1,(anonymous_0)
FN:25,(anonymous_1)
FN:68,(anonymous_2)
FN:72,(anonymous_3)
FN:76,(anonymous_4)
FN:76,(anonymous_5)
FN:80,(anonymous_6)
FN:84,(anonymous_7)
FN:85,(anonymous_8)
FN:149,(anonymous_9)
FN:186,(anonymous_10)
FN:188,(anonymous_11)
FN:194,(anonymous_12)
FN:201,(anonymous_13)
FN:204,(anonymous_14)
FN:219,(anonymous_15)
FN:299,(anonymous_16)
FN:25,(anonymous_17)
FN:693,(anonymous_18)
FN:695,(anonymous_19)
FN:699,(anonymous_20)
FN:704,(anonymous_21)
FN:709,(anonymous_22)
FNF:23
FNH:1
FNDA:344,(anonymous_0)
FNDA:0,(anonymous_1)
FNDA:0,(anonymous_2)
FNDA:0,(anonymous_3)
FNDA:0,(anonymous_4)
FNDA:0,(anonymous_5)
FNDA:0,(anonymous_6)
FNDA:0,(anonymous_7)
FNDA:0,(anonymous_8)
FNDA:0,(anonymous_9)
FNDA:0,(anonymous_10)
FNDA:0,(anonymous_11)
FNDA:0,(anonymous_12)
FNDA:0,(anonymous_13)
FNDA:0,(anonymous_14)
FNDA:0,(anonymous_15)
FNDA:0,(anonymous_16)
FNDA:0,(anonymous_17)
FNDA:0,(anonymous_18)
FNDA:0,(anonymous_19)
FNDA:0,(anonymous_20)
FNDA:0,(anonymous_21)
FNDA:0,(anonymous_22)
DA:1,1032
DA:25,86
DA:26,0
DA:31,0
DA:32,0
DA:34,0
DA:35,0
DA:36,0
DA:37,0
DA:38,0
DA:39,0
DA:40,0
DA:41,0
DA:42,0
DA:43,0
DA:44,0
DA:45,0
DA:46,0
DA:47,0
DA:48,0
DA:49,0
DA:50,0
DA:51,0
DA:52,0
DA:54,0
DA:55,0
DA:56,0
DA:57,0
DA:58,0
DA:59,0
DA:61,0
DA:62,0
DA:63,0
DA:65,0
DA:67,0
DA:68,0
DA:71,0
DA:72,0
DA:76,0
DA:77,0
DA:80,0
DA:81,0
DA:84,0
DA:85,0
DA:86,0
DA:90,0
DA:96,0
DA:97,0
DA:98,0
DA:101,0
DA:102,0
DA:103,0
DA:104,0
DA:105,0
DA:106,0
DA:107,0
DA:108,0
DA:110,0
DA:111,0
DA:112,0
DA:113,0
DA:114,0
DA:115,0
DA:117,0
DA:118,0
DA:119,0
DA:120,0
DA:122,0
DA:123,0
DA:124,0
DA:125,0
DA:127,0
DA:128,0
DA:129,0
DA:130,0
DA:132,0
DA:137,0
DA:139,0
DA:140,0
DA:143,0
DA:146,0
DA:149,0
DA:151,0
DA:152,0
DA:155,0
DA:162,0
DA:181,0
DA:183,0
DA:186,0
DA:187,0
DA:188,0
DA:189,0
DA:193,86
DA:195,0
DA:201,0
DA:205,0
DA:209,0
DA:219,0
DA:224,0
DA:234,0
DA:253,0
DA:255,0
DA:258,0
DA:299,0
DA:691,86
DA:693,86
DA:694,0
DA:695,0
DA:697,86
DA:699,86
DA:702,86
DA:704,344
DA:705,0
DA:709,0
DA:718,86
LF:115
LH:10
BRDA:1,0,0,172
BRDA:1,0,1,86
BRDA:1,1,0,86
BRDA:77,2,0,0
BRDA:77,2,1,0
BRDA:90,3,0,0
BRDA:91,4,0,0
BRDA:91,4,1,0
BRDA:91,4,2,0
BRDA:91,4,3,0
BRDA:297,5,0,0
BRDA:297,5,1,0
BRDA:353,6,0,0
BRDA:353,6,1,0
BRDA:370,7,0,0
BRDA:370,7,1,0
BRDA:390,8,0,0
BRDA:390,8,1,0
BRDA:406,9,0,0
BRDA:406,9,1,0
BRDA:424,10,0,0
BRDA:424,10,1,0
BRDA:444,11,0,0
BRDA:444,11,1,0
BRDA:464,12,0,0
BRDA:464,12,1,0
BRDA:485,13,0,0
BRDA:485,13,1,0
BRDA:540,14,0,0
BRDA:540,14,1,0
BRDA:643,15,0,0
BRDA:643,15,1,0
BRF:32
BRH:3
end_of_record
TN:
SF:src/components/confirmation/OTPModal.tsx
FN:1,(anonymous_0)
FN:14,OTPModal
FN:25,(anonymous_2)
FN:29,(anonymous_3)
FN:57,(anonymous_4)
FN:14,(anonymous_5)
FNF:6
FNH:1
FNDA:86,(anonymous_0)
FNDA:0,OTPModal
FNDA:0,(anonymous_2)
FNDA:0,(anonymous_3)
FNDA:0,(anonymous_4)
FNDA:0,(anonymous_5)
DA:1,774
DA:14,86
DA:18,0
DA:19,0
DA:20,0
DA:21,0
DA:23,86
DA:25,0
DA:26,0
DA:29,0
DA:30,0
DA:31,0
DA:32,0
DA:33,0
DA:35,0
DA:36,0
DA:37,0
DA:38,0
DA:40,0
DA:41,0
DA:42,0
DA:43,0
DA:44,0
DA:46,0
DA:47,0
DA:48,0
DA:53,0
DA:57,0
DA:58,0
DA:61,0
DA:112,86
LF:31
LH:4
BRDA:1,0,0,172
BRDA:1,0,1,86
BRDA:1,1,0,86
BRDA:30,2,0,0
BRDA:35,3,0,0
BRDA:42,4,0,0
BRDA:42,4,1,0
BRDA:70,5,0,0
BRDA:70,5,1,0
BRDA:104,6,0,0
BRDA:104,6,1,0
BRF:11
BRH:3
end_of_record
TN:
SF:src/components/footer/Footer.tsx
FN:1,(anonymous_0)
FN:5,Footer
FN:5,(anonymous_2)
FNF:3
FNH:3
FNDA:126,(anonymous_0)
FNDA:299,Footer
FNDA:120,(anonymous_2)
DA:1,1134
DA:5,299
DA:6,299
DA:7,179
DA:18,126
LF:5
LH:5
BRDA:1,0,0,252
BRDA:1,0,1,126
BRDA:1,1,0,126
BRF:3
BRH:3
end_of_record
TN:
SF:src/components/header/Header.tsx
FN:1,(anonymous_0)
FN:13,Header
FN:18,(anonymous_2)
FN:23,(anonymous_3)
FN:54,(anonymous_4)
FN:56,(anonymous_5)
FN:67,(anonymous_6)
FN:72,(anonymous_7)
FN:13,(anonymous_8)
FNF:9
FNH:7
FNDA:126,(anonymous_0)
FNDA:250,Header
FNDA:6,(anonymous_2)
FNDA:6,(anonymous_3)
FNDA:120,(anonymous_4)
FNDA:0,(anonymous_5)
FNDA:120,(anonymous_6)
FNDA:0,(anonymous_7)
FNDA:126,(anonymous_8)
DA:1,1134
DA:13,250
DA:14,250
DA:15,124
DA:16,126
DA:18,124
DA:19,6
DA:20,6
DA:23,124
DA:26,6
DA:27,6
DA:29,6
DA:30,6
DA:33,0
DA:34,0
DA:36,0
DA:37,0
DA:39,0
DA:46,0
DA:50,124
DA:52,124
DA:54,124
DA:55,120
DA:57,0
DA:58,0
DA:68,120
DA:72,124
DA:73,0
DA:74,0
DA:75,0
DA:78,124
DA:133,126
LF:32
LH:21
BRDA:1,0,0,252
BRDA:1,0,1,126
BRDA:1,1,0,126
BRDA:33,2,0,0
BRDA:121,3,0,0
BRDA:121,3,1,124
BRF:6
BRH:4
end_of_record
TN:
SF:src/components/home/AccessibleChair.tsx
FN:1,(anonymous_0)
FN:6,(anonymous_1)
FN:10,(anonymous_2)
FN:20,(anonymous_3)
FN:6,(anonymous_4)
FNF:5
FNH:4
FNDA:126,(anonymous_0)
FNDA:121,(anonymous_1)
FNDA:250,(anonymous_2)
FNDA:0,(anonymous_3)
FNDA:90,(anonymous_4)
DA:1,1008
DA:6,126
DA:7,121
DA:9,126
DA:10,250
DA:13,121
DA:21,0
DA:40,126
LF:8
LH:7
BRDA:1,0,0,126
BRDA:1,0,1,0
BRDA:1,1,0,126
BRDA:1,2,0,126
BRDA:1,2,1,126
BRF:5
BRH:4
end_of_record
TN:
SF:src/components/home/CalendarInput.tsx
FN:1,(anonymous_0)
FN:19,(anonymous_1)
FN:26,(anonymous_2)
FN:29,(anonymous_3)
FN:35,(anonymous_4)
FN:39,(anonymous_5)
FN:45,(anonymous_6)
FN:46,(anonymous_7)
FN:57,(anonymous_8)
FN:58,(anonymous_9)
FN:62,(anonymous_10)
FN:70,(anonymous_11)
FN:96,(anonymous_12)
FN:117,(anonymous_13)
FN:131,(anonymous_14)
FN:135,(anonymous_15)
FN:139,(anonymous_16)
FN:151,(anonymous_17)
FN:167,(anonymous_18)
FN:211,(anonymous_19)
FN:221,(anonymous_20)
FN:19,(anonymous_21)
FNF:22
FNH:22
FNDA:126,(anonymous_0)
FNDA:133,(anonymous_1)
FNDA:262,(anonymous_2)
FNDA:262,(anonymous_3)
FNDA:262,(anonymous_4)
FNDA:262,(anonymous_5)
FNDA:90,(anonymous_6)
FNDA:90,(anonymous_7)
FNDA:96,(anonymous_8)
FNDA:96,(anonymous_9)
FNDA:732,(anonymous_10)
FNDA:6,(anonymous_11)
FNDA:1342,(anonymous_12)
FNDA:26,(anonymous_13)
FNDA:308,(anonymous_14)
FNDA:3,(anonymous_15)
FNDA:3,(anonymous_16)
FNDA:15,(anonymous_17)
FNDA:12,(anonymous_18)
FNDA:6,(anonymous_19)
FNDA:308,(anonymous_20)
FNDA:90,(anonymous_21)
DA:1,1134
DA:19,126
DA:22,133
DA:25,133
DA:26,262
DA:28,133
DA:29,262
DA:32,133
DA:34,133
DA:35,262
DA:38,133
DA:39,262
DA:42,133
DA:43,133
DA:45,133
DA:46,90
DA:47,90
DA:48,90
DA:49,6
DA:51,0
DA:54,90
DA:57,133
DA:58,96
DA:59,96
DA:60,732
DA:62,732
DA:63,732
DA:67,96
DA:70,133
DA:71,6
DA:72,3
DA:73,3
DA:74,3
DA:75,0
DA:76,0
DA:78,3
DA:80,3
DA:81,0
DA:82,0
DA:86,3
DA:87,3
DA:88,3
DA:91,0
DA:92,0
DA:96,133
DA:97,1342
DA:98,1342
DA:100,1342
DA:105,1018
DA:108,324
DA:117,133
DA:118,26
DA:119,16
DA:120,10
DA:121,3
DA:122,3
DA:123,3
DA:125,7
DA:126,7
DA:127,7
DA:131,133
DA:132,308
DA:135,133
DA:136,3
DA:139,133
DA:140,3
DA:151,15
DA:163,133
DA:167,12
DA:211,6
DA:221,308
DA:253,126
LF:72
LH:65
BRDA:1,0,0,252
BRDA:1,0,1,126
BRDA:1,1,0,126
BRDA:71,2,0,3
BRDA:71,2,1,3
BRDA:73,3,0,3
BRDA:73,3,1,0
BRDA:74,4,0,0
BRDA:80,5,0,0
BRDA:87,6,0,3
BRDA:97,7,0,1342
BRDA:97,7,1,976
BRDA:100,8,0,1018
BRDA:101,9,0,1342
BRDA:101,9,1,366
BRDA:101,9,2,84
BRDA:110,10,0,324
BRDA:110,10,1,0
BRDA:118,11,0,16
BRDA:118,11,1,10
BRDA:120,12,0,3
BRDA:120,12,1,7
BRDA:120,13,0,10
BRDA:120,13,1,3
BRDA:170,14,0,13
BRDA:170,14,1,120
BRDA:189,15,0,6
BRDA:189,15,1,127
BRDA:207,16,0,133
BRDA:207,16,1,26
BRDA:226,17,0,26
BRDA:226,17,1,10
BRDA:226,17,2,3
BRDA:230,18,0,3
BRDA:230,18,1,0
BRF:35
BRH:30
end_of_record
TN:
SF:src/components/home/Home.tsx
FN:1,(anonymous_0)
FN:5,Home
FNF:2
FNH:2
FNDA:126,(anonymous_0)
FNDA:186,Home
DA:1,1008
DA:5,126
DA:8,186
DA:18,126
LF:4
LH:4
BRDA:1,0,0,252
BRDA:1,0,1,126
BRDA:1,1,0,126
BRF:3
BRH:3
end_of_record
TN:
SF:src/components/home/PropertyInput.tsx
FN:1,(anonymous_0)
FN:10,(anonymous_1)
FN:13,(anonymous_2)
FN:16,(anonymous_3)
FN:18,(anonymous_4)
FN:20,(anonymous_5)
FN:23,(anonymous_6)
FN:24,(anonymous_7)
FN:45,(anonymous_8)
FN:50,(anonymous_9)
FN:10,(anonymous_10)
FNF:11
FNH:10
FNDA:126,(anonymous_0)
FNDA:142,(anonymous_1)
FNDA:265,(anonymous_2)
FNDA:265,(anonymous_3)
FNDA:265,(anonymous_4)
FNDA:265,(anonymous_5)
FNDA:97,(anonymous_6)
FNDA:97,(anonymous_7)
FNDA:0,(anonymous_8)
FNDA:504,(anonymous_9)
FNDA:90,(anonymous_10)
DA:1,1134
DA:10,142
DA:11,142
DA:12,142
DA:13,265
DA:15,142
DA:16,265
DA:18,265
DA:19,142
DA:20,265
DA:23,142
DA:24,97
DA:25,97
DA:27,97
DA:30,142
DA:31,113
DA:34,29
DA:45,0
DA:51,504
DA:64,126
LF:20
LH:19
BRDA:1,0,0,252
BRDA:1,0,1,126
BRDA:1,1,0,126
BRDA:30,2,0,113
BRDA:36,3,0,29
BRDA:36,3,1,28
BRF:6
BRH:6
end_of_record
TN:
SF:src/components/home/RoomInput.tsx
FN:1,(anonymous_0)
FN:6,(anonymous_1)
FN:10,(anonymous_2)
FN:13,(anonymous_3)
FN:25,(anonymous_4)
FN:28,(anonymous_5)
FN:32,(anonymous_6)
FN:33,(anonymous_7)
FN:6,(anonymous_8)
FNF:9
FNH:7
FNDA:126,(anonymous_0)
FNDA:121,(anonymous_1)
FNDA:250,(anonymous_2)
FNDA:250,(anonymous_3)
FNDA:0,(anonymous_4)
FNDA:0,(anonymous_5)
FNDA:605,(anonymous_6)
FNDA:605,(anonymous_7)
FNDA:90,(anonymous_8)
DA:1,1008
DA:6,126
DA:7,121
DA:9,121
DA:10,250
DA:12,126
DA:13,250
DA:16,121
DA:26,0
DA:29,0
DA:32,605
DA:34,605
DA:42,126
LF:13
LH:11
BRDA:1,0,0,126
BRDA:1,0,1,0
BRDA:1,1,0,126
BRDA:1,2,0,126
BRDA:1,2,1,126
BRF:5
BRH:4
end_of_record
TN:
SF:src/components/home/Search.tsx
FN:1,(anonymous_0)
FN:24,Search
FN:28,(anonymous_2)
FN:32,(anonymous_3)
FN:36,(anonymous_4)
FN:41,(anonymous_5)
FN:44,(anonymous_6)
FN:47,(anonymous_7)
FN:50,(anonymous_8)
FN:53,(anonymous_9)
FN:56,(anonymous_10)
FN:59,(anonymous_11)
FN:62,(anonymous_12)
FN:65,(anonymous_13)
FN:70,(anonymous_14)
FN:73,(anonymous_15)
FN:78,(anonymous_16)
FN:82,(anonymous_17)
FN:85,(anonymous_18)
FN:87,(anonymous_19)
FN:89,(anonymous_20)
FN:92,(anonymous_21)
FN:98,(anonymous_22)
FN:102,(anonymous_23)
FN:108,(anonymous_24)
FN:115,(anonymous_25)
FN:119,(anonymous_26)
FN:125,(anonymous_27)
FN:128,(anonymous_28)
FN:134,(anonymous_29)
FN:138,(anonymous_30)
FN:209,(anonymous_31)
FN:24,(anonymous_32)
FNF:33
FNH:27
FNDA:126,(anonymous_0)
FNDA:235,Search
FNDA:268,(anonymous_2)
FNDA:268,(anonymous_3)
FNDA:268,(anonymous_4)
FNDA:268,(anonymous_5)
FNDA:268,(anonymous_6)
FNDA:268,(anonymous_7)
FNDA:268,(anonymous_8)
FNDA:268,(anonymous_9)
FNDA:268,(anonymous_10)
FNDA:268,(anonymous_11)
FNDA:268,(anonymous_12)
FNDA:268,(anonymous_13)
FNDA:268,(anonymous_14)
FNDA:268,(anonymous_15)
FNDA:268,(anonymous_16)
FNDA:268,(anonymous_17)
FNDA:268,(anonymous_18)
FNDA:268,(anonymous_19)
FNDA:268,(anonymous_20)
FNDA:268,(anonymous_21)
FNDA:90,(anonymous_22)
FNDA:90,(anonymous_23)
FNDA:0,(anonymous_24)
FNDA:0,(anonymous_25)
FNDA:0,(anonymous_26)
FNDA:0,(anonymous_27)
FNDA:0,(anonymous_28)
FNDA:0,(anonymous_29)
FNDA:3,(anonymous_30)
FNDA:6,(anonymous_31)
FNDA:96,(anonymous_32)
DA:1,1008
DA:24,235
DA:25,235
DA:27,139
DA:28,268
DA:31,139
DA:32,268
DA:35,139
DA:36,268
DA:40,139
DA:41,268
DA:43,139
DA:44,268
DA:46,139
DA:47,268
DA:49,139
DA:50,268
DA:52,139
DA:53,268
DA:55,139
DA:56,268
DA:58,139
DA:59,268
DA:61,139
DA:62,268
DA:64,139
DA:65,268
DA:69,139
DA:70,268
DA:72,139
DA:73,268
DA:76,139
DA:77,139
DA:78,268
DA:81,139
DA:82,268
DA:85,268
DA:87,268
DA:89,268
DA:91,139
DA:92,268
DA:95,139
DA:96,139
DA:98,139
DA:99,90
DA:102,139
DA:103,90
DA:104,0
DA:108,139
DA:109,0
DA:110,0
DA:112,0
DA:115,139
DA:116,0
DA:119,139
DA:120,0
DA:121,0
DA:125,139
DA:126,0
DA:128,139
DA:129,0
DA:130,0
DA:134,139
DA:135,0
DA:138,139
DA:139,3
DA:140,3
DA:142,0
DA:143,0
DA:145,0
DA:148,3
DA:149,3
DA:160,3
DA:161,3
DA:172,0
DA:174,3
DA:176,3
DA:185,139
DA:210,6
DA:394,126
LF:80
LH:65
BRDA:1,0,0,126
BRDA:1,0,1,0
BRDA:1,1,0,126
BRDA:1,2,0,126
BRDA:1,2,1,126
BRDA:103,3,0,0
BRDA:109,4,0,0
BRDA:120,5,0,0
BRDA:129,6,0,0
BRDA:140,7,0,0
BRDA:140,8,0,3
BRDA:140,8,1,3
BRDA:140,8,2,3
BRDA:142,9,0,0
BRDA:201,10,0,139
BRDA:201,10,1,139
BRDA:213,11,0,139
BRDA:213,11,1,0
BRDA:220,12,0,0
BRDA:220,12,1,0
BRDA:227,13,0,0
BRDA:227,13,1,0
BRDA:235,14,0,139
BRDA:235,14,1,12
BRDA:237,15,0,12
BRDA:237,15,1,12
BRDA:253,16,0,12
BRDA:253,16,1,0
BRDA:281,17,0,12
BRDA:281,17,1,12
BRDA:297,18,0,12
BRDA:297,18,1,0
BRDA:325,19,0,12
BRDA:325,19,1,12
BRDA:341,20,0,12
BRDA:341,20,1,0
BRDA:373,21,0,139
BRDA:373,21,1,139
BRDA:375,22,0,139
BRDA:375,22,1,139
BRDA:220,23,0,50
BRDA:220,23,1,0
BRDA:227,24,0,50
BRDA:227,24,1,50
BRF:44
BRH:28
end_of_record
TN:
SF:src/components/itinerary/Itinerary.tsx
FN:1,(anonymous_0)
FN:9,(anonymous_1)
FN:13,(anonymous_2)
FN:27,(anonymous_3)
FN:29,(anonymous_4)
FN:32,(anonymous_5)
FN:36,(anonymous_6)
FN:40,(anonymous_7)
FN:44,(anonymous_8)
FN:47,(anonymous_9)
FN:56,(anonymous_10)
FN:70,(anonymous_11)
FN:9,(anonymous_12)
FN:14,(anonymous_2)
FN:29,(anonymous_3)
FN:31,(anonymous_4)
FN:33,(anonymous_5)
FN:37,(anonymous_6)
FN:41,(anonymous_7)
FN:45,(anonymous_8)
FN:48,(anonymous_9)
FN:77,(anonymous_10)
FN:83,(anonymous_11)
FN:84,(anonymous_12)
FNF:24
FNH:1
FNDA:126,(anonymous_0)
FNDA:0,(anonymous_1)
FNDA:0,(anonymous_2)
FNDA:0,(anonymous_3)
FNDA:0,(anonymous_4)
FNDA:0,(anonymous_5)
FNDA:0,(anonymous_6)
FNDA:0,(anonymous_7)
FNDA:0,(anonymous_8)
FNDA:0,(anonymous_9)
FNDA:0,(anonymous_10)
FNDA:0,(anonymous_11)
FNDA:0,(anonymous_12)
FNDA:0,(anonymous_2)
FNDA:0,(anonymous_3)
FNDA:0,(anonymous_4)
FNDA:0,(anonymous_5)
FNDA:0,(anonymous_6)
FNDA:0,(anonymous_7)
FNDA:0,(anonymous_8)
FNDA:0,(anonymous_9)
FNDA:0,(anonymous_10)
FNDA:0,(anonymous_11)
FNDA:0,(anonymous_12)
DA:1,1008
DA:9,126
DA:10,0
DA:11,0
DA:13,86
DA:14,40
DA:15,0
DA:16,0
DA:27,86
DA:29,86
DA:31,86
DA:32,86
DA:33,40
DA:35,86
DA:36,86
DA:37,40
DA:39,86
DA:40,86
DA:41,40
DA:43,86
DA:44,86
DA:45,40
DA:47,86
DA:48,86
DA:50,40
DA:53,0
DA:56,40
DA:57,0
DA:70,86
DA:71,0
DA:72,86
DA:74,0
DA:77,40
DA:78,40
DA:80,86
DA:81,0
DA:82,0
DA:83,0
DA:84,0
DA:156,40
LF:40
LH:28
BRDA:1,0,0,126
BRDA:1,0,1,0
BRDA:1,1,0,126
BRDA:1,2,0,126
BRDA:1,2,1,126
BRDA:14,3,0,0
BRDA:14,4,0,0
BRDA:14,4,1,0
BRDA:14,4,2,0
BRDA:14,4,3,0
BRDA:57,5,0,0
BRDA:57,5,1,0
BRDA:57,6,0,0
BRDA:57,6,1,0
BRDA:92,7,0,0
BRDA:92,7,1,0
BRDA:93,8,0,0
BRDA:93,8,1,0
BRDA:100,9,0,0
BRDA:100,9,1,0
BRDA:108,10,0,0
BRDA:108,10,1,0
BRDA:117,11,0,0
BRDA:117,11,1,0
BRDA:124,12,0,0
BRDA:124,12,1,0
BRDA:133,13,0,0
BRDA:133,13,1,0
BRDA:142,14,0,0
BRDA:142,14,1,0
BRDA:15,15,0,0
BRDA:15,16,0,0
BRDA:15,16,1,0
BRDA:15,16,2,0
BRDA:15,16,3,0
BRDA:48,17,0,0
BRDA:78,18,0,0
BRDA:78,19,0,0
BRDA:78,19,1,0
BRDA:83,20,0,0
BRDA:83,20,1,0
BRDA:83,21,0,0
BRDA:83,21,1,0
BRDA:100,22,0,0
BRDA:100,22,1,0
BRDA:101,23,0,0
BRDA:101,23,1,0
BRDA:105,24,0,0
BRDA:105,24,1,0
BRDA:112,25,0,0
BRDA:112,25,1,0
BRDA:122,26,0,0
BRDA:122,26,1,0
BRDA:104,27,0,0
BRDA:104,27,1,0
BRDA:132,28,0,0
BRDA:132,28,1,0
BRDA:139,29,0,0
BRDA:139,29,1,0
BRDA:81,30,0,0
BRDA:81,30,1,0
BRF:61
BRH:4
end_of_record
TN:
SF:src/components/loader/Loader.tsx
FN:1,(anonymous_0)
FN:3,(anonymous_1)
FNF:2
FNH:2
FNDA:126,(anonymous_0)
FNDA:219,(anonymous_1)
DA:1,1008
DA:3,126
DA:4,219
DA:24,126
LF:4
LH:4
BRDA:1,0,0,252
BRDA:1,0,1,126
BRDA:1,1,0,126
BRF:3
BRH:3
end_of_record
TN:
SF:src/components/login/Login.tsx
FN:1,(anonymous_0)
FN:8,(anonymous_1)
FN:15,(anonymous_2)
FN:20,(anonymous_3)
FN:35,(anonymous_4)
FN:50,(anonymous_5)
FN:57,(anonymous_6)
FN:8,(anonymous_7)
FNF:8
FNH:3
FNDA:126,(anonymous_0)
FNDA:18,(anonymous_1)
FNDA:0,(anonymous_2)
FNDA:0,(anonymous_3)
FNDA:0,(anonymous_4)
FNDA:0,(anonymous_5)
FNDA:0,(anonymous_6)
FNDA:12,(anonymous_7)
DA:1,1008
DA:8,126
DA:9,18
DA:10,18
DA:11,126
DA:13,18
DA:15,18
DA:16,0
DA:17,0
DA:19,0
DA:21,0
DA:23,0
DA:31,0
DA:33,0
DA:36,0
DA:37,0
DA:41,18
DA:50,0
DA:57,0
DA:72,126
LF:20
LH:9
BRDA:1,0,0,126
BRDA:1,0,1,0
BRDA:1,1,0,126
BRDA:1,2,0,126
BRDA:1,2,1,126
BRF:5
BRH:4
end_of_record
TN:
SF:src/components/ratingform/RatingForm.tsx
FN:1,(anonymous_0)
FN:3,(anonymous_1)
FNF:2
FNH:1
FNDA:126,(anonymous_0)
FNDA:0,(anonymous_1)
DA:1,1008
DA:3,126
DA:4,0
DA:18,126
LF:4
LH:3
BRDA:1,0,0,252
BRDA:1,0,1,126
BRDA:1,1,0,126
BRF:3
BRH:3
end_of_record
TN:
SF:src/components/room-modal/RoomModal.tsx
FN:1,(anonymous_0)
FN:30,RoomModal
FN:54,(anonymous_2)
FN:57,(anonymous_3)
FN:59,(anonymous_4)
FN:64,(anonymous_5)
FN:68,(anonymous_6)
FN:71,(anonymous_7)
FN:72,(anonymous_8)
FN:79,(anonymous_9)
FN:83,(anonymous_10)
FN:105,(anonymous_11)
FN:129,(anonymous_12)
FN:166,(anonymous_13)
FN:215,(anonymous_14)
FN:262,(anonymous_15)
FN:278,(anonymous_16)
FN:314,(anonymous_17)
FN:370,(anonymous_18)
FN:397,(anonymous_19)
FN:420,(anonymous_20)
FN:30,(anonymous_21)
FN:59,(anonymous_2)
FN:63,(anonymous_3)
FN:65,(anonymous_4)
FN:69,(anonymous_5)
FN:73,(anonymous_6)
FN:75,(anonymous_7)
FN:76,(anonymous_8)
FN:84,(anonymous_9)
FN:88,(anonymous_10)
FN:111,(anonymous_11)
FN:148,(anonymous_12)
FN:173,(anonymous_13)
FN:222,(anonymous_14)
FN:260,(anonymous_15)
FN:285,(anonymous_16)
FN:312,(anonymous_17)
FN:379,(anonymous_18)
FN:395,(anonymous_19)
FN:424,(anonymous_20)
FNF:41
FNH:1
FNDA:126,(anonymous_0)
FNDA:0,RoomModal
FNDA:0,(anonymous_2)
FNDA:0,(anonymous_3)
FNDA:0,(anonymous_4)
FNDA:0,(anonymous_5)
FNDA:0,(anonymous_6)
FNDA:0,(anonymous_7)
FNDA:0,(anonymous_8)
FNDA:0,(anonymous_9)
FNDA:0,(anonymous_10)
FNDA:0,(anonymous_11)
FNDA:0,(anonymous_12)
FNDA:0,(anonymous_13)
FNDA:0,(anonymous_14)
FNDA:0,(anonymous_15)
FNDA:0,(anonymous_16)
FNDA:0,(anonymous_17)
FNDA:0,(anonymous_18)
FNDA:0,(anonymous_19)
FNDA:0,(anonymous_20)
FNDA:0,(anonymous_21)
FNDA:0,(anonymous_2)
FNDA:0,(anonymous_3)
FNDA:0,(anonymous_4)
FNDA:0,(anonymous_5)
FNDA:0,(anonymous_6)
FNDA:0,(anonymous_7)
FNDA:0,(anonymous_8)
FNDA:0,(anonymous_9)
FNDA:0,(anonymous_10)
FNDA:0,(anonymous_11)
FNDA:0,(anonymous_12)
FNDA:0,(anonymous_13)
FNDA:0,(anonymous_14)
FNDA:0,(anonymous_15)
FNDA:0,(anonymous_16)
FNDA:0,(anonymous_17)
FNDA:0,(anonymous_18)
FNDA:0,(anonymous_19)
FNDA:0,(anonymous_20)
DA:1,1134
DA:30,40
DA:31,0
DA:33,0
DA:35,0
DA:39,0
DA:41,0
DA:42,0
DA:44,0
DA:46,0
DA:47,0
DA:48,0
DA:49,0
DA:54,0
DA:56,0
DA:57,0
DA:59,0
DA:61,0
DA:63,0
DA:64,0
DA:65,0
DA:67,40
DA:68,0
DA:69,0
DA:71,0
DA:72,0
DA:73,0
DA:74,0
DA:76,0
DA:77,0
DA:79,0
DA:80,0
DA:81,0
DA:83,0
DA:84,0
DA:86,0
DA:87,0
DA:88,0
DA:89,0
DA:90,0
DA:91,0
DA:92,0
DA:97,0
DA:101,0
DA:102,0
DA:103,0
DA:105,0
DA:106,0
DA:107,0
DA:108,0
DA:111,0
DA:113,0
DA:118,0
DA:119,0
DA:121,0
DA:122,0
DA:123,0
DA:127,0
DA:128,0
DA:130,0
DA:133,0
DA:134,0
DA:135,0
DA:146,0
DA:147,0
DA:148,0
DA:149,0
DA:150,0
DA:153,0
DA:154,0
DA:155,0
DA:156,0
DA:159,0
DA:167,0
DA:173,0
DA:216,0
DA:223,0
DA:260,0
DA:263,0
DA:279,0
DA:285,0
DA:312,0
DA:315,0
DA:371,0
DA:379,0
DA:395,0
DA:398,0
DA:421,0
DA:424,0
DA:444,40
LF:90
LH:4
BRDA:1,0,0,252
BRDA:1,0,1,126
BRDA:1,1,0,126
BRDA:119,2,0,0
BRDA:119,2,1,0
BRDA:122,3,0,0
BRDA:127,4,0,0
BRDA:148,5,0,0
BRDA:248,6,0,0
BRDA:248,6,1,0
BRDA:295,7,0,0
BRDA:295,7,1,0
BRDA:128,8,0,0
BRDA:128,8,1,0
BRDA:134,9,0,0
BRDA:146,10,0,0
BRDA:154,11,0,0
BRDA:170,12,0,0
BRDA:170,12,1,0
BRDA:171,13,0,0
BRDA:171,13,1,0
BRDA:258,14,0,0
BRDA:258,14,1,0
BRDA:293,15,0,0
BRDA:293,15,1,0
BRF:25
BRH:3
end_of_record
TN:
SF:src/components/room-result/BedCount.tsx
FN:1,(anonymous_0)
FN:7,(anonymous_1)
FN:10,(anonymous_2)
FN:20,(anonymous_3)
FN:24,(anonymous_4)
FN:32,(anonymous_5)
FN:33,(anonymous_6)
FN:37,(anonymous_7)
FN:7,(anonymous_8)
FNF:9
FNH:4
FNDA:126,(anonymous_0)
FNDA:106,(anonymous_1)
FNDA:267,(anonymous_2)
FNDA:0,(anonymous_3)
FNDA:0,(anonymous_4)
FNDA:0,(anonymous_5)
FNDA:0,(anonymous_6)
FNDA:0,(anonymous_7)
FNDA:27,(anonymous_8)
DA:1,1008
DA:7,126
DA:8,106
DA:10,267
DA:12,106
DA:14,106
DA:21,0
DA:22,0
DA:24,0
DA:32,0
DA:34,0
DA:39,0
DA:40,0
DA:41,0
DA:53,126
LF:15
LH:7
BRDA:1,0,0,126
BRDA:1,0,1,0
BRDA:1,1,0,126
BRDA:1,2,0,126
BRDA:1,2,1,126
BRDA:30,3,0,106
BRDA:30,3,1,0
BRF:7
BRH:5
end_of_record
TN:
SF:src/components/room-result/CalendarInput.tsx
FN:1,(anonymous_0)
FN:18,(anonymous_1)
FN:25,(anonymous_2)
FN:28,(anonymous_3)
FN:34,(anonymous_4)
FN:38,(anonymous_5)
FN:44,(anonymous_6)
FN:45,(anonymous_7)
FN:61,(anonymous_8)
FN:62,(anonymous_9)
FN:66,(anonymous_10)
FN:74,(anonymous_11)
FN:94,(anonymous_12)
FN:115,(anonymous_13)
FN:129,(anonymous_14)
FN:133,(anonymous_15)
FN:141,(anonymous_16)
FN:185,(anonymous_17)
FN:195,(anonymous_18)
FN:18,(anonymous_19)
FNF:20
FNH:12
FNDA:126,(anonymous_0)
FNDA:114,(anonymous_1)
FNDA:275,(anonymous_2)
FNDA:248,(anonymous_3)
FNDA:275,(anonymous_4)
FNDA:275,(anonymous_5)
FNDA:27,(anonymous_6)
FNDA:27,(anonymous_7)
FNDA:31,(anonymous_8)
FNDA:31,(anonymous_9)
FNDA:488,(anonymous_10)
FNDA:0,(anonymous_11)
FNDA:0,(anonymous_12)
FNDA:0,(anonymous_13)
FNDA:0,(anonymous_14)
FNDA:0,(anonymous_15)
FNDA:0,(anonymous_16)
FNDA:0,(anonymous_17)
FNDA:0,(anonymous_18)
FNDA:27,(anonymous_19)
DA:1,1134
DA:18,126
DA:21,114
DA:24,114
DA:25,275
DA:27,114
DA:28,248
DA:31,114
DA:33,114
DA:34,275
DA:37,126
DA:38,275
DA:41,114
DA:42,114
DA:44,114
DA:45,27
DA:46,27
DA:47,27
DA:53,4
DA:55,0
DA:58,27
DA:61,114
DA:62,31
DA:63,31
DA:64,488
DA:66,488
DA:67,488
DA:71,31
DA:74,114
DA:75,0
DA:76,0
DA:77,0
DA:78,0
DA:79,0
DA:80,0
DA:82,0
DA:84,0
DA:85,0
DA:86,0
DA:89,0
DA:90,0
DA:94,114
DA:95,0
DA:96,0
DA:98,0
DA:103,0
DA:106,0
DA:115,114
DA:116,0
DA:117,0
DA:118,0
DA:119,0
DA:120,0
DA:121,0
DA:123,0
DA:124,0
DA:125,0
DA:129,114
DA:130,0
DA:133,114
DA:134,0
DA:137,114
DA:141,0
DA:185,0
DA:195,0
DA:212,126
LF:66
LH:34
BRDA:1,0,0,252
BRDA:1,0,1,126
BRDA:1,1,0,126
BRDA:75,2,0,0
BRDA:75,2,1,0
BRDA:77,3,0,0
BRDA:77,3,1,0
BRDA:78,4,0,0
BRDA:85,5,0,0
BRDA:95,6,0,0
BRDA:95,6,1,0
BRDA:98,7,0,0
BRDA:99,8,0,0
BRDA:99,8,1,0
BRDA:99,8,2,0
BRDA:108,9,0,0
BRDA:108,9,1,0
BRDA:116,10,0,0
BRDA:116,10,1,0
BRDA:118,11,0,0
BRDA:118,11,1,0
BRDA:118,12,0,0
BRDA:118,12,1,0
BRDA:144,13,0,66
BRDA:144,13,1,48
BRDA:163,14,0,66
BRDA:163,14,1,48
BRDA:182,15,0,114
BRDA:182,15,1,0
BRF:29
BRH:8
end_of_record
TN:
SF:src/components/room-result/Filters.tsx
FN:1,(anonymous_0)
FN:13,Filters
FN:18,(anonymous_2)
FN:19,(anonymous_3)
FN:21,(anonymous_4)
FN:24,(anonymous_5)
FN:33,(anonymous_6)
FN:42,(anonymous_7)
FN:59,(anonymous_8)
FN:60,(anonymous_9)
FN:73,(anonymous_10)
FN:84,(anonymous_11)
FN:98,(anonymous_12)
FN:99,(anonymous_13)
FN:112,(anonymous_14)
FN:122,(anonymous_15)
FN:136,(anonymous_16)
FN:137,(anonymous_17)
FN:149,(anonymous_18)
FN:159,(anonymous_19)
FN:169,(anonymous_20)
FN:13,(anonymous_21)
FNF:22
FNH:6
FNDA:126,(anonymous_0)
FNDA:106,Filters
FNDA:186,(anonymous_2)
FNDA:186,(anonymous_3)
FNDA:186,(anonymous_4)
FNDA:0,(anonymous_5)
FNDA:0,(anonymous_6)
FNDA:0,(anonymous_7)
FNDA:0,(anonymous_8)
FNDA:0,(anonymous_9)
FNDA:0,(anonymous_10)
FNDA:0,(anonymous_11)
FNDA:0,(anonymous_12)
FNDA:0,(anonymous_13)
FNDA:0,(anonymous_14)
FNDA:0,(anonymous_15)
FNDA:0,(anonymous_16)
FNDA:0,(anonymous_17)
FNDA:0,(anonymous_18)
FNDA:0,(anonymous_19)
FNDA:0,(anonymous_20)
FNDA:27,(anonymous_21)
DA:1,1134
DA:13,126
DA:14,106
DA:15,106
DA:16,106
DA:18,186
DA:19,186
DA:20,106
DA:21,186
DA:24,106
DA:28,0
DA:33,106
DA:37,0
DA:42,106
DA:43,0
DA:46,126
DA:48,106
DA:60,0
DA:74,0
DA:85,0
DA:99,0
DA:113,0
DA:123,0
DA:137,0
DA:150,0
DA:160,0
DA:170,0
DA:181,126
LF:28
LH:15
BRDA:1,0,0,252
BRDA:1,0,1,126
BRDA:1,1,0,126
BRDA:28,2,0,0
BRDA:28,2,1,0
BRDA:37,3,0,0
BRDA:37,3,1,0
BRDA:43,4,0,0
BRDA:43,4,1,0
BRDA:66,5,0,106
BRDA:66,5,1,0
BRDA:106,6,0,106
BRDA:106,6,1,0
BRDA:143,7,0,106
BRDA:143,7,1,0
BRF:15
BRH:6
end_of_record
TN:
SF:src/components/room-result/RoomCards.tsx
FN:1,(anonymous_0)
FN:14,(anonymous_1)
FN:19,(anonymous_2)
FN:23,(anonymous_3)
FN:25,(anonymous_4)
FN:28,(anonymous_5)
FN:31,(anonymous_6)
FN:34,(anonymous_7)
FN:36,(anonymous_8)
FN:37,(anonymous_9)
FN:39,(anonymous_10)
FN:42,(anonymous_11)
FN:43,(anonymous_12)
FN:59,(anonymous_13)
FN:72,(anonymous_14)
FN:74,(anonymous_15)
FN:89,(anonymous_16)
FN:90,(anonymous_17)
FN:99,(anonymous_18)
FN:100,(anonymous_19)
FN:125,(anonymous_20)
FN:145,(anonymous_21)
FN:151,(anonymous_22)
FN:162,(anonymous_23)
FN:14,(anonymous_24)
FN:9,(anonymous_1)
FN:14,(anonymous_2)
FN:16,(anonymous_3)
FN:24,(anonymous_4)
FN:26,(anonymous_5)
FN:50,(anonymous_6)
FN:51,(anonymous_7)
FN:73,(anonymous_8)
FN:102,(anonymous_10)
FN:126,(anonymous_11)
FN:133,(anonymous_12)
FN:143,(anonymous_13)
FN:149,(anonymous_14)
FN:155,(anonymous_15)
FN:122,(anonymous_16)
FNF:40
FNH:37
FNDA:126,(anonymous_0)
FNDA:30,(anonymous_1)
FNDA:137,(anonymous_2)
FNDA:137,(anonymous_3)
FNDA:71,(anonymous_4)
FNDA:71,(anonymous_5)
FNDA:137,(anonymous_6)
FNDA:137,(anonymous_7)
FNDA:137,(anonymous_8)
FNDA:137,(anonymous_9)
FNDA:137,(anonymous_10)
FNDA:93,(anonymous_11)
FNDA:93,(anonymous_12)
FNDA:91,(anonymous_13)
FNDA:93,(anonymous_14)
FNDA:30,(anonymous_15)
FNDA:85,(anonymous_16)
FNDA:85,(anonymous_17)
FNDA:85,(anonymous_18)
FNDA:85,(anonymous_19)
FNDA:85,(anonymous_20)
FNDA:85,(anonymous_21)
FNDA:85,(anonymous_22)
FNDA:0,(anonymous_23)
FNDA:8,(anonymous_24)
FNDA:85,(anonymous_1)
FNDA:173,(anonymous_2)
FNDA:173,(anonymous_3)
FNDA:49,(anonymous_4)
FNDA:34,(anonymous_5)
FNDA:8,(anonymous_6)
FNDA:8,(anonymous_7)
FNDA:30,(anonymous_8)
FNDA:0,(anonymous_10)
FNDA:0,(anonymous_11)
FNDA:30,(anonymous_12)
FNDA:36,(anonymous_13)
FNDA:49,(anonymous_14)
FNDA:116,(anonymous_15)
FNDA:30,(anonymous_16)
DA:1,1008
DA:9,86
DA:10,85
DA:11,85
DA:12,85
DA:14,424
DA:15,125
DA:16,183
DA:17,241
DA:19,138
DA:21,241
DA:23,138
DA:24,125
DA:25,137
DA:26,59
DA:27,115
DA:28,137
DA:30,125
DA:31,131
DA:33,109
DA:34,131
DA:36,138
DA:37,58
DA:38,40
DA:39,58
DA:42,36
DA:43,14
DA:44,14
DA:45,14
DA:50,8
DA:51,8
DA:56,12
DA:59,14
DA:60,12
DA:65,36
DA:67,36
DA:69,36
DA:71,36
DA:72,36
DA:73,40
DA:74,40
DA:75,0
DA:78,36
DA:79,36
DA:82,0
DA:86,0
DA:90,6
DA:91,6
DA:100,6
DA:101,6
DA:102,0
DA:122,86
DA:126,6
DA:133,0
DA:142,172
DA:143,6
DA:145,6
DA:149,191
DA:151,6
DA:154,86
DA:155,86
DA:158,0
DA:163,0
DA:168,40
LF:64
LH:57
BRDA:1,0,0,126
BRDA:1,0,1,0
BRDA:1,1,0,126
BRDA:1,2,0,126
BRDA:1,2,1,126
BRDA:78,3,0,30
BRDA:141,4,0,0
BRDA:141,4,1,0
BRDA:30,5,0,79
BRDA:123,6,0,6
BRDA:123,6,1,0
BRDA:142,7,0,86
BRDA:142,8,0,86
BRDA:142,8,1,86
BRDA:122,9,0,0
BRDA:158,10,0,0
BRF:16
BRH:10
end_of_record
TN:
SF:src/components/room-result/RoomForm.tsx
FN:1,(anonymous_0)
FN:30,(anonymous_1)
FN:37,(anonymous_2)
FN:38,(anonymous_3)
FN:40,(anonymous_4)
FN:43,(anonymous_5)
FN:46,(anonymous_6)
FN:49,(anonymous_7)
FN:52,(anonymous_8)
FN:55,(anonymous_9)
FN:58,(anonymous_10)
FN:61,(anonymous_11)
FN:64,(anonymous_12)
FN:67,(anonymous_13)
FN:71,(anonymous_14)
FN:74,(anonymous_15)
FN:77,(anonymous_16)
FN:80,(anonymous_17)
FN:83,(anonymous_18)
FN:90,(anonymous_19)
FN:96,(anonymous_20)
FN:179,(anonymous_21)
FN:182,(anonymous_22)
FN:225,(anonymous_23)
FN:231,(anonymous_24)
FN:237,(anonymous_25)
FN:241,(anonymous_26)
FN:247,(anonymous_27)
FN:250,(anonymous_28)
FN:256,(anonymous_29)
FN:260,(anonymous_30)
FN:262,(anonymous_31)
FN:330,(anonymous_32)
FN:30,(anonymous_33)
FN:218,(anonymous_22)
FN:228,(anonymous_23)
FN:234,(anonymous_24)
FN:238,(anonymous_25)
FN:244,(anonymous_26)
FN:248,(anonymous_27)
FN:253,(anonymous_28)
FN:257,(anonymous_29)
FN:258,(anonymous_30)
FN:328,(anonymous_31)
FN:500,(anonymous_32)
FNF:45
FNH:45
FNDA:126,(anonymous_0)
FNDA:134,(anonymous_1)
FNDA:267,(anonymous_2)
FNDA:267,(anonymous_3)
FNDA:267,(anonymous_4)
FNDA:267,(anonymous_5)
FNDA:267,(anonymous_6)
FNDA:267,(anonymous_7)
FNDA:267,(anonymous_8)
FNDA:267,(anonymous_9)
FNDA:267,(anonymous_10)
FNDA:267,(anonymous_11)
FNDA:267,(anonymous_12)
FNDA:267,(anonymous_13)
FNDA:267,(anonymous_14)
FNDA:267,(anonymous_15)
FNDA:267,(anonymous_16)
FNDA:240,(anonymous_17)
FNDA:54,(anonymous_18)
FNDA:113,(anonymous_19)
FNDA:27,(anonymous_20)
FNDA:50,(anonymous_21)
FNDA:84,(anonymous_22)
FNDA:94,(anonymous_23)
FNDA:78,(anonymous_24)
FNDA:78,(anonymous_25)
FNDA:78,(anonymous_26)
FNDA:78,(anonymous_27)
FNDA:78,(anonymous_28)
FNDA:78,(anonymous_29)
FNDA:50,(anonymous_30)
FNDA:78,(anonymous_31)
FNDA:78,(anonymous_32)
FNDA:8,(anonymous_33)
FNDA:66,(anonymous_22)
FNDA:28,(anonymous_23)
FNDA:28,(anonymous_24)
FNDA:28,(anonymous_25)
FNDA:28,(anonymous_26)
FNDA:28,(anonymous_27)
FNDA:28,(anonymous_28)
FNDA:136,(anonymous_29)
FNDA:28,(anonymous_30)
FNDA:28,(anonymous_31)
FNDA:19,(anonymous_32)
DA:1,1134
DA:30,212
DA:31,106
DA:32,106
DA:34,106
DA:35,106
DA:37,267
DA:38,267
DA:39,106
DA:40,267
DA:42,106
DA:43,267
DA:45,106
DA:46,267
DA:48,106
DA:49,267
DA:51,106
DA:52,267
DA:54,106
DA:55,267
DA:57,106
DA:58,267
DA:60,106
DA:61,267
DA:63,106
DA:64,267
DA:66,106
DA:67,267
DA:70,106
DA:71,267
DA:73,106
DA:74,267
DA:76,106
DA:77,267
DA:79,106
DA:80,240
DA:83,106
DA:84,54
DA:86,54
DA:87,54
DA:90,114
DA:91,27
DA:92,27
DA:93,0
DA:94,0
DA:96,27
DA:97,27
DA:98,27
DA:99,27
DA:101,27
DA:102,27
DA:104,27
DA:105,27
DA:107,27
DA:108,27
DA:110,27
DA:111,27
DA:112,27
DA:113,27
DA:114,0
DA:115,0
DA:117,27
DA:118,27
DA:120,27
DA:122,27
DA:123,27
DA:124,27
DA:125,0
DA:126,0
DA:128,27
DA:129,27
DA:131,27
DA:132,27
DA:134,27
DA:135,0
DA:136,0
DA:137,0
DA:138,0
DA:140,0
DA:141,0
DA:142,0
DA:145,27
DA:146,0
DA:147,0
DA:149,0
DA:150,0
DA:152,0
DA:153,0
DA:154,0
DA:157,27
DA:158,0
DA:159,0
DA:162,27
DA:163,27
DA:174,24
DA:178,94
DA:180,26
DA:183,25
DA:185,26
DA:187,8
DA:189,84
DA:194,18
DA:195,24
DA:196,6
DA:197,84
DA:198,18
DA:199,24
DA:200,6
DA:201,84
DA:202,18
DA:203,24
DA:204,6
DA:205,84
DA:206,18
DA:207,24
DA:208,6
DA:209,84
DA:210,0
DA:211,84
DA:212,6
DA:213,84
DA:214,18
DA:216,84
DA:217,118
DA:223,78
DA:225,114
DA:226,102
DA:227,86
DA:228,118
DA:229,40
DA:231,114
DA:232,86
DA:233,86
DA:234,118
DA:235,40
DA:237,114
DA:238,118
DA:239,40
DA:241,114
DA:242,86
DA:243,86
DA:244,118
DA:245,40
DA:247,114
DA:248,118
DA:249,40
DA:250,114
DA:251,86
DA:252,86
DA:253,118
DA:254,40
DA:256,114
DA:257,164
DA:258,118
DA:260,212
DA:262,114
DA:263,78
DA:264,0
DA:271,0
DA:273,0
DA:274,0
DA:275,0
DA:277,78
DA:278,28
DA:281,0
DA:283,78
DA:285,28
DA:287,28
DA:290,86
DA:295,0
DA:296,0
DA:297,0
DA:298,86
DA:299,0
DA:300,86
DA:301,0
DA:302,0
DA:303,0
DA:304,86
DA:305,0
DA:306,0
DA:307,0
DA:308,86
DA:309,0
DA:310,86
DA:311,0
DA:312,86
DA:313,0
DA:315,118
DA:323,28
DA:324,86
DA:328,28
DA:330,78
DA:502,40
LF:194
LH:152
BRDA:1,0,0,252
BRDA:1,0,1,126
BRDA:1,1,0,126
BRDA:92,2,0,0
BRDA:98,3,0,27
BRDA:101,4,0,27
BRDA:104,5,0,27
BRDA:107,6,0,27
BRDA:110,7,0,27
BRDA:113,8,0,0
BRDA:122,9,0,27
BRDA:124,10,0,0
BRDA:131,11,0,27
BRDA:134,12,0,0
BRDA:137,13,0,0
BRDA:140,14,0,0
BRDA:145,15,0,0
BRDA:149,16,0,0
BRDA:152,17,0,0
BRDA:157,18,0,0
BRDA:189,19,0,0
BRDA:189,19,1,6
BRDA:190,20,0,6
BRDA:190,20,1,18
BRDA:190,20,2,0
BRDA:197,21,0,0
BRDA:197,21,1,6
BRDA:197,22,0,6
BRDA:197,22,1,18
BRDA:201,23,0,0
BRDA:201,23,1,6
BRDA:201,24,0,6
BRDA:201,24,1,18
BRDA:205,25,0,0
BRDA:205,25,1,6
BRDA:205,26,0,6
BRDA:205,26,1,18
BRDA:209,27,0,0
BRDA:209,27,1,6
BRDA:211,28,0,0
BRDA:211,28,1,6
BRDA:213,29,0,0
BRDA:213,29,1,6
BRDA:226,30,0,0
BRDA:232,31,0,0
BRDA:242,32,0,0
BRDA:251,33,0,0
BRDA:290,34,0,0
BRDA:290,34,1,0
BRDA:291,35,0,0
BRDA:291,35,1,0
BRDA:291,35,2,0
BRDA:298,36,0,0
BRDA:298,36,1,0
BRDA:298,37,0,0
BRDA:298,37,1,0
BRDA:300,38,0,0
BRDA:300,38,1,0
BRDA:300,39,0,0
BRDA:300,39,1,0
BRDA:304,40,0,0
BRDA:304,40,1,0
BRDA:304,41,0,0
BRDA:304,41,1,0
BRDA:308,42,0,0
BRDA:308,42,1,0
BRDA:310,43,0,0
BRDA:310,43,1,0
BRDA:312,44,0,0
BRDA:312,44,1,0
BRDA:326,45,0,28
BRDA:326,45,1,28
BRDA:336,46,0,106
BRDA:336,46,1,78
BRDA:340,47,0,78
BRDA:340,47,1,78
BRDA:348,48,0,78
BRDA:348,48,1,78
BRDA:357,49,0,106
BRDA:357,49,1,78
BRDA:359,50,0,78
BRDA:359,50,1,0
BRDA:373,51,0,0
BRDA:373,51,1,0
BRDA:399,52,0,78
BRDA:399,52,1,0
BRDA:413,53,0,0
BRDA:413,53,1,0
BRDA:439,54,0,78
BRDA:439,54,1,0
BRDA:455,55,0,0
BRDA:455,55,1,0
BRDA:185,56,0,0
BRDA:185,56,1,18
BRDA:186,57,0,18
BRDA:186,57,1,0
BRDA:186,57,2,0
BRDA:195,58,0,0
BRDA:195,58,1,24
BRDA:195,59,0,18
BRDA:195,59,1,6
BRDA:199,60,0,0
BRDA:199,60,1,24
BRDA:199,61,0,18
BRDA:199,61,1,6
BRDA:203,62,0,0
BRDA:203,62,1,24
BRDA:203,63,0,18
BRDA:203,63,1,6
BRDA:207,64,0,0
BRDA:207,64,1,24
BRDA:209,65,0,0
BRDA:209,65,1,24
BRDA:211,66,0,0
BRDA:211,66,1,24
BRDA:223,67,0,0
BRDA:229,68,0,0
BRDA:239,69,0,0
BRDA:249,70,0,0
BRDA:285,71,0,0
BRDA:285,71,1,0
BRDA:286,72,0,0
BRDA:286,72,1,0
BRDA:286,72,2,0
BRDA:296,73,0,0
BRDA:296,73,1,0
BRDA:296,74,0,0
BRDA:296,74,1,0
BRDA:298,75,0,0
BRDA:298,75,1,0
BRDA:302,76,0,0
BRDA:302,76,1,0
BRDA:302,77,0,0
BRDA:302,77,1,0
BRDA:306,78,0,0
BRDA:306,78,1,0
BRDA:308,79,0,0
BRDA:308,79,1,0
BRDA:310,80,0,0
BRDA:310,80,1,0
BRDA:321,81,0,78
BRDA:321,81,1,78
BRDA:332,82,0,106
BRDA:332,82,1,28
BRDA:335,83,0,28
BRDA:335,83,1,28
BRDA:336,84,0,28
BRDA:336,84,1,0
BRDA:328,85,0,106
BRDA:328,85,1,28
BRDA:355,86,0,28
BRDA:355,86,1,28
BRDA:370,87,0,0
BRDA:370,87,1,0
BRDA:360,88,0,28
BRDA:360,88,1,0
BRDA:410,89,0,0
BRDA:410,89,1,0
BRDA:400,90,0,28
BRDA:400,90,1,0
BRDA:450,91,0,0
BRDA:450,91,1,0
BRDA:30,92,0,86
BRDA:30,92,1,86
BRF:164
BRH:67
end_of_record
TN:
SF:src/components/room-result/RoomInput.tsx
FN:1,(anonymous_0)
FN:7,(anonymous_1)
FN:11,(anonymous_2)
FN:14,(anonymous_3)
FN:24,(anonymous_4)
FN:28,(anonymous_5)
FN:36,(anonymous_6)
FN:37,(anonymous_7)
FN:41,(anonymous_8)
FN:7,(anonymous_9)
FNF:10
FNH:5
FNDA:126,(anonymous_0)
FNDA:106,(anonymous_1)
FNDA:267,(anonymous_2)
FNDA:267,(anonymous_3)
FNDA:0,(anonymous_4)
FNDA:0,(anonymous_5)
FNDA:0,(anonymous_6)
FNDA:0,(anonymous_7)
FNDA:0,(anonymous_8)
FNDA:27,(anonymous_9)
DA:1,1008
DA:7,126
DA:8,106
DA:10,106
DA:11,267
DA:13,126
DA:14,267
DA:16,106
DA:18,106
DA:25,0
DA:26,0
DA:28,0
DA:36,0
DA:38,0
DA:43,0
DA:44,0
DA:47,0
DA:59,126
LF:18
LH:10
BRDA:1,0,0,126
BRDA:1,0,1,0
BRDA:1,1,0,126
BRDA:1,2,0,126
BRDA:1,2,1,126
BRDA:34,3,0,106
BRDA:34,3,1,0
BRF:7
BRH:5
end_of_record
TN:
SF:src/components/room-result/RoomResult.tsx
FN:1,(anonymous_0)
FN:16,(anonymous_1)
FN:23,(anonymous_2)
FN:24,(anonymous_3)
FN:26,(anonymous_4)
FN:29,(anonymous_5)
FN:32,(anonymous_6)
FN:35,(anonymous_7)
FN:38,(anonymous_8)
FN:41,(anonymous_9)
FN:44,(anonymous_10)
FN:47,(anonymous_11)
FN:50,(anonymous_12)
FN:54,(anonymous_13)
FN:61,(anonymous_14)
FN:82,(anonymous_15)
FN:85,(anonymous_16)
FN:136,(anonymous_17)
FN:136,(anonymous_18)
FN:144,(anonymous_19)
FN:16,(anonymous_20)
FN:137,(anonymous_17)
FN:137,(anonymous_18)
FN:146,(anonymous_19)
FN:25,(anonymous_20)
FNF:25
FNH:25
FNDA:126,(anonymous_0)
FNDA:184,(anonymous_1)
FNDA:186,(anonymous_2)
FNDA:186,(anonymous_3)
FNDA:186,(anonymous_4)
FNDA:186,(anonymous_5)
FNDA:186,(anonymous_6)
FNDA:186,(anonymous_7)
FNDA:186,(anonymous_8)
FNDA:186,(anonymous_9)
FNDA:186,(anonymous_10)
FNDA:186,(anonymous_11)
FNDA:186,(anonymous_12)
FNDA:54,(anonymous_13)
FNDA:54,(anonymous_14)
FNDA:31,(anonymous_15)
FNDA:31,(anonymous_16)
FNDA:162,(anonymous_17)
FNDA:78,(anonymous_18)
FNDA:162,(anonymous_19)
FNDA:8,(anonymous_20)
FNDA:262,(anonymous_17)
FNDA:28,(anonymous_18)
FNDA:262,(anonymous_19)
FNDA:19,(anonymous_20)
DA:1,1134
DA:16,180
DA:17,106
DA:18,106
DA:20,106
DA:21,106
DA:23,186
DA:24,186
DA:25,106
DA:26,186
DA:28,106
DA:29,186
DA:31,106
DA:32,186
DA:34,106
DA:35,186
DA:37,106
DA:38,186
DA:40,106
DA:41,186
DA:43,106
DA:44,186
DA:46,106
DA:47,186
DA:50,186
DA:52,106
DA:54,118
DA:55,54
DA:56,54
DA:57,0
DA:58,0
DA:61,54
DA:62,54
DA:63,54
DA:64,54
DA:74,7
DA:75,7
DA:77,24
DA:81,54
DA:83,31
DA:86,31
DA:92,31
DA:97,0
DA:100,31
DA:101,0
DA:104,31
DA:105,0
DA:108,31
DA:109,0
DA:112,31
DA:113,0
DA:114,31
DA:115,0
DA:116,31
DA:117,0
DA:119,31
DA:136,170
DA:137,274
DA:138,40
DA:139,114
DA:141,78
DA:145,162
DA:146,262
DA:168,40
LF:64
LH:55
BRDA:1,0,0,252
BRDA:1,0,1,126
BRDA:1,1,0,126
BRDA:56,2,0,0
BRDA:92,3,0,0
BRDA:92,3,1,31
BRDA:93,4,0,31
BRDA:93,4,1,0
BRDA:93,4,2,0
BRDA:100,5,0,0
BRDA:100,5,1,31
BRDA:100,6,0,31
BRDA:100,6,1,0
BRDA:104,7,0,0
BRDA:104,7,1,31
BRDA:104,8,0,31
BRDA:104,8,1,0
BRDA:108,9,0,0
BRDA:108,9,1,31
BRDA:108,10,0,31
BRDA:108,10,1,0
BRDA:112,11,0,0
BRDA:112,11,1,31
BRDA:114,12,0,0
BRDA:114,12,1,31
BRDA:116,13,0,0
BRDA:116,13,1,31
BRDA:158,14,0,28
BRDA:158,14,1,28
BRDA:160,15,0,78
BRDA:160,15,1,78
BRF:31
BRH:18
end_of_record
TN:
SF:src/components/room-result/Step1Page.tsx
FN:1,(anonymous_0)
FN:8,(anonymous_1)
FN:10,(anonymous_2)
FN:8,(anonymous_3)
FN:11,(anonymous_2)
FNF:5
FNH:5
FNDA:126,(anonymous_0)
FNDA:28,(anonymous_1)
FNDA:128,(anonymous_2)
FNDA:86,(anonymous_3)
FNDA:164,(anonymous_2)
DA:1,1134
DA:8,118
DA:9,118
DA:10,136
DA:11,176
DA:13,114
DA:25,118
LF:7
LH:7
BRDA:1,0,0,252
BRDA:1,0,1,126
BRDA:1,1,0,126
BRDA:20,2,0,28
BRDA:20,2,1,0
BRDA:15,3,0,78
BRDA:15,3,1,0
BRDA:21,4,0,78
BRDA:21,4,1,0
BRF:9
BRH:6
end_of_record
TN:
SF:src/components/room-result/card/CarouselComponent.tsx
FN:1,(anonymous_0)
FN:6,(anonymous_1)
FN:9,(anonymous_2)
FN:10,(anonymous_3)
FN:22,(anonymous_4)
FNF:5
FNH:4
FNDA:126,(anonymous_0)
FNDA:6,(anonymous_1)
FNDA:6,(anonymous_2)
FNDA:6,(anonymous_3)
FNDA:0,(anonymous_4)
DA:1,1134
DA:6,126
DA:7,6
DA:9,6
DA:10,6
DA:11,6
DA:13,0
DA:15,6
DA:18,6
DA:23,0
DA:36,126
LF:11
LH:9
BRDA:1,0,0,252
BRDA:1,0,1,126
BRDA:1,1,0,126
BRF:3
BRH:3
end_of_record
TN:
SF:src/components/room-result/card/RoomCard.tsx
FN:1,(anonymous_0)
FN:13,(anonymous_1)
FN:15,(anonymous_2)
FN:19,(anonymous_3)
FN:26,(anonymous_4)
FN:31,(anonymous_5)
FN:13,(anonymous_6)
FNF:7
FNH:5
FNDA:126,(anonymous_0)
FNDA:6,(anonymous_1)
FNDA:12,(anonymous_2)
FNDA:12,(anonymous_3)
FNDA:0,(anonymous_4)
FNDA:0,(anonymous_5)
FNDA:2,(anonymous_6)
DA:1,1008
DA:13,126
DA:14,6
DA:15,12
DA:18,126
DA:19,12
DA:24,6
DA:26,6
DA:27,0
DA:31,6
DA:32,0
DA:35,6
DA:118,126
LF:13
LH:11
BRDA:1,0,0,126
BRDA:1,0,1,0
BRDA:1,1,0,126
BRDA:1,2,0,126
BRDA:1,2,1,126
BRDA:73,3,0,2
BRDA:73,3,1,4
BRDA:76,4,0,2
BRDA:76,4,1,4
BRDA:86,5,0,6
BRDA:86,5,1,0
BRF:11
BRH:9
end_of_record
TN:
SF:src/components/router/Router.tsx
FN:1,(anonymous_0)
FN:10,(anonymous_1)
FNF:2
FNH:2
FNDA:126,(anonymous_0)
FNDA:78,(anonymous_1)
DA:1,1008
DA:10,208
DA:21,78
DA:38,208
LF:4
LH:4
BRDA:1,0,0,252
BRDA:1,0,1,126
BRDA:1,1,0,126
BRF:3
BRH:3
end_of_record
TN:
SF:src/components/signup/Signup.tsx
FN:1,(anonymous_0)
FN:6,(anonymous_1)
FN:10,(anonymous_2)
FN:13,(anonymous_3)
FN:34,(anonymous_4)
FN:41,(anonymous_5)
FNF:6
FNH:2
FNDA:126,(anonymous_0)
FNDA:6,(anonymous_1)
FNDA:0,(anonymous_2)
FNDA:0,(anonymous_3)
FNDA:0,(anonymous_4)
FNDA:0,(anonymous_5)
DA:1,1134
DA:6,126
DA:7,6
DA:8,6
DA:10,6
DA:11,0
DA:12,0
DA:13,0
DA:14,0
DA:15,0
DA:16,0
DA:18,0
DA:19,0
DA:20,0
DA:25,6
DA:34,0
DA:41,0
DA:56,126
LF:18
LH:7
BRDA:1,0,0,252
BRDA:1,0,1,126
BRDA:1,1,0,126
BRDA:14,2,0,0
BRDA:14,2,1,0
BRF:5
BRH:3
end_of_record
TN:
SF:src/components/timer/Timer.tsx
FN:1,(anonymous_0)
FN:8,(anonymous_1)
FN:9,(anonymous_2)
FN:10,(anonymous_3)
FN:14,(anonymous_4)
FN:15,(anonymous_5)
FN:29,(anonymous_6)
FN:8,(anonymous_7)
FNF:8
FNH:1
FNDA:86,(anonymous_0)
FNDA:0,(anonymous_1)
FNDA:0,(anonymous_2)
FNDA:0,(anonymous_3)
FNDA:0,(anonymous_4)
FNDA:0,(anonymous_5)
FNDA:0,(anonymous_6)
FNDA:0,(anonymous_7)
DA:1,774
DA:8,86
DA:9,0
DA:10,0
DA:11,0
DA:13,86
DA:14,0
DA:15,0
DA:16,0
DA:17,0
DA:20,0
DA:21,0
DA:22,0
DA:24,0
DA:25,0
DA:29,0
DA:30,0
DA:33,0
DA:34,0
DA:35,0
DA:36,0
DA:39,0
DA:48,86
LF:23
LH:4
BRDA:1,0,0,172
BRDA:1,0,1,86
BRDA:1,1,0,86
BRDA:16,2,0,0
BRDA:20,3,0,0
BRDA:21,4,0,0
BRDA:21,4,1,0
BRDA:33,5,0,0
BRDA:33,6,0,0
BRDA:33,6,1,0
BRDA:41,7,0,0
BRDA:41,7,1,0
BRDA:41,8,0,0
BRDA:41,8,1,0
BRDA:43,9,0,0
BRDA:43,9,1,0
BRF:16
BRH:3
end_of_record
TN:
SF:src/constants/Constants.ts
FNF:0
FNH:0
DA:2,40
DA:4,40
LF:2
LH:2
BRF:0
BRH:0
end_of_record
TN:
SF:src/enums/Enums.ts
FN:1,(anonymous_0)
FN:6,(anonymous_1)
FN:15,(anonymous_2)
FNF:3
FNH:3
FNDA:126,(anonymous_0)
FNDA:126,(anonymous_1)
FNDA:126,(anonymous_2)
DA:1,126
DA:2,126
DA:3,126
DA:6,126
DA:7,126
DA:8,126
DA:9,126
DA:10,126
DA:11,126
DA:12,126
DA:13,126
DA:15,126
DA:16,126
DA:17,126
DA:18,126
DA:19,126
DA:20,126
DA:21,126
DA:22,126
DA:23,126
DA:24,126
DA:25,126
DA:26,126
DA:27,126
LF:24
LH:24
BRDA:1,0,0,126
BRDA:1,0,1,126
BRDA:6,1,0,126
BRDA:6,1,1,126
BRDA:15,2,0,126
BRDA:15,2,1,126
BRF:6
BRH:6
end_of_record
TN:
SF:src/i18n/i18n.tsx
FNF:0
FNH:0
DA:6,126
LF:1
LH:1
BRF:0
BRH:0
end_of_record
TN:
SF:src/redux/checkoutSlice.ts
FN:31,(anonymous_0)
FN:34,(anonymous_1)
FN:37,(anonymous_2)
FN:40,(anonymous_3)
FN:43,(anonymous_4)
FN:35,(anonymous_0)
FN:38,(anonymous_1)
FN:41,(anonymous_2)
FN:44,(anonymous_3)
FN:47,(anonymous_4)
FNF:10
FNH:0
FNDA:0,(anonymous_0)
FNDA:0,(anonymous_1)
FNDA:0,(anonymous_2)
FNDA:0,(anonymous_3)
FNDA:0,(anonymous_4)
FNDA:0,(anonymous_0)
FNDA:0,(anonymous_1)
FNDA:0,(anonymous_2)
FNDA:0,(anonymous_3)
FNDA:0,(anonymous_4)
DA:18,126
DA:27,40
DA:32,86
DA:35,86
DA:36,40
DA:38,86
DA:39,40
DA:41,86
DA:42,40
DA:44,86
DA:45,40
DA:49,0
DA:50,126
LF:13
LH:12
BRF:0
BRH:0
end_of_record
TN:
SF:src/redux/currencySlice.ts
FN:13,(anonymous_0)
FNF:1
FNH:0
FNDA:0,(anonymous_0)
DA:4,126
DA:9,126
DA:14,0
DA:15,0
DA:20,126
LF:5
LH:3
BRF:0
BRH:0
end_of_record
TN:
SF:src/redux/resultSlice.ts
FN:21,(anonymous_0)
FN:24,(anonymous_1)
FN:26,(anonymous_2)
FN:29,(anonymous_3)
FN:32,(anonymous_4)
FN:34,(anonymous_5)
FN:37,(anonymous_6)
FN:40,(anonymous_7)
FNF:8
FNH:0
FNDA:0,(anonymous_0)
FNDA:0,(anonymous_1)
FNDA:0,(anonymous_2)
FNDA:0,(anonymous_3)
FNDA:0,(anonymous_4)
FNDA:0,(anonymous_5)
FNDA:0,(anonymous_6)
FNDA:0,(anonymous_7)
DA:10,126
DA:17,126
DA:22,0
DA:25,0
DA:26,0
DA:30,0
DA:33,0
DA:34,0
DA:38,0
DA:41,0
DA:53,126
LF:11
LH:3
BRF:0
BRH:0
end_of_record
TN:
SF:src/redux/roomDetailsSlice.ts
FN:12,(anonymous_0)
FN:15,(anonymous_1)
FN:16,(anonymous_2)
FN:20,(anonymous_3)
FN:21,(anonymous_4)
FN:25,(anonymous_5)
FN:26,(anonymous_6)
FN:30,(anonymous_7)
FN:31,(anonymous_8)
FN:35,(anonymous_9)
FN:36,(anonymous_10)
FN:40,(anonymous_11)
FN:41,(anonymous_12)
FN:45,(anonymous_13)
FN:46,(anonymous_14)
FN:51,(anonymous_15)
FN:52,(anonymous_16)
FN:53,(anonymous_17)
FN:57,(anonymous_18)
FN:60,(anonymous_19)
FN:61,(anonymous_20)
FNF:21
FNH:3
FNDA:0,(anonymous_0)
FNDA:0,(anonymous_1)
FNDA:0,(anonymous_2)
FNDA:0,(anonymous_3)
FNDA:0,(anonymous_4)
FNDA:0,(anonymous_5)
FNDA:0,(anonymous_6)
FNDA:0,(anonymous_7)
FNDA:0,(anonymous_8)
FNDA:0,(anonymous_9)
FNDA:0,(anonymous_10)
FNDA:0,(anonymous_11)
FNDA:0,(anonymous_12)
FNDA:0,(anonymous_13)
FNDA:0,(anonymous_14)
FNDA:126,(anonymous_15)
FNDA:46,(anonymous_16)
FNDA:0,(anonymous_17)
FNDA:2,(anonymous_18)
FNDA:0,(anonymous_19)
FNDA:0,(anonymous_20)
DA:6,126
DA:8,126
DA:13,0
DA:16,0
DA:17,0
DA:21,0
DA:22,0
DA:26,0
DA:27,0
DA:31,0
DA:32,0
DA:36,0
DA:37,0
DA:41,0
DA:42,0
DA:46,0
DA:47,0
DA:52,126
DA:53,46
DA:54,0
DA:57,126
DA:58,2
DA:60,126
DA:61,0
DA:62,0
DA:78,126
LF:26
LH:8
BRF:0
BRH:0
end_of_record
TN:
SF:src/redux/searchSlice.ts
FN:36,(anonymous_0)
FN:39,(anonymous_1)
FN:42,(anonymous_2)
FN:45,(anonymous_3)
FN:49,(anonymous_4)
FN:53,(anonymous_5)
FN:57,(anonymous_6)
FN:61,(anonymous_7)
FN:65,(anonymous_8)
FN:69,(anonymous_9)
FN:73,(anonymous_10)
FN:77,(anonymous_11)
FN:81,(anonymous_12)
FN:85,(anonymous_13)
FN:89,(anonymous_14)
FN:93,(anonymous_15)
FN:97,(anonymous_16)
FN:101,(anonymous_17)
FN:105,(anonymous_18)
FN:109,(anonymous_19)
FN:113,(anonymous_20)
FN:114,(anonymous_21)
FN:117,(anonymous_22)
FN:128,(anonymous_23)
FN:132,(anonymous_24)
FN:135,(anonymous_25)
FN:139,(anonymous_26)
FNF:27
FNH:13
FNDA:27,(anonymous_0)
FNDA:27,(anonymous_1)
FNDA:0,(anonymous_2)
FNDA:0,(anonymous_3)
FNDA:30,(anonymous_4)
FNDA:30,(anonymous_5)
FNDA:27,(anonymous_6)
FNDA:27,(anonymous_7)
FNDA:27,(anonymous_8)
FNDA:6,(anonymous_9)
FNDA:0,(anonymous_10)
FNDA:0,(anonymous_11)
FNDA:0,(anonymous_12)
FNDA:0,(anonymous_13)
FNDA:0,(anonymous_14)
FNDA:0,(anonymous_15)
FNDA:0,(anonymous_16)
FNDA:0,(anonymous_17)
FNDA:0,(anonymous_18)
FNDA:0,(anonymous_19)
FNDA:126,(anonymous_20)
FNDA:90,(anonymous_21)
FNDA:7,(anonymous_22)
FNDA:0,(anonymous_23)
FNDA:97,(anonymous_24)
FNDA:13,(anonymous_25)
FNDA:0,(anonymous_26)
DA:6,126
DA:32,126
DA:37,27
DA:40,27
DA:43,0
DA:46,0
DA:50,30
DA:54,30
DA:58,27
DA:62,27
DA:66,27
DA:70,6
DA:74,0
DA:78,0
DA:82,0
DA:86,0
DA:90,0
DA:94,0
DA:98,0
DA:102,0
DA:106,0
DA:110,0
DA:114,126
DA:115,90
DA:117,126
DA:118,7
DA:119,7
DA:120,7
DA:121,7
DA:122,7
DA:123,7
DA:124,7
DA:125,7
DA:126,7
DA:128,126
DA:129,0
DA:130,0
DA:132,126
DA:133,97
DA:135,126
DA:136,13
DA:137,13
DA:139,126
DA:140,0
DA:141,0
DA:167,126
LF:46
LH:30
BRF:0
BRH:0
end_of_record
TN:
SF:src/redux/selectedPromoSlice.ts
FN:12,(anonymous_0)
FN:15,(anonymous_1)
FNF:2
FNH:0
FNDA:0,(anonymous_0)
FNDA:0,(anonymous_1)
DA:3,86
DA:8,86
DA:13,0
DA:16,0
DA:22,86
LF:5
LH:3
BRF:0
BRH:0
end_of_record
TN:
SF:src/redux/store.ts
FNF:0
FNH:0
DA:10,40
DA:23,126
LF:2
LH:2
BRF:0
BRH:0
end_of_record
TN:
SF:src/redux/timerSlice.ts
FN:10,(anonymous_0)
FN:14,(anonymous_1)
FN:17,(anonymous_2)
FNF:3
FNH:0
FNDA:0,(anonymous_0)
FNDA:0,(anonymous_1)
FNDA:0,(anonymous_2)
DA:3,86
DA:11,0
DA:12,0
DA:15,0
DA:18,0
DA:23,86
LF:6
LH:2
BRF:0
BRH:0
end_of_record
TN:
SF:src/redux/userInfoSlice.ts
FN:48,(anonymous_0)
FNF:1
FNH:0
FNDA:0,(anonymous_0)
DA:23,86
DA:43,86
DA:49,0
DA:50,0
DA:51,0
DA:52,0
DA:53,0
DA:54,0
DA:55,0
DA:56,0
DA:57,0
DA:58,0
DA:59,0
DA:60,0
DA:61,0
DA:62,0
DA:63,0
DA:64,0
DA:65,0
DA:70,86
LF:20
LH:3
BRF:0
BRH:0
end_of_record
TN:
SF:src/redux/userSlice.ts
FN:15,(anonymous_0)
FNF:1
FNH:0
FNDA:0,(anonymous_0)
DA:4,126
DA:11,126
DA:16,0
DA:17,0
DA:18,0
DA:19,0
DA:24,126
LF:7
LH:3
BRF:0
BRH:0
end_of_record
TN:
SF:src/redux/thunks/configThunk.ts
FN:5,(anonymous_0)
FNF:1
FNH:1
FNDA:90,(anonymous_0)
DA:5,126
DA:6,90
DA:7,7
DA:8,7
LF:4
LH:4
BRF:0
BRH:0
end_of_record
TN:
SF:src/redux/thunks/propertyThunk.ts
FN:5,(anonymous_0)
FNF:1
FNH:1
FNDA:97,(anonymous_0)
DA:5,126
DA:6,97
DA:7,13
LF:3
LH:3
BRF:0
BRH:0
end_of_record
TN:
SF:src/redux/thunks/roomDetailsThunk.ts
FN:5,(anonymous_0)
FNF:1
FNH:1
FNDA:46,(anonymous_0)
DA:5,126
DA:6,46
DA:9,2
LF:3
LH:3
BRF:0
BRH:0
end_of_record
TN:
SF:src/utils/FindNextDateFunc.ts
FN:1,(anonymous_0)
FNF:1
FNH:1
FNDA:130,(anonymous_0)
DA:1,126
DA:3,130
DA:8,76
DA:9,76
DA:10,76
LF:5
LH:5
BRF:0
BRH:0
end_of_record
