{
  "/home/hp/Desktop/IBE-project/IBE-Front-end/IBE-Team7-Frontend/ibe-team7-frontend/src/components/footer/Footer.tsx": {
    "path": "/home/hp/Desktop/IBE-project/IBE-Front-end/IBE-Team7-Frontend/ibe-team7-frontend/src/components/footer/Footer.tsx",
    "statementMap": {
      "0": {
        "start": {
          "line": 3,
          "column": 20
        },
        "end": {
          "line": 3,
          "column": 97
        }
      },
      "1": {
        "start": {
          "line": 6,
          "column": 0
        },
        "end": {
          "line": 16,
          "column": 1
        }
      },
      "2": {
        "start": {
          "line": 7,
          "column": 2
        },
        "end": {
          "line": 9,
          "column": 3
        }
      },
      "3": {
        "start": {
          "line": 8,
          "column": 4
        },
        "end": {
          "line": 8,
          "column": 165
        }
      },
      "4": {
        "start": {
          "line": 10,
          "column": 2
        },
        "end": {
          "line": 10,
          "column": 39
        }
      },
      "5": {
        "start": {
          "line": 11,
          "column": 2
        },
        "end": {
          "line": 11,
          "column": 39
        }
      },
      "6": {
        "start": {
          "line": 12,
          "column": 2
        },
        "end": {
          "line": 14,
          "column": 4
        }
      },
      "7": {
        "start": {
          "line": 13,
          "column": 4
        },
        "end": {
          "line": 13,
          "column": 157
        }
      },
      "8": {
        "start": {
          "line": 15,
          "column": 2
        },
        "end": {
          "line": 15,
          "column": 75
        }
      },
      "9": {
        "start": {
          "line": 17,
          "column": 9
        },
        "end": {
          "line": 17,
          "column": 23
        }
      },
      "10": {
        "start": {
          "line": 22,
          "column": 2
        },
        "end": {
          "line": 22,
          "column": 7
        }
      },
      "11": {
        "start": {
          "line": 23,
          "column": 16
        },
        "end": {
          "line": 23,
          "column": 32
        }
      },
      "12": {
        "start": {
          "line": 24,
          "column": 2
        },
        "end": {
          "line": 57,
          "column": 11
        }
      },
      "13": {
        "start": {
          "line": 59,
          "column": 0
        },
        "end": {
          "line": 61,
          "column": 3
        }
      },
      "14": {
        "start": {
          "line": 60,
          "column": 2
        },
        "end": {
          "line": 60,
          "column": 26
        }
      },
      "15": {
        "start": {
          "line": 62,
          "column": 0
        },
        "end": {
          "line": 62,
          "column": 12
        }
      },
      "16": {
        "start": {
          "line": 64,
          "column": 0
        },
        "end": {
          "line": 64,
          "column": 27
        }
      },
      "17": {
        "start": {
          "line": 65,
          "column": 0
        },
        "end": {
          "line": 78,
          "column": 1
        }
      },
      "18": {
        "start": {
          "line": 66,
          "column": 2
        },
        "end": {
          "line": 66,
          "column": 39
        }
      },
      "19": {
        "start": {
          "line": 67,
          "column": 2
        },
        "end": {
          "line": 67,
          "column": 39
        }
      },
      "20": {
        "start": {
          "line": 68,
          "column": 2
        },
        "end": {
          "line": 77,
          "column": 5
        }
      },
      "21": {
        "start": {
          "line": 69,
          "column": 4
        },
        "end": {
          "line": 69,
          "column": 183
        }
      },
      "22": {
        "start": {
          "line": 70,
          "column": 4
        },
        "end": {
          "line": 76,
          "column": 7
        }
      },
      "23": {
        "start": {
          "line": 71,
          "column": 6
        },
        "end": {
          "line": 72,
          "column": 15
        }
      },
      "24": {
        "start": {
          "line": 72,
          "column": 8
        },
        "end": {
          "line": 72,
          "column": 15
        }
      },
      "25": {
        "start": {
          "line": 73,
          "column": 32
        },
        "end": {
          "line": 73,
          "column": 115
        }
      },
      "26": {
        "start": {
          "line": 74,
          "column": 6
        },
        "end": {
          "line": 75,
          "column": 54
        }
      },
      "27": {
        "start": {
          "line": 75,
          "column": 8
        },
        "end": {
          "line": 75,
          "column": 54
        }
      }
    },
    "fnMap": {
      "0": {
        "name": "(anonymous_0)",
        "decl": {
          "start": {
            "line": 12,
            "column": 24
          },
          "end": {
            "line": 12,
            "column": 25
          }
        },
        "loc": {
          "start": {
            "line": 12,
            "column": 38
          },
          "end": {
            "line": 14,
            "column": 3
          }
        },
        "line": 12
      },
      "1": {
        "name": "Footer",
        "decl": {
          "start": {
            "line": 21,
            "column": 16
          },
          "end": {
            "line": 21,
            "column": 22
          }
        },
        "loc": {
          "start": {
            "line": 21,
            "column": 25
          },
          "end": {
            "line": 58,
            "column": 1
          }
        },
        "line": 21
      },
      "2": {
        "name": "(anonymous_2)",
        "decl": {
          "start": {
            "line": 59,
            "column": 50
          },
          "end": {
            "line": 59,
            "column": 51
          }
        },
        "loc": {
          "start": {
            "line": 59,
            "column": 61
          },
          "end": {
            "line": 61,
            "column": 1
          }
        },
        "line": 59
      },
      "3": {
        "name": "(anonymous_3)",
        "decl": {
          "start": {
            "line": 68,
            "column": 52
          },
          "end": {
            "line": 68,
            "column": 53
          }
        },
        "loc": {
          "start": {
            "line": 68,
            "column": 72
          },
          "end": {
            "line": 77,
            "column": 3
          }
        },
        "line": 68
      },
      "4": {
        "name": "(anonymous_4)",
        "decl": {
          "start": {
            "line": 70,
            "column": 27
          },
          "end": {
            "line": 70,
            "column": 28
          }
        },
        "loc": {
          "start": {
            "line": 70,
            "column": 44
          },
          "end": {
            "line": 76,
            "column": 5
          }
        },
        "line": 70
      }
    },
    "branchMap": {
      "0": {
        "loc": {
          "start": {
            "line": 3,
            "column": 20
          },
          "end": {
            "line": 3,
            "column": 97
          }
        },
        "type": "binary-expr",
        "locations": [
          {
            "start": {
              "line": 3,
              "column": 20
            },
            "end": {
              "line": 3,
              "column": 60
            }
          },
          {
            "start": {
              "line": 3,
              "column": 64
            },
            "end": {
              "line": 3,
              "column": 97
            }
          }
        ],
        "line": 3
      },
      "1": {
        "loc": {
          "start": {
            "line": 6,
            "column": 0
          },
          "end": {
            "line": 16,
            "column": 1
          }
        },
        "type": "if",
        "locations": [
          {
            "start": {
              "line": 6,
              "column": 0
            },
            "end": {
              "line": 16,
              "column": 1
            }
          },
          {
            "start": {},
            "end": {}
          }
        ],
        "line": 6
      },
      "2": {
        "loc": {
          "start": {
            "line": 6,
            "column": 4
          },
          "end": {
            "line": 6,
            "column": 35
          }
        },
        "type": "binary-expr",
        "locations": [
          {
            "start": {
              "line": 6,
              "column": 4
            },
            "end": {
              "line": 6,
              "column": 19
            }
          },
          {
            "start": {
              "line": 6,
              "column": 23
            },
            "end": {
              "line": 6,
              "column": 35
            }
          }
        ],
        "line": 6
      },
      "3": {
        "loc": {
          "start": {
            "line": 7,
            "column": 2
          },
          "end": {
            "line": 9,
            "column": 3
          }
        },
        "type": "if",
        "locations": [
          {
            "start": {
              "line": 7,
              "column": 2
            },
            "end": {
              "line": 9,
              "column": 3
            }
          },
          {
            "start": {},
            "end": {}
          }
        ],
        "line": 7
      },
      "4": {
        "loc": {
          "start": {
            "line": 65,
            "column": 0
          },
          "end": {
            "line": 78,
            "column": 1
          }
        },
        "type": "if",
        "locations": [
          {
            "start": {
              "line": 65,
              "column": 0
            },
            "end": {
              "line": 78,
              "column": 1
            }
          },
          {
            "start": {},
            "end": {}
          }
        ],
        "line": 65
      },
      "5": {
        "loc": {
          "start": {
            "line": 65,
            "column": 4
          },
          "end": {
            "line": 65,
            "column": 35
          }
        },
        "type": "binary-expr",
        "locations": [
          {
            "start": {
              "line": 65,
              "column": 4
            },
            "end": {
              "line": 65,
              "column": 19
            }
          },
          {
            "start": {
              "line": 65,
              "column": 23
            },
            "end": {
              "line": 65,
              "column": 35
            }
          }
        ],
        "line": 65
      },
      "6": {
        "loc": {
          "start": {
            "line": 71,
            "column": 6
          },
          "end": {
            "line": 72,
            "column": 15
          }
        },
        "type": "if",
        "locations": [
          {
            "start": {
              "line": 71,
              "column": 6
            },
            "end": {
              "line": 72,
              "column": 15
            }
          },
          {
            "start": {},
            "end": {}
          }
        ],
        "line": 71
      },
      "7": {
        "loc": {
          "start": {
            "line": 74,
            "column": 6
          },
          "end": {
            "line": 75,
            "column": 54
          }
        },
        "type": "if",
        "locations": [
          {
            "start": {
              "line": 74,
              "column": 6
            },
            "end": {
              "line": 75,
              "column": 54
            }
          },
          {
            "start": {},
            "end": {}
          }
        ],
        "line": 74
      }
    },
    "s": {
      "0": 40,
      "1": 40,
      "2": 40,
      "3": 0,
      "4": 40,
      "5": 40,
      "6": 40,
      "7": 40,
      "8": 40,
      "9": 40,
      "10": 94,
      "11": 94,
      "12": 56,
      "13": 40,
      "14": 38,
      "15": 40,
      "16": 40,
      "17": 40,
      "18": 40,
      "19": 40,
      "20": 40,
      "21": 40,
      "22": 40,
      "23": 0,
      "24": 0,
      "25": 0,
      "26": 0,
      "27": 0
    },
    "f": {
      "0": 40,
      "1": 94,
      "2": 38,
      "3": 40,
      "4": 0
    },
    "b": {
      "0": [
        40,
        0
      ],
      "1": [
        40,
        0
      ],
      "2": [
        40,
        40
      ],
      "3": [
        0,
        40
      ],
      "4": [
        40,
        0
      ],
      "5": [
        40,
        40
      ],
      "6": [
        0,
        0
      ],
      "7": [
        0,
        0
      ]
    },
    "inputSourceMap": {
      "version": 3,
      "mappings": "AASgB;2BAThB;AAAO,MAAe;AAAA;AAAA;AAAA;AAAA;AAAA;AAAA;AAAA;AAAA;AAAA;AAAA;AAAA;AAAA;AAAA;AAAA;AAAA;AACtB,OAAOA,WAAW;AAElB,SAASC,sBAAsB;AACxB,gBAASC,SAAS;AAAAC,KAAA;AACrB,QAAM,EAAEC,EAAE,IAAIH,eAAe;AAC7B,SACI,uBAAC,SAAI,WAAU,UACX;AAAA,2BAAC,SAAI,WAAU,cACX,iCAAC,SAAI,WAAU,QAAO,KAAKD,OAAO,KAAI,cAAtC;AAAA;AAAA;AAAA;AAAA,WAAgD,KADpD;AAAA;AAAA;AAAA;AAAA,WAEA;AAAA,IACA,uBAAC,SAAI,WAAU,eACX;AAAA,6BAAC,SAAI,gDAAL;AAAA;AAAA;AAAA;AAAA,aAAqC;AAAA,MACrC,uBAAC,SAAKI;AAAAA,UAAE,WAAW;AAAA,QAAE;AAAA,WAArB;AAAA;AAAA;AAAA;AAAA,aAAsB;AAAA,SAF1B;AAAA;AAAA;AAAA;AAAA,WAGA;AAAA,OAPJ;AAAA;AAAA;AAAA;AAAA,SAQA;AAER;AAACD,GAbeD,QAAM;AAAA,UACJD,cAAc;AAAA;AAAAI,KADhBH;AAAM,IAAAG;AAAAC,aAAAD,IAAA",
      "names": [
        "image",
        "useTranslation",
        "Footer",
        "_s",
        "t",
        "_c",
        "$RefreshReg$"
      ],
      "sources": [
        "/home/hp/Desktop/IBE-project/IBE-Front-end/IBE-Team7-Frontend/ibe-team7-frontend/src/components/footer/Footer.tsx"
      ],
      "file": "/home/hp/Desktop/IBE-project/IBE-Front-end/IBE-Team7-Frontend/ibe-team7-frontend/src/components/footer/Footer.tsx"
    },
    "_coverageSchema": "1a1c01bbd47fc00a2c39e90264f33305004495a9",
    "hash": "0f8954cdabdad70f2a660456e49bcc39cb57f7ec"
  },
  "/home/hp/Desktop/IBE-project/IBE-Front-end/IBE-Team7-Frontend/ibe-team7-frontend/src/constants/Constants.ts": {
    "path": "/home/hp/Desktop/IBE-project/IBE-Front-end/IBE-Team7-Frontend/ibe-team7-frontend/src/constants/Constants.ts",
    "statementMap": {
      "0": {
        "start": {
          "line": 1,
          "column": 27
        },
        "end": {
          "line": 1,
          "column": 94
        }
      },
      "1": {
        "start": {
          "line": 2,
          "column": 26
        },
        "end": {
          "line": 2,
          "column": 38
        }
      }
    },
    "fnMap": {},
    "branchMap": {},
    "s": {
      "0": 40,
      "1": 40
    },
    "f": {},
    "b": {},
    "inputSourceMap": {
      "version": 3,
      "sources": [
        "/home/hp/Desktop/IBE-project/IBE-Front-end/IBE-Team7-Frontend/ibe-team7-frontend/src/constants/Constants.ts"
      ],
      "mappings": "AAAO,aAAM,cACT;AAEG,aAAM,aAAa;",
      "names": []
    },
    "_coverageSchema": "1a1c01bbd47fc00a2c39e90264f33305004495a9",
    "hash": "a69f4c7f63a65c0c3c2c2a14477e79bf5ad5208f"
  },
  "/home/hp/Desktop/IBE-project/IBE-Front-end/IBE-Team7-Frontend/ibe-team7-frontend/src/redux/thunks/configThunk.ts": {
    "path": "/home/hp/Desktop/IBE-project/IBE-Front-end/IBE-Team7-Frontend/ibe-team7-frontend/src/redux/thunks/configThunk.ts",
    "statementMap": {
      "0": {
        "start": {
          "line": 4,
          "column": 20
        },
        "end": {
          "line": 8,
          "column": 2
        }
      },
      "1": {
        "start": {
          "line": 5,
          "column": 19
        },
        "end": {
          "line": 5,
          "column": 59
        }
      },
      "2": {
        "start": {
          "line": 6,
          "column": 2
        },
        "end": {
          "line": 6,
          "column": 24
        }
      },
      "3": {
        "start": {
          "line": 7,
          "column": 2
        },
        "end": {
          "line": 7,
          "column": 47
        }
      }
    },
    "fnMap": {
      "0": {
        "name": "(anonymous_0)",
        "decl": {
          "start": {
            "line": 4,
            "column": 52
          },
          "end": {
            "line": 4,
            "column": 53
          }
        },
        "loc": {
          "start": {
            "line": 4,
            "column": 64
          },
          "end": {
            "line": 8,
            "column": 1
          }
        },
        "line": 4
      }
    },
    "branchMap": {},
    "s": {
      "0": 40,
      "1": 30,
      "2": 2,
      "3": 2
    },
    "f": {
      "0": 30
    },
    "b": {},
    "inputSourceMap": {
      "version": 3,
      "sources": [
        "/home/hp/Desktop/IBE-project/IBE-Front-end/IBE-Team7-Frontend/ibe-team7-frontend/src/redux/thunks/configThunk.ts"
      ],
      "mappings": "AAAA,SAAS,wBAAwB;AACjC,SAAS,mBAAmB;AAC5B,OAAO,WAAW;AAElB,MAAM,cAAc,iBAAiB,eAAe,YAAY;AAC5D,QAAM,WAAW,MAAM,MAAM,IAAI,cAAc,SAAS;AACxD,UAAQ,IAAI,QAAQ;AACpB,SAAO,SAAS,KAAK,CAAC,EAAE,eAAe;AAC3C,CAAC;AAED,eAAe;",
      "names": []
    },
    "_coverageSchema": "1a1c01bbd47fc00a2c39e90264f33305004495a9",
    "hash": "92e646262bc6b1d0343d0726d20a22c7b686409e"
  },
  "/home/hp/Desktop/IBE-project/IBE-Front-end/IBE-Team7-Frontend/ibe-team7-frontend/src/redux/thunks/propertyThunk.ts": {
    "path": "/home/hp/Desktop/IBE-project/IBE-Front-end/IBE-Team7-Frontend/ibe-team7-frontend/src/redux/thunks/propertyThunk.ts",
    "statementMap": {
      "0": {
        "start": {
          "line": 4,
          "column": 18
        },
        "end": {
          "line": 7,
          "column": 2
        }
      },
      "1": {
        "start": {
          "line": 5,
          "column": 19
        },
        "end": {
          "line": 5,
          "column": 68
        }
      },
      "2": {
        "start": {
          "line": 6,
          "column": 2
        },
        "end": {
          "line": 6,
          "column": 43
        }
      }
    },
    "fnMap": {
      "0": {
        "name": "(anonymous_0)",
        "decl": {
          "start": {
            "line": 4,
            "column": 48
          },
          "end": {
            "line": 4,
            "column": 49
          }
        },
        "loc": {
          "start": {
            "line": 4,
            "column": 60
          },
          "end": {
            "line": 7,
            "column": 1
          }
        },
        "line": 4
      }
    },
    "branchMap": {},
    "s": {
      "0": 40,
      "1": 32,
      "2": 4
    },
    "f": {
      "0": 32
    },
    "b": {},
    "inputSourceMap": {
      "version": 3,
      "sources": [
        "/home/hp/Desktop/IBE-project/IBE-Front-end/IBE-Team7-Frontend/ibe-team7-frontend/src/redux/thunks/propertyThunk.ts"
      ],
      "mappings": "AAAA,SAAS,wBAAwB;AACjC,OAAO,WAAW;AAClB,SAAS,mBAAmB;AAE5B,MAAM,YAAY,iBAAiB,aAAa,YAAY;AACxD,QAAM,WAAW,MAAM,MAAM,IAAI,cAAc,kBAAkB;AACjE,SAAO,SAAS,KAAK,KAAK;AAC9B,CAAC;AAED,eAAe;",
      "names": []
    },
    "_coverageSchema": "1a1c01bbd47fc00a2c39e90264f33305004495a9",
    "hash": "3127f9982dfe5b3b6482338108bfa15fffb704e5"
  },
  "/home/hp/Desktop/IBE-project/IBE-Front-end/IBE-Team7-Frontend/ibe-team7-frontend/src/redux/searchSlice.ts": {
    "path": "/home/hp/Desktop/IBE-project/IBE-Front-end/IBE-Team7-Frontend/ibe-team7-frontend/src/redux/searchSlice.ts",
    "statementMap": {
      "0": {
        "start": {
          "line": 4,
          "column": 21
        },
        "end": {
          "line": 28,
          "column": 1
        }
      },
      "1": {
        "start": {
          "line": 29,
          "column": 20
        },
        "end": {
          "line": 125,
          "column": 2
        }
      },
      "2": {
        "start": {
          "line": 34,
          "column": 6
        },
        "end": {
          "line": 34,
          "column": 38
        }
      },
      "3": {
        "start": {
          "line": 37,
          "column": 6
        },
        "end": {
          "line": 37,
          "column": 39
        }
      },
      "4": {
        "start": {
          "line": 40,
          "column": 6
        },
        "end": {
          "line": 40,
          "column": 34
        }
      },
      "5": {
        "start": {
          "line": 43,
          "column": 6
        },
        "end": {
          "line": 43,
          "column": 45
        }
      },
      "6": {
        "start": {
          "line": 46,
          "column": 6
        },
        "end": {
          "line": 46,
          "column": 39
        }
      },
      "7": {
        "start": {
          "line": 49,
          "column": 6
        },
        "end": {
          "line": 49,
          "column": 37
        }
      },
      "8": {
        "start": {
          "line": 52,
          "column": 6
        },
        "end": {
          "line": 52,
          "column": 41
        }
      },
      "9": {
        "start": {
          "line": 55,
          "column": 6
        },
        "end": {
          "line": 55,
          "column": 41
        }
      },
      "10": {
        "start": {
          "line": 58,
          "column": 6
        },
        "end": {
          "line": 58,
          "column": 44
        }
      },
      "11": {
        "start": {
          "line": 61,
          "column": 6
        },
        "end": {
          "line": 61,
          "column": 40
        }
      },
      "12": {
        "start": {
          "line": 64,
          "column": 6
        },
        "end": {
          "line": 64,
          "column": 46
        }
      },
      "13": {
        "start": {
          "line": 67,
          "column": 6
        },
        "end": {
          "line": 67,
          "column": 39
        }
      },
      "14": {
        "start": {
          "line": 70,
          "column": 6
        },
        "end": {
          "line": 70,
          "column": 39
        }
      },
      "15": {
        "start": {
          "line": 73,
          "column": 6
        },
        "end": {
          "line": 73,
          "column": 38
        }
      },
      "16": {
        "start": {
          "line": 76,
          "column": 6
        },
        "end": {
          "line": 76,
          "column": 37
        }
      },
      "17": {
        "start": {
          "line": 79,
          "column": 6
        },
        "end": {
          "line": 79,
          "column": 39
        }
      },
      "18": {
        "start": {
          "line": 82,
          "column": 6
        },
        "end": {
          "line": 82,
          "column": 38
        }
      },
      "19": {
        "start": {
          "line": 85,
          "column": 6
        },
        "end": {
          "line": 85,
          "column": 34
        }
      },
      "20": {
        "start": {
          "line": 88,
          "column": 6
        },
        "end": {
          "line": 88,
          "column": 35
        }
      },
      "21": {
        "start": {
          "line": 91,
          "column": 6
        },
        "end": {
          "line": 91,
          "column": 39
        }
      },
      "22": {
        "start": {
          "line": 95,
          "column": 4
        },
        "end": {
          "line": 97,
          "column": 7
        }
      },
      "23": {
        "start": {
          "line": 96,
          "column": 6
        },
        "end": {
          "line": 96,
          "column": 32
        }
      },
      "24": {
        "start": {
          "line": 98,
          "column": 4
        },
        "end": {
          "line": 108,
          "column": 7
        }
      },
      "25": {
        "start": {
          "line": 99,
          "column": 6
        },
        "end": {
          "line": 99,
          "column": 34
        }
      },
      "26": {
        "start": {
          "line": 100,
          "column": 6
        },
        "end": {
          "line": 100,
          "column": 50
        }
      },
      "27": {
        "start": {
          "line": 101,
          "column": 6
        },
        "end": {
          "line": 101,
          "column": 58
        }
      },
      "28": {
        "start": {
          "line": 102,
          "column": 6
        },
        "end": {
          "line": 102,
          "column": 55
        }
      },
      "29": {
        "start": {
          "line": 103,
          "column": 6
        },
        "end": {
          "line": 103,
          "column": 64
        }
      },
      "30": {
        "start": {
          "line": 104,
          "column": 6
        },
        "end": {
          "line": 104,
          "column": 62
        }
      },
      "31": {
        "start": {
          "line": 105,
          "column": 6
        },
        "end": {
          "line": 105,
          "column": 60
        }
      },
      "32": {
        "start": {
          "line": 106,
          "column": 6
        },
        "end": {
          "line": 106,
          "column": 64
        }
      },
      "33": {
        "start": {
          "line": 107,
          "column": 6
        },
        "end": {
          "line": 107,
          "column": 61
        }
      },
      "34": {
        "start": {
          "line": 109,
          "column": 4
        },
        "end": {
          "line": 112,
          "column": 7
        }
      },
      "35": {
        "start": {
          "line": 110,
          "column": 6
        },
        "end": {
          "line": 110,
          "column": 31
        }
      },
      "36": {
        "start": {
          "line": 111,
          "column": 6
        },
        "end": {
          "line": 111,
          "column": 41
        }
      },
      "37": {
        "start": {
          "line": 113,
          "column": 4
        },
        "end": {
          "line": 115,
          "column": 7
        }
      },
      "38": {
        "start": {
          "line": 114,
          "column": 6
        },
        "end": {
          "line": 114,
          "column": 40
        }
      },
      "39": {
        "start": {
          "line": 116,
          "column": 4
        },
        "end": {
          "line": 119,
          "column": 7
        }
      },
      "40": {
        "start": {
          "line": 117,
          "column": 6
        },
        "end": {
          "line": 117,
          "column": 42
        }
      },
      "41": {
        "start": {
          "line": 118,
          "column": 6
        },
        "end": {
          "line": 118,
          "column": 34
        }
      },
      "42": {
        "start": {
          "line": 120,
          "column": 4
        },
        "end": {
          "line": 123,
          "column": 7
        }
      },
      "43": {
        "start": {
          "line": 121,
          "column": 6
        },
        "end": {
          "line": 121,
          "column": 39
        }
      },
      "44": {
        "start": {
          "line": 122,
          "column": 6
        },
        "end": {
          "line": 122,
          "column": 41
        }
      },
      "45": {
        "start": {
          "line": 147,
          "column": 4
        },
        "end": {
          "line": 147,
          "column": 23
        }
      }
    },
    "fnMap": {
      "0": {
        "name": "(anonymous_0)",
        "decl": {
          "start": {
            "line": 33,
            "column": 17
          },
          "end": {
            "line": 33,
            "column": 18
          }
        },
        "loc": {
          "start": {
            "line": 33,
            "column": 36
          },
          "end": {
            "line": 35,
            "column": 5
          }
        },
        "line": 33
      },
      "1": {
        "name": "(anonymous_1)",
        "decl": {
          "start": {
            "line": 36,
            "column": 18
          },
          "end": {
            "line": 36,
            "column": 19
          }
        },
        "loc": {
          "start": {
            "line": 36,
            "column": 37
          },
          "end": {
            "line": 38,
            "column": 5
          }
        },
        "line": 36
      },
      "2": {
        "name": "(anonymous_2)",
        "decl": {
          "start": {
            "line": 39,
            "column": 13
          },
          "end": {
            "line": 39,
            "column": 14
          }
        },
        "loc": {
          "start": {
            "line": 39,
            "column": 32
          },
          "end": {
            "line": 41,
            "column": 5
          }
        },
        "line": 39
      },
      "3": {
        "name": "(anonymous_3)",
        "decl": {
          "start": {
            "line": 42,
            "column": 24
          },
          "end": {
            "line": 42,
            "column": 25
          }
        },
        "loc": {
          "start": {
            "line": 42,
            "column": 43
          },
          "end": {
            "line": 44,
            "column": 5
          }
        },
        "line": 42
      },
      "4": {
        "name": "(anonymous_4)",
        "decl": {
          "start": {
            "line": 45,
            "column": 18
          },
          "end": {
            "line": 45,
            "column": 19
          }
        },
        "loc": {
          "start": {
            "line": 45,
            "column": 37
          },
          "end": {
            "line": 47,
            "column": 5
          }
        },
        "line": 45
      },
      "5": {
        "name": "(anonymous_5)",
        "decl": {
          "start": {
            "line": 48,
            "column": 16
          },
          "end": {
            "line": 48,
            "column": 17
          }
        },
        "loc": {
          "start": {
            "line": 48,
            "column": 35
          },
          "end": {
            "line": 50,
            "column": 5
          }
        },
        "line": 48
      },
      "6": {
        "name": "(anonymous_6)",
        "decl": {
          "start": {
            "line": 51,
            "column": 20
          },
          "end": {
            "line": 51,
            "column": 21
          }
        },
        "loc": {
          "start": {
            "line": 51,
            "column": 39
          },
          "end": {
            "line": 53,
            "column": 5
          }
        },
        "line": 51
      },
      "7": {
        "name": "(anonymous_7)",
        "decl": {
          "start": {
            "line": 54,
            "column": 20
          },
          "end": {
            "line": 54,
            "column": 21
          }
        },
        "loc": {
          "start": {
            "line": 54,
            "column": 39
          },
          "end": {
            "line": 56,
            "column": 5
          }
        },
        "line": 54
      },
      "8": {
        "name": "(anonymous_8)",
        "decl": {
          "start": {
            "line": 57,
            "column": 23
          },
          "end": {
            "line": 57,
            "column": 24
          }
        },
        "loc": {
          "start": {
            "line": 57,
            "column": 42
          },
          "end": {
            "line": 59,
            "column": 5
          }
        },
        "line": 57
      },
      "9": {
        "name": "(anonymous_9)",
        "decl": {
          "start": {
            "line": 60,
            "column": 19
          },
          "end": {
            "line": 60,
            "column": 20
          }
        },
        "loc": {
          "start": {
            "line": 60,
            "column": 38
          },
          "end": {
            "line": 62,
            "column": 5
          }
        },
        "line": 60
      },
      "10": {
        "name": "(anonymous_10)",
        "decl": {
          "start": {
            "line": 63,
            "column": 25
          },
          "end": {
            "line": 63,
            "column": 26
          }
        },
        "loc": {
          "start": {
            "line": 63,
            "column": 44
          },
          "end": {
            "line": 65,
            "column": 5
          }
        },
        "line": 63
      },
      "11": {
        "name": "(anonymous_11)",
        "decl": {
          "start": {
            "line": 66,
            "column": 18
          },
          "end": {
            "line": 66,
            "column": 19
          }
        },
        "loc": {
          "start": {
            "line": 66,
            "column": 37
          },
          "end": {
            "line": 68,
            "column": 5
          }
        },
        "line": 66
      },
      "12": {
        "name": "(anonymous_12)",
        "decl": {
          "start": {
            "line": 69,
            "column": 18
          },
          "end": {
            "line": 69,
            "column": 19
          }
        },
        "loc": {
          "start": {
            "line": 69,
            "column": 37
          },
          "end": {
            "line": 71,
            "column": 5
          }
        },
        "line": 69
      },
      "13": {
        "name": "(anonymous_13)",
        "decl": {
          "start": {
            "line": 72,
            "column": 17
          },
          "end": {
            "line": 72,
            "column": 18
          }
        },
        "loc": {
          "start": {
            "line": 72,
            "column": 36
          },
          "end": {
            "line": 74,
            "column": 5
          }
        },
        "line": 72
      },
      "14": {
        "name": "(anonymous_14)",
        "decl": {
          "start": {
            "line": 75,
            "column": 16
          },
          "end": {
            "line": 75,
            "column": 17
          }
        },
        "loc": {
          "start": {
            "line": 75,
            "column": 35
          },
          "end": {
            "line": 77,
            "column": 5
          }
        },
        "line": 75
      },
      "15": {
        "name": "(anonymous_15)",
        "decl": {
          "start": {
            "line": 78,
            "column": 18
          },
          "end": {
            "line": 78,
            "column": 19
          }
        },
        "loc": {
          "start": {
            "line": 78,
            "column": 37
          },
          "end": {
            "line": 80,
            "column": 5
          }
        },
        "line": 78
      },
      "16": {
        "name": "(anonymous_16)",
        "decl": {
          "start": {
            "line": 81,
            "column": 17
          },
          "end": {
            "line": 81,
            "column": 18
          }
        },
        "loc": {
          "start": {
            "line": 81,
            "column": 36
          },
          "end": {
            "line": 83,
            "column": 5
          }
        },
        "line": 81
      },
      "17": {
        "name": "(anonymous_17)",
        "decl": {
          "start": {
            "line": 84,
            "column": 13
          },
          "end": {
            "line": 84,
            "column": 14
          }
        },
        "loc": {
          "start": {
            "line": 84,
            "column": 32
          },
          "end": {
            "line": 86,
            "column": 5
          }
        },
        "line": 84
      },
      "18": {
        "name": "(anonymous_18)",
        "decl": {
          "start": {
            "line": 87,
            "column": 14
          },
          "end": {
            "line": 87,
            "column": 15
          }
        },
        "loc": {
          "start": {
            "line": 87,
            "column": 33
          },
          "end": {
            "line": 89,
            "column": 5
          }
        },
        "line": 87
      },
      "19": {
        "name": "(anonymous_19)",
        "decl": {
          "start": {
            "line": 90,
            "column": 18
          },
          "end": {
            "line": 90,
            "column": 19
          }
        },
        "loc": {
          "start": {
            "line": 90,
            "column": 37
          },
          "end": {
            "line": 92,
            "column": 5
          }
        },
        "line": 90
      },
      "20": {
        "name": "(anonymous_20)",
        "decl": {
          "start": {
            "line": 94,
            "column": 17
          },
          "end": {
            "line": 94,
            "column": 18
          }
        },
        "loc": {
          "start": {
            "line": 94,
            "column": 30
          },
          "end": {
            "line": 124,
            "column": 3
          }
        },
        "line": 94
      },
      "21": {
        "name": "(anonymous_21)",
        "decl": {
          "start": {
            "line": 95,
            "column": 41
          },
          "end": {
            "line": 95,
            "column": 42
          }
        },
        "loc": {
          "start": {
            "line": 95,
            "column": 52
          },
          "end": {
            "line": 97,
            "column": 5
          }
        },
        "line": 95
      },
      "22": {
        "name": "(anonymous_22)",
        "decl": {
          "start": {
            "line": 98,
            "column": 43
          },
          "end": {
            "line": 98,
            "column": 44
          }
        },
        "loc": {
          "start": {
            "line": 98,
            "column": 62
          },
          "end": {
            "line": 108,
            "column": 5
          }
        },
        "line": 98
      },
      "23": {
        "name": "(anonymous_23)",
        "decl": {
          "start": {
            "line": 109,
            "column": 42
          },
          "end": {
            "line": 109,
            "column": 43
          }
        },
        "loc": {
          "start": {
            "line": 109,
            "column": 61
          },
          "end": {
            "line": 112,
            "column": 5
          }
        },
        "line": 109
      },
      "24": {
        "name": "(anonymous_24)",
        "decl": {
          "start": {
            "line": 113,
            "column": 39
          },
          "end": {
            "line": 113,
            "column": 40
          }
        },
        "loc": {
          "start": {
            "line": 113,
            "column": 50
          },
          "end": {
            "line": 115,
            "column": 5
          }
        },
        "line": 113
      },
      "25": {
        "name": "(anonymous_25)",
        "decl": {
          "start": {
            "line": 116,
            "column": 41
          },
          "end": {
            "line": 116,
            "column": 42
          }
        },
        "loc": {
          "start": {
            "line": 116,
            "column": 60
          },
          "end": {
            "line": 119,
            "column": 5
          }
        },
        "line": 116
      },
      "26": {
        "name": "(anonymous_26)",
        "decl": {
          "start": {
            "line": 120,
            "column": 40
          },
          "end": {
            "line": 120,
            "column": 41
          }
        },
        "loc": {
          "start": {
            "line": 120,
            "column": 59
          },
          "end": {
            "line": 123,
            "column": 5
          }
        },
        "line": 120
      }
    },
    "branchMap": {},
    "s": {
      "0": 40,
      "1": 40,
      "2": 8,
      "3": 8,
      "4": 0,
      "5": 0,
      "6": 10,
      "7": 10,
      "8": 8,
      "9": 8,
      "10": 8,
      "11": 2,
      "12": 0,
      "13": 0,
      "14": 0,
      "15": 0,
      "16": 0,
      "17": 0,
      "18": 0,
      "19": 0,
      "20": 0,
      "21": 0,
      "22": 40,
      "23": 30,
      "24": 40,
      "25": 2,
      "26": 2,
      "27": 2,
      "28": 2,
      "29": 2,
      "30": 2,
      "31": 2,
      "32": 2,
      "33": 2,
      "34": 40,
      "35": 0,
      "36": 0,
      "37": 40,
      "38": 32,
      "39": 40,
      "40": 4,
      "41": 4,
      "42": 40,
      "43": 0,
      "44": 0,
      "45": 40
    },
    "f": {
      "0": 8,
      "1": 8,
      "2": 0,
      "3": 0,
      "4": 10,
      "5": 10,
      "6": 8,
      "7": 8,
      "8": 8,
      "9": 2,
      "10": 0,
      "11": 0,
      "12": 0,
      "13": 0,
      "14": 0,
      "15": 0,
      "16": 0,
      "17": 0,
      "18": 0,
      "19": 0,
      "20": 40,
      "21": 30,
      "22": 2,
      "23": 0,
      "24": 32,
      "25": 4,
      "26": 0
    },
    "b": {},
    "inputSourceMap": {
      "version": 3,
      "sources": [
        "/home/hp/Desktop/IBE-project/IBE-Front-end/IBE-Team7-Frontend/ibe-team7-frontend/src/redux/searchSlice.ts"
      ],
      "mappings": "AAAA,SAAS,mBAAmB;AAE5B,OAAO,iBAAiB;AACxB,OAAO,eAAe;AAEtB,MAAM,eAA6B;AAAA,EAC/B,UAAU;AAAA,EACV,WAAW;AAAA,EACX,MAAM;AAAA,EACN,iBAAiB;AAAA,EACjB,WAAW;AAAA,EACX,SAAS;AAAA,EACT,aAAa;AAAA,EACb,aAAa;AAAA,EACb,gBAAgB;AAAA,EAChB,YAAY;AAAA,EACZ,kBAAkB;AAAA,EAClB,WAAW;AAAA,EACX,WAAW;AAAA,EACX,UAAU;AAAA,EACV,SAAS;AAAA,EACT,WAAW;AAAA,EACX,UAAU;AAAA,EACV,MAAM,CAAC;AAAA,EACP,OAAO,CAAC;AAAA,EACR,WAAW;AAAA,EACX,SAAS;AAAA,EACT,iBAAiB;AAAA,EACjB,OAAO;AACX;AAEA,MAAM,cAAc,YAAY;AAAA,EAC5B,MAAM;AAAA,EACN;AAAA,EACA,UAAU;AAAA,IACN,aAAa,CAAC,OAAO,WAAW;AAC5B,YAAM,WAAW,OAAO;AAAA,IAC5B;AAAA,IACA,cAAc,CAAC,OAAO,WAAW;AAC7B,YAAM,YAAY,OAAO;AAAA,IAC7B;AAAA,IACA,SAAS,CAAC,OAAO,WAAW;AACxB,YAAM,OAAO,OAAO;AAAA,IACxB;AAAA,IACA,oBAAoB,CAAC,OAAO,WAAW;AACnC,YAAM,kBAAkB,OAAO;AAAA,IACnC;AAAA,IAEA,cAAc,CAAC,OAAO,WAAW;AAC7B,YAAM,YAAY,OAAO;AAAA,IAC7B;AAAA,IAEA,YAAY,CAAC,OAAO,WAAW;AAC3B,YAAM,UAAU,OAAO;AAAA,IAC3B;AAAA,IAEA,gBAAgB,CAAC,OAAO,WAAW;AAC/B,YAAM,cAAc,OAAO;AAAA,IAC/B;AAAA,IAEA,gBAAgB,CAAC,OAAO,WAAW;AAC/B,YAAM,cAAc,OAAO;AAAA,IAC/B;AAAA,IAEA,mBAAmB,CAAC,OAAO,WAAW;AAClC,YAAM,iBAAiB,OAAO;AAAA,IAClC;AAAA,IAEA,eAAe,CAAC,OAAO,WAAW;AAC9B,YAAM,aAAa,OAAO;AAAA,IAC9B;AAAA,IAEA,qBAAqB,CAAC,OAAO,WAAW;AACpC,YAAM,mBAAmB,OAAO;AAAA,IACpC;AAAA,IAEA,cAAc,CAAC,OAAO,WAAW;AAC7B,YAAM,YAAY,OAAO;AAAA,IAC7B;AAAA,IAEA,cAAc,CAAC,OAAO,WAAW;AAC7B,YAAM,YAAY,OAAO;AAAA,IAC7B;AAAA,IAEA,aAAa,CAAC,OAAO,WAAW;AAC5B,YAAM,WAAW,OAAO;AAAA,IAC5B;AAAA,IAEA,YAAY,CAAC,OAAO,WAAW;AAC3B,YAAM,UAAU,OAAO;AAAA,IAC3B;AAAA,IAEA,cAAc,CAAC,OAAO,WAAW;AAC7B,YAAM,YAAY,OAAO;AAAA,IAC7B;AAAA,IAEA,aAAa,CAAC,OAAO,WAAW;AAC5B,YAAM,WAAW,OAAO;AAAA,IAC5B;AAAA,IAEA,SAAS,CAAC,OAAO,WAAW;AACxB,YAAM,OAAO,OAAO;AAAA,IACxB;AAAA,IAEA,UAAU,CAAC,OAAO,WAAW;AACzB,YAAM,QAAQ,OAAO;AAAA,IACzB;AAAA,IAEA,cAAc,CAAC,OAAO,WAAW;AAC7B,YAAM,YAAY,OAAO;AAAA,IAC7B;AAAA,EACJ;AAAA,EACA,eAAe,CAAC,YAAY;AACxB,YAAQ,QAAQ,YAAY,SAAS,CAAC,UAAU;AAC5C,YAAM,UAAU;AAAA,IACpB,CAAC;AACD,YAAQ,QAAQ,YAAY,WAAW,CAAC,OAAO,WAAW;AACtD,YAAM,UAAU;AAChB,YAAM,YAAY,OAAO,QAAQ,MAAM;AACvC,YAAM,mBAAmB,OAAO,QAAQ,OAAO;AAC/C,YAAM,YAAY,OAAO,QAAQ,WAAW;AAC5C,YAAM,YAAY,OAAO,QAAQ,OAAO,WAAW;AACnD,YAAM,WAAW,OAAO,QAAQ,OAAO,WAAW;AAClD,YAAM,UAAU,OAAO,QAAQ,OAAO,WAAW;AACjD,YAAM,YAAY,OAAO,QAAQ,OAAO;AACxC,YAAM,WAAW,OAAO,QAAQ,MAAM;AAAA,IAC1C,CAAC;AACD,YAAQ,QAAQ,YAAY,UAAU,CAAC,OAAO,WAAW;AACrD,YAAM,UAAU;AAChB,YAAM,QAAQ,OAAO,MAAM;AAAA,IAC/B,CAAC;AACD,YAAQ,QAAQ,UAAU,SAAS,CAAC,UAAU;AAC1C,YAAM,kBAAkB;AAAA,IAC5B,CAAC;AACD,YAAQ,QAAQ,UAAU,WAAW,CAAC,OAAO,WAAW;AACpD,YAAM,kBAAkB;AACxB,YAAM,OAAO,OAAO;AAAA,IACxB,CAAC;AACD,YAAQ,QAAQ,UAAU,UAAU,CAAC,OAAO,WAAW;AACnD,YAAM,kBAAkB;AACxB,YAAM,QAAQ,OAAO,MAAM;AAAA,IAC/B,CAAC;AAAA,EACL;AACJ,CAAC;AAEM,aAAM;AAAA,EACT;AAAA,EACA;AAAA,EACA;AAAA,EACA;AAAA,EACA;AAAA,EACA;AAAA,EACA;AAAA,EACA;AAAA,EACA;AAAA,EACA;AAAA,EACA;AAAA,EACA;AAAA,EACA;AAAA,EACA;AAAA,EACA;AAAA,EACA;AAAA,EACA;AAAA,EACA;AAAA,EACA;AAAA,EACA;AACJ,IAAI,YAAY;AAEhB,eAAe,YAAY;",
      "names": []
    },
    "_coverageSchema": "1a1c01bbd47fc00a2c39e90264f33305004495a9",
    "hash": "9935e3f7df7b439d9907bc171b005ce6f6e2b58b"
  },
  "/home/hp/Desktop/IBE-project/IBE-Front-end/IBE-Team7-Frontend/ibe-team7-frontend/src/redux/currencySlice.ts": {
    "path": "/home/hp/Desktop/IBE-project/IBE-Front-end/IBE-Team7-Frontend/ibe-team7-frontend/src/redux/currencySlice.ts",
    "statementMap": {
      "0": {
        "start": {
          "line": 2,
          "column": 21
        },
        "end": {
          "line": 5,
          "column": 1
        }
      },
      "1": {
        "start": {
          "line": 6,
          "column": 22
        },
        "end": {
          "line": 15,
          "column": 2
        }
      },
      "2": {
        "start": {
          "line": 11,
          "column": 6
        },
        "end": {
          "line": 11,
          "column": 47
        }
      },
      "3": {
        "start": {
          "line": 12,
          "column": 6
        },
        "end": {
          "line": 12,
          "column": 41
        }
      },
      "4": {
        "start": {
          "line": 16,
          "column": 31
        },
        "end": {
          "line": 16,
          "column": 52
        }
      }
    },
    "fnMap": {
      "0": {
        "name": "(anonymous_0)",
        "decl": {
          "start": {
            "line": 10,
            "column": 17
          },
          "end": {
            "line": 10,
            "column": 18
          }
        },
        "loc": {
          "start": {
            "line": 10,
            "column": 36
          },
          "end": {
            "line": 13,
            "column": 5
          }
        },
        "line": 10
      }
    },
    "branchMap": {},
    "s": {
      "0": 40,
      "1": 40,
      "2": 0,
      "3": 0,
      "4": 40
    },
    "f": {
      "0": 0
    },
    "b": {},
    "inputSourceMap": {
      "version": 3,
      "sources": [
        "/home/hp/Desktop/IBE-project/IBE-Front-end/IBE-Team7-Frontend/ibe-team7-frontend/src/redux/currencySlice.ts"
      ],
      "mappings": "AAAA,SAAS,mBAAmB;AAG5B,MAAM,eAAyB;AAAA,EAC3B,UAAU;AAAA,EACV,OAAO;AACX;AAEA,MAAM,gBAAgB,YAAY;AAAA,EAC9B,MAAM;AAAA,EACN;AAAA,EACA,UAAU;AAAA,IACN,aAAa,CAAC,OAAO,WAAW;AAC5B,YAAM,WAAW,OAAO,QAAQ;AAChC,YAAM,QAAQ,OAAO,QAAQ;AAAA,IACjC;AAAA,EACJ;AACJ,CAAC;AAEM,aAAM,EAAE,YAAY,IAAI,cAAc;AAC7C,eAAe,cAAc;",
      "names": []
    },
    "_coverageSchema": "1a1c01bbd47fc00a2c39e90264f33305004495a9",
    "hash": "25f53ea3955b810b031d70533a69abdddb1a258a"
  },
  "/home/hp/Desktop/IBE-project/IBE-Front-end/IBE-Team7-Frontend/ibe-team7-frontend/src/redux/userSlice.ts": {
    "path": "/home/hp/Desktop/IBE-project/IBE-Front-end/IBE-Team7-Frontend/ibe-team7-frontend/src/redux/userSlice.ts",
    "statementMap": {
      "0": {
        "start": {
          "line": 2,
          "column": 21
        },
        "end": {
          "line": 7,
          "column": 1
        }
      },
      "1": {
        "start": {
          "line": 8,
          "column": 18
        },
        "end": {
          "line": 19,
          "column": 2
        }
      },
      "2": {
        "start": {
          "line": 13,
          "column": 6
        },
        "end": {
          "line": 13,
          "column": 41
        }
      },
      "3": {
        "start": {
          "line": 14,
          "column": 6
        },
        "end": {
          "line": 14,
          "column": 53
        }
      },
      "4": {
        "start": {
          "line": 15,
          "column": 6
        },
        "end": {
          "line": 15,
          "column": 45
        }
      },
      "5": {
        "start": {
          "line": 16,
          "column": 6
        },
        "end": {
          "line": 16,
          "column": 55
        }
      },
      "6": {
        "start": {
          "line": 20,
          "column": 27
        },
        "end": {
          "line": 20,
          "column": 44
        }
      }
    },
    "fnMap": {
      "0": {
        "name": "(anonymous_0)",
        "decl": {
          "start": {
            "line": 12,
            "column": 13
          },
          "end": {
            "line": 12,
            "column": 14
          }
        },
        "loc": {
          "start": {
            "line": 12,
            "column": 32
          },
          "end": {
            "line": 17,
            "column": 5
          }
        },
        "line": 12
      }
    },
    "branchMap": {},
    "s": {
      "0": 40,
      "1": 40,
      "2": 0,
      "3": 0,
      "4": 0,
      "5": 0,
      "6": 40
    },
    "f": {
      "0": 0
    },
    "b": {},
    "inputSourceMap": {
      "version": 3,
      "sources": [
        "/home/hp/Desktop/IBE-project/IBE-Front-end/IBE-Team7-Frontend/ibe-team7-frontend/src/redux/userSlice.ts"
      ],
      "mappings": "AAAA,SAAS,mBAAmB;AAG5B,MAAM,eAAqB;AAAA,EACvB,OAAO;AAAA,EACP,aAAa;AAAA,EACb,SAAS;AAAA,EACT,cAAc;AAClB;AAEA,MAAM,YAAY,YAAY;AAAA,EAC1B,MAAM;AAAA,EACN;AAAA,EACA,UAAU;AAAA,IACN,SAAS,CAAC,OAAO,WAAW;AACxB,YAAM,QAAQ,OAAO,QAAQ;AAC7B,YAAM,cAAc,OAAO,QAAQ;AACnC,YAAM,UAAU,OAAO,QAAQ;AAC/B,YAAM,eAAe,OAAO,QAAQ;AAAA,IACxC;AAAA,EACJ;AACJ,CAAC;AAEM,aAAM,EAAE,QAAQ,IAAI,UAAU;AACrC,eAAe,UAAU;",
      "names": []
    },
    "_coverageSchema": "1a1c01bbd47fc00a2c39e90264f33305004495a9",
    "hash": "bc863998cbf93bd988ca62a68f280808eb355ec4"
  },
  "/home/hp/Desktop/IBE-project/IBE-Front-end/IBE-Team7-Frontend/ibe-team7-frontend/src/redux/resultSlice.ts": {
    "path": "/home/hp/Desktop/IBE-project/IBE-Front-end/IBE-Team7-Frontend/ibe-team7-frontend/src/redux/resultSlice.ts",
    "statementMap": {
      "0": {
        "start": {
          "line": 2,
          "column": 21
        },
        "end": {
          "line": 7,
          "column": 1
        }
      },
      "1": {
        "start": {
          "line": 8,
          "column": 20
        },
        "end": {
          "line": 35,
          "column": 2
        }
      },
      "2": {
        "start": {
          "line": 13,
          "column": 6
        },
        "end": {
          "line": 13,
          "column": 59
        }
      },
      "3": {
        "start": {
          "line": 16,
          "column": 6
        },
        "end": {
          "line": 18,
          "column": 8
        }
      },
      "4": {
        "start": {
          "line": 17,
          "column": 22
        },
        "end": {
          "line": 17,
          "column": 49
        }
      },
      "5": {
        "start": {
          "line": 21,
          "column": 6
        },
        "end": {
          "line": 21,
          "column": 57
        }
      },
      "6": {
        "start": {
          "line": 24,
          "column": 6
        },
        "end": {
          "line": 26,
          "column": 8
        }
      },
      "7": {
        "start": {
          "line": 25,
          "column": 21
        },
        "end": {
          "line": 25,
          "column": 47
        }
      },
      "8": {
        "start": {
          "line": 29,
          "column": 6
        },
        "end": {
          "line": 29,
          "column": 43
        }
      },
      "9": {
        "start": {
          "line": 32,
          "column": 6
        },
        "end": {
          "line": 32,
          "column": 34
        }
      },
      "10": {
        "start": {
          "line": 43,
          "column": 4
        },
        "end": {
          "line": 43,
          "column": 23
        }
      }
    },
    "fnMap": {
      "0": {
        "name": "(anonymous_0)",
        "decl": {
          "start": {
            "line": 12,
            "column": 4
          },
          "end": {
            "line": 12,
            "column": 5
          }
        },
        "loc": {
          "start": {
            "line": 12,
            "column": 31
          },
          "end": {
            "line": 14,
            "column": 5
          }
        },
        "line": 12
      },
      "1": {
        "name": "(anonymous_1)",
        "decl": {
          "start": {
            "line": 15,
            "column": 4
          },
          "end": {
            "line": 15,
            "column": 5
          }
        },
        "loc": {
          "start": {
            "line": 15,
            "column": 34
          },
          "end": {
            "line": 19,
            "column": 5
          }
        },
        "line": 15
      },
      "2": {
        "name": "(anonymous_2)",
        "decl": {
          "start": {
            "line": 17,
            "column": 8
          },
          "end": {
            "line": 17,
            "column": 9
          }
        },
        "loc": {
          "start": {
            "line": 17,
            "column": 22
          },
          "end": {
            "line": 17,
            "column": 49
          }
        },
        "line": 17
      },
      "3": {
        "name": "(anonymous_3)",
        "decl": {
          "start": {
            "line": 20,
            "column": 4
          },
          "end": {
            "line": 20,
            "column": 5
          }
        },
        "loc": {
          "start": {
            "line": 20,
            "column": 30
          },
          "end": {
            "line": 22,
            "column": 5
          }
        },
        "line": 20
      },
      "4": {
        "name": "(anonymous_4)",
        "decl": {
          "start": {
            "line": 23,
            "column": 4
          },
          "end": {
            "line": 23,
            "column": 5
          }
        },
        "loc": {
          "start": {
            "line": 23,
            "column": 33
          },
          "end": {
            "line": 27,
            "column": 5
          }
        },
        "line": 23
      },
      "5": {
        "name": "(anonymous_5)",
        "decl": {
          "start": {
            "line": 25,
            "column": 8
          },
          "end": {
            "line": 25,
            "column": 9
          }
        },
        "loc": {
          "start": {
            "line": 25,
            "column": 21
          },
          "end": {
            "line": 25,
            "column": 47
          }
        },
        "line": 25
      },
      "6": {
        "name": "(anonymous_6)",
        "decl": {
          "start": {
            "line": 28,
            "column": 4
          },
          "end": {
            "line": 28,
            "column": 5
          }
        },
        "loc": {
          "start": {
            "line": 28,
            "column": 36
          },
          "end": {
            "line": 30,
            "column": 5
          }
        },
        "line": 28
      },
      "7": {
        "name": "(anonymous_7)",
        "decl": {
          "start": {
            "line": 31,
            "column": 4
          },
          "end": {
            "line": 31,
            "column": 5
          }
        },
        "loc": {
          "start": {
            "line": 31,
            "column": 27
          },
          "end": {
            "line": 33,
            "column": 5
          }
        },
        "line": 31
      }
    },
    "branchMap": {},
    "s": {
      "0": 40,
      "1": 40,
      "2": 0,
      "3": 0,
      "4": 0,
      "5": 0,
      "6": 0,
      "7": 0,
      "8": 0,
      "9": 0,
      "10": 40
    },
    "f": {
      "0": 0,
      "1": 0,
      "2": 0,
      "3": 0,
      "4": 0,
      "5": 0,
      "6": 0,
      "7": 0
    },
    "b": {},
    "inputSourceMap": {
      "version": 3,
      "sources": [
        "/home/hp/Desktop/IBE-project/IBE-Front-end/IBE-Team7-Frontend/ibe-team7-frontend/src/redux/resultSlice.ts"
      ],
      "mappings": "AAAA,SAAS,mBAAmB;AAS5B,MAAM,eAA8B;AAAA,EAChC,UAAU,CAAC;AAAA,EACX,SAAS,CAAC;AAAA,EACV,eAAe;AAAA,EACf,MAAK;AACT;AAEA,MAAM,cAAc,YAAY;AAAA,EAC5B,MAAM;AAAA,EACN;AAAA,EACA,UAAU;AAAA,IACN,YAAY,OAAO,QAAQ;AACvB,YAAM,WAAW,CAAC,GAAG,MAAM,UAAU,OAAO,OAAO;AAAA,IACvD;AAAA,IACA,eAAe,OAAO,QAAQ;AAC1B,YAAM,WAAW,MAAM,SAAS;AAAA,QAC5B,CAAC,aAAa,aAAa,OAAO;AAAA,MACtC;AAAA,IACJ;AAAA,IACA,WAAW,OAAO,QAAQ;AACtB,YAAM,UAAU,CAAC,GAAG,MAAM,SAAS,OAAO,OAAO;AAAA,IACrD;AAAA,IACA,cAAc,OAAO,QAAQ;AACzB,YAAM,UAAU,MAAM,QAAQ;AAAA,QAC1B,CAAC,YAAY,YAAY,OAAO;AAAA,MACpC;AAAA,IACJ;AAAA,IACA,iBAAiB,OAAO,QAAQ;AAC5B,YAAM,gBAAgB,OAAO;AAAA,IACjC;AAAA,IACA,QAAQ,OAAO,QAAO;AAClB,YAAM,OAAM,OAAO;AAAA,IACvB;AAAA,EACJ;AACJ,CAAC;AAEM,aAAM;AAAA,EACT;AAAA,EACA;AAAA,EACA;AAAA,EACA;AAAA,EACA;AAAA,EACA;AACJ,IAAI,YAAY;AAEhB,eAAe,YAAY;",
      "names": []
    },
    "_coverageSchema": "1a1c01bbd47fc00a2c39e90264f33305004495a9",
    "hash": "40e906ef147ec8636c9ea12ea51bdb17b02266f1"
  },
  "/home/hp/Desktop/IBE-project/IBE-Front-end/IBE-Team7-Frontend/ibe-team7-frontend/src/redux/thunks/roomDetailsThunk.ts": {
    "path": "/home/hp/Desktop/IBE-project/IBE-Front-end/IBE-Team7-Frontend/ibe-team7-frontend/src/redux/thunks/roomDetailsThunk.ts",
    "statementMap": {
      "0": {
        "start": {
          "line": 4,
          "column": 25
        },
        "end": {
          "line": 9,
          "column": 2
        }
      },
      "1": {
        "start": {
          "line": 5,
          "column": 30
        },
        "end": {
          "line": 7,
          "column": 3
        }
      },
      "2": {
        "start": {
          "line": 8,
          "column": 2
        },
        "end": {
          "line": 8,
          "column": 34
        }
      }
    },
    "fnMap": {
      "0": {
        "name": "(anonymous_0)",
        "decl": {
          "start": {
            "line": 4,
            "column": 62
          },
          "end": {
            "line": 4,
            "column": 63
          }
        },
        "loc": {
          "start": {
            "line": 4,
            "column": 74
          },
          "end": {
            "line": 9,
            "column": 1
          }
        },
        "line": 4
      }
    },
    "branchMap": {},
    "s": {
      "0": 40,
      "1": 20,
      "2": 0
    },
    "f": {
      "0": 20
    },
    "b": {},
    "inputSourceMap": {
      "version": 3,
      "sources": [
        "/home/hp/Desktop/IBE-project/IBE-Front-end/IBE-Team7-Frontend/ibe-team7-frontend/src/redux/thunks/roomDetailsThunk.ts"
      ],
      "mappings": "AAAA,SAAS,wBAAwB;AACjC,OAAO,WAAW;AAClB,SAAS,mBAAmB;AAE5B,MAAM,mBAAmB,iBAAiB,oBAAoB,YAAY;AACtE,QAAM,sBAAsB,MAAM,MAAM;AAAA,IACpC,cAAc;AAAA,EAClB;AACA,SAAO,oBAAoB;AAC/B,CAAC;AAED,eAAe;",
      "names": []
    },
    "_coverageSchema": "1a1c01bbd47fc00a2c39e90264f33305004495a9",
    "hash": "626bbabfe54cd41ecc86f43862ab93bc36ba00cd"
  },
  "/home/hp/Desktop/IBE-project/IBE-Front-end/IBE-Team7-Frontend/ibe-team7-frontend/src/redux/roomDetailsSlice.ts": {
    "path": "/home/hp/Desktop/IBE-project/IBE-Front-end/IBE-Team7-Frontend/ibe-team7-frontend/src/redux/roomDetailsSlice.ts",
    "statementMap": {
      "0": {
        "start": {
          "line": 3,
          "column": 21
        },
        "end": {
          "line": 3,
          "column": 23
        }
      },
      "1": {
        "start": {
          "line": 4,
          "column": 25
        },
        "end": {
          "line": 62,
          "column": 2
        }
      },
      "2": {
        "start": {
          "line": 9,
          "column": 6
        },
        "end": {
          "line": 9,
          "column": 28
        }
      },
      "3": {
        "start": {
          "line": 12,
          "column": 6
        },
        "end": {
          "line": 14,
          "column": 9
        }
      },
      "4": {
        "start": {
          "line": 13,
          "column": 8
        },
        "end": {
          "line": 13,
          "column": 43
        }
      },
      "5": {
        "start": {
          "line": 17,
          "column": 6
        },
        "end": {
          "line": 19,
          "column": 9
        }
      },
      "6": {
        "start": {
          "line": 18,
          "column": 8
        },
        "end": {
          "line": 18,
          "column": 42
        }
      },
      "7": {
        "start": {
          "line": 22,
          "column": 6
        },
        "end": {
          "line": 24,
          "column": 9
        }
      },
      "8": {
        "start": {
          "line": 23,
          "column": 8
        },
        "end": {
          "line": 23,
          "column": 35
        }
      },
      "9": {
        "start": {
          "line": 27,
          "column": 6
        },
        "end": {
          "line": 29,
          "column": 9
        }
      },
      "10": {
        "start": {
          "line": 28,
          "column": 8
        },
        "end": {
          "line": 28,
          "column": 40
        }
      },
      "11": {
        "start": {
          "line": 32,
          "column": 6
        },
        "end": {
          "line": 34,
          "column": 9
        }
      },
      "12": {
        "start": {
          "line": 33,
          "column": 8
        },
        "end": {
          "line": 33,
          "column": 40
        }
      },
      "13": {
        "start": {
          "line": 37,
          "column": 6
        },
        "end": {
          "line": 39,
          "column": 9
        }
      },
      "14": {
        "start": {
          "line": 38,
          "column": 8
        },
        "end": {
          "line": 38,
          "column": 39
        }
      },
      "15": {
        "start": {
          "line": 42,
          "column": 6
        },
        "end": {
          "line": 44,
          "column": 9
        }
      },
      "16": {
        "start": {
          "line": 43,
          "column": 8
        },
        "end": {
          "line": 43,
          "column": 48
        }
      },
      "17": {
        "start": {
          "line": 48,
          "column": 4
        },
        "end": {
          "line": 52,
          "column": 7
        }
      },
      "18": {
        "start": {
          "line": 49,
          "column": 6
        },
        "end": {
          "line": 51,
          "column": 9
        }
      },
      "19": {
        "start": {
          "line": 50,
          "column": 8
        },
        "end": {
          "line": 50,
          "column": 33
        }
      },
      "20": {
        "start": {
          "line": 53,
          "column": 4
        },
        "end": {
          "line": 55,
          "column": 7
        }
      },
      "21": {
        "start": {
          "line": 54,
          "column": 6
        },
        "end": {
          "line": 54,
          "column": 28
        }
      },
      "22": {
        "start": {
          "line": 56,
          "column": 4
        },
        "end": {
          "line": 60,
          "column": 7
        }
      },
      "23": {
        "start": {
          "line": 57,
          "column": 6
        },
        "end": {
          "line": 59,
          "column": 9
        }
      },
      "24": {
        "start": {
          "line": 58,
          "column": 8
        },
        "end": {
          "line": 58,
          "column": 32
        }
      },
      "25": {
        "start": {
          "line": 72,
          "column": 4
        },
        "end": {
          "line": 72,
          "column": 28
        }
      }
    },
    "fnMap": {
      "0": {
        "name": "(anonymous_0)",
        "decl": {
          "start": {
            "line": 8,
            "column": 20
          },
          "end": {
            "line": 8,
            "column": 21
          }
        },
        "loc": {
          "start": {
            "line": 8,
            "column": 35
          },
          "end": {
            "line": 10,
            "column": 5
          }
        },
        "line": 8
      },
      "1": {
        "name": "(anonymous_1)",
        "decl": {
          "start": {
            "line": 11,
            "column": 21
          },
          "end": {
            "line": 11,
            "column": 22
          }
        },
        "loc": {
          "start": {
            "line": 11,
            "column": 40
          },
          "end": {
            "line": 15,
            "column": 5
          }
        },
        "line": 11
      },
      "2": {
        "name": "(anonymous_2)",
        "decl": {
          "start": {
            "line": 12,
            "column": 20
          },
          "end": {
            "line": 12,
            "column": 21
          }
        },
        "loc": {
          "start": {
            "line": 12,
            "column": 30
          },
          "end": {
            "line": 14,
            "column": 7
          }
        },
        "line": 12
      },
      "3": {
        "name": "(anonymous_3)",
        "decl": {
          "start": {
            "line": 16,
            "column": 20
          },
          "end": {
            "line": 16,
            "column": 21
          }
        },
        "loc": {
          "start": {
            "line": 16,
            "column": 39
          },
          "end": {
            "line": 20,
            "column": 5
          }
        },
        "line": 16
      },
      "4": {
        "name": "(anonymous_4)",
        "decl": {
          "start": {
            "line": 17,
            "column": 20
          },
          "end": {
            "line": 17,
            "column": 21
          }
        },
        "loc": {
          "start": {
            "line": 17,
            "column": 30
          },
          "end": {
            "line": 19,
            "column": 7
          }
        },
        "line": 17
      },
      "5": {
        "name": "(anonymous_5)",
        "decl": {
          "start": {
            "line": 21,
            "column": 13
          },
          "end": {
            "line": 21,
            "column": 14
          }
        },
        "loc": {
          "start": {
            "line": 21,
            "column": 32
          },
          "end": {
            "line": 25,
            "column": 5
          }
        },
        "line": 21
      },
      "6": {
        "name": "(anonymous_6)",
        "decl": {
          "start": {
            "line": 22,
            "column": 20
          },
          "end": {
            "line": 22,
            "column": 21
          }
        },
        "loc": {
          "start": {
            "line": 22,
            "column": 30
          },
          "end": {
            "line": 24,
            "column": 7
          }
        },
        "line": 22
      },
      "7": {
        "name": "(anonymous_7)",
        "decl": {
          "start": {
            "line": 26,
            "column": 18
          },
          "end": {
            "line": 26,
            "column": 19
          }
        },
        "loc": {
          "start": {
            "line": 26,
            "column": 37
          },
          "end": {
            "line": 30,
            "column": 5
          }
        },
        "line": 26
      },
      "8": {
        "name": "(anonymous_8)",
        "decl": {
          "start": {
            "line": 27,
            "column": 20
          },
          "end": {
            "line": 27,
            "column": 21
          }
        },
        "loc": {
          "start": {
            "line": 27,
            "column": 30
          },
          "end": {
            "line": 29,
            "column": 7
          }
        },
        "line": 27
      },
      "9": {
        "name": "(anonymous_9)",
        "decl": {
          "start": {
            "line": 31,
            "column": 18
          },
          "end": {
            "line": 31,
            "column": 19
          }
        },
        "loc": {
          "start": {
            "line": 31,
            "column": 37
          },
          "end": {
            "line": 35,
            "column": 5
          }
        },
        "line": 31
      },
      "10": {
        "name": "(anonymous_10)",
        "decl": {
          "start": {
            "line": 32,
            "column": 20
          },
          "end": {
            "line": 32,
            "column": 21
          }
        },
        "loc": {
          "start": {
            "line": 32,
            "column": 30
          },
          "end": {
            "line": 34,
            "column": 7
          }
        },
        "line": 32
      },
      "11": {
        "name": "(anonymous_11)",
        "decl": {
          "start": {
            "line": 36,
            "column": 17
          },
          "end": {
            "line": 36,
            "column": 18
          }
        },
        "loc": {
          "start": {
            "line": 36,
            "column": 36
          },
          "end": {
            "line": 40,
            "column": 5
          }
        },
        "line": 36
      },
      "12": {
        "name": "(anonymous_12)",
        "decl": {
          "start": {
            "line": 37,
            "column": 20
          },
          "end": {
            "line": 37,
            "column": 21
          }
        },
        "loc": {
          "start": {
            "line": 37,
            "column": 30
          },
          "end": {
            "line": 39,
            "column": 7
          }
        },
        "line": 37
      },
      "13": {
        "name": "(anonymous_13)",
        "decl": {
          "start": {
            "line": 41,
            "column": 19
          },
          "end": {
            "line": 41,
            "column": 20
          }
        },
        "loc": {
          "start": {
            "line": 41,
            "column": 38
          },
          "end": {
            "line": 45,
            "column": 5
          }
        },
        "line": 41
      },
      "14": {
        "name": "(anonymous_14)",
        "decl": {
          "start": {
            "line": 42,
            "column": 20
          },
          "end": {
            "line": 42,
            "column": 21
          }
        },
        "loc": {
          "start": {
            "line": 42,
            "column": 30
          },
          "end": {
            "line": 44,
            "column": 7
          }
        },
        "line": 42
      },
      "15": {
        "name": "(anonymous_15)",
        "decl": {
          "start": {
            "line": 47,
            "column": 17
          },
          "end": {
            "line": 47,
            "column": 18
          }
        },
        "loc": {
          "start": {
            "line": 47,
            "column": 30
          },
          "end": {
            "line": 61,
            "column": 3
          }
        },
        "line": 47
      },
      "16": {
        "name": "(anonymous_16)",
        "decl": {
          "start": {
            "line": 48,
            "column": 46
          },
          "end": {
            "line": 48,
            "column": 47
          }
        },
        "loc": {
          "start": {
            "line": 48,
            "column": 57
          },
          "end": {
            "line": 52,
            "column": 5
          }
        },
        "line": 48
      },
      "17": {
        "name": "(anonymous_17)",
        "decl": {
          "start": {
            "line": 49,
            "column": 20
          },
          "end": {
            "line": 49,
            "column": 21
          }
        },
        "loc": {
          "start": {
            "line": 49,
            "column": 30
          },
          "end": {
            "line": 51,
            "column": 7
          }
        },
        "line": 49
      },
      "18": {
        "name": "(anonymous_18)",
        "decl": {
          "start": {
            "line": 53,
            "column": 48
          },
          "end": {
            "line": 53,
            "column": 49
          }
        },
        "loc": {
          "start": {
            "line": 53,
            "column": 63
          },
          "end": {
            "line": 55,
            "column": 5
          }
        },
        "line": 53
      },
      "19": {
        "name": "(anonymous_19)",
        "decl": {
          "start": {
            "line": 56,
            "column": 47
          },
          "end": {
            "line": 56,
            "column": 48
          }
        },
        "loc": {
          "start": {
            "line": 56,
            "column": 58
          },
          "end": {
            "line": 60,
            "column": 5
          }
        },
        "line": 56
      },
      "20": {
        "name": "(anonymous_20)",
        "decl": {
          "start": {
            "line": 57,
            "column": 20
          },
          "end": {
            "line": 57,
            "column": 21
          }
        },
        "loc": {
          "start": {
            "line": 57,
            "column": 30
          },
          "end": {
            "line": 59,
            "column": 7
          }
        },
        "line": 57
      }
    },
    "branchMap": {},
    "s": {
      "0": 40,
      "1": 40,
      "2": 0,
      "3": 0,
      "4": 0,
      "5": 0,
      "6": 0,
      "7": 0,
      "8": 0,
      "9": 0,
      "10": 0,
      "11": 0,
      "12": 0,
      "13": 0,
      "14": 0,
      "15": 0,
      "16": 0,
      "17": 40,
      "18": 20,
      "19": 0,
      "20": 40,
      "21": 0,
      "22": 40,
      "23": 0,
      "24": 0,
      "25": 40
    },
    "f": {
      "0": 0,
      "1": 0,
      "2": 0,
      "3": 0,
      "4": 0,
      "5": 0,
      "6": 0,
      "7": 0,
      "8": 0,
      "9": 0,
      "10": 0,
      "11": 0,
      "12": 0,
      "13": 0,
      "14": 0,
      "15": 40,
      "16": 20,
      "17": 0,
      "18": 0,
      "19": 0,
      "20": 0
    },
    "b": {},
    "inputSourceMap": {
      "version": 3,
      "sources": [
        "/home/hp/Desktop/IBE-project/IBE-Front-end/IBE-Team7-Frontend/ibe-team7-frontend/src/redux/roomDetailsSlice.ts"
      ],
      "mappings": "AAAA,SAAwB,mBAAmB;AAG3C,OAAO,sBAAsB;AAE7B,MAAM,eAA8B,CAAC;AAErC,MAAM,mBAAmB,YAAY;AAAA,EACjC,MAAM;AAAA,EACN;AAAA,EACA,UAAU;AAAA,IACN,gBAAgB,CAAC,GAAG,WAAyC;AACzD,aAAO,OAAO;AAAA,IAClB;AAAA,IACA,iBAAiB,CAAC,OAAO,WAAkC;AACvD,YAAM,QAAQ,CAAC,SAAS;AACpB,aAAK,eAAe,OAAO;AAAA,MAC/B,CAAC;AAAA,IACL;AAAA,IACA,gBAAgB,CAAC,OAAO,WAAkC;AACtD,YAAM,QAAQ,CAAC,SAAS;AACpB,aAAK,cAAc,OAAO;AAAA,MAC9B,CAAC;AAAA,IACL;AAAA,IACA,SAAS,CAAC,OAAO,WAAkC;AAC/C,YAAM,QAAQ,CAAC,SAAS;AACpB,aAAK,OAAO,OAAO;AAAA,MACvB,CAAC;AAAA,IACL;AAAA,IACA,cAAc,CAAC,OAAO,WAAkC;AACpD,YAAM,QAAQ,CAAC,SAAS;AACpB,aAAK,YAAY,OAAO;AAAA,MAC5B,CAAC;AAAA,IACL;AAAA,IACA,cAAc,CAAC,OAAO,WAAkC;AACpD,YAAM,QAAQ,CAAC,SAAS;AACpB,aAAK,YAAY,OAAO;AAAA,MAC5B,CAAC;AAAA,IACL;AAAA,IACA,aAAa,CAAC,OAAO,WAAkC;AACnD,YAAM,QAAQ,CAAC,SAAS;AACpB,aAAK,WAAW,OAAO;AAAA,MAC3B,CAAC;AAAA,IACL;AAAA,IACA,eAAe,CAAC,OAAO,WAAuC;AAC1D,YAAM,QAAQ,CAAC,SAAS;AACpB,aAAK,oBAAoB,OAAO;AAAA,MACpC,CAAC;AAAA,IACL;AAAA,EACJ;AAAA,EACA,eAAe,CAAC,YAAY;AACxB,YAAQ,QAAQ,iBAAiB,SAAS,CAAC,UAAU;AACjD,YAAM,QAAQ,CAAC,SAAS;AACpB,aAAK,UAAU;AAAA,MACnB,CAAC;AAAA,IACL,CAAC;AACD,YAAQ,QAAQ,iBAAiB,WAAW,CAAC,GAAG,WAAW;AACvD,aAAO,OAAO;AAAA,IAClB,CAAC;AACD,YAAQ,QAAQ,iBAAiB,UAAU,CAAC,UAAU;AAClD,YAAM,QAAQ,CAAC,SAAS;AACpB,aAAK,UAAU;AAAA,MACnB,CAAC;AAAA,IACL,CAAC;AAAA,EACL;AACJ,CAAC;AAGM,aAAM;AAAA,EACT;AAAA,EACA;AAAA,EACA;AAAA,EACA;AAAA,EACA;AAAA,EACA;AAAA,EACA;AAAA,EACA;AACJ,IAAI,iBAAiB;AAErB,eAAe,iBAAiB;",
      "names": []
    },
    "_coverageSchema": "1a1c01bbd47fc00a2c39e90264f33305004495a9",
    "hash": "609f154ba9c8f3cee7a6d66dd1d3c14b8800fdb8"
  },
  "/home/hp/Desktop/IBE-project/IBE-Front-end/IBE-Team7-Frontend/ibe-team7-frontend/src/redux/checkoutSlice.ts": {
    "path": "/home/hp/Desktop/IBE-project/IBE-Front-end/IBE-Team7-Frontend/ibe-team7-frontend/src/redux/checkoutSlice.ts",
    "statementMap": {
      "0": {
        "start": {
          "line": 2,
          "column": 21
        },
        "end": {
          "line": 9,
          "column": 1
        }
      },
      "1": {
        "start": {
          "line": 10,
          "column": 22
        },
        "end": {
          "line": 30,
          "column": 2
        }
      },
      "2": {
        "start": {
          "line": 15,
          "column": 6
        },
        "end": {
          "line": 15,
          "column": 47
        }
      },
      "3": {
        "start": {
          "line": 18,
          "column": 6
        },
        "end": {
          "line": 18,
          "column": 43
        }
      },
      "4": {
        "start": {
          "line": 21,
          "column": 6
        },
        "end": {
          "line": 21,
          "column": 44
        }
      },
      "5": {
        "start": {
          "line": 24,
          "column": 6
        },
        "end": {
          "line": 24,
          "column": 48
        }
      },
      "6": {
        "start": {
          "line": 27,
          "column": 6
        },
        "end": {
          "line": 27,
          "column": 52
        }
      },
      "7": {
        "start": {
          "line": 31,
          "column": 80
        },
        "end": {
          "line": 31,
          "column": 101
        }
      }
    },
    "fnMap": {
      "0": {
        "name": "(anonymous_0)",
        "decl": {
          "start": {
            "line": 14,
            "column": 15
          },
          "end": {
            "line": 14,
            "column": 16
          }
        },
        "loc": {
          "start": {
            "line": 14,
            "column": 34
          },
          "end": {
            "line": 16,
            "column": 5
          }
        },
        "line": 14
      },
      "1": {
        "name": "(anonymous_1)",
        "decl": {
          "start": {
            "line": 17,
            "column": 13
          },
          "end": {
            "line": 17,
            "column": 14
          }
        },
        "loc": {
          "start": {
            "line": 17,
            "column": 32
          },
          "end": {
            "line": 19,
            "column": 5
          }
        },
        "line": 17
      },
      "2": {
        "name": "(anonymous_2)",
        "decl": {
          "start": {
            "line": 20,
            "column": 14
          },
          "end": {
            "line": 20,
            "column": 15
          }
        },
        "loc": {
          "start": {
            "line": 20,
            "column": 33
          },
          "end": {
            "line": 22,
            "column": 5
          }
        },
        "line": 20
      },
      "3": {
        "name": "(anonymous_3)",
        "decl": {
          "start": {
            "line": 23,
            "column": 18
          },
          "end": {
            "line": 23,
            "column": 19
          }
        },
        "loc": {
          "start": {
            "line": 23,
            "column": 37
          },
          "end": {
            "line": 25,
            "column": 5
          }
        },
        "line": 23
      },
      "4": {
        "name": "(anonymous_4)",
        "decl": {
          "start": {
            "line": 26,
            "column": 22
          },
          "end": {
            "line": 26,
            "column": 23
          }
        },
        "loc": {
          "start": {
            "line": 26,
            "column": 41
          },
          "end": {
            "line": 28,
            "column": 5
          }
        },
        "line": 26
      }
    },
    "branchMap": {},
    "s": {
      "0": 40,
      "1": 40,
      "2": 0,
      "3": 0,
      "4": 0,
      "5": 0,
      "6": 0,
      "7": 40
    },
    "f": {
      "0": 0,
      "1": 0,
      "2": 0,
      "3": 0,
      "4": 0
    },
    "b": {},
    "inputSourceMap": {
      "version": 3,
      "sources": [
        "/home/hp/Desktop/IBE-project/IBE-Front-end/IBE-Team7-Frontend/ibe-team7-frontend/src/redux/checkoutSlice.ts"
      ],
[...]
          "start": {
            "line": 120,
            "column": 6
          },
          "end": {
            "line": 121,
            "column": 15
          }
        },
        "type": "if",
        "locations": [
          {
            "start": {
              "line": 120,
              "column": 6
            },
            "end": {
              "line": 121,
              "column": 15
            }
          },
          {
            "start": {},
            "end": {}
          }
        ],
        "line": 120
      },
      "7": {
        "loc": {
          "start": {
            "line": 123,
            "column": 6
          },
          "end": {
            "line": 124,
            "column": 54
          }
        },
        "type": "if",
        "locations": [
          {
            "start": {
              "line": 123,
              "column": 6
            },
            "end": {
              "line": 124,
              "column": 54
            }
          },
          {
            "start": {},
            "end": {}
          }
        ],
        "line": 123
      }
    },
    "s": {
      "0": 40,
      "1": 40,
      "2": 40,
      "3": 0,
      "4": 40,
      "5": 40,
      "6": 40,
      "7": 40,
      "8": 40,
      "9": 40,
      "10": 78,
      "11": 40,
      "12": 40,
      "13": 40,
      "14": 40,
      "15": 40,
      "16": 40,
      "17": 39,
      "18": 39,
      "19": 0,
      "20": 0,
      "21": 0,
      "22": 0,
      "23": 0
    },
    "f": {
      "0": 40,
      "1": 78,
      "2": 39,
      "3": 0
    },
    "b": {
      "0": [
        40,
        0
      ],
      "1": [
        40,
        0
      ],
      "2": [
        40,
        40
      ],
      "3": [
        0,
        40
      ],
      "4": [
        40,
        0
      ],
      "5": [
        40,
        40
      ],
      "6": [
        0,
        0
      ],
      "7": [
        0,
        0
      ]
    },
    "inputSourceMap": {
      "version": 3,
      "mappings": "AAuBgB;AAvBhB,2BAAwBA;AAAqB,oBAAkB;AAAA;AAAA;AAAA;AAAA;AAAA;AAAA;AAAA;AAAA;AAAA;AAAA;AAAA;AAAA;AAAA;AAAA;AAC/D,SAASC,YAAY;AACrB,SAASC,cAAc;AACvB,SAASC,aAAa;AACtB,SAASC,cAAc;AACvB,SAASC,kBAAkB;AAC3B,SAASC,gBAAgB;AACzB,SAASC,kBAAkB;AAEpB,aAAMC,SAASA,MAAM;AAWxB,SACI,uBAAC,SACG,iCAAC,iBACG;AAAA,2BAAC,YAAD;AAAA;AAAA;AAAA;AAAA,WAAO;AAAA,IACP,uBAAC,UACG;AAAA,6BAAC,SAAM,MAAK,KAAI,SAAS,uBAAC,UAAD;AAAA;AAAA;AAAA;AAAA,aAAK,KAA9B;AAAA;AAAA;AAAA;AAAA,aAAkC;AAAA,MAClC,uBAAC,SAAM,MAAK,UAAS,SAAS,uBAAC,WAAD;AAAA;AAAA;AAAA;AAAA,aAAM,KAApC;AAAA;AAAA;AAAA;AAAA,aAAwC;AAAA,MACxC,uBAAC,SAAM,MAAK,WAAU,SAAS,uBAAC,YAAD;AAAA;AAAA;AAAA;AAAA,aAAO,KAAtC;AAAA;AAAA;AAAA;AAAA,aAA0C;AAAA,MAC1C,uBAAC,SAAM,MAAK,gBAAe,SAAS,uBAAC,gBAAD;AAAA;AAAA;AAAA;AAAA,aAAW,KAA/C;AAAA;AAAA;AAAA;AAAA,aAAmD;AAAA,MACnD,uBAAC,SAAM,MAAK,aAAY,SAAS,uBAAC,cAAD;AAAA;AAAA;AAAA;AAAA,aAAS,KAA1C;AAAA;AAAA;AAAA;AAAA,aAA8C;AAAA,MAC9C,uBAAC,SAAM,MAAK,WAAU,SAAS,uBAAC,gBAAD;AAAA;AAAA;AAAA;AAAA,aAAW,KAA1C;AAAA;AAAA;AAAA;AAAA,aAA8C;AAAA,MAE9C,uBAAC,SAAM,MAAK,KAAI,SAAS,uBAAC,UAAD;AAAA;AAAA;AAAA;AAAA,aAAK,KAA9B;AAAA;AAAA;AAAA;AAAA,aAAkC;AAAA,SARtC;AAAA;AAAA;AAAA;AAAA,WASA;AAAA,OAXJ;AAAA;AAAA;AAAA;AAAA,SAYA,KAbJ;AAAA;AAAA;AAAA;AAAA,SAcA;AAER;AAAEC,KA5BWD;AAAM,IAAAC;AAAAC,aAAAD,IAAA",
      "names": [
        "Route",
        "Home",
        "Header",
        "Login",
        "Signup",
        "RoomResult",
        "Checkout",
        "RatingForm",
        "Router",
        "_c",
        "$RefreshReg$"
      ],
      "sources": [
        "/home/hp/Desktop/IBE-project/IBE-Front-end/IBE-Team7-Frontend/ibe-team7-frontend/src/components/router/Router.tsx"
      ],
      "file": "/home/hp/Desktop/IBE-project/IBE-Front-end/IBE-Team7-Frontend/ibe-team7-frontend/src/components/router/Router.tsx"
    },
    "_coverageSchema": "1a1c01bbd47fc00a2c39e90264f33305004495a9",
    "hash": "6fd2548b13950ac6ca82ad28daa8ebce2f2cb838"
  },
  "/home/hp/Desktop/IBE-project/IBE-Front-end/IBE-Team7-Frontend/ibe-team7-frontend/src/App.tsx": {
    "path": "/home/hp/Desktop/IBE-project/IBE-Front-end/IBE-Team7-Frontend/ibe-team7-frontend/src/App.tsx",
    "statementMap": {
      "0": {
        "start": {
          "line": 3,
          "column": 20
        },
        "end": {
          "line": 3,
          "column": 97
        }
      },
      "1": {
        "start": {
          "line": 6,
          "column": 0
        },
        "end": {
          "line": 16,
          "column": 1
        }
      },
      "2": {
        "start": {
          "line": 7,
          "column": 2
        },
        "end": {
          "line": 9,
          "column": 3
        }
      },
      "3": {
        "start": {
          "line": 8,
          "column": 4
        },
        "end": {
          "line": 8,
          "column": 165
        }
      },
      "4": {
        "start": {
          "line": 10,
          "column": 2
        },
        "end": {
          "line": 10,
          "column": 39
        }
      },
      "5": {
        "start": {
          "line": 11,
          "column": 2
        },
        "end": {
          "line": 11,
          "column": 39
        }
      },
      "6": {
        "start": {
          "line": 12,
          "column": 2
        },
        "end": {
          "line": 14,
          "column": 4
        }
      },
      "7": {
        "start": {
          "line": 13,
          "column": 4
        },
        "end": {
          "line": 13,
          "column": 136
        }
      },
      "8": {
        "start": {
          "line": 15,
          "column": 2
        },
        "end": {
          "line": 15,
          "column": 75
        }
      },
      "9": {
        "start": {
          "line": 22,
          "column": 2
        },
        "end": {
          "line": 34,
          "column": 11
        }
      },
      "10": {
        "start": {
          "line": 36,
          "column": 0
        },
        "end": {
          "line": 36,
          "column": 9
        }
      },
      "11": {
        "start": {
          "line": 39,
          "column": 0
        },
        "end": {
          "line": 39,
          "column": 24
        }
      },
      "12": {
        "start": {
          "line": 40,
          "column": 0
        },
        "end": {
          "line": 53,
          "column": 1
        }
      },
      "13": {
        "start": {
          "line": 41,
          "column": 2
        },
        "end": {
          "line": 41,
          "column": 39
        }
      },
      "14": {
        "start": {
          "line": 42,
          "column": 2
        },
        "end": {
          "line": 42,
          "column": 39
        }
      },
      "15": {
        "start": {
          "line": 43,
          "column": 2
        },
        "end": {
          "line": 52,
          "column": 5
        }
      },
      "16": {
        "start": {
          "line": 44,
          "column": 4
        },
        "end": {
          "line": 44,
          "column": 162
        }
      },
      "17": {
        "start": {
          "line": 45,
          "column": 4
        },
        "end": {
          "line": 51,
          "column": 7
        }
      },
      "18": {
        "start": {
          "line": 46,
          "column": 6
        },
        "end": {
          "line": 47,
          "column": 15
        }
      },
      "19": {
        "start": {
          "line": 47,
          "column": 8
        },
        "end": {
          "line": 47,
          "column": 15
        }
      },
      "20": {
        "start": {
          "line": 48,
          "column": 32
        },
        "end": {
          "line": 48,
          "column": 115
        }
      },
      "21": {
        "start": {
          "line": 49,
          "column": 6
        },
        "end": {
          "line": 50,
          "column": 54
        }
      },
      "22": {
        "start": {
          "line": 50,
          "column": 8
        },
        "end": {
          "line": 50,
          "column": 54
        }
      }
    },
    "fnMap": {
      "0": {
        "name": "(anonymous_0)",
        "decl": {
          "start": {
            "line": 12,
            "column": 24
          },
          "end": {
            "line": 12,
            "column": 25
          }
        },
        "loc": {
          "start": {
            "line": 12,
            "column": 38
          },
          "end": {
            "line": 14,
            "column": 3
          }
        },
        "line": 12
      },
      "1": {
        "name": "App",
        "decl": {
          "start": {
            "line": 21,
            "column": 9
          },
          "end": {
            "line": 21,
            "column": 12
          }
        },
        "loc": {
          "start": {
            "line": 21,
            "column": 15
          },
          "end": {
            "line": 35,
            "column": 1
          }
        },
        "line": 21
      },
      "2": {
        "name": "(anonymous_2)",
        "decl": {
          "start": {
            "line": 43,
            "column": 52
          },
          "end": {
            "line": 43,
            "column": 53
          }
        },
        "loc": {
          "start": {
            "line": 43,
            "column": 72
          },
          "end": {
            "line": 52,
            "column": 3
          }
        },
        "line": 43
      },
      "3": {
        "name": "(anonymous_3)",
        "decl": {
          "start": {
            "line": 45,
            "column": 27
          },
          "end": {
            "line": 45,
            "column": 28
          }
        },
        "loc": {
          "start": {
            "line": 45,
            "column": 44
          },
          "end": {
            "line": 51,
            "column": 5
          }
        },
        "line": 45
      }
    },
    "branchMap": {
      "0": {
        "loc": {
          "start": {
            "line": 3,
            "column": 20
          },
          "end": {
            "line": 3,
            "column": 97
          }
        },
        "type": "binary-expr",
        "locations": [
          {
            "start": {
              "line": 3,
              "column": 20
            },
            "end": {
              "line": 3,
              "column": 60
            }
          },
          {
            "start": {
              "line": 3,
              "column": 64
            },
            "end": {
              "line": 3,
              "column": 97
            }
          }
        ],
        "line": 3
      },
      "1": {
        "loc": {
          "start": {
            "line": 6,
            "column": 0
          },
          "end": {
            "line": 16,
            "column": 1
          }
        },
        "type": "if",
        "locations": [
          {
            "start": {
              "line": 6,
              "column": 0
            },
            "end": {
              "line": 16,
              "column": 1
            }
          },
          {
            "start": {},
            "end": {}
          }
        ],
        "line": 6
      },
      "2": {
        "loc": {
          "start": {
            "line": 6,
            "column": 4
          },
          "end": {
            "line": 6,
            "column": 35
          }
        },
        "type": "binary-expr",
        "locations": [
          {
            "start": {
              "line": 6,
              "column": 4
            },
            "end": {
              "line": 6,
              "column": 19
            }
          },
          {
            "start": {
              "line": 6,
              "column": 23
            },
            "end": {
              "line": 6,
              "column": 35
            }
          }
        ],
        "line": 6
      },
      "3": {
        "loc": {
          "start": {
            "line": 7,
            "column": 2
          },
          "end": {
            "line": 9,
            "column": 3
          }
        },
        "type": "if",
        "locations": [
          {
            "start": {
              "line": 7,
              "column": 2
            },
            "end": {
              "line": 9,
              "column": 3
            }
          },
          {
            "start": {},
            "end": {}
          }
        ],
        "line": 7
      },
      "4": {
        "loc": {
          "start": {
            "line": 40,
            "column": 0
          },
          "end": {
            "line": 53,
            "column": 1
          }
        },
        "type": "if",
        "locations": [
          {
            "start": {
              "line": 40,
              "column": 0
            },
            "end": {
              "line": 53,
              "column": 1
            }
          },
          {
            "start": {},
            "end": {}
          }
        ],
        "line": 40
      },
      "5": {
        "loc": {
          "start": {
            "line": 40,
            "column": 4
          },
          "end": {
            "line": 40,
            "column": 35
          }
        },
        "type": "binary-expr",
        "locations": [
          {
            "start": {
              "line": 40,
              "column": 4
            },
            "end": {
              "line": 40,
              "column": 19
            }
          },
          {
            "start": {
              "line": 40,
              "column": 23
            },
            "end": {
              "line": 40,
              "column": 35
            }
          }
        ],
        "line": 40
      },
      "6": {
        "loc": {
          "start": {
            "line": 46,
            "column": 6
          },
          "end": {
            "line": 47,
            "column": 15
          }
        },
        "type": "if",
        "locations": [
          {
            "start": {
              "line": 46,
              "column": 6
            },
            "end": {
              "line": 47,
              "column": 15
            }
          },
          {
            "start": {},
            "end": {}
          }
        ],
        "line": 46
      },
      "7": {
        "loc": {
          "start": {
            "line": 49,
            "column": 6
          },
          "end": {
            "line": 50,
            "column": 54
          }
        },
        "type": "if",
        "locations": [
          {
            "start": {
              "line": 49,
              "column": 6
            },
            "end": {
              "line": 50,
              "column": 54
            }
          },
          {
            "start": {},
            "end": {}
          }
        ],
        "line": 49
      }
    },
    "s": {
      "0": 40,
      "1": 40,
      "2": 40,
      "3": 0,
      "4": 40,
      "5": 40,
      "6": 40,
      "7": 40,
      "8": 40,
      "9": 78,
      "10": 40,
      "11": 40,
      "12": 40,
      "13": 40,
      "14": 40,
      "15": 40,
      "16": 38,
      "17": 38,
      "18": 0,
      "19": 0,
      "20": 0,
      "21": 0,
      "22": 0
    },
    "f": {
      "0": 40,
      "1": 78,
      "2": 38,
      "3": 0
    },
    "b": {
      "0": [
        40,
        0
      ],
      "1": [
        40,
        0
      ],
      "2": [
        40,
        40
      ],
      "3": [
        0,
        40
      ],
      "4": [
        40,
        0
      ],
      "5": [
        40,
        40
      ],
      "6": [
        0,
        0
      ],
      "7": [
        0,
        0
      ]
    },
    "inputSourceMap": {
      "version": 3,
      "mappings": "AAUgB;AAVhB,2BAAyB;AAAa;AAAA;AAAA;AAAA;AAAA;AAAA;AAAA;AAAA;AAAA;AAAA;AAAA;AAAA;AAAA;AAAA;AAAA;AACtC,SAASA,cAAc;AACvB,SAASC,aAAa;AAEtB,SAASC,eAAe;AAExB,SAASC,MAAM;AACX,SACI,uBAAC,YAAS,OACN,iCAAC,WACG,iCAAC,YAAD;AAAA;AAAA;AAAA;AAAA,SAAO,KADX;AAAA;AAAA;AAAA;AAAA,SAEA,KAHJ;AAAA;AAAA;AAAA;AAAA,SAIA;AAER;AAACC,KARQD;AAUT,eAAeA;AAAI,IAAAC;AAAAC,aAAAD,IAAA",
      "names": [
        "Router",
        "store",
        "Account",
        "App",
        "_c",
        "$RefreshReg$"
      ],
      "sources": [
        "/home/hp/Desktop/IBE-project/IBE-Front-end/IBE-Team7-Frontend/ibe-team7-frontend/src/App.tsx"
      ],
      "file": "/home/hp/Desktop/IBE-project/IBE-Front-end/IBE-Team7-Frontend/ibe-team7-frontend/src/App.tsx"
    },
    "_coverageSchema": "1a1c01bbd47fc00a2c39e90264f33305004495a9",
    "hash": "9371433d8e33510a7270f2e1995badb581fbc977"
  },
  "/home/hp/Desktop/IBE-project/IBE-Front-end/IBE-Team7-Frontend/ibe-team7-frontend/src/i18n/i18n.tsx": {
    "path": "/home/hp/Desktop/IBE-project/IBE-Front-end/IBE-Team7-Frontend/ibe-team7-frontend/src/i18n/i18n.tsx",
    "statementMap": {
      "0": {
        "start": {
          "line": 5,
          "column": 0
        },
        "end": {
          "line": 13,
          "column": 3
        }
      }
    },
    "fnMap": {},
    "branchMap": {},
    "s": {
      "0": 40
    },
    "f": {},
    "b": {},
    "inputSourceMap": {
      "version": 3,
      "mappings": "AAAA,OAAOA,UAAU;AACjB,SAAQC,wBAAuB;AAC/B,OAAOC,sBAAsB;AAC7B,OAAOC,aAAa;AAEpBH,KACGI,IAAIF,gBAAgB,EACpBE,IAAIH,gBAAgB,EACpBG,IAAID,OAAO,EACXE,KAAK;AAAA,EACJC,OAAO;AAAA,EACPC,aAAa;AAAA,EACbC,eAAe;AAAA,EACfC,eAAe;AAAA,IACbC,aAAa;AAAA;AAAA,EACf;AACF,CAAC;AAEH,eAAeV",
      "names": [
        "i18n",
        "initReactI18next",
        "LanguageDetector",
        "Backend",
        "use",
        "init",
        "debug",
        "fallbackLng",
        "returnObjects",
        "interpolation",
        "escapeValue"
      ],
      "sources": [
        "/home/hp/Desktop/IBE-project/IBE-Front-end/IBE-Team7-Frontend/ibe-team7-frontend/src/i18n/i18n.tsx"
      ],
      "file": "/home/hp/Desktop/IBE-project/IBE-Front-end/IBE-Team7-Frontend/ibe-team7-frontend/src/i18n/i18n.tsx"
    },
    "_coverageSchema": "1a1c01bbd47fc00a2c39e90264f33305004495a9",
    "hash": "7a14cb6875142cc117ea3ef621d9347f4c8bd6c0"
  },
  "/home/hp/Desktop/IBE-project/IBE-Front-end/IBE-Team7-Frontend/ibe-team7-frontend/src/main.tsx": {
    "path": "/home/hp/Desktop/IBE-project/IBE-Front-end/IBE-Team7-Frontend/ibe-team7-frontend/src/main.tsx",
    "statementMap": {
      "0": {
        "start": {
          "line": 7,
          "column": 0
        },
        "end": {
          "line": 26,
          "column": 3
        }
      },
      "1": {
        "start": {
          "line": 27,
          "column": 0
        },
        "end": {
          "line": 31,
          "column": 10
        }
      }
    },
    "fnMap": {},
    "branchMap": {},
    "s": {
      "0": 40,
      "1": 40
    },
    "f": {},
    "b": {},
    "inputSourceMap": {
      "version": 3,
      "mappings": "AAwB6D;AAxB7D,OAAOA,cAAc;AACrB,OAAOC,SAAS;AAChB,OAAO;AACP,OAAO;AACP,YAAYC,YAAY;AAExBA,OAAOC,KAAK;AAAA,EACRC,KAAK;AAAA,EACLC,cAAc;AAAA,IACVH,OAAOI,0BAA0B;AAAA,IACjCJ,OAAOK,kBAAkB;AAAA,MACrBC,aAAa;AAAA,MACbC,eAAe;AAAA,IACnB,CAAC;AAAA,EAAC;AAAA;AAAA,EAGNC,kBAAkB;AAAA;AAAA;AAAA,EAElBC,yBAAyB,CAAC,aAAa,gCAAgC;AAAA;AAAA,EAEvEC,0BAA0B;AAAA;AAAA,EAC1BC,0BAA0B;AAAA;AAC9B,CAAC;AAEDb,SAASc,WAAWC,SAASC,eAAe,MAAM,CAAE,EAAEC,OAAO,uBAAC,SAAD;AAAA;AAAA;AAAA;AAAA,OAAI,CAAG",
      "names": [
        "ReactDOM",
        "App",
        "Sentry",
        "init",
        "dsn",
        "integrations",
        "browserTracingIntegration",
        "replayIntegration",
        "maskAllText",
        "blockAllMedia",
        "tracesSampleRate",
        "tracePropagationTargets",
        "replaysSessionSampleRate",
        "replaysOnErrorSampleRate",
        "createRoot",
        "document",
        "getElementById",
        "render"
      ],
      "sources": [
        "/home/hp/Desktop/IBE-project/IBE-Front-end/IBE-Team7-Frontend/ibe-team7-frontend/src/main.tsx"
      ],
      "file": "/home/hp/Desktop/IBE-project/IBE-Front-end/IBE-Team7-Frontend/ibe-team7-frontend/src/main.tsx"
    },
    "_coverageSchema": "1a1c01bbd47fc00a2c39e90264f33305004495a9",
    "hash": "cb4713321dd661118b52711d26fe482c946c97f4"
  }
}